C51 COMPILER V9.51   UART_1_PM                                                             03/16/2018 17:06:23 PAGE 1   


C51 COMPILER V9.51, COMPILATION OF MODULE UART_1_PM
OBJECT MODULE PLACED IN .\DP8051_Keil_951\Debug\UART_1_PM.obj
COMPILER INVOKED BY: C:\Program Files (x86)\Cypress\PSoC Creator\4.2\PSoC Creator\import\keil\pk51\9.51\C51\BIN\c51.exe 
                    -Generated_Source\PSoC3\UART_1_PM.c NOIV LARGE MODDP2 OMF2 VB(1) NOIP INCDIR(.,Generated_Source\PSoC3) FF(3) DB WL(2) PR(
                    -.\DP8051_Keil_951\Debug/UART_1_PM.lst) OT(0) OJ(.\DP8051_Keil_951\Debug\UART_1_PM.obj)

line level    source

   1          /*******************************************************************************
   2          * File Name: UART_1_PM.c
   3          * Version 2.50
   4          *
   5          * Description:
   6          *  This file provides Sleep/WakeUp APIs functionality.
   7          *
   8          * Note:
   9          *
  10          ********************************************************************************
  11          * Copyright 2008-2015, Cypress Semiconductor Corporation.  All rights reserved.
  12          * You may use this file only in accordance with the license, terms, conditions,
  13          * disclaimers, and limitations in the end user license agreement accompanying
  14          * the software package with which this file was provided.
  15          *******************************************************************************/
  16          
  17          #include "UART_1.h"
  18          
  19          
  20          /***************************************
  21          * Local data allocation
  22          ***************************************/
  23          
  24          static UART_1_BACKUP_STRUCT  UART_1_backup =
  25          {
  26              /* enableState - disabled */
  27              0u,
  28          };
  29          
  30          
  31          
  32          /*******************************************************************************
  33          * Function Name: UART_1_SaveConfig
  34          ********************************************************************************
  35          *
  36          * Summary:
  37          *  This function saves the component nonretention control register.
  38          *  Does not save the FIFO which is a set of nonretention registers.
  39          *  This function is called by the UART_1_Sleep() function.
  40          *
  41          * Parameters:
  42          *  None.
  43          *
  44          * Return:
  45          *  None.
  46          *
  47          * Global Variables:
  48          *  UART_1_backup - modified when non-retention registers are saved.
  49          *
  50          * Reentrant:
  51          *  No.
  52          *
  53          *******************************************************************************/
C51 COMPILER V9.51   UART_1_PM                                                             03/16/2018 17:06:23 PAGE 2   

  54          void UART_1_SaveConfig(void)
  55          {
  56   1          #if(UART_1_CONTROL_REG_REMOVED == 0u)
                      UART_1_backup.cr = UART_1_CONTROL_REG;
                  #endif /* End UART_1_CONTROL_REG_REMOVED */
  59   1      }
  60          
  61          
  62          /*******************************************************************************
  63          * Function Name: UART_1_RestoreConfig
  64          ********************************************************************************
  65          *
  66          * Summary:
  67          *  Restores the nonretention control register except FIFO.
  68          *  Does not restore the FIFO which is a set of nonretention registers.
  69          *
  70          * Parameters:
  71          *  None.
  72          *
  73          * Return:
  74          *  None.
  75          *
  76          * Global Variables:
  77          *  UART_1_backup - used when non-retention registers are restored.
  78          *
  79          * Reentrant:
  80          *  No.
  81          *
  82          * Notes:
  83          *  If this function is called without calling UART_1_SaveConfig() 
  84          *  first, the data loaded may be incorrect.
  85          *
  86          *******************************************************************************/
  87          void UART_1_RestoreConfig(void)
  88          {
  89   1          #if(UART_1_CONTROL_REG_REMOVED == 0u)
                      UART_1_CONTROL_REG = UART_1_backup.cr;
                  #endif /* End UART_1_CONTROL_REG_REMOVED */
  92   1      }
  93          
  94          
  95          /*******************************************************************************
  96          * Function Name: UART_1_Sleep
  97          ********************************************************************************
  98          *
  99          * Summary:
 100          *  This is the preferred API to prepare the component for sleep. 
 101          *  The UART_1_Sleep() API saves the current component state. Then it
 102          *  calls the UART_1_Stop() function and calls 
 103          *  UART_1_SaveConfig() to save the hardware configuration.
 104          *  Call the UART_1_Sleep() function before calling the CyPmSleep() 
 105          *  or the CyPmHibernate() function. 
 106          *
 107          * Parameters:
 108          *  None.
 109          *
 110          * Return:
 111          *  None.
 112          *
 113          * Global Variables:
 114          *  UART_1_backup - modified when non-retention registers are saved.
 115          *
C51 COMPILER V9.51   UART_1_PM                                                             03/16/2018 17:06:23 PAGE 3   

 116          * Reentrant:
 117          *  No.
 118          *
 119          *******************************************************************************/
 120          void UART_1_Sleep(void)
 121          {
 122   1          #if(UART_1_RX_ENABLED || UART_1_HD_ENABLED)
                      if((UART_1_RXSTATUS_ACTL_REG  & UART_1_INT_ENABLE) != 0u)
                      {
                          UART_1_backup.enableState = 1u;
                      }
                      else
                      {
                          UART_1_backup.enableState = 0u;
                      }
                  #else
 132   1              if((UART_1_TXSTATUS_ACTL_REG  & UART_1_INT_ENABLE) !=0u)
 133   1              {
 134   2                  UART_1_backup.enableState = 1u;
 135   2              }
 136   1              else
 137   1              {
 138   2                  UART_1_backup.enableState = 0u;
 139   2              }
 140   1          #endif /* End UART_1_RX_ENABLED || UART_1_HD_ENABLED*/
 141   1      
 142   1          UART_1_Stop();
 143   1          UART_1_SaveConfig();
 144   1      }
 145          
 146          
 147          /*******************************************************************************
 148          * Function Name: UART_1_Wakeup
 149          ********************************************************************************
 150          *
 151          * Summary:
 152          *  This is the preferred API to restore the component to the state when 
 153          *  UART_1_Sleep() was called. The UART_1_Wakeup() function
 154          *  calls the UART_1_RestoreConfig() function to restore the 
 155          *  configuration. If the component was enabled before the 
 156          *  UART_1_Sleep() function was called, the UART_1_Wakeup()
 157          *  function will also re-enable the component.
 158          *
 159          * Parameters:
 160          *  None.
 161          *
 162          * Return:
 163          *  None.
 164          *
 165          * Global Variables:
 166          *  UART_1_backup - used when non-retention registers are restored.
 167          *
 168          * Reentrant:
 169          *  No.
 170          *
 171          *******************************************************************************/
 172          void UART_1_Wakeup(void)
 173          {
 174   1          UART_1_RestoreConfig();
 175   1          #if( (UART_1_RX_ENABLED) || (UART_1_HD_ENABLED) )
                      UART_1_ClearRxBuffer();
                  #endif /* End (UART_1_RX_ENABLED) || (UART_1_HD_ENABLED) */
C51 COMPILER V9.51   UART_1_PM                                                             03/16/2018 17:06:23 PAGE 4   

 178   1          #if(UART_1_TX_ENABLED || UART_1_HD_ENABLED)
 179   1              UART_1_ClearTxBuffer();
 180   1          #endif /* End UART_1_TX_ENABLED || UART_1_HD_ENABLED */
 181   1      
 182   1          if(UART_1_backup.enableState != 0u)
 183   1          {
 184   2              UART_1_Enable();
 185   2          }
 186   1      }
 187          
 188          
 189          /* [] END OF FILE */


MODULE INFORMATION:   STATIC OVERLAYABLE
   CODE SIZE        =     55    ----
   CONSTANT SIZE    =   ----    ----
   XDATA SIZE       =      1    ----
   PDATA SIZE       =   ----    ----
   DATA SIZE        =   ----    ----
   IDATA SIZE       =   ----    ----
   BIT SIZE         =   ----    ----
   EDATA SIZE       =   ----    ----
   HDATA SIZE       =   ----    ----
   XDATA CONST SIZE =   ----    ----
   FAR CONST SIZE   =   ----    ----
END OF MODULE INFORMATION.


C51 COMPILATION COMPLETE.  0 WARNING(S),  0 ERROR(S)
