--------------- Build Started: 03/16/2018 17:06:10 Project: UART_Tx018, Configuration: DP8051 Keil 9.51 Debug ---------------
cydsfit.exe -.appdatapath "C:\Users\diego\AppData\Local\Cypress Semiconductor\PSoC Creator\4.2" -.fdsnotice -.fdswarpdepfile=warp_dependencies.txt -.fdselabdepfile=elab_dependencies.txt -.fdsbldfile=generated_files.txt -.fdsreffile=referenced_files.txt -p "C:\Users\diego\OneDrive\Documents\PSoC Creator\Workspace01\Empiric_Model\UART_Tx018.cydsn\UART_Tx018.cyprj" -d CY8C3866AXI-040 -s "C:\Users\diego\OneDrive\Documents\PSoC Creator\Workspace01\Empiric_Model\UART_Tx018.cydsn\Generated_Source\PSoC3" -- -yv2 -q10 -ygs -o2 -v3 -.fftcfgtype=BE
Elaborating Design...
HDL Generation...
Synthesis...
Tech Mapping...
Analog Placement...
Analog Routing...
Analog Code Generation...
Digital Placement...
Digital Routing...
Bitstream Generation...
Bitstream Verification...
Static timing analysis...
API Generation...
Dependency Generation...
Cleanup...
c51.exe main.c NOIV LARGE MODDP2 OMF2 VB(1) NOIP "INCDIR(., Generated_Source\PSoC3)" FF(3) DB WL(2) PR(.\DP8051_Keil_951\Debug/main.lst) OT(0 ) OJ(.\DP8051_Keil_951\Debug\main.obj)
c51.exe Generated_Source\PSoC3\cyfitter_cfg.c NOIV LARGE MODDP2 OMF2 VB(1) NOIP "INCDIR(., Generated_Source\PSoC3)" FF(3) DB WL(2) PR(.\DP8051_Keil_951\Debug/cyfitter_cfg.lst) OT(0 ) OJ(.\DP8051_Keil_951\Debug\cyfitter_cfg.obj)
c51.exe Generated_Source\PSoC3\UART_1.c NOIV LARGE MODDP2 OMF2 VB(1) NOIP "INCDIR(., Generated_Source\PSoC3)" FF(3) DB WL(2) PR(.\DP8051_Keil_951\Debug/UART_1.lst) OT(0 ) OJ(.\DP8051_Keil_951\Debug\UART_1.obj)
c51.exe Generated_Source\PSoC3\UART_1_PM.c NOIV LARGE MODDP2 OMF2 VB(1) NOIP "INCDIR(., Generated_Source\PSoC3)" FF(3) DB WL(2) PR(.\DP8051_Keil_951\Debug/UART_1_PM.lst) OT(0 ) OJ(.\DP8051_Keil_951\Debug\UART_1_PM.obj)
c51.exe Generated_Source\PSoC3\UART_1_INT.c NOIV LARGE MODDP2 OMF2 VB(1) NOIP "INCDIR(., Generated_Source\PSoC3)" FF(3) DB WL(2) PR(.\DP8051_Keil_951\Debug/UART_1_INT.lst) OT(0 ) OJ(.\DP8051_Keil_951\Debug\UART_1_INT.obj)
c51.exe Generated_Source\PSoC3\UART_1_BOOT.c NOIV LARGE MODDP2 OMF2 VB(1) NOIP "INCDIR(., Generated_Source\PSoC3)" FF(3) DB WL(2) PR(.\DP8051_Keil_951\Debug/UART_1_BOOT.lst) OT(0 ) OJ(.\DP8051_Keil_951\Debug\UART_1_BOOT.obj)
c51.exe Generated_Source\PSoC3\LCD_Char_1.c NOIV LARGE MODDP2 OMF2 VB(1) NOIP "INCDIR(., Generated_Source\PSoC3)" FF(3) DB WL(2) PR(.\DP8051_Keil_951\Debug/LCD_Char_1.lst) OT(0 ) OJ(.\DP8051_Keil_951\Debug\LCD_Char_1.obj)
c51.exe Generated_Source\PSoC3\LCD_Char_1_PM.c NOIV LARGE MODDP2 OMF2 VB(1) NOIP "INCDIR(., Generated_Source\PSoC3)" FF(3) DB WL(2) PR(.\DP8051_Keil_951\Debug/LCD_Char_1_PM.lst) OT(0 ) OJ(.\DP8051_Keil_951\Debug\LCD_Char_1_PM.obj)
c51.exe Generated_Source\PSoC3\TX.c NOIV LARGE MODDP2 OMF2 VB(1) NOIP "INCDIR(., Generated_Source\PSoC3)" FF(3) DB WL(2) PR(.\DP8051_Keil_951\Debug/TX.lst) OT(0 ) OJ(.\DP8051_Keil_951\Debug\TX.obj)
c51.exe Generated_Source\PSoC3\isr_1.c NOIV LARGE MODDP2 OMF2 VB(1) NOIP "INCDIR(., Generated_Source\PSoC3)" FF(3) DB WL(2) PR(.\DP8051_Keil_951\Debug/isr_1.lst) OT(0 ) OJ(.\DP8051_Keil_951\Debug\isr_1.obj)
c51.exe Generated_Source\PSoC3\Clock_1.c NOIV LARGE MODDP2 OMF2 VB(1) NOIP "INCDIR(., Generated_Source\PSoC3)" FF(3) DB WL(2) PR(.\DP8051_Keil_951\Debug/Clock_1.lst) OT(0 ) OJ(.\DP8051_Keil_951\Debug\Clock_1.obj)
c51.exe Generated_Source\PSoC3\LCD_Char_1_LCDPort.c NOIV LARGE MODDP2 OMF2 VB(1) NOIP "INCDIR(., Generated_Source\PSoC3)" FF(3) DB WL(2) PR(.\DP8051_Keil_951\Debug/LCD_Char_1_LCDPort.lst) OT(0 ) OJ(.\DP8051_Keil_951\Debug\LCD_Char_1_LCDPort.obj)
c51.exe Generated_Source\PSoC3\CyDmac.c NOIV LARGE MODDP2 OMF2 VB(1) NOIP "INCDIR(., Generated_Source\PSoC3)" FF(3) DB WL(2) PR(.\DP8051_Keil_951\Debug/CyDmac.lst) OT(0 ) OJ(.\DP8051_Keil_951\Debug\CyDmac.obj)
c51.exe Generated_Source\PSoC3\CyFlash.c NOIV LARGE MODDP2 OMF2 VB(1) NOIP "INCDIR(., Generated_Source\PSoC3)" FF(3) DB WL(2) PR(.\DP8051_Keil_951\Debug/CyFlash.lst) OT(0 ) OJ(.\DP8051_Keil_951\Debug\CyFlash.obj)
c51.exe Generated_Source\PSoC3\CyLib.c NOIV LARGE MODDP2 OMF2 VB(1) NOIP "INCDIR(., Generated_Source\PSoC3)" FF(3) DB WL(2) PR(.\DP8051_Keil_951\Debug/CyLib.lst) OT(0 ) OJ(.\DP8051_Keil_951\Debug\CyLib.obj)
c51.exe Generated_Source\PSoC3\cyPm.c NOIV LARGE MODDP2 OMF2 VB(1) NOIP "INCDIR(., Generated_Source\PSoC3)" FF(3) DB WL(2) PR(.\DP8051_Keil_951\Debug/cyPm.lst) OT(0 ) OJ(.\DP8051_Keil_951\Debug\cyPm.obj)
c51.exe Generated_Source\PSoC3\CySpc.c NOIV LARGE MODDP2 OMF2 VB(1) NOIP "INCDIR(., Generated_Source\PSoC3)" FF(3) DB WL(2) PR(.\DP8051_Keil_951\Debug/CySpc.lst) OT(0 ) OJ(.\DP8051_Keil_951\Debug\CySpc.obj)
c51.exe Generated_Source\PSoC3\cyutils.c NOIV LARGE MODDP2 OMF2 VB(1) NOIP "INCDIR(., Generated_Source\PSoC3)" FF(3) DB WL(2) PR(.\DP8051_Keil_951\Debug/cyutils.lst) OT(0 ) OJ(.\DP8051_Keil_951\Debug\cyutils.obj)
c51.exe Generated_Source\PSoC3\cy_em_eeprom.c NOIV LARGE MODDP2 OMF2 VB(1) NOIP "INCDIR(., Generated_Source\PSoC3)" FF(3) DB WL(2) PR(.\DP8051_Keil_951\Debug/cy_em_eeprom.lst) OT(0 ) OJ(.\DP8051_Keil_951\Debug\cy_em_eeprom.obj)
Ax51.exe Generated_Source\PSoC3\CyBootAsmKeil.a51 CASE EP "INCDIR(., Generated_Source\PSoC3)" DB MACRO NOCO PR(.\DP8051_Keil_951\Debug/CyBootAsmKeil.lst) OJ(.\DP8051_Keil_951\Debug\CyBootAsmKeil.obj)
Ax51.exe Generated_Source\PSoC3\cymem.a51 CASE EP "INCDIR(., Generated_Source\PSoC3)" DB MACRO NOCO PR(.\DP8051_Keil_951\Debug/cymem.lst) OJ(.\DP8051_Keil_951\Debug\cymem.obj)
Ax51.exe Generated_Source\PSoC3\KeilStart.a51 CASE EP "INCDIR(., Generated_Source\PSoC3)" DB MACRO NOCO PR(.\DP8051_Keil_951\Debug/KeilStart.lst) OJ(.\DP8051_Keil_951\Debug\KeilStart.obj)
LIBX51.exe TRANSFER '.\DP8051_Keil_951\Debug\UART_1.obj', '.\DP8051_Keil_951\Debug\UART_1_PM.obj', '.\DP8051_Keil_951\Debug\UART_1_INT.obj', '.\DP8051_Keil_951\Debug\UART_1_BOOT.obj', '.\DP8051_Keil_951\Debug\LCD_Char_1.obj', '.\DP8051_Keil_951\Debug\LCD_Char_1_PM.obj', '.\DP8051_Keil_951\Debug\TX.obj', '.\DP8051_Keil_951\Debug\isr_1.obj', '.\DP8051_Keil_951\Debug\Clock_1.obj', '.\DP8051_Keil_951\Debug\LCD_Char_1_LCDPort.obj', '.\DP8051_Keil_951\Debug\CyDmac.obj', '.\DP8051_Keil_951\Debug\CyFlash.obj', '.\DP8051_Keil_951\Debug\CyLib.obj', '.\DP8051_Keil_951\Debug\cyPm.obj', '.\DP8051_Keil_951\Debug\CySpc.obj', '.\DP8051_Keil_951\Debug\cyutils.obj', '.\DP8051_Keil_951\Debug\cy_em_eeprom.obj', '.\DP8051_Keil_951\Debug\CyBootAsmKeil.obj', '.\DP8051_Keil_951\Debug\cymem.obj', '.\DP8051_Keil_951\Debug\KeilStart.obj' TO '.\DP8051_Keil_951\Debug\UART_Tx018.lib'
LX51.exe '.\DP8051_Keil_951\Debug\main.obj', '.\DP8051_Keil_951\Debug\cyfitter_cfg.obj', '.\DP8051_Keil_951\Debug\UART_Tx018.lib', 'C:\Program Files (x86)\Cypress\PSoC Creator\4.2\PSoC Creator\psoc\content\cycomponentlibrary\CyComponentLibrary.cylib\DP8051\DP8051_Keil_951\Debug\CyComponentLibrary.lib' TO '.\DP8051_Keil_951\Debug\UART_Tx018.omf' RU RC(10) DW(16) WL(2) PR(.\DP8051_Keil_951\Debug/UART_Tx018.map) IX CL(XDATA(X:0x0000-X:0x1FFF)) CL(CODE(C:0x0000-C:0xFFFF)) CL(CONST(C:0x0000-C:0xFFFF))
Program Size: data=14.0 xdata=411 const=400 code=3546
OHx51.exe UART_Tx018.omf HEXFILE(UART_Tx018.ihx)
c8051-elf-omf2elf.exe UART_Tx018.omf UART_Tx018.elf
CyHexTool -o "C:\Users\diego\OneDrive\Documents\PSoC Creator\Workspace01\Empiric_Model\UART_Tx018.cydsn\DP8051_Keil_951\Debug\UART_Tx018.hex" -f "C:\Users\diego\OneDrive\Documents\PSoC Creator\Workspace01\Empiric_Model\UART_Tx018.cydsn\DP8051_Keil_951\Debug\UART_Tx018.ihx" -prot Generated_Source\PSoC3\protect.hex -id 1E028069 -a EEPROM=90200000:800,PROGRAM=00000000:10000,CONFIG=80000000:2000,PROTECT=90400000:40 -meta 0301 -cunv 00004005 -wonv BC90ACAF -ecc OFF
Flash used: 3946 of 65536 bytes (6,0 %).
SRAM used: 411 of 8192 bytes (5,0 %).
--------------- Build Succeeded: 03/16/2018 17:06:34 ---------------
