ARM GAS  C:\Users\Virtual\AppData\Local\Temp\cckacOmp.s 			page 1


   1              		.syntax unified
   2              		.cpu cortex-m3
   3              		.fpu softvfp
   4              		.eabi_attribute 20, 1
   5              		.eabi_attribute 21, 1
   6              		.eabi_attribute 23, 3
   7              		.eabi_attribute 24, 1
   8              		.eabi_attribute 25, 1
   9              		.eabi_attribute 26, 1
  10              		.eabi_attribute 30, 1
  11              		.eabi_attribute 34, 1
  12              		.eabi_attribute 18, 4
  13              		.thumb
  14              		.syntax unified
  15              		.file	"cymetadata.c"
  16              		.text
  17              	.Ltext0:
  18              		.cfi_sections	.debug_frame
  19              		.global	cy_metadata
  20              		.global	cy_meta_flashprotect
  21              		.global	cy_meta_wonvl
  22              		.global	cy_meta_custnvl
  23              		.global	cy_meta_configecc
  24              		.section	.cyconfigecc,"a",%progbits
  25              		.align	2
  26              		.type	cy_meta_configecc, %object
  27              		.size	cy_meta_configecc, 360
  28              	cy_meta_configecc:
  29 0000 02       		.byte	2
  30 0001 52       		.byte	82
  31 0002 00       		.byte	0
  32 0003 40       		.byte	64
  33 0004 01       		.byte	1
  34 0005 65       		.byte	101
  35 0006 00       		.byte	0
  36 0007 40       		.byte	64
  37 0008 58       		.byte	88
  38 0009 14       		.byte	20
  39 000a 01       		.byte	1
  40 000b 40       		.byte	64
  41 000c 32       		.byte	50
  42 000d 15       		.byte	21
  43 000e 01       		.byte	1
  44 000f 40       		.byte	64
  45 0010 02       		.byte	2
  46 0011 41       		.byte	65
  47 0012 01       		.byte	1
  48 0013 40       		.byte	64
  49 0014 01       		.byte	1
  50 0015 42       		.byte	66
  51 0016 01       		.byte	1
  52 0017 40       		.byte	64
  53 0018 01       		.byte	1
  54 0019 43       		.byte	67
  55 001a 01       		.byte	1
  56 001b 40       		.byte	64
  57 001c 01       		.byte	1
ARM GAS  C:\Users\Virtual\AppData\Local\Temp\cckacOmp.s 			page 2


  58 001d 48       		.byte	72
  59 001e 01       		.byte	1
  60 001f 40       		.byte	64
  61 0020 02       		.byte	2
  62 0021 49       		.byte	73
  63 0022 01       		.byte	1
  64 0023 40       		.byte	64
  65 0024 02       		.byte	2
  66 0025 50       		.byte	80
  67 0026 01       		.byte	1
  68 0027 40       		.byte	64
  69 0028 00       		.byte	0
  70 0029 01       		.byte	1
  71 002a 01       		.byte	1
  72 002b 01       		.byte	1
  73 002c 84       		.byte	-124
  74 002d 0F       		.byte	15
  75 002e 00       		.byte	0
  76 002f 20       		.byte	32
  77 0030 04       		.byte	4
  78 0031 13       		.byte	19
  79 0032 06       		.byte	6
  80 0033 04       		.byte	4
  81 0034 08       		.byte	8
  82 0035 03       		.byte	3
  83 0036 0A       		.byte	10
  84 0037 14       		.byte	20
  85 0038 0C       		.byte	12
  86 0039 13       		.byte	19
  87 003a 0E       		.byte	14
  88 003b 0C       		.byte	12
  89 003c 14       		.byte	20
  90 003d 40       		.byte	64
  91 003e 1A       		.byte	26
  92 003f 08       		.byte	8
  93 0040 26       		.byte	38
  94 0041 15       		.byte	21
  95 0042 28       		.byte	40
  96 0043 0A       		.byte	10
  97 0044 2A       		.byte	42
  98 0045 14       		.byte	20
  99 0046 30       		.byte	48
 100 0047 0F       		.byte	15
 101 0048 32       		.byte	50
 102 0049 20       		.byte	32
 103 004a 34       		.byte	52
 104 004b 40       		.byte	64
 105 004c 36       		.byte	54
 106 004d 10       		.byte	16
 107 004e 3A       		.byte	58
 108 004f 02       		.byte	2
 109 0050 3E       		.byte	62
 110 0051 54       		.byte	84
 111 0052 40       		.byte	64
 112 0053 43       		.byte	67
 113 0054 41       		.byte	65
 114 0055 02       		.byte	2
ARM GAS  C:\Users\Virtual\AppData\Local\Temp\cckacOmp.s 			page 3


 115 0056 45       		.byte	69
 116 0057 0C       		.byte	12
 117 0058 46       		.byte	70
 118 0059 B0       		.byte	-80
 119 005a 47       		.byte	71
 120 005b 0E       		.byte	14
 121 005c 48       		.byte	72
 122 005d 19       		.byte	25
 123 005e 49       		.byte	73
 124 005f FF       		.byte	-1
 125 0060 4A       		.byte	74
 126 0061 FF       		.byte	-1
 127 0062 4B       		.byte	75
 128 0063 FF       		.byte	-1
 129 0064 4E       		.byte	78
 130 0065 F0       		.byte	-16
 131 0066 4F       		.byte	79
 132 0067 44       		.byte	68
 133 0068 50       		.byte	80
 134 0069 0C       		.byte	12
 135 006a 54       		.byte	84
 136 006b 01       		.byte	1
 137 006c 58       		.byte	88
 138 006d 04       		.byte	4
 139 006e 5A       		.byte	90
 140 006f 04       		.byte	4
 141 0070 5B       		.byte	91
 142 0071 04       		.byte	4
 143 0072 5F       		.byte	95
 144 0073 01       		.byte	1
 145 0074 66       		.byte	102
 146 0075 C0       		.byte	-64
 147 0076 6A       		.byte	106
 148 0077 40       		.byte	64
 149 0078 6B       		.byte	107
 150 0079 02       		.byte	2
 151 007a 83       		.byte	-125
 152 007b 08       		.byte	8
 153 007c 84       		.byte	-124
 154 007d 0C       		.byte	12
 155 007e 86       		.byte	-122
 156 007f 71       		.byte	113
 157 0080 88       		.byte	-120
 158 0081 14       		.byte	20
 159 0082 89       		.byte	-119
 160 0083 80       		.byte	-128
 161 0084 8B       		.byte	-117
 162 0085 13       		.byte	19
 163 0086 8C       		.byte	-116
 164 0087 10       		.byte	16
 165 0088 8E       		.byte	-114
 166 0089 AC       		.byte	-84
 167 008a 94       		.byte	-108
 168 008b 09       		.byte	9
 169 008c 96       		.byte	-106
 170 008d D0       		.byte	-48
 171 008e 97       		.byte	-105
ARM GAS  C:\Users\Virtual\AppData\Local\Temp\cckacOmp.s 			page 4


 172 008f 0C       		.byte	12
 173 0090 99       		.byte	-103
 174 0091 2C       		.byte	44
 175 0092 9B       		.byte	-101
 176 0093 43       		.byte	67
 177 0094 9E       		.byte	-98
 178 0095 03       		.byte	3
 179 0096 A0       		.byte	-96
 180 0097 10       		.byte	16
 181 0098 A2       		.byte	-94
 182 0099 40       		.byte	64
 183 009a A5       		.byte	-91
 184 009b 71       		.byte	113
 185 009c A6       		.byte	-90
 186 009d 20       		.byte	32
 187 009e A7       		.byte	-89
 188 009f 0E       		.byte	14
 189 00a0 A8       		.byte	-88
 190 00a1 DC       		.byte	-36
 191 00a2 AA       		.byte	-86
 192 00a3 22       		.byte	34
 193 00a4 AD       		.byte	-83
 194 00a5 71       		.byte	113
 195 00a6 AF       		.byte	-81
 196 00a7 06       		.byte	6
 197 00a8 B1       		.byte	-79
 198 00a9 30       		.byte	48
 199 00aa B3       		.byte	-77
 200 00ab 0F       		.byte	15
 201 00ac B4       		.byte	-76
 202 00ad E0       		.byte	-32
 203 00ae B5       		.byte	-75
 204 00af C0       		.byte	-64
 205 00b0 B6       		.byte	-74
 206 00b1 1F       		.byte	31
 207 00b2 B9       		.byte	-71
 208 00b3 22       		.byte	34
 209 00b4 BA       		.byte	-70
 210 00b5 20       		.byte	32
 211 00b6 BB       		.byte	-69
 212 00b7 08       		.byte	8
 213 00b8 BF       		.byte	-65
 214 00b9 01       		.byte	1
 215 00ba C0       		.byte	-64
 216 00bb 01       		.byte	1
 217 00bc C5       		.byte	-59
 218 00bd 40       		.byte	64
 219 00be C9       		.byte	-55
 220 00bf FF       		.byte	-1
 221 00c0 CA       		.byte	-54
 222 00c1 07       		.byte	7
 223 00c2 CB       		.byte	-53
 224 00c3 FF       		.byte	-1
 225 00c4 CC       		.byte	-52
 226 00c5 40       		.byte	64
 227 00c6 CD       		.byte	-51
 228 00c7 20       		.byte	32
ARM GAS  C:\Users\Virtual\AppData\Local\Temp\cckacOmp.s 			page 5


 229 00c8 CE       		.byte	-50
 230 00c9 F0       		.byte	-16
 231 00ca CF       		.byte	-49
 232 00cb 05       		.byte	5
 233 00cc D0       		.byte	-48
 234 00cd 08       		.byte	8
 235 00ce D8       		.byte	-40
 236 00cf 04       		.byte	4
 237 00d0 D9       		.byte	-39
 238 00d1 04       		.byte	4
 239 00d2 DA       		.byte	-38
 240 00d3 04       		.byte	4
 241 00d4 DF       		.byte	-33
 242 00d5 01       		.byte	1
 243 00d6 E0       		.byte	-32
 244 00d7 40       		.byte	64
 245 00d8 E1       		.byte	-31
 246 00d9 A8       		.byte	-88
 247 00da E2       		.byte	-30
 248 00db 40       		.byte	64
 249 00dc E3       		.byte	-29
 250 00dd 20       		.byte	32
 251 00de 00       		.byte	0
 252 00df 21       		.byte	33
 253 00e0 01       		.byte	1
 254 00e1 20       		.byte	32
 255 00e2 03       		.byte	3
 256 00e3 22       		.byte	34
 257 00e4 04       		.byte	4
 258 00e5 A4       		.byte	-92
 259 00e6 09       		.byte	9
 260 00e7 18       		.byte	24
 261 00e8 0E       		.byte	14
 262 00e9 22       		.byte	34
 263 00ea 10       		.byte	16
 264 00eb 20       		.byte	32
 265 00ec 13       		.byte	19
 266 00ed 20       		.byte	32
 267 00ee 15       		.byte	21
 268 00ef 01       		.byte	1
 269 00f0 16       		.byte	22
 270 00f1 20       		.byte	32
 271 00f2 17       		.byte	23
 272 00f3 20       		.byte	32
 273 00f4 18       		.byte	24
 274 00f5 80       		.byte	-128
 275 00f6 19       		.byte	25
 276 00f7 40       		.byte	64
 277 00f8 1A       		.byte	26
 278 00f9 04       		.byte	4
 279 00fa 1B       		.byte	27
 280 00fb 0A       		.byte	10
 281 00fc 1C       		.byte	28
 282 00fd 05       		.byte	5
 283 00fe 1E       		.byte	30
 284 00ff 02       		.byte	2
 285 0100 1F       		.byte	31
ARM GAS  C:\Users\Virtual\AppData\Local\Temp\cckacOmp.s 			page 6


 286 0101 20       		.byte	32
 287 0102 25       		.byte	37
 288 0103 10       		.byte	16
 289 0104 26       		.byte	38
 290 0105 10       		.byte	16
 291 0106 27       		.byte	39
 292 0107 68       		.byte	104
 293 0108 2F       		.byte	47
 294 0109 22       		.byte	34
 295 010a 37       		.byte	55
 296 010b 28       		.byte	40
 297 010c 3D       		.byte	61
 298 010d 01       		.byte	1
 299 010e 3F       		.byte	63
 300 010f 20       		.byte	32
 301 0110 42       		.byte	66
 302 0111 20       		.byte	32
 303 0112 43       		.byte	67
 304 0113 22       		.byte	34
 305 0114 47       		.byte	71
 306 0115 40       		.byte	64
 307 0116 48       		.byte	72
 308 0117 10       		.byte	16
 309 0118 4D       		.byte	77
 310 0119 01       		.byte	1
 311 011a 50       		.byte	80
 312 011b 10       		.byte	16
 313 011c 51       		.byte	81
 314 011d 08       		.byte	8
 315 011e 54       		.byte	84
 316 011f 20       		.byte	32
 317 0120 56       		.byte	86
 318 0121 20       		.byte	32
 319 0122 57       		.byte	87
 320 0123 10       		.byte	16
 321 0124 58       		.byte	88
 322 0125 01       		.byte	1
 323 0126 59       		.byte	89
 324 0127 60       		.byte	96
 325 0128 5A       		.byte	90
 326 0129 04       		.byte	4
 327 012a 88       		.byte	-120
 328 012b 01       		.byte	1
 329 012c 89       		.byte	-119
 330 012d 08       		.byte	8
 331 012e 8F       		.byte	-113
 332 012f 08       		.byte	8
 333 0130 C0       		.byte	-64
 334 0131 EF       		.byte	-17
 335 0132 C2       		.byte	-62
 336 0133 A6       		.byte	-90
 337 0134 C4       		.byte	-60
 338 0135 76       		.byte	118
 339 0136 CA       		.byte	-54
 340 0137 50       		.byte	80
 341 0138 CC       		.byte	-52
 342 0139 60       		.byte	96
ARM GAS  C:\Users\Virtual\AppData\Local\Temp\cckacOmp.s 			page 7


 343 013a CE       		.byte	-50
 344 013b A0       		.byte	-96
 345 013c D0       		.byte	-48
 346 013d 17       		.byte	23
 347 013e D6       		.byte	-42
 348 013f 0F       		.byte	15
 349 0140 E2       		.byte	-30
 350 0141 10       		.byte	16
 351 0142 55       		.byte	85
 352 0143 01       		.byte	1
 353 0144 D6       		.byte	-42
 354 0145 20       		.byte	32
 355 0146 A5       		.byte	-91
 356 0147 01       		.byte	1
 357 0148 A5       		.byte	-91
 358 0149 01       		.byte	1
 359 014a A5       		.byte	-91
 360 014b 01       		.byte	1
 361 014c 8D       		.byte	-115
 362 014d 01       		.byte	1
 363 014e A5       		.byte	-91
 364 014f 01       		.byte	1
 365 0150 10       		.byte	16
 366 0151 01       		.byte	1
 367 0152 1A       		.byte	26
 368 0153 01       		.byte	1
 369 0154 01       		.byte	1
 370 0155 00       		.byte	0
 371 0156 00       		.byte	0
 372 0157 01       		.byte	1
 373 0158 01       		.byte	1
 374 0159 00       		.byte	0
 375 015a 01       		.byte	1
 376 015b 00       		.byte	0
 377 015c 00       		.byte	0
 378 015d 00       		.byte	0
 379 015e 00       		.byte	0
 380 015f 00       		.byte	0
 381 0160 00       		.byte	0
 382 0161 0B       		.byte	11
 383 0162 0B       		.byte	11
 384 0163 00       		.byte	0
 385 0164 00       		.byte	0
 386 0165 00       		.byte	0
 387 0166 00       		.byte	0
 388 0167 00       		.byte	0
 389              		.section	.cywolatch,"a",%progbits
 390              		.align	2
 391              		.type	cy_meta_wonvl, %object
 392              		.size	cy_meta_wonvl, 4
 393              	cy_meta_wonvl:
 394 0000 BC       		.byte	-68
 395 0001 90       		.byte	-112
 396 0002 AC       		.byte	-84
 397 0003 AF       		.byte	-81
 398              		.section	.cycustnvl,"a",%progbits
 399              		.align	2
ARM GAS  C:\Users\Virtual\AppData\Local\Temp\cckacOmp.s 			page 8


 400              		.type	cy_meta_custnvl, %object
 401              		.size	cy_meta_custnvl, 4
 402              	cy_meta_custnvl:
 403 0000 00       		.byte	0
 404 0001 00       		.byte	0
 405 0002 40       		.byte	64
 406 0003 05       		.byte	5
 407              		.section	.cymeta,"a",%progbits
 408              		.align	2
 409              		.type	cy_metadata, %object
 410              		.size	cy_metadata, 12
 411              	cy_metadata:
 412 0000 00       		.byte	0
 413 0001 01       		.byte	1
 414 0002 2E       		.byte	46
 415 0003 12       		.byte	18
 416 0004 30       		.byte	48
 417 0005 69       		.byte	105
 418 0006 00       		.byte	0
 419 0007 01       		.byte	1
 420 0008 00       		.byte	0
 421 0009 00       		.byte	0
 422 000a 00       		.byte	0
 423 000b 00       		.byte	0
 424              		.section	.cyflashprotect,"a",%progbits
 425              		.align	2
 426              		.type	cy_meta_flashprotect, %object
 427              		.size	cy_meta_flashprotect, 256
 428              	cy_meta_flashprotect:
 429 0000 00000000 		.space	256
 429      00000000 
 429      00000000 
 429      00000000 
 429      00000000 
 430              		.text
 431              	.Letext0:
 432              		.file 1 "c:\\program files (x86)\\cypress\\psoc creator\\4.2\\psoc creator\\import\\gnu\\arm\\5.4.
 433              		.file 2 "c:\\program files (x86)\\cypress\\psoc creator\\4.2\\psoc creator\\import\\gnu\\arm\\5.4.
 434              		.file 3 "Generated_Source\\PSoC5\\cymetadata.c"
 435              		.section	.debug_info,"",%progbits
 436              	.Ldebug_info0:
 437 0000 31010000 		.4byte	0x131
 438 0004 0400     		.2byte	0x4
 439 0006 00000000 		.4byte	.Ldebug_abbrev0
 440 000a 04       		.byte	0x4
 441 000b 01       		.uleb128 0x1
 442 000c 24000000 		.4byte	.LASF17
 443 0010 0C       		.byte	0xc
 444 0011 D2010000 		.4byte	.LASF18
 445 0015 5F010000 		.4byte	.LASF19
 446 0019 00000000 		.4byte	.Ldebug_line0
 447 001d 02       		.uleb128 0x2
 448 001e 01       		.byte	0x1
 449 001f 06       		.byte	0x6
 450 0020 C6010000 		.4byte	.LASF0
 451 0024 03       		.uleb128 0x3
 452 0025 00000000 		.4byte	.LASF9
ARM GAS  C:\Users\Virtual\AppData\Local\Temp\cckacOmp.s 			page 9


 453 0029 01       		.byte	0x1
 454 002a 1D       		.byte	0x1d
 455 002b 2F000000 		.4byte	0x2f
 456 002f 02       		.uleb128 0x2
 457 0030 01       		.byte	0x1
 458 0031 08       		.byte	0x8
 459 0032 16000000 		.4byte	.LASF1
 460 0036 02       		.uleb128 0x2
 461 0037 02       		.byte	0x2
 462 0038 05       		.byte	0x5
 463 0039 B3010000 		.4byte	.LASF2
 464 003d 02       		.uleb128 0x2
 465 003e 02       		.byte	0x2
 466 003f 07       		.byte	0x7
 467 0040 C4000000 		.4byte	.LASF3
 468 0044 02       		.uleb128 0x2
 469 0045 04       		.byte	0x4
 470 0046 05       		.byte	0x5
 471 0047 BD010000 		.4byte	.LASF4
 472 004b 02       		.uleb128 0x2
 473 004c 04       		.byte	0x4
 474 004d 07       		.byte	0x7
 475 004e B2000000 		.4byte	.LASF5
 476 0052 02       		.uleb128 0x2
 477 0053 08       		.byte	0x8
 478 0054 05       		.byte	0x5
 479 0055 51010000 		.4byte	.LASF6
 480 0059 02       		.uleb128 0x2
 481 005a 08       		.byte	0x8
 482 005b 07       		.byte	0x7
 483 005c 06010000 		.4byte	.LASF7
 484 0060 04       		.uleb128 0x4
 485 0061 04       		.byte	0x4
 486 0062 05       		.byte	0x5
 487 0063 696E7400 		.ascii	"int\000"
 488 0067 02       		.uleb128 0x2
 489 0068 04       		.byte	0x4
 490 0069 07       		.byte	0x7
 491 006a F9000000 		.4byte	.LASF8
 492 006e 03       		.uleb128 0x3
 493 006f 1D010000 		.4byte	.LASF10
 494 0073 02       		.byte	0x2
 495 0074 18       		.byte	0x18
 496 0075 24000000 		.4byte	0x24
 497 0079 05       		.uleb128 0x5
 498 007a 91000000 		.4byte	0x91
 499 007e 8A000000 		.4byte	0x8a
 500 0082 06       		.uleb128 0x6
 501 0083 8A000000 		.4byte	0x8a
 502 0087 6701     		.2byte	0x167
 503 0089 00       		.byte	0
 504 008a 02       		.uleb128 0x2
 505 008b 04       		.byte	0x4
 506 008c 07       		.byte	0x7
 507 008d 48010000 		.4byte	.LASF11
 508 0091 07       		.uleb128 0x7
 509 0092 6E000000 		.4byte	0x6e
ARM GAS  C:\Users\Virtual\AppData\Local\Temp\cckacOmp.s 			page 10


 510 0096 08       		.uleb128 0x8
 511 0097 E7000000 		.4byte	.LASF12
 512 009b 03       		.byte	0x3
 513 009c 1F       		.byte	0x1f
 514 009d A7000000 		.4byte	0xa7
 515 00a1 05       		.uleb128 0x5
 516 00a2 03       		.byte	0x3
 517 00a3 00000000 		.4byte	cy_meta_configecc
 518 00a7 07       		.uleb128 0x7
 519 00a8 79000000 		.4byte	0x79
 520 00ac 05       		.uleb128 0x5
 521 00ad 91000000 		.4byte	0x91
 522 00b1 BC000000 		.4byte	0xbc
 523 00b5 09       		.uleb128 0x9
 524 00b6 8A000000 		.4byte	0x8a
 525 00ba 03       		.byte	0x3
 526 00bb 00       		.byte	0
 527 00bc 08       		.uleb128 0x8
 528 00bd D7000000 		.4byte	.LASF13
 529 00c1 03       		.byte	0x3
 530 00c2 59       		.byte	0x59
 531 00c3 CD000000 		.4byte	0xcd
 532 00c7 05       		.uleb128 0x5
 533 00c8 03       		.byte	0x3
 534 00c9 00000000 		.4byte	cy_meta_custnvl
 535 00cd 07       		.uleb128 0x7
 536 00ce AC000000 		.4byte	0xac
 537 00d2 08       		.uleb128 0x8
 538 00d3 3A010000 		.4byte	.LASF14
 539 00d7 03       		.byte	0x3
 540 00d8 67       		.byte	0x67
 541 00d9 E3000000 		.4byte	0xe3
 542 00dd 05       		.uleb128 0x5
 543 00de 03       		.byte	0x3
 544 00df 00000000 		.4byte	cy_meta_wonvl
 545 00e3 07       		.uleb128 0x7
 546 00e4 AC000000 		.4byte	0xac
 547 00e8 05       		.uleb128 0x5
 548 00e9 91000000 		.4byte	0x91
 549 00ed F8000000 		.4byte	0xf8
 550 00f1 09       		.uleb128 0x9
 551 00f2 8A000000 		.4byte	0x8a
 552 00f6 FF       		.byte	0xff
 553 00f7 00       		.byte	0
 554 00f8 08       		.uleb128 0x8
 555 00f9 25010000 		.4byte	.LASF15
 556 00fd 03       		.byte	0x3
 557 00fe 75       		.byte	0x75
 558 00ff 09010000 		.4byte	0x109
 559 0103 05       		.uleb128 0x5
 560 0104 03       		.byte	0x3
 561 0105 00000000 		.4byte	cy_meta_flashprotect
 562 0109 07       		.uleb128 0x7
 563 010a E8000000 		.4byte	0xe8
 564 010e 05       		.uleb128 0x5
 565 010f 91000000 		.4byte	0x91
 566 0113 1E010000 		.4byte	0x11e
ARM GAS  C:\Users\Virtual\AppData\Local\Temp\cckacOmp.s 			page 11


 567 0117 09       		.uleb128 0x9
 568 0118 8A000000 		.4byte	0x8a
 569 011c 0B       		.byte	0xb
 570 011d 00       		.byte	0
 571 011e 08       		.uleb128 0x8
 572 011f 0A000000 		.4byte	.LASF16
 573 0123 03       		.byte	0x3
 574 0124 A2       		.byte	0xa2
 575 0125 2F010000 		.4byte	0x12f
 576 0129 05       		.uleb128 0x5
 577 012a 03       		.byte	0x3
 578 012b 00000000 		.4byte	cy_metadata
 579 012f 07       		.uleb128 0x7
 580 0130 0E010000 		.4byte	0x10e
 581 0134 00       		.byte	0
 582              		.section	.debug_abbrev,"",%progbits
 583              	.Ldebug_abbrev0:
 584 0000 01       		.uleb128 0x1
 585 0001 11       		.uleb128 0x11
 586 0002 01       		.byte	0x1
 587 0003 25       		.uleb128 0x25
 588 0004 0E       		.uleb128 0xe
 589 0005 13       		.uleb128 0x13
 590 0006 0B       		.uleb128 0xb
 591 0007 03       		.uleb128 0x3
 592 0008 0E       		.uleb128 0xe
 593 0009 1B       		.uleb128 0x1b
 594 000a 0E       		.uleb128 0xe
 595 000b 10       		.uleb128 0x10
 596 000c 17       		.uleb128 0x17
 597 000d 00       		.byte	0
 598 000e 00       		.byte	0
 599 000f 02       		.uleb128 0x2
 600 0010 24       		.uleb128 0x24
 601 0011 00       		.byte	0
 602 0012 0B       		.uleb128 0xb
 603 0013 0B       		.uleb128 0xb
 604 0014 3E       		.uleb128 0x3e
 605 0015 0B       		.uleb128 0xb
 606 0016 03       		.uleb128 0x3
 607 0017 0E       		.uleb128 0xe
 608 0018 00       		.byte	0
 609 0019 00       		.byte	0
 610 001a 03       		.uleb128 0x3
 611 001b 16       		.uleb128 0x16
 612 001c 00       		.byte	0
 613 001d 03       		.uleb128 0x3
 614 001e 0E       		.uleb128 0xe
 615 001f 3A       		.uleb128 0x3a
 616 0020 0B       		.uleb128 0xb
 617 0021 3B       		.uleb128 0x3b
 618 0022 0B       		.uleb128 0xb
 619 0023 49       		.uleb128 0x49
 620 0024 13       		.uleb128 0x13
 621 0025 00       		.byte	0
 622 0026 00       		.byte	0
 623 0027 04       		.uleb128 0x4
ARM GAS  C:\Users\Virtual\AppData\Local\Temp\cckacOmp.s 			page 12


 624 0028 24       		.uleb128 0x24
 625 0029 00       		.byte	0
 626 002a 0B       		.uleb128 0xb
 627 002b 0B       		.uleb128 0xb
 628 002c 3E       		.uleb128 0x3e
 629 002d 0B       		.uleb128 0xb
 630 002e 03       		.uleb128 0x3
 631 002f 08       		.uleb128 0x8
 632 0030 00       		.byte	0
 633 0031 00       		.byte	0
 634 0032 05       		.uleb128 0x5
 635 0033 01       		.uleb128 0x1
 636 0034 01       		.byte	0x1
 637 0035 49       		.uleb128 0x49
 638 0036 13       		.uleb128 0x13
 639 0037 01       		.uleb128 0x1
 640 0038 13       		.uleb128 0x13
 641 0039 00       		.byte	0
 642 003a 00       		.byte	0
 643 003b 06       		.uleb128 0x6
 644 003c 21       		.uleb128 0x21
 645 003d 00       		.byte	0
 646 003e 49       		.uleb128 0x49
 647 003f 13       		.uleb128 0x13
 648 0040 2F       		.uleb128 0x2f
 649 0041 05       		.uleb128 0x5
 650 0042 00       		.byte	0
 651 0043 00       		.byte	0
 652 0044 07       		.uleb128 0x7
 653 0045 26       		.uleb128 0x26
 654 0046 00       		.byte	0
 655 0047 49       		.uleb128 0x49
 656 0048 13       		.uleb128 0x13
 657 0049 00       		.byte	0
 658 004a 00       		.byte	0
 659 004b 08       		.uleb128 0x8
 660 004c 34       		.uleb128 0x34
 661 004d 00       		.byte	0
 662 004e 03       		.uleb128 0x3
 663 004f 0E       		.uleb128 0xe
 664 0050 3A       		.uleb128 0x3a
 665 0051 0B       		.uleb128 0xb
 666 0052 3B       		.uleb128 0x3b
 667 0053 0B       		.uleb128 0xb
 668 0054 49       		.uleb128 0x49
 669 0055 13       		.uleb128 0x13
 670 0056 3F       		.uleb128 0x3f
 671 0057 19       		.uleb128 0x19
 672 0058 02       		.uleb128 0x2
 673 0059 18       		.uleb128 0x18
 674 005a 00       		.byte	0
 675 005b 00       		.byte	0
 676 005c 09       		.uleb128 0x9
 677 005d 21       		.uleb128 0x21
 678 005e 00       		.byte	0
 679 005f 49       		.uleb128 0x49
 680 0060 13       		.uleb128 0x13
ARM GAS  C:\Users\Virtual\AppData\Local\Temp\cckacOmp.s 			page 13


 681 0061 2F       		.uleb128 0x2f
 682 0062 0B       		.uleb128 0xb
 683 0063 00       		.byte	0
 684 0064 00       		.byte	0
 685 0065 00       		.byte	0
 686              		.section	.debug_aranges,"",%progbits
 687 0000 14000000 		.4byte	0x14
 688 0004 0200     		.2byte	0x2
 689 0006 00000000 		.4byte	.Ldebug_info0
 690 000a 04       		.byte	0x4
 691 000b 00       		.byte	0
 692 000c 0000     		.2byte	0
 693 000e 0000     		.2byte	0
 694 0010 00000000 		.4byte	0
 695 0014 00000000 		.4byte	0
 696              		.section	.debug_line,"",%progbits
 697              	.Ldebug_line0:
 698 0000 3D010000 		.section	.debug_str,"MS",%progbits,1
 698      02003701 
 698      00000201 
 698      FB0E0D00 
 698      01010101 
 699              	.LASF9:
 700 0000 5F5F7569 		.ascii	"__uint8_t\000"
 700      6E74385F 
 700      7400
 701              	.LASF16:
 702 000a 63795F6D 		.ascii	"cy_metadata\000"
 702      65746164 
 702      61746100 
 703              	.LASF1:
 704 0016 756E7369 		.ascii	"unsigned char\000"
 704      676E6564 
 704      20636861 
 704      7200
 705              	.LASF17:
 706 0024 474E5520 		.ascii	"GNU C11 5.4.1 20160609 (release) [ARM/embedded-5-br"
 706      43313120 
 706      352E342E 
 706      31203230 
 706      31363036 
 707 0057 616E6368 		.ascii	"anch revision 237715] -mcpu=cortex-m3 -mthumb -g -O"
 707      20726576 
 707      6973696F 
 707      6E203233 
 707      37373135 
 708 008a 67202D66 		.ascii	"g -ffunction-sections -ffat-lto-objects\000"
 708      66756E63 
 708      74696F6E 
 708      2D736563 
 708      74696F6E 
 709              	.LASF5:
 710 00b2 6C6F6E67 		.ascii	"long unsigned int\000"
 710      20756E73 
 710      69676E65 
 710      6420696E 
 710      7400
ARM GAS  C:\Users\Virtual\AppData\Local\Temp\cckacOmp.s 			page 14


 711              	.LASF3:
 712 00c4 73686F72 		.ascii	"short unsigned int\000"
 712      7420756E 
 712      7369676E 
 712      65642069 
 712      6E7400
 713              	.LASF13:
 714 00d7 63795F6D 		.ascii	"cy_meta_custnvl\000"
 714      6574615F 
 714      63757374 
 714      6E766C00 
 715              	.LASF12:
 716 00e7 63795F6D 		.ascii	"cy_meta_configecc\000"
 716      6574615F 
 716      636F6E66 
 716      69676563 
 716      6300
 717              	.LASF8:
 718 00f9 756E7369 		.ascii	"unsigned int\000"
 718      676E6564 
 718      20696E74 
 718      00
 719              	.LASF7:
 720 0106 6C6F6E67 		.ascii	"long long unsigned int\000"
 720      206C6F6E 
 720      6720756E 
 720      7369676E 
 720      65642069 
 721              	.LASF10:
 722 011d 75696E74 		.ascii	"uint8_t\000"
 722      385F7400 
 723              	.LASF15:
 724 0125 63795F6D 		.ascii	"cy_meta_flashprotect\000"
 724      6574615F 
 724      666C6173 
 724      6870726F 
 724      74656374 
 725              	.LASF14:
 726 013a 63795F6D 		.ascii	"cy_meta_wonvl\000"
 726      6574615F 
 726      776F6E76 
 726      6C00
 727              	.LASF11:
 728 0148 73697A65 		.ascii	"sizetype\000"
 728      74797065 
 728      00
 729              	.LASF6:
 730 0151 6C6F6E67 		.ascii	"long long int\000"
 730      206C6F6E 
 730      6720696E 
 730      7400
 731              	.LASF19:
 732 015f 433A5C55 		.ascii	"C:\\Users\\Virtual\\Documents\\PSoC Creator\\Furuta"
 732      73657273 
 732      5C566972 
 732      7475616C 
 732      5C446F63 
ARM GAS  C:\Users\Virtual\AppData\Local\Temp\cckacOmp.s 			page 15


 733 018d 5F456D70 		.ascii	"_Emp_Modelling\\Data_Acquisition.cydsn\000"
 733      5F4D6F64 
 733      656C6C69 
 733      6E675C44 
 733      6174615F 
 734              	.LASF2:
 735 01b3 73686F72 		.ascii	"short int\000"
 735      7420696E 
 735      7400
 736              	.LASF4:
 737 01bd 6C6F6E67 		.ascii	"long int\000"
 737      20696E74 
 737      00
 738              	.LASF0:
 739 01c6 7369676E 		.ascii	"signed char\000"
 739      65642063 
 739      68617200 
 740              	.LASF18:
 741 01d2 47656E65 		.ascii	"Generated_Source\\PSoC5\\cymetadata.c\000"
 741      72617465 
 741      645F536F 
 741      75726365 
 741      5C50536F 
 742              		.ident	"GCC: (GNU Tools for ARM Embedded Processors) 5.4.1 20160609 (release) [ARM/embedded-5-bran
