ARM GAS  C:\Users\diego\AppData\Local\Temp\ccTfjFog.s 			page 1


   1              		.syntax unified
   2              		.cpu cortex-m3
   3              		.fpu softvfp
   4              		.eabi_attribute 20, 1
   5              		.eabi_attribute 21, 1
   6              		.eabi_attribute 23, 3
   7              		.eabi_attribute 24, 1
   8              		.eabi_attribute 25, 1
   9              		.eabi_attribute 26, 1
  10              		.eabi_attribute 30, 6
  11              		.eabi_attribute 34, 1
  12              		.eabi_attribute 18, 4
  13              		.thumb
  14              		.syntax unified
  15              		.file	"cymetadata.c"
  16              		.text
  17              	.Ltext0:
  18              		.cfi_sections	.debug_frame
  19              		.global	cy_meta_configecc
  20              		.section	.cyconfigecc,"a",%progbits
  21              		.align	2
  22              		.type	cy_meta_configecc, %object
  23              		.size	cy_meta_configecc, 1308
  24              	cy_meta_configecc:
  25 0000 02       		.byte	2
  26 0001 52       		.byte	82
  27 0002 00       		.byte	0
  28 0003 40       		.byte	64
  29 0004 03       		.byte	3
  30 0005 64       		.byte	100
  31 0006 00       		.byte	0
  32 0007 40       		.byte	64
  33 0008 01       		.byte	1
  34 0009 65       		.byte	101
  35 000a 00       		.byte	0
  36 000b 40       		.byte	64
  37 000c 5E       		.byte	94
  38 000d 04       		.byte	4
  39 000e 01       		.byte	1
  40 000f 40       		.byte	64
  41 0010 33       		.byte	51
  42 0011 05       		.byte	5
  43 0012 01       		.byte	1
  44 0013 40       		.byte	64
  45 0014 4C       		.byte	76
  46 0015 06       		.byte	6
  47 0016 01       		.byte	1
  48 0017 40       		.byte	64
  49 0018 3B       		.byte	59
  50 0019 07       		.byte	7
  51 001a 01       		.byte	1
  52 001b 40       		.byte	64
  53 001c 59       		.byte	89
  54 001d 14       		.byte	20
  55 001e 01       		.byte	1
  56 001f 40       		.byte	64
  57 0020 44       		.byte	68
ARM GAS  C:\Users\diego\AppData\Local\Temp\ccTfjFog.s 			page 2


  58 0021 15       		.byte	21
  59 0022 01       		.byte	1
  60 0023 40       		.byte	64
  61 0024 4B       		.byte	75
  62 0025 16       		.byte	22
  63 0026 01       		.byte	1
  64 0027 40       		.byte	64
  65 0028 3A       		.byte	58
  66 0029 17       		.byte	23
  67 002a 01       		.byte	1
  68 002b 40       		.byte	64
  69 002c 02       		.byte	2
  70 002d 40       		.byte	64
  71 002e 01       		.byte	1
  72 002f 40       		.byte	64
  73 0030 06       		.byte	6
  74 0031 41       		.byte	65
  75 0032 01       		.byte	1
  76 0033 40       		.byte	64
  77 0034 05       		.byte	5
  78 0035 42       		.byte	66
  79 0036 01       		.byte	1
  80 0037 40       		.byte	64
  81 0038 07       		.byte	7
  82 0039 43       		.byte	67
  83 003a 01       		.byte	1
  84 003b 40       		.byte	64
  85 003c 05       		.byte	5
  86 003d 48       		.byte	72
  87 003e 01       		.byte	1
  88 003f 40       		.byte	64
  89 0040 04       		.byte	4
  90 0041 50       		.byte	80
  91 0042 01       		.byte	1
  92 0043 40       		.byte	64
  93 0044 01       		.byte	1
  94 0045 51       		.byte	81
  95 0046 01       		.byte	1
  96 0047 40       		.byte	64
  97 0048 00       		.byte	0
  98 0049 06       		.byte	6
  99 004a 01       		.byte	1
 100 004b 05       		.byte	5
 101 004c 84       		.byte	-124
 102 004d 0F       		.byte	15
 103 004e 85       		.byte	-123
 104 004f 0D       		.byte	13
 105 0050 87       		.byte	-121
 106 0051 0F       		.byte	15
 107 0052 85       		.byte	-123
 108 0053 6F       		.byte	111
 109 0054 0C       		.byte	12
 110 0055 04       		.byte	4
 111 0056 0E       		.byte	14
 112 0057 02       		.byte	2
 113 0058 12       		.byte	18
 114 0059 10       		.byte	16
ARM GAS  C:\Users\diego\AppData\Local\Temp\ccTfjFog.s 			page 3


 115 005a 13       		.byte	19
 116 005b 07       		.byte	7
 117 005c 17       		.byte	23
 118 005d 02       		.byte	2
 119 005e 1E       		.byte	30
 120 005f 08       		.byte	8
 121 0060 20       		.byte	32
 122 0061 03       		.byte	3
 123 0062 24       		.byte	36
 124 0063 04       		.byte	4
 125 0064 26       		.byte	38
 126 0065 09       		.byte	9
 127 0066 2B       		.byte	43
 128 0067 01       		.byte	1
 129 0068 30       		.byte	48
 130 0069 03       		.byte	3
 131 006a 31       		.byte	49
 132 006b 04       		.byte	4
 133 006c 32       		.byte	50
 134 006d 04       		.byte	4
 135 006e 33       		.byte	51
 136 006f 02       		.byte	2
 137 0070 34       		.byte	52
 138 0071 08       		.byte	8
 139 0072 35       		.byte	53
 140 0073 01       		.byte	1
 141 0074 36       		.byte	54
 142 0075 10       		.byte	16
 143 0076 37       		.byte	55
 144 0077 01       		.byte	1
 145 0078 38       		.byte	56
 146 0079 08       		.byte	8
 147 007a 3E       		.byte	62
 148 007b 14       		.byte	20
 149 007c 3F       		.byte	63
 150 007d 10       		.byte	16
 151 007e 40       		.byte	64
 152 007f 10       		.byte	16
 153 0080 41       		.byte	65
 154 0081 03       		.byte	3
 155 0082 45       		.byte	69
 156 0083 D2       		.byte	-46
 157 0084 46       		.byte	70
 158 0085 54       		.byte	84
 159 0086 47       		.byte	71
 160 0087 01       		.byte	1
 161 0088 48       		.byte	72
 162 0089 1F       		.byte	31
 163 008a 49       		.byte	73
 164 008b FF       		.byte	-1
 165 008c 4A       		.byte	74
 166 008d FF       		.byte	-1
 167 008e 4B       		.byte	75
 168 008f FF       		.byte	-1
 169 0090 4D       		.byte	77
 170 0091 A0       		.byte	-96
 171 0092 4F       		.byte	79
ARM GAS  C:\Users\diego\AppData\Local\Temp\ccTfjFog.s 			page 4


 172 0093 04       		.byte	4
 173 0094 50       		.byte	80
 174 0095 18       		.byte	24
 175 0096 52       		.byte	82
 176 0097 80       		.byte	-128
 177 0098 54       		.byte	84
 178 0099 07       		.byte	7
 179 009a 58       		.byte	88
 180 009b 04       		.byte	4
 181 009c 59       		.byte	89
 182 009d 04       		.byte	4
 183 009e 5A       		.byte	90
 184 009f 04       		.byte	4
 185 00a0 5B       		.byte	91
 186 00a1 04       		.byte	4
 187 00a2 5C       		.byte	92
 188 00a3 10       		.byte	16
 189 00a4 5F       		.byte	95
 190 00a5 01       		.byte	1
 191 00a6 60       		.byte	96
 192 00a7 40       		.byte	64
 193 00a8 62       		.byte	98
 194 00a9 40       		.byte	64
 195 00aa 63       		.byte	99
 196 00ab A8       		.byte	-88
 197 00ac 64       		.byte	100
 198 00ad 40       		.byte	64
 199 00ae 65       		.byte	101
 200 00af 40       		.byte	64
 201 00b0 66       		.byte	102
 202 00b1 40       		.byte	64
 203 00b2 67       		.byte	103
 204 00b3 A8       		.byte	-88
 205 00b4 68       		.byte	104
 206 00b5 40       		.byte	64
 207 00b6 6A       		.byte	106
 208 00b7 40       		.byte	64
 209 00b8 6B       		.byte	107
 210 00b9 A8       		.byte	-88
 211 00ba 6C       		.byte	108
 212 00bb 40       		.byte	64
 213 00bc 6D       		.byte	109
 214 00bd 20       		.byte	32
 215 00be 6E       		.byte	110
 216 00bf 40       		.byte	64
 217 00c0 6F       		.byte	111
 218 00c1 A8       		.byte	-88
 219 00c2 8A       		.byte	-118
 220 00c3 04       		.byte	4
 221 00c4 8F       		.byte	-113
 222 00c5 01       		.byte	1
 223 00c6 9A       		.byte	-102
 224 00c7 07       		.byte	7
 225 00c8 9C       		.byte	-100
 226 00c9 01       		.byte	1
 227 00ca A7       		.byte	-89
 228 00cb 01       		.byte	1
ARM GAS  C:\Users\diego\AppData\Local\Temp\ccTfjFog.s 			page 5


 229 00cc AE       		.byte	-82
 230 00cd 08       		.byte	8
 231 00ce B0       		.byte	-80
 232 00cf 01       		.byte	1
 233 00d0 B2       		.byte	-78
 234 00d1 04       		.byte	4
 235 00d2 B4       		.byte	-76
 236 00d3 08       		.byte	8
 237 00d4 B5       		.byte	-75
 238 00d5 01       		.byte	1
 239 00d6 B6       		.byte	-74
 240 00d7 02       		.byte	2
 241 00d8 BF       		.byte	-65
 242 00d9 10       		.byte	16
 243 00da C0       		.byte	-64
 244 00db 20       		.byte	32
 245 00dc C1       		.byte	-63
 246 00dd 05       		.byte	5
 247 00de C5       		.byte	-59
 248 00df D1       		.byte	-47
 249 00e0 C6       		.byte	-58
 250 00e1 02       		.byte	2
 251 00e2 C8       		.byte	-56
 252 00e3 07       		.byte	7
 253 00e4 C9       		.byte	-55
 254 00e5 FF       		.byte	-1
 255 00e6 CA       		.byte	-54
 256 00e7 FF       		.byte	-1
 257 00e8 CB       		.byte	-53
 258 00e9 FF       		.byte	-1
 259 00ea CD       		.byte	-51
 260 00eb A0       		.byte	-96
 261 00ec CF       		.byte	-49
 262 00ed 04       		.byte	4
 263 00ee D0       		.byte	-48
 264 00ef 18       		.byte	24
 265 00f0 D2       		.byte	-46
 266 00f1 80       		.byte	-128
 267 00f2 D4       		.byte	-44
 268 00f3 05       		.byte	5
 269 00f4 D8       		.byte	-40
 270 00f5 04       		.byte	4
 271 00f6 D9       		.byte	-39
 272 00f7 04       		.byte	4
 273 00f8 DA       		.byte	-38
 274 00f9 04       		.byte	4
 275 00fa DB       		.byte	-37
 276 00fb 04       		.byte	4
 277 00fc DF       		.byte	-33
 278 00fd 01       		.byte	1
 279 00fe E0       		.byte	-32
 280 00ff 40       		.byte	64
 281 0100 E2       		.byte	-30
 282 0101 C0       		.byte	-64
 283 0102 E4       		.byte	-28
 284 0103 40       		.byte	64
 285 0104 E5       		.byte	-27
ARM GAS  C:\Users\diego\AppData\Local\Temp\ccTfjFog.s 			page 6


 286 0105 40       		.byte	64
 287 0106 E6       		.byte	-26
 288 0107 C0       		.byte	-64
 289 0108 E8       		.byte	-24
 290 0109 C0       		.byte	-64
 291 010a EA       		.byte	-22
 292 010b C0       		.byte	-64
 293 010c EC       		.byte	-20
 294 010d C0       		.byte	-64
 295 010e EE       		.byte	-18
 296 010f C0       		.byte	-64
 297 0110 00       		.byte	0
 298 0111 40       		.byte	64
 299 0112 06       		.byte	6
 300 0113 08       		.byte	8
 301 0114 09       		.byte	9
 302 0115 02       		.byte	2
 303 0116 0A       		.byte	10
 304 0117 01       		.byte	1
 305 0118 0E       		.byte	14
 306 0119 02       		.byte	2
 307 011a 0F       		.byte	15
 308 011b 08       		.byte	8
 309 011c 10       		.byte	16
 310 011d A0       		.byte	-96
 311 011e 17       		.byte	23
 312 011f 40       		.byte	64
 313 0120 18       		.byte	24
 314 0121 40       		.byte	64
 315 0122 1A       		.byte	26
 316 0123 15       		.byte	21
 317 0124 1E       		.byte	30
 318 0125 42       		.byte	66
 319 0126 1F       		.byte	31
 320 0127 18       		.byte	24
 321 0128 20       		.byte	32
 322 0129 0A       		.byte	10
 323 012a 21       		.byte	33
 324 012b 01       		.byte	1
 325 012c 23       		.byte	35
 326 012d 10       		.byte	16
 327 012e 27       		.byte	39
 328 012f 08       		.byte	8
 329 0130 2B       		.byte	43
 330 0131 08       		.byte	8
 331 0132 2E       		.byte	46
 332 0133 08       		.byte	8
 333 0134 2F       		.byte	47
 334 0135 10       		.byte	16
 335 0136 30       		.byte	48
 336 0137 02       		.byte	2
 337 0138 31       		.byte	49
 338 0139 08       		.byte	8
 339 013a 3F       		.byte	63
 340 013b 80       		.byte	-128
 341 013c 41       		.byte	65
 342 013d 40       		.byte	64
ARM GAS  C:\Users\diego\AppData\Local\Temp\ccTfjFog.s 			page 7


 343 013e 42       		.byte	66
 344 013f 11       		.byte	17
 345 0140 46       		.byte	70
 346 0141 08       		.byte	8
 347 0142 48       		.byte	72
 348 0143 20       		.byte	32
 349 0144 49       		.byte	73
 350 0145 01       		.byte	1
 351 0146 4F       		.byte	79
 352 0147 89       		.byte	-119
 353 0148 50       		.byte	80
 354 0149 84       		.byte	-124
 355 014a 52       		.byte	82
 356 014b 10       		.byte	16
 357 014c 57       		.byte	87
 358 014d 40       		.byte	64
 359 014e 58       		.byte	88
 360 014f 10       		.byte	16
 361 0150 59       		.byte	89
 362 0151 01       		.byte	1
 363 0152 5A       		.byte	90
 364 0153 04       		.byte	4
 365 0154 5B       		.byte	91
 366 0155 80       		.byte	-128
 367 0156 5E       		.byte	94
 368 0157 40       		.byte	64
 369 0158 5F       		.byte	95
 370 0159 09       		.byte	9
 371 015a 71       		.byte	113
 372 015b 02       		.byte	2
 373 015c 77       		.byte	119
 374 015d 40       		.byte	64
 375 015e A4       		.byte	-92
 376 015f 04       		.byte	4
 377 0160 B0       		.byte	-80
 378 0161 04       		.byte	4
 379 0162 C0       		.byte	-64
 380 0163 41       		.byte	65
 381 0164 C2       		.byte	-62
 382 0165 C9       		.byte	-55
 383 0166 C4       		.byte	-60
 384 0167 8C       		.byte	-116
 385 0168 CA       		.byte	-54
 386 0169 44       		.byte	68
 387 016a CC       		.byte	-52
 388 016b 03       		.byte	3
 389 016c CE       		.byte	-50
 390 016d 10       		.byte	16
 391 016e D0       		.byte	-48
 392 016f 2A       		.byte	42
 393 0170 D2       		.byte	-46
 394 0171 10       		.byte	16
 395 0172 D6       		.byte	-42
 396 0173 DF       		.byte	-33
 397 0174 EA       		.byte	-22
 398 0175 20       		.byte	32
 399 0176 00       		.byte	0
ARM GAS  C:\Users\diego\AppData\Local\Temp\ccTfjFog.s 			page 8


 400 0177 20       		.byte	32
 401 0178 02       		.byte	2
 402 0179 04       		.byte	4
 403 017a 04       		.byte	4
 404 017b 30       		.byte	48
 405 017c 05       		.byte	5
 406 017d 37       		.byte	55
 407 017e 06       		.byte	6
 408 017f 04       		.byte	4
 409 0180 07       		.byte	7
 410 0181 40       		.byte	64
 411 0182 08       		.byte	8
 412 0183 2C       		.byte	44
 413 0184 0A       		.byte	10
 414 0185 10       		.byte	16
 415 0186 0D       		.byte	13
 416 0187 25       		.byte	37
 417 0188 0F       		.byte	15
 418 0189 8A       		.byte	-118
 419 018a 11       		.byte	17
 420 018b E3       		.byte	-29
 421 018c 12       		.byte	18
 422 018d 3C       		.byte	60
 423 018e 13       		.byte	19
 424 018f 0C       		.byte	12
 425 0190 14       		.byte	20
 426 0191 30       		.byte	48
 427 0192 15       		.byte	21
 428 0193 EF       		.byte	-17
 429 0194 16       		.byte	22
 430 0195 08       		.byte	8
 431 0196 17       		.byte	23
 432 0197 10       		.byte	16
 433 0198 18       		.byte	24
 434 0199 01       		.byte	1
 435 019a 1B       		.byte	27
 436 019b 50       		.byte	80
 437 019c 21       		.byte	33
 438 019d 40       		.byte	64
 439 019e 22       		.byte	34
 440 019f 01       		.byte	1
 441 01a0 24       		.byte	36
 442 01a1 1C       		.byte	28
 443 01a2 25       		.byte	37
 444 01a3 FC       		.byte	-4
 445 01a4 27       		.byte	39
 446 01a5 03       		.byte	3
 447 01a6 29       		.byte	41
 448 01a7 DA       		.byte	-38
 449 01a8 2A       		.byte	42
 450 01a9 03       		.byte	3
 451 01aa 2B       		.byte	43
 452 01ab 25       		.byte	37
 453 01ac 32       		.byte	50
 454 01ad 3C       		.byte	60
 455 01ae 33       		.byte	51
 456 01af F0       		.byte	-16
ARM GAS  C:\Users\diego\AppData\Local\Temp\ccTfjFog.s 			page 9


 457 01b0 34       		.byte	52
 458 01b1 02       		.byte	2
 459 01b2 35       		.byte	53
 460 01b3 0F       		.byte	15
 461 01b4 36       		.byte	54
 462 01b5 01       		.byte	1
 463 01b6 3E       		.byte	62
 464 01b7 40       		.byte	64
 465 01b8 52       		.byte	82
 466 01b9 80       		.byte	-128
 467 01ba 58       		.byte	88
 468 01bb 04       		.byte	4
 469 01bc 59       		.byte	89
 470 01bd 04       		.byte	4
 471 01be 5B       		.byte	91
 472 01bf 04       		.byte	4
 473 01c0 5C       		.byte	92
 474 01c1 11       		.byte	17
 475 01c2 5D       		.byte	93
 476 01c3 10       		.byte	16
 477 01c4 5F       		.byte	95
 478 01c5 01       		.byte	1
 479 01c6 80       		.byte	-128
 480 01c7 10       		.byte	16
 481 01c8 82       		.byte	-126
 482 01c9 A0       		.byte	-96
 483 01ca 84       		.byte	-124
 484 01cb 0C       		.byte	12
 485 01cc 86       		.byte	-122
 486 01cd 02       		.byte	2
 487 01ce 87       		.byte	-121
 488 01cf 07       		.byte	7
 489 01d0 8C       		.byte	-116
 490 01d1 20       		.byte	32
 491 01d2 8E       		.byte	-114
 492 01d3 1F       		.byte	31
 493 01d4 8F       		.byte	-113
 494 01d5 01       		.byte	1
 495 01d6 90       		.byte	-112
 496 01d7 08       		.byte	8
 497 01d8 92       		.byte	-110
 498 01d9 01       		.byte	1
 499 01da 94       		.byte	-108
 500 01db 0C       		.byte	12
 501 01dc 96       		.byte	-106
 502 01dd 01       		.byte	1
 503 01de 98       		.byte	-104
 504 01df 10       		.byte	16
 505 01e0 99       		.byte	-103
 506 01e1 04       		.byte	4
 507 01e2 9A       		.byte	-102
 508 01e3 20       		.byte	32
 509 01e4 9C       		.byte	-100
 510 01e5 10       		.byte	16
 511 01e6 9E       		.byte	-98
 512 01e7 60       		.byte	96
 513 01e8 A4       		.byte	-92
ARM GAS  C:\Users\diego\AppData\Local\Temp\ccTfjFog.s 			page 10


 514 01e9 07       		.byte	7
 515 01ea A8       		.byte	-88
 516 01eb 0B       		.byte	11
 517 01ec AA       		.byte	-86
 518 01ed 04       		.byte	4
 519 01ee B0       		.byte	-80
 520 01ef 30       		.byte	48
 521 01f0 B1       		.byte	-79
 522 01f1 04       		.byte	4
 523 01f2 B2       		.byte	-78
 524 01f3 0F       		.byte	15
 525 01f4 B3       		.byte	-77
 526 01f5 01       		.byte	1
 527 01f6 B4       		.byte	-76
 528 01f7 40       		.byte	64
 529 01f8 B5       		.byte	-75
 530 01f9 02       		.byte	2
 531 01fa B6       		.byte	-74
 532 01fb 80       		.byte	-128
 533 01fc BA       		.byte	-70
 534 01fd 02       		.byte	2
 535 01fe D4       		.byte	-44
 536 01ff 0F       		.byte	15
 537 0200 D6       		.byte	-42
 538 0201 04       		.byte	4
 539 0202 D8       		.byte	-40
 540 0203 04       		.byte	4
 541 0204 D9       		.byte	-39
 542 0205 04       		.byte	4
 543 0206 DB       		.byte	-37
 544 0207 04       		.byte	4
 545 0208 DC       		.byte	-36
 546 0209 01       		.byte	1
 547 020a DD       		.byte	-35
 548 020b 10       		.byte	16
 549 020c DF       		.byte	-33
 550 020d 01       		.byte	1
 551 020e 00       		.byte	0
 552 020f 02       		.byte	2
 553 0210 01       		.byte	1
 554 0211 08       		.byte	8
 555 0212 03       		.byte	3
 556 0213 02       		.byte	2
 557 0214 05       		.byte	5
 558 0215 05       		.byte	5
 559 0216 07       		.byte	7
 560 0217 04       		.byte	4
 561 0218 0A       		.byte	10
 562 0219 5A       		.byte	90
 563 021a 0E       		.byte	14
 564 021b 54       		.byte	84
 565 021c 11       		.byte	17
 566 021d 2C       		.byte	44
 567 021e 13       		.byte	19
 568 021f 08       		.byte	8
 569 0220 15       		.byte	21
 570 0221 04       		.byte	4
ARM GAS  C:\Users\diego\AppData\Local\Temp\ccTfjFog.s 			page 11


 571 0222 16       		.byte	22
 572 0223 40       		.byte	64
 573 0224 17       		.byte	23
 574 0225 10       		.byte	16
 575 0226 19       		.byte	25
 576 0227 0D       		.byte	13
 577 0228 1A       		.byte	26
 578 0229 0A       		.byte	10
 579 022a 1B       		.byte	27
 580 022b 06       		.byte	6
 581 022c 1D       		.byte	29
 582 022d 40       		.byte	64
 583 022e 1E       		.byte	30
 584 022f 34       		.byte	52
 585 0230 1F       		.byte	31
 586 0231 08       		.byte	8
 587 0232 21       		.byte	33
 588 0233 08       		.byte	8
 589 0234 22       		.byte	34
 590 0235 18       		.byte	24
 591 0236 23       		.byte	35
 592 0237 80       		.byte	-128
 593 0238 25       		.byte	37
 594 0239 10       		.byte	16
 595 023a 26       		.byte	38
 596 023b 20       		.byte	32
 597 023c 27       		.byte	39
 598 023d 14       		.byte	20
 599 023e 2D       		.byte	45
 600 023f 08       		.byte	8
 601 0240 2F       		.byte	47
 602 0241 88       		.byte	-120
 603 0242 32       		.byte	50
 604 0243 10       		.byte	16
 605 0244 35       		.byte	53
 606 0245 01       		.byte	1
 607 0246 37       		.byte	55
 608 0247 14       		.byte	20
 609 0248 38       		.byte	56
 610 0249 08       		.byte	8
 611 024a 39       		.byte	57
 612 024b 80       		.byte	-128
 613 024c 3D       		.byte	61
 614 024d 08       		.byte	8
 615 024e 3E       		.byte	62
 616 024f 40       		.byte	64
 617 0250 58       		.byte	88
 618 0251 02       		.byte	2
 619 0252 59       		.byte	89
 620 0253 20       		.byte	32
 621 0254 5A       		.byte	90
 622 0255 80       		.byte	-128
 623 0256 5B       		.byte	91
 624 0257 08       		.byte	8
 625 0258 63       		.byte	99
 626 0259 80       		.byte	-128
 627 025a 68       		.byte	104
ARM GAS  C:\Users\diego\AppData\Local\Temp\ccTfjFog.s 			page 12


 628 025b 02       		.byte	2
 629 025c 76       		.byte	118
 630 025d 40       		.byte	64
 631 025e 83       		.byte	-125
 632 025f 40       		.byte	64
 633 0260 90       		.byte	-112
 634 0261 08       		.byte	8
 635 0262 91       		.byte	-111
 636 0263 82       		.byte	-126
 637 0264 93       		.byte	-109
 638 0265 10       		.byte	16
 639 0266 9A       		.byte	-102
 640 0267 10       		.byte	16
 641 0268 9C       		.byte	-100
 642 0269 10       		.byte	16
 643 026a 9F       		.byte	-97
 644 026b 80       		.byte	-128
 645 026c A0       		.byte	-96
 646 026d 01       		.byte	1
 647 026e A4       		.byte	-92
 648 026f 02       		.byte	2
 649 0270 A5       		.byte	-91
 650 0271 08       		.byte	8
 651 0272 AC       		.byte	-84
 652 0273 02       		.byte	2
 653 0274 C0       		.byte	-64
 654 0275 7D       		.byte	125
 655 0276 C2       		.byte	-62
 656 0277 7F       		.byte	127
 657 0278 C4       		.byte	-60
 658 0279 76       		.byte	118
 659 027a CA       		.byte	-54
 660 027b E0       		.byte	-32
 661 027c CC       		.byte	-52
 662 027d E4       		.byte	-28
 663 027e CE       		.byte	-50
 664 027f 5A       		.byte	90
 665 0280 D6       		.byte	-42
 666 0281 0F       		.byte	15
 667 0282 D8       		.byte	-40
 668 0283 01       		.byte	1
 669 0284 00       		.byte	0
 670 0285 02       		.byte	2
 671 0286 03       		.byte	3
 672 0287 01       		.byte	1
 673 0288 04       		.byte	4
 674 0289 02       		.byte	2
 675 028a 26       		.byte	38
 676 028b 01       		.byte	1
 677 028c 2C       		.byte	44
 678 028d 02       		.byte	2
 679 028e 32       		.byte	50
 680 028f 01       		.byte	1
 681 0290 35       		.byte	53
 682 0291 01       		.byte	1
 683 0292 36       		.byte	54
 684 0293 02       		.byte	2
ARM GAS  C:\Users\diego\AppData\Local\Temp\ccTfjFog.s 			page 13


 685 0294 38       		.byte	56
 686 0295 80       		.byte	-128
 687 0296 3E       		.byte	62
 688 0297 40       		.byte	64
 689 0298 40       		.byte	64
 690 0299 51       		.byte	81
 691 029a 41       		.byte	65
 692 029b 04       		.byte	4
 693 029c 49       		.byte	73
 694 029d FF       		.byte	-1
 695 029e 4A       		.byte	74
 696 029f FF       		.byte	-1
 697 02a0 4B       		.byte	75
 698 02a1 FF       		.byte	-1
 699 02a2 4D       		.byte	77
 700 02a3 A0       		.byte	-96
 701 02a4 4F       		.byte	79
 702 02a5 01       		.byte	1
 703 02a6 50       		.byte	80
 704 02a7 18       		.byte	24
 705 02a8 58       		.byte	88
 706 02a9 04       		.byte	4
 707 02aa 59       		.byte	89
 708 02ab 04       		.byte	4
 709 02ac 5A       		.byte	90
 710 02ad 04       		.byte	4
 711 02ae 5C       		.byte	92
 712 02af 10       		.byte	16
 713 02b0 5D       		.byte	93
 714 02b1 01       		.byte	1
 715 02b2 5F       		.byte	95
 716 02b3 01       		.byte	1
 717 02b4 60       		.byte	96
 718 02b5 40       		.byte	64
 719 02b6 62       		.byte	98
 720 02b7 80       		.byte	-128
 721 02b8 64       		.byte	100
 722 02b9 40       		.byte	64
 723 02ba 65       		.byte	101
 724 02bb 40       		.byte	64
 725 02bc 66       		.byte	102
 726 02bd 80       		.byte	-128
 727 02be 68       		.byte	104
 728 02bf 40       		.byte	64
 729 02c0 6A       		.byte	106
 730 02c1 80       		.byte	-128
 731 02c2 6C       		.byte	108
 732 02c3 40       		.byte	64
 733 02c4 6D       		.byte	109
 734 02c5 20       		.byte	32
 735 02c6 6E       		.byte	110
 736 02c7 80       		.byte	-128
 737 02c8 82       		.byte	-126
 738 02c9 02       		.byte	2
 739 02ca 85       		.byte	-123
 740 02cb 0E       		.byte	14
 741 02cc 88       		.byte	-120
ARM GAS  C:\Users\diego\AppData\Local\Temp\ccTfjFog.s 			page 14


 742 02cd 02       		.byte	2
 743 02ce 8E       		.byte	-114
 744 02cf 0C       		.byte	12
 745 02d0 8F       		.byte	-113
 746 02d1 01       		.byte	1
 747 02d2 90       		.byte	-112
 748 02d3 04       		.byte	4
 749 02d4 93       		.byte	-109
 750 02d5 0E       		.byte	14
 751 02d6 95       		.byte	-107
 752 02d7 02       		.byte	2
 753 02d8 97       		.byte	-105
 754 02d9 04       		.byte	4
 755 02da 99       		.byte	-103
 756 02db 0E       		.byte	14
 757 02dc 9D       		.byte	-99
 758 02dd 02       		.byte	2
 759 02de 9E       		.byte	-98
 760 02df 01       		.byte	1
 761 02e0 9F       		.byte	-97
 762 02e1 04       		.byte	4
 763 02e2 A3       		.byte	-93
 764 02e3 10       		.byte	16
 765 02e4 A4       		.byte	-92
 766 02e5 01       		.byte	1
 767 02e6 A7       		.byte	-89
 768 02e7 08       		.byte	8
 769 02e8 AD       		.byte	-83
 770 02e9 08       		.byte	8
 771 02ea B0       		.byte	-80
 772 02eb 08       		.byte	8
 773 02ec B2       		.byte	-78
 774 02ed 01       		.byte	1
 775 02ee B4       		.byte	-76
 776 02ef 04       		.byte	4
 777 02f0 B5       		.byte	-75
 778 02f1 01       		.byte	1
 779 02f2 B6       		.byte	-74
 780 02f3 02       		.byte	2
 781 02f4 B7       		.byte	-73
 782 02f5 1E       		.byte	30
 783 02f6 BE       		.byte	-66
 784 02f7 54       		.byte	84
 785 02f8 C0       		.byte	-64
 786 02f9 35       		.byte	53
 787 02fa C1       		.byte	-63
 788 02fb 04       		.byte	4
 789 02fc C5       		.byte	-59
 790 02fd 40       		.byte	64
 791 02fe C6       		.byte	-58
 792 02ff C2       		.byte	-62
 793 0300 C7       		.byte	-57
 794 0301 3E       		.byte	62
 795 0302 C8       		.byte	-56
 796 0303 3E       		.byte	62
 797 0304 C9       		.byte	-55
 798 0305 FF       		.byte	-1
ARM GAS  C:\Users\diego\AppData\Local\Temp\ccTfjFog.s 			page 15


 799 0306 CA       		.byte	-54
 800 0307 FF       		.byte	-1
 801 0308 CB       		.byte	-53
 802 0309 FF       		.byte	-1
 803 030a CD       		.byte	-51
 804 030b AF       		.byte	-81
 805 030c CE       		.byte	-50
 806 030d 07       		.byte	7
 807 030e CF       		.byte	-49
 808 030f 01       		.byte	1
 809 0310 D0       		.byte	-48
 810 0311 18       		.byte	24
 811 0312 D4       		.byte	-44
 812 0313 0F       		.byte	15
 813 0314 D8       		.byte	-40
 814 0315 04       		.byte	4
 815 0316 D9       		.byte	-39
 816 0317 04       		.byte	4
 817 0318 DA       		.byte	-38
 818 0319 04       		.byte	4
 819 031a DB       		.byte	-37
 820 031b 04       		.byte	4
 821 031c DC       		.byte	-36
 822 031d 11       		.byte	17
 823 031e DD       		.byte	-35
 824 031f 11       		.byte	17
 825 0320 DF       		.byte	-33
 826 0321 05       		.byte	5
 827 0322 E0       		.byte	-32
 828 0323 40       		.byte	64
 829 0324 E2       		.byte	-30
 830 0325 80       		.byte	-128
 831 0326 E4       		.byte	-28
 832 0327 40       		.byte	64
 833 0328 E5       		.byte	-27
 834 0329 40       		.byte	64
 835 032a E6       		.byte	-26
 836 032b 80       		.byte	-128
 837 032c E8       		.byte	-24
 838 032d 40       		.byte	64
 839 032e EA       		.byte	-22
 840 032f 80       		.byte	-128
 841 0330 EC       		.byte	-20
 842 0331 40       		.byte	64
 843 0332 ED       		.byte	-19
 844 0333 20       		.byte	32
 845 0334 EE       		.byte	-18
 846 0335 80       		.byte	-128
 847 0336 02       		.byte	2
 848 0337 40       		.byte	64
 849 0338 03       		.byte	3
 850 0339 10       		.byte	16
 851 033a 06       		.byte	6
 852 033b 41       		.byte	65
 853 033c 07       		.byte	7
 854 033d 04       		.byte	4
 855 033e 0E       		.byte	14
ARM GAS  C:\Users\diego\AppData\Local\Temp\ccTfjFog.s 			page 16


 856 033f 80       		.byte	-128
 857 0340 0F       		.byte	15
 858 0341 02       		.byte	2
 859 0342 10       		.byte	16
 860 0343 02       		.byte	2
 861 0344 12       		.byte	18
 862 0345 10       		.byte	16
 863 0346 17       		.byte	23
 864 0347 08       		.byte	8
 865 0348 18       		.byte	24
 866 0349 02       		.byte	2
 867 034a 19       		.byte	25
 868 034b 04       		.byte	4
 869 034c 1B       		.byte	27
 870 034d 80       		.byte	-128
 871 034e 1C       		.byte	28
 872 034f 20       		.byte	32
 873 0350 1E       		.byte	30
 874 0351 8A       		.byte	-118
 875 0352 22       		.byte	34
 876 0353 20       		.byte	32
 877 0354 27       		.byte	39
 878 0355 05       		.byte	5
 879 0356 28       		.byte	40
 880 0357 10       		.byte	16
 881 0358 29       		.byte	41
 882 0359 04       		.byte	4
 883 035a 2C       		.byte	44
 884 035b 20       		.byte	32
 885 035c 2E       		.byte	46
 886 035d 40       		.byte	64
 887 035e 2F       		.byte	47
 888 035f 40       		.byte	64
 889 0360 34       		.byte	52
 890 0361 04       		.byte	4
 891 0362 37       		.byte	55
 892 0363 51       		.byte	81
 893 0364 39       		.byte	57
 894 0365 02       		.byte	2
 895 0366 3C       		.byte	60
 896 0367 80       		.byte	-128
 897 0368 3D       		.byte	61
 898 0369 04       		.byte	4
 899 036a 43       		.byte	67
 900 036b 81       		.byte	-127
 901 036c 44       		.byte	68
 902 036d 20       		.byte	32
 903 036e 47       		.byte	71
 904 036f 01       		.byte	1
 905 0370 49       		.byte	73
 906 0371 40       		.byte	64
 907 0372 4C       		.byte	76
 908 0373 01       		.byte	1
 909 0374 4F       		.byte	79
 910 0375 02       		.byte	2
 911 0376 54       		.byte	84
 912 0377 42       		.byte	66
ARM GAS  C:\Users\diego\AppData\Local\Temp\ccTfjFog.s 			page 17


 913 0378 56       		.byte	86
 914 0379 69       		.byte	105
 915 037a 57       		.byte	87
 916 037b 02       		.byte	2
 917 037c 5D       		.byte	93
 918 037d 80       		.byte	-128
 919 037e 5E       		.byte	94
 920 037f 0A       		.byte	10
 921 0380 5F       		.byte	95
 922 0381 20       		.byte	32
 923 0382 66       		.byte	102
 924 0383 28       		.byte	40
 925 0384 7D       		.byte	125
 926 0385 08       		.byte	8
 927 0386 84       		.byte	-124
 928 0387 70       		.byte	112
 929 0388 85       		.byte	-123
 930 0389 C0       		.byte	-64
 931 038a 87       		.byte	-121
 932 038b 20       		.byte	32
 933 038c 91       		.byte	-111
 934 038d 06       		.byte	6
 935 038e 92       		.byte	-110
 936 038f 40       		.byte	64
 937 0390 93       		.byte	-109
 938 0391 80       		.byte	-128
 939 0392 98       		.byte	-104
 940 0393 04       		.byte	4
 941 0394 99       		.byte	-103
 942 0395 40       		.byte	64
 943 0396 9A       		.byte	-102
 944 0397 10       		.byte	16
 945 0398 9B       		.byte	-101
 946 0399 58       		.byte	88
 947 039a 9C       		.byte	-100
 948 039b 10       		.byte	16
 949 039c 9F       		.byte	-97
 950 039d 01       		.byte	1
 951 039e A0       		.byte	-96
 952 039f 20       		.byte	32
 953 03a0 A1       		.byte	-95
 954 03a1 04       		.byte	4
 955 03a2 A4       		.byte	-92
 956 03a3 40       		.byte	64
 957 03a4 A6       		.byte	-90
 958 03a5 20       		.byte	32
 959 03a6 A7       		.byte	-89
 960 03a7 03       		.byte	3
 961 03a8 C0       		.byte	-64
 962 03a9 DC       		.byte	-36
 963 03aa C2       		.byte	-62
 964 03ab 90       		.byte	-112
 965 03ac C4       		.byte	-60
 966 03ad 25       		.byte	37
 967 03ae CA       		.byte	-54
 968 03af D0       		.byte	-48
 969 03b0 CC       		.byte	-52
ARM GAS  C:\Users\diego\AppData\Local\Temp\ccTfjFog.s 			page 18


 970 03b1 F0       		.byte	-16
 971 03b2 CE       		.byte	-50
 972 03b3 51       		.byte	81
 973 03b4 D0       		.byte	-48
 974 03b5 C9       		.byte	-55
 975 03b6 D2       		.byte	-46
 976 03b7 18       		.byte	24
 977 03b8 D6       		.byte	-42
 978 03b9 F0       		.byte	-16
 979 03ba D8       		.byte	-40
 980 03bb 60       		.byte	96
 981 03bc DE       		.byte	-34
 982 03bd 40       		.byte	64
 983 03be 00       		.byte	0
 984 03bf 94       		.byte	-108
 985 03c0 02       		.byte	2
 986 03c1 60       		.byte	96
 987 03c2 03       		.byte	3
 988 03c3 80       		.byte	-128
 989 03c4 05       		.byte	5
 990 03c5 08       		.byte	8
 991 03c6 07       		.byte	7
 992 03c7 12       		.byte	18
 993 03c8 09       		.byte	9
 994 03c9 08       		.byte	8
 995 03ca 0B       		.byte	11
 996 03cb 24       		.byte	36
 997 03cc 0D       		.byte	13
 998 03cd 40       		.byte	64
 999 03ce 0E       		.byte	14
 1000 03cf 0F       		.byte	15
 1001 03d0 10       		.byte	16
 1002 03d1 30       		.byte	48
 1003 03d2 11       		.byte	17
 1004 03d3 08       		.byte	8
 1005 03d4 12       		.byte	18
 1006 03d5 C9       		.byte	-55
 1007 03d6 14       		.byte	20
 1008 03d7 9E       		.byte	-98
 1009 03d8 16       		.byte	22
 1010 03d9 60       		.byte	96
 1011 03da 17       		.byte	23
 1012 03db 31       		.byte	49
 1013 03dc 18       		.byte	24
 1014 03dd CF       		.byte	-49
 1015 03de 1A       		.byte	26
 1016 03df 30       		.byte	48
 1017 03e0 1B       		.byte	27
 1018 03e1 07       		.byte	7
 1019 03e2 1D       		.byte	29
 1020 03e3 08       		.byte	8
 1021 03e4 21       		.byte	33
 1022 03e5 08       		.byte	8
 1023 03e6 24       		.byte	36
 1024 03e7 FD       		.byte	-3
 1025 03e8 26       		.byte	38
 1026 03e9 02       		.byte	2
ARM GAS  C:\Users\diego\AppData\Local\Temp\ccTfjFog.s 			page 19


 1027 03ea 28       		.byte	40
 1028 03eb 73       		.byte	115
 1029 03ec 2D       		.byte	45
 1030 03ed 40       		.byte	64
 1031 03ee 31       		.byte	49
 1032 03ef 40       		.byte	64
 1033 03f0 33       		.byte	51
 1034 03f1 3F       		.byte	63
 1035 03f2 35       		.byte	53
 1036 03f3 80       		.byte	-128
 1037 03f4 36       		.byte	54
 1038 03f5 FF       		.byte	-1
 1039 03f6 39       		.byte	57
 1040 03f7 02       		.byte	2
 1041 03f8 3E       		.byte	62
 1042 03f9 40       		.byte	64
 1043 03fa 58       		.byte	88
 1044 03fb 04       		.byte	4
 1045 03fc 59       		.byte	89
 1046 03fd 04       		.byte	4
 1047 03fe 5C       		.byte	92
 1048 03ff 10       		.byte	16
 1049 0400 5F       		.byte	95
 1050 0401 01       		.byte	1
 1051 0402 80       		.byte	-128
 1052 0403 02       		.byte	2
 1053 0404 82       		.byte	-126
 1054 0405 01       		.byte	1
 1055 0406 84       		.byte	-124
 1056 0407 01       		.byte	1
 1057 0408 85       		.byte	-123
 1058 0409 08       		.byte	8
 1059 040a 86       		.byte	-122
 1060 040b 02       		.byte	2
 1061 040c 88       		.byte	-120
 1062 040d 08       		.byte	8
 1063 040e 8A       		.byte	-118
 1064 040f 10       		.byte	16
 1065 0410 8B       		.byte	-117
 1066 0411 02       		.byte	2
 1067 0412 8C       		.byte	-116
 1068 0413 04       		.byte	4
 1069 0414 8F       		.byte	-113
 1070 0415 08       		.byte	8
 1071 0416 90       		.byte	-112
 1072 0417 01       		.byte	1
 1073 0418 92       		.byte	-110
 1074 0419 02       		.byte	2
 1075 041a 93       		.byte	-109
 1076 041b 04       		.byte	4
 1077 041c 94       		.byte	-108
 1078 041d 01       		.byte	1
 1079 041e 96       		.byte	-106
 1080 041f 02       		.byte	2
 1081 0420 97       		.byte	-105
 1082 0421 04       		.byte	4
 1083 0422 9B       		.byte	-101
ARM GAS  C:\Users\diego\AppData\Local\Temp\ccTfjFog.s 			page 20


 1084 0423 01       		.byte	1
 1085 0424 9C       		.byte	-100
 1086 0425 08       		.byte	8
 1087 0426 9E       		.byte	-98
 1088 0427 30       		.byte	48
 1089 0428 A0       		.byte	-96
 1090 0429 10       		.byte	16
 1091 042a A2       		.byte	-94
 1092 042b 08       		.byte	8
 1093 042c A3       		.byte	-93
 1094 042d 08       		.byte	8
 1095 042e A4       		.byte	-92
 1096 042f 04       		.byte	4
 1097 0430 A8       		.byte	-88
 1098 0431 08       		.byte	8
 1099 0432 AA       		.byte	-86
 1100 0433 10       		.byte	16
 1101 0434 AE       		.byte	-82
 1102 0435 04       		.byte	4
 1103 0436 B0       		.byte	-80
 1104 0437 18       		.byte	24
 1105 0438 B1       		.byte	-79
 1106 0439 02       		.byte	2
 1107 043a B2       		.byte	-78
 1108 043b 20       		.byte	32
 1109 043c B3       		.byte	-77
 1110 043d 01       		.byte	1
 1111 043e B4       		.byte	-76
 1112 043f 04       		.byte	4
 1113 0440 B5       		.byte	-75
 1114 0441 04       		.byte	4
 1115 0442 B6       		.byte	-74
 1116 0443 03       		.byte	3
 1117 0444 B7       		.byte	-73
 1118 0445 08       		.byte	8
 1119 0446 BA       		.byte	-70
 1120 0447 82       		.byte	-126
 1121 0448 BE       		.byte	-66
 1122 0449 10       		.byte	16
 1123 044a BF       		.byte	-65
 1124 044b 50       		.byte	80
 1125 044c D8       		.byte	-40
 1126 044d 04       		.byte	4
 1127 044e D9       		.byte	-39
 1128 044f 04       		.byte	4
 1129 0450 DC       		.byte	-36
 1130 0451 11       		.byte	17
 1131 0452 DF       		.byte	-33
 1132 0453 01       		.byte	1
 1133 0454 02       		.byte	2
 1134 0455 20       		.byte	32
 1135 0456 03       		.byte	3
 1136 0457 89       		.byte	-119
 1137 0458 05       		.byte	5
 1138 0459 01       		.byte	1
 1139 045a 06       		.byte	6
 1140 045b 01       		.byte	1
ARM GAS  C:\Users\diego\AppData\Local\Temp\ccTfjFog.s 			page 21


 1141 045c 07       		.byte	7
 1142 045d 41       		.byte	65
 1143 045e 09       		.byte	9
 1144 045f 0A       		.byte	10
 1145 0460 0A       		.byte	10
 1146 0461 02       		.byte	2
 1147 0462 0C       		.byte	12
 1148 0463 24       		.byte	36
 1149 0464 0E       		.byte	14
 1150 0465 60       		.byte	96
 1151 0466 0F       		.byte	15
 1152 0467 28       		.byte	40
 1153 0468 12       		.byte	18
 1154 0469 02       		.byte	2
 1155 046a 13       		.byte	19
 1156 046b 1A       		.byte	26
 1157 046c 15       		.byte	21
 1158 046d 04       		.byte	4
 1159 046e 17       		.byte	23
 1160 046f 14       		.byte	20
 1161 0470 19       		.byte	25
 1162 0471 22       		.byte	34
 1163 0472 1A       		.byte	26
 1164 0473 40       		.byte	64
 1165 0474 1B       		.byte	27
 1166 0475 88       		.byte	-120
 1167 0476 1F       		.byte	31
 1168 0477 40       		.byte	64
 1169 0478 21       		.byte	33
 1170 0479 08       		.byte	8
 1171 047a 22       		.byte	34
 1172 047b 51       		.byte	81
 1173 047c 24       		.byte	36
 1174 047d 88       		.byte	-120
 1175 047e 25       		.byte	37
 1176 047f 04       		.byte	4
 1177 0480 26       		.byte	38
 1178 0481 02       		.byte	2
 1179 0482 27       		.byte	39
 1180 0483 18       		.byte	24
 1181 0484 2A       		.byte	42
 1182 0485 01       		.byte	1
 1183 0486 2F       		.byte	47
 1184 0487 82       		.byte	-126
 1185 0488 30       		.byte	48
 1186 0489 02       		.byte	2
 1187 048a 32       		.byte	50
 1188 048b 28       		.byte	40
 1189 048c 35       		.byte	53
 1190 048d 02       		.byte	2
 1191 048e 37       		.byte	55
 1192 048f 56       		.byte	86
 1193 0490 38       		.byte	56
 1194 0491 88       		.byte	-120
 1195 0492 3B       		.byte	59
 1196 0493 10       		.byte	16
 1197 0494 3C       		.byte	60
ARM GAS  C:\Users\diego\AppData\Local\Temp\ccTfjFog.s 			page 22


 1198 0495 80       		.byte	-128
 1199 0496 3F       		.byte	63
 1200 0497 2A       		.byte	42
 1201 0498 41       		.byte	65
 1202 0499 03       		.byte	3
 1203 049a 8E       		.byte	-114
 1204 049b 10       		.byte	16
 1205 049c 91       		.byte	-111
 1206 049d 02       		.byte	2
 1207 049e 93       		.byte	-109
 1208 049f 10       		.byte	16
 1209 04a0 96       		.byte	-106
 1210 04a1 C0       		.byte	-64
 1211 04a2 99       		.byte	-103
 1212 04a3 41       		.byte	65
 1213 04a4 9A       		.byte	-102
 1214 04a5 10       		.byte	16
 1215 04a6 9B       		.byte	-101
 1216 04a7 04       		.byte	4
 1217 04a8 9C       		.byte	-100
 1218 04a9 10       		.byte	16
 1219 04aa 9D       		.byte	-99
 1220 04ab 20       		.byte	32
 1221 04ac A0       		.byte	-96
 1222 04ad 02       		.byte	2
 1223 04ae A2       		.byte	-94
 1224 04af 18       		.byte	24
 1225 04b0 A3       		.byte	-93
 1226 04b1 04       		.byte	4
 1227 04b2 A5       		.byte	-91
 1228 04b3 04       		.byte	4
 1229 04b4 A7       		.byte	-89
 1230 04b5 80       		.byte	-128
 1231 04b6 A8       		.byte	-88
 1232 04b7 02       		.byte	2
 1233 04b8 AA       		.byte	-86
 1234 04b9 20       		.byte	32
 1235 04ba C0       		.byte	-64
 1236 04bb 9F       		.byte	-97
 1237 04bc C2       		.byte	-62
 1238 04bd 7D       		.byte	125
 1239 04be C4       		.byte	-60
 1240 04bf 6F       		.byte	111
 1241 04c0 CA       		.byte	-54
 1242 04c1 91       		.byte	-111
 1243 04c2 CC       		.byte	-52
 1244 04c3 F7       		.byte	-9
 1245 04c4 CE       		.byte	-50
 1246 04c5 FE       		.byte	-2
 1247 04c6 E2       		.byte	-30
 1248 04c7 40       		.byte	64
 1249 04c8 33       		.byte	51
 1250 04c9 10       		.byte	16
 1251 04ca CC       		.byte	-52
 1252 04cb 10       		.byte	16
 1253 04cc 52       		.byte	82
 1254 04cd 08       		.byte	8
ARM GAS  C:\Users\diego\AppData\Local\Temp\ccTfjFog.s 			page 23


 1255 04ce 57       		.byte	87
 1256 04cf 0A       		.byte	10
 1257 04d0 59       		.byte	89
 1258 04d1 10       		.byte	16
 1259 04d2 9F       		.byte	-97
 1260 04d3 10       		.byte	16
 1261 04d4 D4       		.byte	-44
 1262 04d5 E0       		.byte	-32
 1263 04d6 D6       		.byte	-42
 1264 04d7 20       		.byte	32
 1265 04d8 9D       		.byte	-99
 1266 04d9 10       		.byte	16
 1267 04da 9F       		.byte	-97
 1268 04db 10       		.byte	16
 1269 04dc A6       		.byte	-90
 1270 04dd 08       		.byte	8
 1271 04de A7       		.byte	-89
 1272 04df 02       		.byte	2
 1273 04e0 B3       		.byte	-77
 1274 04e1 08       		.byte	8
 1275 04e2 83       		.byte	-125
 1276 04e3 10       		.byte	16
 1277 04e4 9D       		.byte	-99
 1278 04e5 10       		.byte	16
 1279 04e6 9F       		.byte	-97
 1280 04e7 10       		.byte	16
 1281 04e8 A6       		.byte	-90
 1282 04e9 08       		.byte	8
 1283 04ea AF       		.byte	-81
 1284 04eb 02       		.byte	2
 1285 04ec E2       		.byte	-30
 1286 04ed 20       		.byte	32
 1287 04ee EA       		.byte	-22
 1288 04ef 10       		.byte	16
 1289 04f0 22       		.byte	34
 1290 04f1 08       		.byte	8
 1291 04f2 8D       		.byte	-115
 1292 04f3 10       		.byte	16
 1293 04f4 9D       		.byte	-99
 1294 04f5 10       		.byte	16
 1295 04f6 A6       		.byte	-90
 1296 04f7 08       		.byte	8
 1297 04f8 C8       		.byte	-56
 1298 04f9 40       		.byte	64
 1299 04fa 00       		.byte	0
 1300 04fb 03       		.byte	3
 1301 04fc 0A       		.byte	10
 1302 04fd 03       		.byte	3
 1303 04fe 10       		.byte	16
 1304 04ff 03       		.byte	3
 1305 0500 1A       		.byte	26
 1306 0501 03       		.byte	3
 1307 0502 00       		.byte	0
 1308 0503 03       		.byte	3
 1309 0504 00       		.byte	0
 1310 0505 0F       		.byte	15
 1311 0506 0F       		.byte	15
ARM GAS  C:\Users\diego\AppData\Local\Temp\ccTfjFog.s 			page 24


 1312 0507 00       		.byte	0
 1313 0508 0F       		.byte	15
 1314 0509 00       		.byte	0
 1315 050a 00       		.byte	0
 1316 050b 00       		.byte	0
 1317 050c 00       		.byte	0
 1318 050d 0B       		.byte	11
 1319 050e 0B       		.byte	11
 1320 050f 00       		.byte	0
 1321 0510 00       		.byte	0
 1322 0511 00       		.byte	0
 1323 0512 00       		.byte	0
 1324 0513 00       		.byte	0
 1325 0514 00       		.byte	0
 1326 0515 7F       		.byte	127
 1327 0516 7F       		.byte	127
 1328 0517 00       		.byte	0
 1329 0518 00       		.byte	0
 1330 0519 00       		.byte	0
 1331 051a 00       		.byte	0
 1332 051b 00       		.byte	0
 1333              		.global	cy_meta_custnvl
 1334              		.section	.cycustnvl,"a",%progbits
 1335              		.align	2
 1336              		.type	cy_meta_custnvl, %object
 1337              		.size	cy_meta_custnvl, 4
 1338              	cy_meta_custnvl:
 1339 0000 00       		.byte	0
 1340 0001 00       		.byte	0
 1341 0002 40       		.byte	64
 1342 0003 05       		.byte	5
 1343              		.global	cy_meta_wonvl
 1344              		.section	.cywolatch,"a",%progbits
 1345              		.align	2
 1346              		.type	cy_meta_wonvl, %object
 1347              		.size	cy_meta_wonvl, 4
 1348              	cy_meta_wonvl:
 1349 0000 BC       		.byte	-68
 1350 0001 90       		.byte	-112
 1351 0002 AC       		.byte	-84
 1352 0003 AF       		.byte	-81
 1353              		.global	cy_meta_flashprotect
 1354              		.section	.cyflashprotect,"a",%progbits
 1355              		.align	2
 1356              		.type	cy_meta_flashprotect, %object
 1357              		.size	cy_meta_flashprotect, 256
 1358              	cy_meta_flashprotect:
 1359 0000 00000000 		.space	256
 1359      00000000 
 1359      00000000 
 1359      00000000 
 1359      00000000 
 1360              		.global	cy_metadata
 1361              		.section	.cymeta,"a",%progbits
 1362              		.align	2
 1363              		.type	cy_metadata, %object
 1364              		.size	cy_metadata, 12
ARM GAS  C:\Users\diego\AppData\Local\Temp\ccTfjFog.s 			page 25


 1365              	cy_metadata:
 1366 0000 00       		.byte	0
 1367 0001 01       		.byte	1
 1368 0002 2E       		.byte	46
 1369 0003 12       		.byte	18
 1370 0004 30       		.byte	48
 1371 0005 69       		.byte	105
 1372 0006 00       		.byte	0
 1373 0007 01       		.byte	1
 1374 0008 00       		.byte	0
 1375 0009 00       		.byte	0
 1376 000a 00       		.byte	0
 1377 000b 00       		.byte	0
 1378              		.text
 1379              	.Letext0:
 1380              		.file 1 "c:\\program files (x86)\\cypress\\psoc creator\\4.2\\psoc creator\\import\\gnu\\arm\\5.4.
 1381              		.file 2 "c:\\program files (x86)\\cypress\\psoc creator\\4.2\\psoc creator\\import\\gnu\\arm\\5.4.
 1382              		.file 3 "Generated_Source\\PSoC5\\cymetadata.c"
 1383              		.section	.debug_info,"",%progbits
 1384              	.Ldebug_info0:
 1385 0000 32010000 		.4byte	0x132
 1386 0004 0400     		.2byte	0x4
 1387 0006 00000000 		.4byte	.Ldebug_abbrev0
 1388 000a 04       		.byte	0x4
 1389 000b 01       		.uleb128 0x1
 1390 000c 0A000000 		.4byte	.LASF17
 1391 0010 0C       		.byte	0xc
 1392 0011 D9010000 		.4byte	.LASF18
 1393 0015 7E010000 		.4byte	.LASF19
 1394 0019 00000000 		.4byte	.Ldebug_line0
 1395 001d 02       		.uleb128 0x2
 1396 001e 01       		.byte	0x1
 1397 001f 06       		.byte	0x6
 1398 0020 72010000 		.4byte	.LASF0
 1399 0024 03       		.uleb128 0x3
 1400 0025 00000000 		.4byte	.LASF9
 1401 0029 01       		.byte	0x1
 1402 002a 1D       		.byte	0x1d
 1403 002b 2F000000 		.4byte	0x2f
 1404 002f 02       		.uleb128 0x2
 1405 0030 01       		.byte	0x1
 1406 0031 08       		.byte	0x8
 1407 0032 A4000000 		.4byte	.LASF1
 1408 0036 02       		.uleb128 0x2
 1409 0037 02       		.byte	0x2
 1410 0038 05       		.byte	0x5
 1411 0039 5F010000 		.4byte	.LASF2
 1412 003d 02       		.uleb128 0x2
 1413 003e 02       		.byte	0x2
 1414 003f 07       		.byte	0x7
 1415 0040 C4000000 		.4byte	.LASF3
 1416 0044 02       		.uleb128 0x2
 1417 0045 04       		.byte	0x4
 1418 0046 05       		.byte	0x5
 1419 0047 69010000 		.4byte	.LASF4
 1420 004b 02       		.uleb128 0x2
 1421 004c 04       		.byte	0x4
ARM GAS  C:\Users\diego\AppData\Local\Temp\ccTfjFog.s 			page 26


 1422 004d 07       		.byte	0x7
 1423 004e B2000000 		.4byte	.LASF5
 1424 0052 02       		.uleb128 0x2
 1425 0053 08       		.byte	0x8
 1426 0054 05       		.byte	0x5
 1427 0055 51010000 		.4byte	.LASF6
 1428 0059 02       		.uleb128 0x2
 1429 005a 08       		.byte	0x8
 1430 005b 07       		.byte	0x7
 1431 005c 06010000 		.4byte	.LASF7
 1432 0060 04       		.uleb128 0x4
 1433 0061 04       		.byte	0x4
 1434 0062 05       		.byte	0x5
 1435 0063 696E7400 		.ascii	"int\000"
 1436 0067 02       		.uleb128 0x2
 1437 0068 04       		.byte	0x4
 1438 0069 07       		.byte	0x7
 1439 006a F9000000 		.4byte	.LASF8
 1440 006e 03       		.uleb128 0x3
 1441 006f 1D010000 		.4byte	.LASF10
 1442 0073 02       		.byte	0x2
 1443 0074 18       		.byte	0x18
 1444 0075 24000000 		.4byte	0x24
 1445 0079 05       		.uleb128 0x5
 1446 007a 91000000 		.4byte	0x91
 1447 007e 8A000000 		.4byte	0x8a
 1448 0082 06       		.uleb128 0x6
 1449 0083 8A000000 		.4byte	0x8a
 1450 0087 1B05     		.2byte	0x51b
 1451 0089 00       		.byte	0
 1452 008a 02       		.uleb128 0x2
 1453 008b 04       		.byte	0x4
 1454 008c 07       		.byte	0x7
 1455 008d 48010000 		.4byte	.LASF11
 1456 0091 07       		.uleb128 0x7
 1457 0092 6E000000 		.4byte	0x6e
 1458 0096 08       		.uleb128 0x8
 1459 0097 E7000000 		.4byte	.LASF12
 1460 009b 03       		.byte	0x3
 1461 009c 1F       		.byte	0x1f
 1462 009d A7000000 		.4byte	0xa7
 1463 00a1 05       		.uleb128 0x5
 1464 00a2 03       		.byte	0x3
 1465 00a3 00000000 		.4byte	cy_meta_configecc
 1466 00a7 07       		.uleb128 0x7
 1467 00a8 79000000 		.4byte	0x79
 1468 00ac 05       		.uleb128 0x5
 1469 00ad 91000000 		.4byte	0x91
 1470 00b1 BC000000 		.4byte	0xbc
 1471 00b5 09       		.uleb128 0x9
 1472 00b6 8A000000 		.4byte	0x8a
 1473 00ba 03       		.byte	0x3
 1474 00bb 00       		.byte	0
 1475 00bc 08       		.uleb128 0x8
 1476 00bd D7000000 		.4byte	.LASF13
 1477 00c1 03       		.byte	0x3
 1478 00c2 D0       		.byte	0xd0
ARM GAS  C:\Users\diego\AppData\Local\Temp\ccTfjFog.s 			page 27


 1479 00c3 CD000000 		.4byte	0xcd
 1480 00c7 05       		.uleb128 0x5
 1481 00c8 03       		.byte	0x3
 1482 00c9 00000000 		.4byte	cy_meta_custnvl
 1483 00cd 07       		.uleb128 0x7
 1484 00ce AC000000 		.4byte	0xac
 1485 00d2 08       		.uleb128 0x8
 1486 00d3 3A010000 		.4byte	.LASF14
 1487 00d7 03       		.byte	0x3
 1488 00d8 DE       		.byte	0xde
 1489 00d9 E3000000 		.4byte	0xe3
 1490 00dd 05       		.uleb128 0x5
 1491 00de 03       		.byte	0x3
 1492 00df 00000000 		.4byte	cy_meta_wonvl
 1493 00e3 07       		.uleb128 0x7
 1494 00e4 AC000000 		.4byte	0xac
 1495 00e8 05       		.uleb128 0x5
 1496 00e9 91000000 		.4byte	0x91
 1497 00ed F8000000 		.4byte	0xf8
 1498 00f1 09       		.uleb128 0x9
 1499 00f2 8A000000 		.4byte	0x8a
 1500 00f6 FF       		.byte	0xff
 1501 00f7 00       		.byte	0
 1502 00f8 08       		.uleb128 0x8
 1503 00f9 25010000 		.4byte	.LASF15
 1504 00fd 03       		.byte	0x3
 1505 00fe EC       		.byte	0xec
 1506 00ff 09010000 		.4byte	0x109
 1507 0103 05       		.uleb128 0x5
 1508 0104 03       		.byte	0x3
 1509 0105 00000000 		.4byte	cy_meta_flashprotect
 1510 0109 07       		.uleb128 0x7
 1511 010a E8000000 		.4byte	0xe8
 1512 010e 05       		.uleb128 0x5
 1513 010f 91000000 		.4byte	0x91
 1514 0113 1E010000 		.4byte	0x11e
 1515 0117 09       		.uleb128 0x9
 1516 0118 8A000000 		.4byte	0x8a
 1517 011c 0B       		.byte	0xb
 1518 011d 00       		.byte	0
 1519 011e 0A       		.uleb128 0xa
 1520 011f 98000000 		.4byte	.LASF16
 1521 0123 03       		.byte	0x3
 1522 0124 1901     		.2byte	0x119
 1523 0126 30010000 		.4byte	0x130
 1524 012a 05       		.uleb128 0x5
 1525 012b 03       		.byte	0x3
 1526 012c 00000000 		.4byte	cy_metadata
 1527 0130 07       		.uleb128 0x7
 1528 0131 0E010000 		.4byte	0x10e
 1529 0135 00       		.byte	0
 1530              		.section	.debug_abbrev,"",%progbits
 1531              	.Ldebug_abbrev0:
 1532 0000 01       		.uleb128 0x1
 1533 0001 11       		.uleb128 0x11
 1534 0002 01       		.byte	0x1
 1535 0003 25       		.uleb128 0x25
ARM GAS  C:\Users\diego\AppData\Local\Temp\ccTfjFog.s 			page 28


 1536 0004 0E       		.uleb128 0xe
 1537 0005 13       		.uleb128 0x13
 1538 0006 0B       		.uleb128 0xb
 1539 0007 03       		.uleb128 0x3
 1540 0008 0E       		.uleb128 0xe
 1541 0009 1B       		.uleb128 0x1b
 1542 000a 0E       		.uleb128 0xe
 1543 000b 10       		.uleb128 0x10
 1544 000c 17       		.uleb128 0x17
 1545 000d 00       		.byte	0
 1546 000e 00       		.byte	0
 1547 000f 02       		.uleb128 0x2
 1548 0010 24       		.uleb128 0x24
 1549 0011 00       		.byte	0
 1550 0012 0B       		.uleb128 0xb
 1551 0013 0B       		.uleb128 0xb
 1552 0014 3E       		.uleb128 0x3e
 1553 0015 0B       		.uleb128 0xb
 1554 0016 03       		.uleb128 0x3
 1555 0017 0E       		.uleb128 0xe
 1556 0018 00       		.byte	0
 1557 0019 00       		.byte	0
 1558 001a 03       		.uleb128 0x3
 1559 001b 16       		.uleb128 0x16
 1560 001c 00       		.byte	0
 1561 001d 03       		.uleb128 0x3
 1562 001e 0E       		.uleb128 0xe
 1563 001f 3A       		.uleb128 0x3a
 1564 0020 0B       		.uleb128 0xb
 1565 0021 3B       		.uleb128 0x3b
 1566 0022 0B       		.uleb128 0xb
 1567 0023 49       		.uleb128 0x49
 1568 0024 13       		.uleb128 0x13
 1569 0025 00       		.byte	0
 1570 0026 00       		.byte	0
 1571 0027 04       		.uleb128 0x4
 1572 0028 24       		.uleb128 0x24
 1573 0029 00       		.byte	0
 1574 002a 0B       		.uleb128 0xb
 1575 002b 0B       		.uleb128 0xb
 1576 002c 3E       		.uleb128 0x3e
 1577 002d 0B       		.uleb128 0xb
 1578 002e 03       		.uleb128 0x3
 1579 002f 08       		.uleb128 0x8
 1580 0030 00       		.byte	0
 1581 0031 00       		.byte	0
 1582 0032 05       		.uleb128 0x5
 1583 0033 01       		.uleb128 0x1
 1584 0034 01       		.byte	0x1
 1585 0035 49       		.uleb128 0x49
 1586 0036 13       		.uleb128 0x13
 1587 0037 01       		.uleb128 0x1
 1588 0038 13       		.uleb128 0x13
 1589 0039 00       		.byte	0
 1590 003a 00       		.byte	0
 1591 003b 06       		.uleb128 0x6
 1592 003c 21       		.uleb128 0x21
ARM GAS  C:\Users\diego\AppData\Local\Temp\ccTfjFog.s 			page 29


 1593 003d 00       		.byte	0
 1594 003e 49       		.uleb128 0x49
 1595 003f 13       		.uleb128 0x13
 1596 0040 2F       		.uleb128 0x2f
 1597 0041 05       		.uleb128 0x5
 1598 0042 00       		.byte	0
 1599 0043 00       		.byte	0
 1600 0044 07       		.uleb128 0x7
 1601 0045 26       		.uleb128 0x26
 1602 0046 00       		.byte	0
 1603 0047 49       		.uleb128 0x49
 1604 0048 13       		.uleb128 0x13
 1605 0049 00       		.byte	0
 1606 004a 00       		.byte	0
 1607 004b 08       		.uleb128 0x8
 1608 004c 34       		.uleb128 0x34
 1609 004d 00       		.byte	0
 1610 004e 03       		.uleb128 0x3
 1611 004f 0E       		.uleb128 0xe
 1612 0050 3A       		.uleb128 0x3a
 1613 0051 0B       		.uleb128 0xb
 1614 0052 3B       		.uleb128 0x3b
 1615 0053 0B       		.uleb128 0xb
 1616 0054 49       		.uleb128 0x49
 1617 0055 13       		.uleb128 0x13
 1618 0056 3F       		.uleb128 0x3f
 1619 0057 19       		.uleb128 0x19
 1620 0058 02       		.uleb128 0x2
 1621 0059 18       		.uleb128 0x18
 1622 005a 00       		.byte	0
 1623 005b 00       		.byte	0
 1624 005c 09       		.uleb128 0x9
 1625 005d 21       		.uleb128 0x21
 1626 005e 00       		.byte	0
 1627 005f 49       		.uleb128 0x49
 1628 0060 13       		.uleb128 0x13
 1629 0061 2F       		.uleb128 0x2f
 1630 0062 0B       		.uleb128 0xb
 1631 0063 00       		.byte	0
 1632 0064 00       		.byte	0
 1633 0065 0A       		.uleb128 0xa
 1634 0066 34       		.uleb128 0x34
 1635 0067 00       		.byte	0
 1636 0068 03       		.uleb128 0x3
 1637 0069 0E       		.uleb128 0xe
 1638 006a 3A       		.uleb128 0x3a
 1639 006b 0B       		.uleb128 0xb
 1640 006c 3B       		.uleb128 0x3b
 1641 006d 05       		.uleb128 0x5
 1642 006e 49       		.uleb128 0x49
 1643 006f 13       		.uleb128 0x13
 1644 0070 3F       		.uleb128 0x3f
 1645 0071 19       		.uleb128 0x19
 1646 0072 02       		.uleb128 0x2
 1647 0073 18       		.uleb128 0x18
 1648 0074 00       		.byte	0
 1649 0075 00       		.byte	0
ARM GAS  C:\Users\diego\AppData\Local\Temp\ccTfjFog.s 			page 30


 1650 0076 00       		.byte	0
 1651              		.section	.debug_aranges,"",%progbits
 1652 0000 14000000 		.4byte	0x14
 1653 0004 0200     		.2byte	0x2
 1654 0006 00000000 		.4byte	.Ldebug_info0
 1655 000a 04       		.byte	0x4
 1656 000b 00       		.byte	0
 1657 000c 0000     		.2byte	0
 1658 000e 0000     		.2byte	0
 1659 0010 00000000 		.4byte	0
 1660 0014 00000000 		.4byte	0
 1661              		.section	.debug_line,"",%progbits
 1662              	.Ldebug_line0:
 1663 0000 3D010000 		.section	.debug_str,"MS",%progbits,1
 1663      02003701 
 1663      00000201 
 1663      FB0E0D00 
 1663      01010101 
 1664              	.LASF9:
 1665 0000 5F5F7569 		.ascii	"__uint8_t\000"
 1665      6E74385F 
 1665      7400
 1666              	.LASF17:
 1667 000a 474E5520 		.ascii	"GNU C11 5.4.1 20160609 (release) [ARM/embedded-5-br"
 1667      43313120 
 1667      352E342E 
 1667      31203230 
 1667      31363036 
 1668 003d 616E6368 		.ascii	"anch revision 237715] -mcpu=cortex-m3 -mthumb -g -O"
 1668      20726576 
 1668      6973696F 
 1668      6E203233 
 1668      37373135 
 1669 0070 30202D66 		.ascii	"0 -ffunction-sections -ffat-lto-objects\000"
 1669      66756E63 
 1669      74696F6E 
 1669      2D736563 
 1669      74696F6E 
 1670              	.LASF16:
 1671 0098 63795F6D 		.ascii	"cy_metadata\000"
 1671      65746164 
 1671      61746100 
 1672              	.LASF1:
 1673 00a4 756E7369 		.ascii	"unsigned char\000"
 1673      676E6564 
 1673      20636861 
 1673      7200
 1674              	.LASF5:
 1675 00b2 6C6F6E67 		.ascii	"long unsigned int\000"
 1675      20756E73 
 1675      69676E65 
 1675      6420696E 
 1675      7400
 1676              	.LASF3:
 1677 00c4 73686F72 		.ascii	"short unsigned int\000"
 1677      7420756E 
 1677      7369676E 
ARM GAS  C:\Users\diego\AppData\Local\Temp\ccTfjFog.s 			page 31


 1677      65642069 
 1677      6E7400
 1678              	.LASF13:
 1679 00d7 63795F6D 		.ascii	"cy_meta_custnvl\000"
 1679      6574615F 
 1679      63757374 
 1679      6E766C00 
 1680              	.LASF12:
 1681 00e7 63795F6D 		.ascii	"cy_meta_configecc\000"
 1681      6574615F 
 1681      636F6E66 
 1681      69676563 
 1681      6300
 1682              	.LASF8:
 1683 00f9 756E7369 		.ascii	"unsigned int\000"
 1683      676E6564 
 1683      20696E74 
 1683      00
 1684              	.LASF7:
 1685 0106 6C6F6E67 		.ascii	"long long unsigned int\000"
 1685      206C6F6E 
 1685      6720756E 
 1685      7369676E 
 1685      65642069 
 1686              	.LASF10:
 1687 011d 75696E74 		.ascii	"uint8_t\000"
 1687      385F7400 
 1688              	.LASF15:
 1689 0125 63795F6D 		.ascii	"cy_meta_flashprotect\000"
 1689      6574615F 
 1689      666C6173 
 1689      6870726F 
 1689      74656374 
 1690              	.LASF14:
 1691 013a 63795F6D 		.ascii	"cy_meta_wonvl\000"
 1691      6574615F 
 1691      776F6E76 
 1691      6C00
 1692              	.LASF11:
 1693 0148 73697A65 		.ascii	"sizetype\000"
 1693      74797065 
 1693      00
 1694              	.LASF6:
 1695 0151 6C6F6E67 		.ascii	"long long int\000"
 1695      206C6F6E 
 1695      6720696E 
 1695      7400
 1696              	.LASF2:
 1697 015f 73686F72 		.ascii	"short int\000"
 1697      7420696E 
 1697      7400
 1698              	.LASF4:
 1699 0169 6C6F6E67 		.ascii	"long int\000"
 1699      20696E74 
 1699      00
 1700              	.LASF0:
 1701 0172 7369676E 		.ascii	"signed char\000"
ARM GAS  C:\Users\diego\AppData\Local\Temp\ccTfjFog.s 			page 32


 1701      65642063 
 1701      68617200 
 1702              	.LASF19:
 1703 017e 433A5C55 		.ascii	"C:\\Users\\diego\\OneDrive\\Documents\\PSoC Creator"
 1703      73657273 
 1703      5C646965 
 1703      676F5C4F 
 1703      6E654472 
 1704 01ac 5C576F72 		.ascii	"\\Workspace01\\Empiric_Model\\QDExample01.cydsn\000"
 1704      6B737061 
 1704      63653031 
 1704      5C456D70 
 1704      69726963 
 1705              	.LASF18:
 1706 01d9 47656E65 		.ascii	"Generated_Source\\PSoC5\\cymetadata.c\000"
 1706      72617465 
 1706      645F536F 
 1706      75726365 
 1706      5C50536F 
 1707              		.ident	"GCC: (GNU Tools for ARM Embedded Processors) 5.4.1 20160609 (release) [ARM/embedded-5-bran
