ARM GAS  C:\Users\diego\AppData\Local\Temp\ccI6rq3h.s 			page 1


   1              		.syntax unified
   2              		.cpu cortex-m3
   3              		.fpu softvfp
   4              		.eabi_attribute 20, 1
   5              		.eabi_attribute 21, 1
   6              		.eabi_attribute 23, 3
   7              		.eabi_attribute 24, 1
   8              		.eabi_attribute 25, 1
   9              		.eabi_attribute 26, 1
  10              		.eabi_attribute 30, 6
  11              		.eabi_attribute 34, 1
  12              		.eabi_attribute 18, 4
  13              		.thumb
  14              		.syntax unified
  15              		.file	"main.c"
  16              		.text
  17              	.Ltext0:
  18              		.cfi_sections	.debug_frame
  19              		.global	trigger
  20              		.bss
  21              		.type	trigger, %object
  22              		.size	trigger, 1
  23              	trigger:
  24 0000 00       		.space	1
  25              		.section	.text.main,"ax",%progbits
  26              		.align	2
  27              		.global	main
  28              		.thumb
  29              		.thumb_func
  30              		.type	main, %function
  31              	main:
  32              	.LFB63:
  33              		.file 1 "main.c"
   1:main.c        **** /*******************************************************************************
   2:main.c        **** * File Name: main.c
   3:main.c        **** *
   4:main.c        **** * Version: 2.20
   5:main.c        **** *
   6:main.c        **** * Description:
   7:main.c        **** *  This project demonstrates the UART transmission mechanism. 
   8:main.c        **** *  Data is sent through serial port that is visible in the Hyperterminal and on 
   9:main.c        **** *  the LCD. ASCII characters from 0x20 to 0x7F(Space to ~ )  that can be 
  10:main.c        **** *  displayed through Hyperterminal/LCD at the same time Interrupt is triggered
  11:main.c        **** *  and incremented while sending.
  12:main.c        **** *
  13:main.c        **** ********************************************************************************
  14:main.c        **** * Copyright 2012-2017, Cypress Semiconductor Corporation. All rights reserved.
  15:main.c        **** * This software is owned by Cypress Semiconductor Corporation and is protected
  16:main.c        **** * by and subject to worldwide patent and copyright laws and treaties.
  17:main.c        **** * Therefore, you may use this software only as provided in the license agreement
  18:main.c        **** * accompanying the software package from which you obtained this software.
  19:main.c        **** * CYPRESS AND ITS SUPPLIERS MAKE NO WARRANTY OF ANY KIND, EXPRESS OR IMPLIED,
  20:main.c        **** * WITH REGARD TO THIS SOFTWARE, INCLUDING, BUT NOT LIMITED TO, NONINFRINGEMENT,
  21:main.c        **** * IMPLIED WARRANTIES OF MERCHANTABILITY AND FITNESS FOR A PARTICULAR PURPOSE.
  22:main.c        **** *******************************************************************************/
  23:main.c        **** 
  24:main.c        **** #include <project.h>
ARM GAS  C:\Users\diego\AppData\Local\Temp\ccI6rq3h.s 			page 2


  25:main.c        **** 
  26:main.c        **** #define LCD_NUM_COLUMNS     (16u)
  27:main.c        **** #define START_CHAR_VALUE    (0x20u)
  28:main.c        **** #define END_CHAR_VALUE      (0x7Eu)
  29:main.c        **** 
  30:main.c        **** uint8 trigger = 0u;
  31:main.c        **** 
  32:main.c        **** 
  33:main.c        **** int main()
  34:main.c        **** {    
  34              		.loc 1 34 0
  35              		.cfi_startproc
  36              		@ args = 0, pretend = 0, frame = 8
  37              		@ frame_needed = 1, uses_anonymous_args = 0
  38 0000 80B5     		push	{r7, lr}
  39              		.cfi_def_cfa_offset 8
  40              		.cfi_offset 7, -8
  41              		.cfi_offset 14, -4
  42 0002 82B0     		sub	sp, sp, #8
  43              		.cfi_def_cfa_offset 16
  44 0004 00AF     		add	r7, sp, #0
  45              		.cfi_def_cfa_register 7
  35:main.c        ****     uint8 ch;           /* Data sent on the serial port */
  36:main.c        ****     uint8 count = 0u;    /* Initializing the count value */
  46              		.loc 1 36 0
  47 0006 0023     		movs	r3, #0
  48 0008 BB71     		strb	r3, [r7, #6]
  37:main.c        ****     uint8 pos = 0u;
  49              		.loc 1 37 0
  50 000a 0023     		movs	r3, #0
  51 000c 7B71     		strb	r3, [r7, #5]
  38:main.c        **** 
  39:main.c        ****     CyGlobalIntEnable; 
  52              		.loc 1 39 0
  53              		.syntax unified
  54              	@ 39 "main.c" 1
  55 000e 62B6     		CPSIE   i
  56              	@ 0 "" 2
  40:main.c        **** 
  41:main.c        ****     isr_1_Start();      /* Initializing the ISR */
  57              		.loc 1 41 0
  58              		.thumb
  59              		.syntax unified
  60 0010 FFF7FEFF 		bl	isr_1_Start
  42:main.c        ****     UART_1_Start();     /* Enabling the UART */
  61              		.loc 1 42 0
  62 0014 FFF7FEFF 		bl	UART_1_Start
  43:main.c        ****     LCD_Char_1_Start(); /* Enabling the LCD */
  63              		.loc 1 43 0
  64 0018 FFF7FEFF 		bl	LCD_Char_1_Start
  44:main.c        **** 
  45:main.c        ****         
  46:main.c        ****     for(ch = START_CHAR_VALUE; ch <= END_CHAR_VALUE; ch++)
  65              		.loc 1 46 0
  66 001c 2023     		movs	r3, #32
  67 001e FB71     		strb	r3, [r7, #7]
  68 0020 2AE0     		b	.L2
ARM GAS  C:\Users\diego\AppData\Local\Temp\ccI6rq3h.s 			page 3


  69              	.L4:
  47:main.c        ****     {
  48:main.c        ****         UART_1_WriteTxData(ch); /* Sending the data */
  70              		.loc 1 48 0
  71 0022 FB79     		ldrb	r3, [r7, #7]	@ zero_extendqisi2
  72 0024 1846     		mov	r0, r3
  73 0026 FFF7FEFF 		bl	UART_1_WriteTxData
  49:main.c        **** 
  50:main.c        ****         count++;        
  74              		.loc 1 50 0
  75 002a BB79     		ldrb	r3, [r7, #6]	@ zero_extendqisi2
  76 002c 0133     		adds	r3, r3, #1
  77 002e BB71     		strb	r3, [r7, #6]
  51:main.c        ****         if(count % LCD_NUM_COLUMNS == 0u) /* If the count value reaches the count 16 start from fir
  78              		.loc 1 51 0
  79 0030 BB79     		ldrb	r3, [r7, #6]
  80 0032 03F00F03 		and	r3, r3, #15
  81 0036 DBB2     		uxtb	r3, r3
  82 0038 002B     		cmp	r3, #0
  83 003a 04D1     		bne	.L3
  52:main.c        ****         {
  53:main.c        ****             pos = 0u;  /* resets the count value */
  84              		.loc 1 53 0
  85 003c 0023     		movs	r3, #0
  86 003e 7B71     		strb	r3, [r7, #5]
  54:main.c        ****             LCD_Char_1_WriteControl(LCD_Char_1_CLEAR_DISPLAY); /* Display will be cleared when reac
  87              		.loc 1 54 0
  88 0040 0120     		movs	r0, #1
  89 0042 FFF7FEFF 		bl	LCD_Char_1_WriteControl
  90              	.L3:
  55:main.c        ****         }    
  56:main.c        **** 
  57:main.c        ****         LCD_Char_1_Position(0u, pos++);   /* LCD position to the count++ */
  91              		.loc 1 57 0 discriminator 2
  92 0046 7B79     		ldrb	r3, [r7, #5]	@ zero_extendqisi2
  93 0048 5A1C     		adds	r2, r3, #1
  94 004a 7A71     		strb	r2, [r7, #5]
  95 004c 1946     		mov	r1, r3
  96 004e 0020     		movs	r0, #0
  97 0050 FFF7FEFF 		bl	LCD_Char_1_Position
  58:main.c        ****         LCD_Char_1_PutChar(ch);         /* print the value in the LCD */
  98              		.loc 1 58 0 discriminator 2
  99 0054 FB79     		ldrb	r3, [r7, #7]	@ zero_extendqisi2
 100 0056 1846     		mov	r0, r3
 101 0058 FFF7FEFF 		bl	LCD_Char_1_PutChar
  59:main.c        ****                 
  60:main.c        ****         LCD_Char_1_Position(1u, 0u);
 102              		.loc 1 60 0 discriminator 2
 103 005c 0021     		movs	r1, #0
 104 005e 0120     		movs	r0, #1
 105 0060 FFF7FEFF 		bl	LCD_Char_1_Position
  61:main.c        ****         LCD_Char_1_PrintInt8(count);    /* prints the count in the LCD */
 106              		.loc 1 61 0 discriminator 2
 107 0064 BB79     		ldrb	r3, [r7, #6]	@ zero_extendqisi2
 108 0066 1846     		mov	r0, r3
 109 0068 FFF7FEFF 		bl	LCD_Char_1_PrintInt8
  62:main.c        ****         CyDelay(200u);
ARM GAS  C:\Users\diego\AppData\Local\Temp\ccI6rq3h.s 			page 4


 110              		.loc 1 62 0 discriminator 2
 111 006c C820     		movs	r0, #200
 112 006e FFF7FEFF 		bl	CyDelay
  46:main.c        ****     {
 113              		.loc 1 46 0 discriminator 2
 114 0072 FB79     		ldrb	r3, [r7, #7]	@ zero_extendqisi2
 115 0074 0133     		adds	r3, r3, #1
 116 0076 FB71     		strb	r3, [r7, #7]
 117              	.L2:
  46:main.c        ****     {
 118              		.loc 1 46 0 is_stmt 0 discriminator 1
 119 0078 FB79     		ldrb	r3, [r7, #7]	@ zero_extendqisi2
 120 007a 7E2B     		cmp	r3, #126
 121 007c D1D9     		bls	.L4
 122              	.L5:
  63:main.c        ****     }
  64:main.c        **** 
  65:main.c        ****     for(;;) {}
 123              		.loc 1 65 0 is_stmt 1 discriminator 1
 124 007e FEE7     		b	.L5
 125              		.cfi_endproc
 126              	.LFE63:
 127              		.size	main, .-main
 128              		.text
 129              	.Letext0:
 130              		.file 2 "c:\\program files (x86)\\cypress\\psoc creator\\4.2\\psoc creator\\import\\gnu\\arm\\5.4.
 131              		.file 3 "c:\\program files (x86)\\cypress\\psoc creator\\4.2\\psoc creator\\import\\gnu\\arm\\5.4.
 132              		.file 4 "Generated_Source\\PSoC5/cytypes.h"
 133              		.file 5 "Generated_Source\\PSoC5/core_cm3.h"
 134              		.section	.debug_info,"",%progbits
 135              	.Ldebug_info0:
 136 0000 12010000 		.4byte	0x112
 137 0004 0400     		.2byte	0x4
 138 0006 00000000 		.4byte	.Ldebug_abbrev0
 139 000a 04       		.byte	0x4
 140 000b 01       		.uleb128 0x1
 141 000c 69000000 		.4byte	.LASF20
 142 0010 0C       		.byte	0xc
 143 0011 2E000000 		.4byte	.LASF21
 144 0015 19010000 		.4byte	.LASF22
 145 0019 00000000 		.4byte	.Ldebug_ranges0+0
 146 001d 00000000 		.4byte	0
 147 0021 00000000 		.4byte	.Ldebug_line0
 148 0025 02       		.uleb128 0x2
 149 0026 01       		.byte	0x1
 150 0027 06       		.byte	0x6
 151 0028 7A010000 		.4byte	.LASF0
 152 002c 02       		.uleb128 0x2
 153 002d 01       		.byte	0x1
 154 002e 08       		.byte	0x8
 155 002f F7000000 		.4byte	.LASF1
 156 0033 02       		.uleb128 0x2
 157 0034 02       		.byte	0x2
 158 0035 05       		.byte	0x5
 159 0036 B7010000 		.4byte	.LASF2
 160 003a 02       		.uleb128 0x2
 161 003b 02       		.byte	0x2
ARM GAS  C:\Users\diego\AppData\Local\Temp\ccI6rq3h.s 			page 5


 162 003c 07       		.byte	0x7
 163 003d 0E000000 		.4byte	.LASF3
 164 0041 03       		.uleb128 0x3
 165 0042 A7010000 		.4byte	.LASF9
 166 0046 02       		.byte	0x2
 167 0047 3F       		.byte	0x3f
 168 0048 4C000000 		.4byte	0x4c
 169 004c 02       		.uleb128 0x2
 170 004d 04       		.byte	0x4
 171 004e 05       		.byte	0x5
 172 004f 10010000 		.4byte	.LASF4
 173 0053 02       		.uleb128 0x2
 174 0054 04       		.byte	0x4
 175 0055 07       		.byte	0x7
 176 0056 40000000 		.4byte	.LASF5
 177 005a 02       		.uleb128 0x2
 178 005b 08       		.byte	0x8
 179 005c 05       		.byte	0x5
 180 005d 00000000 		.4byte	.LASF6
 181 0061 02       		.uleb128 0x2
 182 0062 08       		.byte	0x8
 183 0063 07       		.byte	0x7
 184 0064 52000000 		.4byte	.LASF7
 185 0068 04       		.uleb128 0x4
 186 0069 04       		.byte	0x4
 187 006a 05       		.byte	0x5
 188 006b 696E7400 		.ascii	"int\000"
 189 006f 02       		.uleb128 0x2
 190 0070 04       		.byte	0x4
 191 0071 07       		.byte	0x7
 192 0072 21000000 		.4byte	.LASF8
 193 0076 03       		.uleb128 0x3
 194 0077 C1010000 		.4byte	.LASF10
 195 007b 03       		.byte	0x3
 196 007c 2C       		.byte	0x2c
 197 007d 41000000 		.4byte	0x41
 198 0081 05       		.uleb128 0x5
 199 0082 3A000000 		.4byte	.LASF11
 200 0086 04       		.byte	0x4
 201 0087 E401     		.2byte	0x1e4
 202 0089 2C000000 		.4byte	0x2c
 203 008d 02       		.uleb128 0x2
 204 008e 04       		.byte	0x4
 205 008f 04       		.byte	0x4
 206 0090 B1010000 		.4byte	.LASF12
 207 0094 02       		.uleb128 0x2
 208 0095 08       		.byte	0x8
 209 0096 04       		.byte	0x4
 210 0097 73010000 		.4byte	.LASF13
 211 009b 02       		.uleb128 0x2
 212 009c 01       		.byte	0x1
 213 009d 08       		.byte	0x8
 214 009e 05010000 		.4byte	.LASF14
 215 00a2 02       		.uleb128 0x2
 216 00a3 08       		.byte	0x8
 217 00a4 04       		.byte	0x4
 218 00a5 9B010000 		.4byte	.LASF15
ARM GAS  C:\Users\diego\AppData\Local\Temp\ccI6rq3h.s 			page 6


 219 00a9 02       		.uleb128 0x2
 220 00aa 04       		.byte	0x4
 221 00ab 07       		.byte	0x7
 222 00ac C9010000 		.4byte	.LASF16
 223 00b0 06       		.uleb128 0x6
 224 00b1 35000000 		.4byte	.LASF23
 225 00b5 01       		.byte	0x1
 226 00b6 21       		.byte	0x21
 227 00b7 68000000 		.4byte	0x68
 228 00bb 00000000 		.4byte	.LFB63
 229 00bf 80000000 		.4byte	.LFE63-.LFB63
 230 00c3 01       		.uleb128 0x1
 231 00c4 9C       		.byte	0x9c
 232 00c5 F3000000 		.4byte	0xf3
 233 00c9 07       		.uleb128 0x7
 234 00ca 636800   		.ascii	"ch\000"
 235 00cd 01       		.byte	0x1
 236 00ce 23       		.byte	0x23
 237 00cf 81000000 		.4byte	0x81
 238 00d3 02       		.uleb128 0x2
 239 00d4 91       		.byte	0x91
 240 00d5 77       		.sleb128 -9
 241 00d6 08       		.uleb128 0x8
 242 00d7 0A010000 		.4byte	.LASF17
 243 00db 01       		.byte	0x1
 244 00dc 24       		.byte	0x24
 245 00dd 81000000 		.4byte	0x81
 246 00e1 02       		.uleb128 0x2
 247 00e2 91       		.byte	0x91
 248 00e3 76       		.sleb128 -10
 249 00e4 07       		.uleb128 0x7
 250 00e5 706F7300 		.ascii	"pos\000"
 251 00e9 01       		.byte	0x1
 252 00ea 25       		.byte	0x25
 253 00eb 81000000 		.4byte	0x81
 254 00ef 02       		.uleb128 0x2
 255 00f0 91       		.byte	0x91
 256 00f1 75       		.sleb128 -11
 257 00f2 00       		.byte	0
 258 00f3 09       		.uleb128 0x9
 259 00f4 86010000 		.4byte	.LASF18
 260 00f8 05       		.byte	0x5
 261 00f9 1207     		.2byte	0x712
 262 00fb FF000000 		.4byte	0xff
 263 00ff 0A       		.uleb128 0xa
 264 0100 76000000 		.4byte	0x76
 265 0104 0B       		.uleb128 0xb
 266 0105 93010000 		.4byte	.LASF19
 267 0109 01       		.byte	0x1
 268 010a 1E       		.byte	0x1e
 269 010b 81000000 		.4byte	0x81
 270 010f 05       		.uleb128 0x5
 271 0110 03       		.byte	0x3
 272 0111 00000000 		.4byte	trigger
 273 0115 00       		.byte	0
 274              		.section	.debug_abbrev,"",%progbits
 275              	.Ldebug_abbrev0:
ARM GAS  C:\Users\diego\AppData\Local\Temp\ccI6rq3h.s 			page 7


 276 0000 01       		.uleb128 0x1
 277 0001 11       		.uleb128 0x11
 278 0002 01       		.byte	0x1
 279 0003 25       		.uleb128 0x25
 280 0004 0E       		.uleb128 0xe
 281 0005 13       		.uleb128 0x13
 282 0006 0B       		.uleb128 0xb
 283 0007 03       		.uleb128 0x3
 284 0008 0E       		.uleb128 0xe
 285 0009 1B       		.uleb128 0x1b
 286 000a 0E       		.uleb128 0xe
 287 000b 55       		.uleb128 0x55
 288 000c 17       		.uleb128 0x17
 289 000d 11       		.uleb128 0x11
 290 000e 01       		.uleb128 0x1
 291 000f 10       		.uleb128 0x10
 292 0010 17       		.uleb128 0x17
 293 0011 00       		.byte	0
 294 0012 00       		.byte	0
 295 0013 02       		.uleb128 0x2
 296 0014 24       		.uleb128 0x24
 297 0015 00       		.byte	0
 298 0016 0B       		.uleb128 0xb
 299 0017 0B       		.uleb128 0xb
 300 0018 3E       		.uleb128 0x3e
 301 0019 0B       		.uleb128 0xb
 302 001a 03       		.uleb128 0x3
 303 001b 0E       		.uleb128 0xe
 304 001c 00       		.byte	0
 305 001d 00       		.byte	0
 306 001e 03       		.uleb128 0x3
 307 001f 16       		.uleb128 0x16
 308 0020 00       		.byte	0
 309 0021 03       		.uleb128 0x3
 310 0022 0E       		.uleb128 0xe
 311 0023 3A       		.uleb128 0x3a
 312 0024 0B       		.uleb128 0xb
 313 0025 3B       		.uleb128 0x3b
 314 0026 0B       		.uleb128 0xb
 315 0027 49       		.uleb128 0x49
 316 0028 13       		.uleb128 0x13
 317 0029 00       		.byte	0
 318 002a 00       		.byte	0
 319 002b 04       		.uleb128 0x4
 320 002c 24       		.uleb128 0x24
 321 002d 00       		.byte	0
 322 002e 0B       		.uleb128 0xb
 323 002f 0B       		.uleb128 0xb
 324 0030 3E       		.uleb128 0x3e
 325 0031 0B       		.uleb128 0xb
 326 0032 03       		.uleb128 0x3
 327 0033 08       		.uleb128 0x8
 328 0034 00       		.byte	0
 329 0035 00       		.byte	0
 330 0036 05       		.uleb128 0x5
 331 0037 16       		.uleb128 0x16
 332 0038 00       		.byte	0
ARM GAS  C:\Users\diego\AppData\Local\Temp\ccI6rq3h.s 			page 8


 333 0039 03       		.uleb128 0x3
 334 003a 0E       		.uleb128 0xe
 335 003b 3A       		.uleb128 0x3a
 336 003c 0B       		.uleb128 0xb
 337 003d 3B       		.uleb128 0x3b
 338 003e 05       		.uleb128 0x5
 339 003f 49       		.uleb128 0x49
 340 0040 13       		.uleb128 0x13
 341 0041 00       		.byte	0
 342 0042 00       		.byte	0
 343 0043 06       		.uleb128 0x6
 344 0044 2E       		.uleb128 0x2e
 345 0045 01       		.byte	0x1
 346 0046 3F       		.uleb128 0x3f
 347 0047 19       		.uleb128 0x19
 348 0048 03       		.uleb128 0x3
 349 0049 0E       		.uleb128 0xe
 350 004a 3A       		.uleb128 0x3a
 351 004b 0B       		.uleb128 0xb
 352 004c 3B       		.uleb128 0x3b
 353 004d 0B       		.uleb128 0xb
 354 004e 49       		.uleb128 0x49
 355 004f 13       		.uleb128 0x13
 356 0050 11       		.uleb128 0x11
 357 0051 01       		.uleb128 0x1
 358 0052 12       		.uleb128 0x12
 359 0053 06       		.uleb128 0x6
 360 0054 40       		.uleb128 0x40
 361 0055 18       		.uleb128 0x18
 362 0056 9642     		.uleb128 0x2116
 363 0058 19       		.uleb128 0x19
 364 0059 01       		.uleb128 0x1
 365 005a 13       		.uleb128 0x13
 366 005b 00       		.byte	0
 367 005c 00       		.byte	0
 368 005d 07       		.uleb128 0x7
 369 005e 34       		.uleb128 0x34
 370 005f 00       		.byte	0
 371 0060 03       		.uleb128 0x3
 372 0061 08       		.uleb128 0x8
 373 0062 3A       		.uleb128 0x3a
 374 0063 0B       		.uleb128 0xb
 375 0064 3B       		.uleb128 0x3b
 376 0065 0B       		.uleb128 0xb
 377 0066 49       		.uleb128 0x49
 378 0067 13       		.uleb128 0x13
 379 0068 02       		.uleb128 0x2
 380 0069 18       		.uleb128 0x18
 381 006a 00       		.byte	0
 382 006b 00       		.byte	0
 383 006c 08       		.uleb128 0x8
 384 006d 34       		.uleb128 0x34
 385 006e 00       		.byte	0
 386 006f 03       		.uleb128 0x3
 387 0070 0E       		.uleb128 0xe
 388 0071 3A       		.uleb128 0x3a
 389 0072 0B       		.uleb128 0xb
ARM GAS  C:\Users\diego\AppData\Local\Temp\ccI6rq3h.s 			page 9


 390 0073 3B       		.uleb128 0x3b
 391 0074 0B       		.uleb128 0xb
 392 0075 49       		.uleb128 0x49
 393 0076 13       		.uleb128 0x13
 394 0077 02       		.uleb128 0x2
 395 0078 18       		.uleb128 0x18
 396 0079 00       		.byte	0
 397 007a 00       		.byte	0
 398 007b 09       		.uleb128 0x9
 399 007c 34       		.uleb128 0x34
 400 007d 00       		.byte	0
 401 007e 03       		.uleb128 0x3
 402 007f 0E       		.uleb128 0xe
 403 0080 3A       		.uleb128 0x3a
 404 0081 0B       		.uleb128 0xb
 405 0082 3B       		.uleb128 0x3b
 406 0083 05       		.uleb128 0x5
 407 0084 49       		.uleb128 0x49
 408 0085 13       		.uleb128 0x13
 409 0086 3F       		.uleb128 0x3f
 410 0087 19       		.uleb128 0x19
 411 0088 3C       		.uleb128 0x3c
 412 0089 19       		.uleb128 0x19
 413 008a 00       		.byte	0
 414 008b 00       		.byte	0
 415 008c 0A       		.uleb128 0xa
 416 008d 35       		.uleb128 0x35
 417 008e 00       		.byte	0
 418 008f 49       		.uleb128 0x49
 419 0090 13       		.uleb128 0x13
 420 0091 00       		.byte	0
 421 0092 00       		.byte	0
 422 0093 0B       		.uleb128 0xb
 423 0094 34       		.uleb128 0x34
 424 0095 00       		.byte	0
 425 0096 03       		.uleb128 0x3
 426 0097 0E       		.uleb128 0xe
 427 0098 3A       		.uleb128 0x3a
 428 0099 0B       		.uleb128 0xb
 429 009a 3B       		.uleb128 0x3b
 430 009b 0B       		.uleb128 0xb
 431 009c 49       		.uleb128 0x49
 432 009d 13       		.uleb128 0x13
 433 009e 3F       		.uleb128 0x3f
 434 009f 19       		.uleb128 0x19
 435 00a0 02       		.uleb128 0x2
 436 00a1 18       		.uleb128 0x18
 437 00a2 00       		.byte	0
 438 00a3 00       		.byte	0
 439 00a4 00       		.byte	0
 440              		.section	.debug_aranges,"",%progbits
 441 0000 1C000000 		.4byte	0x1c
 442 0004 0200     		.2byte	0x2
 443 0006 00000000 		.4byte	.Ldebug_info0
 444 000a 04       		.byte	0x4
 445 000b 00       		.byte	0
 446 000c 0000     		.2byte	0
ARM GAS  C:\Users\diego\AppData\Local\Temp\ccI6rq3h.s 			page 10


 447 000e 0000     		.2byte	0
 448 0010 00000000 		.4byte	.LFB63
 449 0014 80000000 		.4byte	.LFE63-.LFB63
 450 0018 00000000 		.4byte	0
 451 001c 00000000 		.4byte	0
 452              		.section	.debug_ranges,"",%progbits
 453              	.Ldebug_ranges0:
 454 0000 00000000 		.4byte	.LFB63
 455 0004 80000000 		.4byte	.LFE63
 456 0008 00000000 		.4byte	0
 457 000c 00000000 		.4byte	0
 458              		.section	.debug_line,"",%progbits
 459              	.Ldebug_line0:
 460 0000 9B010000 		.section	.debug_str,"MS",%progbits,1
 460      02004C01 
 460      00000201 
 460      FB0E0D00 
 460      01010101 
 461              	.LASF6:
 462 0000 6C6F6E67 		.ascii	"long long int\000"
 462      206C6F6E 
 462      6720696E 
 462      7400
 463              	.LASF3:
 464 000e 73686F72 		.ascii	"short unsigned int\000"
 464      7420756E 
 464      7369676E 
 464      65642069 
 464      6E7400
 465              	.LASF8:
 466 0021 756E7369 		.ascii	"unsigned int\000"
 466      676E6564 
 466      20696E74 
 466      00
 467              	.LASF21:
 468 002e 6D61696E 		.ascii	"main.c\000"
 468      2E6300
 469              	.LASF23:
 470 0035 6D61696E 		.ascii	"main\000"
 470      00
 471              	.LASF11:
 472 003a 75696E74 		.ascii	"uint8\000"
 472      3800
 473              	.LASF5:
 474 0040 6C6F6E67 		.ascii	"long unsigned int\000"
 474      20756E73 
 474      69676E65 
 474      6420696E 
 474      7400
 475              	.LASF7:
 476 0052 6C6F6E67 		.ascii	"long long unsigned int\000"
 476      206C6F6E 
 476      6720756E 
 476      7369676E 
 476      65642069 
 477              	.LASF20:
 478 0069 474E5520 		.ascii	"GNU C11 5.4.1 20160609 (release) [ARM/embedded-5-br"
ARM GAS  C:\Users\diego\AppData\Local\Temp\ccI6rq3h.s 			page 11


 478      43313120 
 478      352E342E 
 478      31203230 
 478      31363036 
 479 009c 616E6368 		.ascii	"anch revision 237715] -mcpu=cortex-m3 -mthumb -g -O"
 479      20726576 
 479      6973696F 
 479      6E203233 
 479      37373135 
 480 00cf 30202D66 		.ascii	"0 -ffunction-sections -ffat-lto-objects\000"
 480      66756E63 
 480      74696F6E 
 480      2D736563 
 480      74696F6E 
 481              	.LASF1:
 482 00f7 756E7369 		.ascii	"unsigned char\000"
 482      676E6564 
 482      20636861 
 482      7200
 483              	.LASF14:
 484 0105 63686172 		.ascii	"char\000"
 484      00
 485              	.LASF17:
 486 010a 636F756E 		.ascii	"count\000"
 486      7400
 487              	.LASF4:
 488 0110 6C6F6E67 		.ascii	"long int\000"
 488      20696E74 
 488      00
 489              	.LASF22:
 490 0119 433A5C55 		.ascii	"C:\\Users\\diego\\OneDrive\\Documents\\PSoC Creator"
 490      73657273 
 490      5C646965 
 490      676F5C4F 
 490      6E654472 
 491 0147 5C576F72 		.ascii	"\\Workspace01\\Empiric_Model\\UART_Tx010.cydsn\000"
 491      6B737061 
 491      63653031 
 491      5C456D70 
 491      69726963 
 492              	.LASF13:
 493 0173 646F7562 		.ascii	"double\000"
 493      6C6500
 494              	.LASF0:
 495 017a 7369676E 		.ascii	"signed char\000"
 495      65642063 
 495      68617200 
 496              	.LASF18:
 497 0186 49544D5F 		.ascii	"ITM_RxBuffer\000"
 497      52784275 
 497      66666572 
 497      00
 498              	.LASF19:
 499 0193 74726967 		.ascii	"trigger\000"
 499      67657200 
 500              	.LASF15:
 501 019b 6C6F6E67 		.ascii	"long double\000"
ARM GAS  C:\Users\diego\AppData\Local\Temp\ccI6rq3h.s 			page 12


 501      20646F75 
 501      626C6500 
 502              	.LASF9:
 503 01a7 5F5F696E 		.ascii	"__int32_t\000"
 503      7433325F 
 503      7400
 504              	.LASF12:
 505 01b1 666C6F61 		.ascii	"float\000"
 505      7400
 506              	.LASF2:
 507 01b7 73686F72 		.ascii	"short int\000"
 507      7420696E 
 507      7400
 508              	.LASF10:
 509 01c1 696E7433 		.ascii	"int32_t\000"
 509      325F7400 
 510              	.LASF16:
 511 01c9 73697A65 		.ascii	"sizetype\000"
 511      74797065 
 511      00
 512              		.ident	"GCC: (GNU Tools for ARM Embedded Processors) 5.4.1 20160609 (release) [ARM/embedded-5-bran
