ARM GAS  C:\Users\diego\AppData\Local\Temp\cclnlYih.s 			page 1


   1              		.syntax unified
   2              		.cpu cortex-m0
   3              		.fpu softvfp
   4              		.eabi_attribute 20, 1
   5              		.eabi_attribute 21, 1
   6              		.eabi_attribute 23, 3
   7              		.eabi_attribute 24, 1
   8              		.eabi_attribute 25, 1
   9              		.eabi_attribute 26, 1
  10              		.eabi_attribute 30, 6
  11              		.eabi_attribute 34, 0
  12              		.eabi_attribute 18, 4
  13              		.thumb
  14              		.syntax unified
  15              		.file	"cyfitter_cfg.c"
  16              		.text
  17              	.Ltext0:
  18              		.cfi_sections	.debug_frame
  19              		.section	.text.CYMEMZERO,"ax",%progbits
  20              		.align	2
  21              		.code	16
  22              		.thumb_func
  23              		.type	CYMEMZERO, %function
  24              	CYMEMZERO:
  25              	.LFB0:
  26              		.file 1 "Generated_Source\\PSoC4\\cyfitter_cfg.c"
   1:Generated_Source\PSoC4/cyfitter_cfg.c **** 
   2:Generated_Source\PSoC4/cyfitter_cfg.c **** /*******************************************************************************
   3:Generated_Source\PSoC4/cyfitter_cfg.c **** * File Name: cyfitter_cfg.c
   4:Generated_Source\PSoC4/cyfitter_cfg.c **** * 
   5:Generated_Source\PSoC4/cyfitter_cfg.c **** * PSoC Creator  4.2
   6:Generated_Source\PSoC4/cyfitter_cfg.c **** *
   7:Generated_Source\PSoC4/cyfitter_cfg.c **** * Description:
   8:Generated_Source\PSoC4/cyfitter_cfg.c **** * This file contains device initialization code.
   9:Generated_Source\PSoC4/cyfitter_cfg.c **** * Except for the user defined sections in CyClockStartupError(), this file should not be modified.
  10:Generated_Source\PSoC4/cyfitter_cfg.c **** * This file is automatically generated by PSoC Creator.
  11:Generated_Source\PSoC4/cyfitter_cfg.c **** *
  12:Generated_Source\PSoC4/cyfitter_cfg.c **** ********************************************************************************
  13:Generated_Source\PSoC4/cyfitter_cfg.c **** * Copyright (c) 2007-2018 Cypress Semiconductor.  All rights reserved.
  14:Generated_Source\PSoC4/cyfitter_cfg.c **** * You may use this file only in accordance with the license, terms, conditions, 
  15:Generated_Source\PSoC4/cyfitter_cfg.c **** * disclaimers, and limitations in the end user license agreement accompanying 
  16:Generated_Source\PSoC4/cyfitter_cfg.c **** * the software package with which this file was provided.
  17:Generated_Source\PSoC4/cyfitter_cfg.c **** ********************************************************************************/
  18:Generated_Source\PSoC4/cyfitter_cfg.c **** 
  19:Generated_Source\PSoC4/cyfitter_cfg.c **** #include <string.h>
  20:Generated_Source\PSoC4/cyfitter_cfg.c **** #include "cytypes.h"
  21:Generated_Source\PSoC4/cyfitter_cfg.c **** #include "cydevice_trm.h"
  22:Generated_Source\PSoC4/cyfitter_cfg.c **** #include "cyfitter.h"
  23:Generated_Source\PSoC4/cyfitter_cfg.c **** #include "CyLib.h"
  24:Generated_Source\PSoC4/cyfitter_cfg.c **** #include "cyfitter_cfg.h"
  25:Generated_Source\PSoC4/cyfitter_cfg.c **** #include "cyapicallbacks.h"
  26:Generated_Source\PSoC4/cyfitter_cfg.c **** 
  27:Generated_Source\PSoC4/cyfitter_cfg.c **** 
  28:Generated_Source\PSoC4/cyfitter_cfg.c **** #if defined(__GNUC__) || defined(__ARMCC_VERSION)
  29:Generated_Source\PSoC4/cyfitter_cfg.c ****     #define CYPACKED 
  30:Generated_Source\PSoC4/cyfitter_cfg.c ****     #define CYPACKED_ATTR __attribute__ ((packed))
  31:Generated_Source\PSoC4/cyfitter_cfg.c ****     #define CYALIGNED __attribute__ ((aligned))
ARM GAS  C:\Users\diego\AppData\Local\Temp\cclnlYih.s 			page 2


  32:Generated_Source\PSoC4/cyfitter_cfg.c ****     #define CY_CFG_UNUSED __attribute__ ((unused))
  33:Generated_Source\PSoC4/cyfitter_cfg.c ****     #ifndef CY_CFG_SECTION
  34:Generated_Source\PSoC4/cyfitter_cfg.c ****         #define CY_CFG_SECTION __attribute__ ((section(".psocinit")))
  35:Generated_Source\PSoC4/cyfitter_cfg.c ****     #endif
  36:Generated_Source\PSoC4/cyfitter_cfg.c ****     
  37:Generated_Source\PSoC4/cyfitter_cfg.c ****     #if defined(__ARMCC_VERSION)
  38:Generated_Source\PSoC4/cyfitter_cfg.c ****         #define CY_CFG_MEMORY_BARRIER() __memory_changed()
  39:Generated_Source\PSoC4/cyfitter_cfg.c ****     #else
  40:Generated_Source\PSoC4/cyfitter_cfg.c ****         #define CY_CFG_MEMORY_BARRIER() __sync_synchronize()
  41:Generated_Source\PSoC4/cyfitter_cfg.c ****     #endif
  42:Generated_Source\PSoC4/cyfitter_cfg.c ****     
  43:Generated_Source\PSoC4/cyfitter_cfg.c **** #elif defined(__ICCARM__)
  44:Generated_Source\PSoC4/cyfitter_cfg.c ****     #include <intrinsics.h>
  45:Generated_Source\PSoC4/cyfitter_cfg.c **** 
  46:Generated_Source\PSoC4/cyfitter_cfg.c ****     #define CYPACKED __packed
  47:Generated_Source\PSoC4/cyfitter_cfg.c ****     #define CYPACKED_ATTR 
  48:Generated_Source\PSoC4/cyfitter_cfg.c ****     #define CYALIGNED _Pragma("data_alignment=4")
  49:Generated_Source\PSoC4/cyfitter_cfg.c ****     #define CY_CFG_UNUSED _Pragma("diag_suppress=Pe177")
  50:Generated_Source\PSoC4/cyfitter_cfg.c ****     #define CY_CFG_SECTION _Pragma("location=\".psocinit\"")
  51:Generated_Source\PSoC4/cyfitter_cfg.c ****     
  52:Generated_Source\PSoC4/cyfitter_cfg.c ****     #define CY_CFG_MEMORY_BARRIER() __DMB()
  53:Generated_Source\PSoC4/cyfitter_cfg.c ****     
  54:Generated_Source\PSoC4/cyfitter_cfg.c **** #else
  55:Generated_Source\PSoC4/cyfitter_cfg.c ****     #error Unsupported toolchain
  56:Generated_Source\PSoC4/cyfitter_cfg.c **** #endif
  57:Generated_Source\PSoC4/cyfitter_cfg.c **** 
  58:Generated_Source\PSoC4/cyfitter_cfg.c **** #ifndef CYCODE
  59:Generated_Source\PSoC4/cyfitter_cfg.c ****     #define CYCODE
  60:Generated_Source\PSoC4/cyfitter_cfg.c **** #endif
  61:Generated_Source\PSoC4/cyfitter_cfg.c **** #ifndef CYDATA
  62:Generated_Source\PSoC4/cyfitter_cfg.c ****     #define CYDATA
  63:Generated_Source\PSoC4/cyfitter_cfg.c **** #endif
  64:Generated_Source\PSoC4/cyfitter_cfg.c **** #ifndef CYFAR
  65:Generated_Source\PSoC4/cyfitter_cfg.c ****     #define CYFAR
  66:Generated_Source\PSoC4/cyfitter_cfg.c **** #endif
  67:Generated_Source\PSoC4/cyfitter_cfg.c **** #ifndef CYXDATA
  68:Generated_Source\PSoC4/cyfitter_cfg.c ****     #define CYXDATA
  69:Generated_Source\PSoC4/cyfitter_cfg.c **** #endif
  70:Generated_Source\PSoC4/cyfitter_cfg.c **** 
  71:Generated_Source\PSoC4/cyfitter_cfg.c **** 
  72:Generated_Source\PSoC4/cyfitter_cfg.c **** CY_CFG_UNUSED
  73:Generated_Source\PSoC4/cyfitter_cfg.c **** static void CYMEMZERO(void *s, size_t n);
  74:Generated_Source\PSoC4/cyfitter_cfg.c **** CY_CFG_UNUSED
  75:Generated_Source\PSoC4/cyfitter_cfg.c **** static void CYMEMZERO(void *s, size_t n)
  76:Generated_Source\PSoC4/cyfitter_cfg.c **** {
  27              		.loc 1 76 0
  28              		.cfi_startproc
  29              		@ args = 0, pretend = 0, frame = 8
  30              		@ frame_needed = 1, uses_anonymous_args = 0
  31 0000 80B5     		push	{r7, lr}
  32              		.cfi_def_cfa_offset 8
  33              		.cfi_offset 7, -8
  34              		.cfi_offset 14, -4
  35 0002 82B0     		sub	sp, sp, #8
  36              		.cfi_def_cfa_offset 16
  37 0004 00AF     		add	r7, sp, #0
  38              		.cfi_def_cfa_register 7
ARM GAS  C:\Users\diego\AppData\Local\Temp\cclnlYih.s 			page 3


  39 0006 7860     		str	r0, [r7, #4]
  40 0008 3960     		str	r1, [r7]
  77:Generated_Source\PSoC4/cyfitter_cfg.c **** 	(void)memset(s, 0, n);
  41              		.loc 1 77 0
  42 000a 3A68     		ldr	r2, [r7]
  43 000c 7B68     		ldr	r3, [r7, #4]
  44 000e 0021     		movs	r1, #0
  45 0010 1800     		movs	r0, r3
  46 0012 FFF7FEFF 		bl	memset
  78:Generated_Source\PSoC4/cyfitter_cfg.c **** }
  47              		.loc 1 78 0
  48 0016 C046     		nop
  49 0018 BD46     		mov	sp, r7
  50 001a 02B0     		add	sp, sp, #8
  51              		@ sp needed
  52 001c 80BD     		pop	{r7, pc}
  53              		.cfi_endproc
  54              	.LFE0:
  55              		.size	CYMEMZERO, .-CYMEMZERO
  56 001e C046     		.section	.text.CYCONFIGCPY,"ax",%progbits
  57              		.align	2
  58              		.code	16
  59              		.thumb_func
  60              		.type	CYCONFIGCPY, %function
  61              	CYCONFIGCPY:
  62              	.LFB1:
  79:Generated_Source\PSoC4/cyfitter_cfg.c **** CY_CFG_UNUSED
  80:Generated_Source\PSoC4/cyfitter_cfg.c **** static void CYCONFIGCPY(void *dest, const void *src, size_t n);
  81:Generated_Source\PSoC4/cyfitter_cfg.c **** CY_CFG_UNUSED
  82:Generated_Source\PSoC4/cyfitter_cfg.c **** static void CYCONFIGCPY(void *dest, const void *src, size_t n)
  83:Generated_Source\PSoC4/cyfitter_cfg.c **** {
  63              		.loc 1 83 0
  64              		.cfi_startproc
  65              		@ args = 0, pretend = 0, frame = 16
  66              		@ frame_needed = 1, uses_anonymous_args = 0
  67 0000 80B5     		push	{r7, lr}
  68              		.cfi_def_cfa_offset 8
  69              		.cfi_offset 7, -8
  70              		.cfi_offset 14, -4
  71 0002 84B0     		sub	sp, sp, #16
  72              		.cfi_def_cfa_offset 24
  73 0004 00AF     		add	r7, sp, #0
  74              		.cfi_def_cfa_register 7
  75 0006 F860     		str	r0, [r7, #12]
  76 0008 B960     		str	r1, [r7, #8]
  77 000a 7A60     		str	r2, [r7, #4]
  84:Generated_Source\PSoC4/cyfitter_cfg.c **** 	(void)memcpy(dest, src, n);
  78              		.loc 1 84 0
  79 000c 7A68     		ldr	r2, [r7, #4]
  80 000e B968     		ldr	r1, [r7, #8]
  81 0010 FB68     		ldr	r3, [r7, #12]
  82 0012 1800     		movs	r0, r3
  83 0014 FFF7FEFF 		bl	memcpy
  85:Generated_Source\PSoC4/cyfitter_cfg.c **** }
  84              		.loc 1 85 0
  85 0018 C046     		nop
  86 001a BD46     		mov	sp, r7
ARM GAS  C:\Users\diego\AppData\Local\Temp\cclnlYih.s 			page 4


  87 001c 04B0     		add	sp, sp, #16
  88              		@ sp needed
  89 001e 80BD     		pop	{r7, pc}
  90              		.cfi_endproc
  91              	.LFE1:
  92              		.size	CYCONFIGCPY, .-CYCONFIGCPY
  93              		.section	.text.CYCONFIGCPYCODE,"ax",%progbits
  94              		.align	2
  95              		.code	16
  96              		.thumb_func
  97              		.type	CYCONFIGCPYCODE, %function
  98              	CYCONFIGCPYCODE:
  99              	.LFB2:
  86:Generated_Source\PSoC4/cyfitter_cfg.c **** CY_CFG_UNUSED
  87:Generated_Source\PSoC4/cyfitter_cfg.c **** static void CYCONFIGCPYCODE(void *dest, const void *src, size_t n);
  88:Generated_Source\PSoC4/cyfitter_cfg.c **** CY_CFG_UNUSED
  89:Generated_Source\PSoC4/cyfitter_cfg.c **** static void CYCONFIGCPYCODE(void *dest, const void *src, size_t n)
  90:Generated_Source\PSoC4/cyfitter_cfg.c **** {
 100              		.loc 1 90 0
 101              		.cfi_startproc
 102              		@ args = 0, pretend = 0, frame = 16
 103              		@ frame_needed = 1, uses_anonymous_args = 0
 104 0000 80B5     		push	{r7, lr}
 105              		.cfi_def_cfa_offset 8
 106              		.cfi_offset 7, -8
 107              		.cfi_offset 14, -4
 108 0002 84B0     		sub	sp, sp, #16
 109              		.cfi_def_cfa_offset 24
 110 0004 00AF     		add	r7, sp, #0
 111              		.cfi_def_cfa_register 7
 112 0006 F860     		str	r0, [r7, #12]
 113 0008 B960     		str	r1, [r7, #8]
 114 000a 7A60     		str	r2, [r7, #4]
  91:Generated_Source\PSoC4/cyfitter_cfg.c **** 	(void)memcpy(dest, src, n);
 115              		.loc 1 91 0
 116 000c 7A68     		ldr	r2, [r7, #4]
 117 000e B968     		ldr	r1, [r7, #8]
 118 0010 FB68     		ldr	r3, [r7, #12]
 119 0012 1800     		movs	r0, r3
 120 0014 FFF7FEFF 		bl	memcpy
  92:Generated_Source\PSoC4/cyfitter_cfg.c **** }
 121              		.loc 1 92 0
 122 0018 C046     		nop
 123 001a BD46     		mov	sp, r7
 124 001c 04B0     		add	sp, sp, #16
 125              		@ sp needed
 126 001e 80BD     		pop	{r7, pc}
 127              		.cfi_endproc
 128              	.LFE2:
 129              		.size	CYCONFIGCPYCODE, .-CYCONFIGCPYCODE
 130              		.section	.text.cfg_write_bytes32,"ax",%progbits
 131              		.align	2
 132              		.code	16
 133              		.thumb_func
 134              		.type	cfg_write_bytes32, %function
 135              	cfg_write_bytes32:
 136              	.LFB3:
ARM GAS  C:\Users\diego\AppData\Local\Temp\cclnlYih.s 			page 5


  93:Generated_Source\PSoC4/cyfitter_cfg.c **** 
  94:Generated_Source\PSoC4/cyfitter_cfg.c **** 
  95:Generated_Source\PSoC4/cyfitter_cfg.c **** 
  96:Generated_Source\PSoC4/cyfitter_cfg.c **** 
  97:Generated_Source\PSoC4/cyfitter_cfg.c **** /* Clock startup error codes                                                   */
  98:Generated_Source\PSoC4/cyfitter_cfg.c **** #define CYCLOCKSTART_NO_ERROR    0u
  99:Generated_Source\PSoC4/cyfitter_cfg.c **** #define CYCLOCKSTART_XTAL_ERROR  1u
 100:Generated_Source\PSoC4/cyfitter_cfg.c **** #define CYCLOCKSTART_32KHZ_ERROR 2u
 101:Generated_Source\PSoC4/cyfitter_cfg.c **** #define CYCLOCKSTART_PLL_ERROR   3u
 102:Generated_Source\PSoC4/cyfitter_cfg.c **** #define CYCLOCKSTART_FLL_ERROR   4u
 103:Generated_Source\PSoC4/cyfitter_cfg.c **** #define CYCLOCKSTART_WCO_ERROR   5u
 104:Generated_Source\PSoC4/cyfitter_cfg.c **** 
 105:Generated_Source\PSoC4/cyfitter_cfg.c **** 
 106:Generated_Source\PSoC4/cyfitter_cfg.c **** #ifdef CY_NEED_CYCLOCKSTARTUPERROR
 107:Generated_Source\PSoC4/cyfitter_cfg.c **** /*******************************************************************************
 108:Generated_Source\PSoC4/cyfitter_cfg.c **** * Function Name: CyClockStartupError
 109:Generated_Source\PSoC4/cyfitter_cfg.c **** ********************************************************************************
 110:Generated_Source\PSoC4/cyfitter_cfg.c **** * Summary:
 111:Generated_Source\PSoC4/cyfitter_cfg.c **** *  If an error is encountered during clock configuration (crystal startup error,
 112:Generated_Source\PSoC4/cyfitter_cfg.c **** *  PLL lock error, etc.), the system will end up here.  Unless reimplemented by
 113:Generated_Source\PSoC4/cyfitter_cfg.c **** *  the customer, this function will stop in an infinite loop.
 114:Generated_Source\PSoC4/cyfitter_cfg.c **** *
 115:Generated_Source\PSoC4/cyfitter_cfg.c **** * Parameters:
 116:Generated_Source\PSoC4/cyfitter_cfg.c **** *   void
 117:Generated_Source\PSoC4/cyfitter_cfg.c **** *
 118:Generated_Source\PSoC4/cyfitter_cfg.c **** * Return:
 119:Generated_Source\PSoC4/cyfitter_cfg.c **** *   void
 120:Generated_Source\PSoC4/cyfitter_cfg.c **** *
 121:Generated_Source\PSoC4/cyfitter_cfg.c **** *******************************************************************************/
 122:Generated_Source\PSoC4/cyfitter_cfg.c **** CY_CFG_UNUSED
 123:Generated_Source\PSoC4/cyfitter_cfg.c **** static void CyClockStartupError(uint8 errorCode);
 124:Generated_Source\PSoC4/cyfitter_cfg.c **** CY_CFG_UNUSED
 125:Generated_Source\PSoC4/cyfitter_cfg.c **** static void CyClockStartupError(uint8 errorCode)
 126:Generated_Source\PSoC4/cyfitter_cfg.c **** {
 127:Generated_Source\PSoC4/cyfitter_cfg.c ****     /* To remove the compiler warning if errorCode not used.                */
 128:Generated_Source\PSoC4/cyfitter_cfg.c ****     errorCode = errorCode;
 129:Generated_Source\PSoC4/cyfitter_cfg.c **** 
 130:Generated_Source\PSoC4/cyfitter_cfg.c ****     /* If we have a clock startup error (bad MHz crystal, PLL lock, etc.),  */
 131:Generated_Source\PSoC4/cyfitter_cfg.c ****     /* we will end up here to allow the customer to implement something to  */
 132:Generated_Source\PSoC4/cyfitter_cfg.c ****     /* deal with the clock condition.                                       */
 133:Generated_Source\PSoC4/cyfitter_cfg.c **** 
 134:Generated_Source\PSoC4/cyfitter_cfg.c **** #ifdef CY_CFG_CLOCK_STARTUP_ERROR_CALLBACK
 135:Generated_Source\PSoC4/cyfitter_cfg.c ****     CY_CFG_Clock_Startup_ErrorCallback();
 136:Generated_Source\PSoC4/cyfitter_cfg.c **** #else
 137:Generated_Source\PSoC4/cyfitter_cfg.c ****     /*  If not using CY_CFG_CLOCK_STARTUP_ERROR_CALLBACK, place your clock startup code here. */
 138:Generated_Source\PSoC4/cyfitter_cfg.c ****     /* `#START CyClockStartupError` */
 139:Generated_Source\PSoC4/cyfitter_cfg.c **** 
 140:Generated_Source\PSoC4/cyfitter_cfg.c **** 
 141:Generated_Source\PSoC4/cyfitter_cfg.c **** 
 142:Generated_Source\PSoC4/cyfitter_cfg.c ****     /* `#END` */
 143:Generated_Source\PSoC4/cyfitter_cfg.c **** 
 144:Generated_Source\PSoC4/cyfitter_cfg.c ****     while(1) {}
 145:Generated_Source\PSoC4/cyfitter_cfg.c **** #endif /* CY_CFG_CLOCK_STARTUP_ERROR_CALLBACK */
 146:Generated_Source\PSoC4/cyfitter_cfg.c **** }
 147:Generated_Source\PSoC4/cyfitter_cfg.c **** #endif
 148:Generated_Source\PSoC4/cyfitter_cfg.c **** 
 149:Generated_Source\PSoC4/cyfitter_cfg.c **** #define CY_CFG_BASE_ADDR_COUNT 4u
ARM GAS  C:\Users\diego\AppData\Local\Temp\cclnlYih.s 			page 6


 150:Generated_Source\PSoC4/cyfitter_cfg.c **** CYPACKED typedef struct
 151:Generated_Source\PSoC4/cyfitter_cfg.c **** {
 152:Generated_Source\PSoC4/cyfitter_cfg.c **** 	uint8 offset;
 153:Generated_Source\PSoC4/cyfitter_cfg.c **** 	uint8 value;
 154:Generated_Source\PSoC4/cyfitter_cfg.c **** } CYPACKED_ATTR cy_cfg_addrvalue_t;
 155:Generated_Source\PSoC4/cyfitter_cfg.c **** 
 156:Generated_Source\PSoC4/cyfitter_cfg.c **** 
 157:Generated_Source\PSoC4/cyfitter_cfg.c **** 
 158:Generated_Source\PSoC4/cyfitter_cfg.c **** /*******************************************************************************
 159:Generated_Source\PSoC4/cyfitter_cfg.c **** * Function Name: cfg_write_bytes32
 160:Generated_Source\PSoC4/cyfitter_cfg.c **** ********************************************************************************
 161:Generated_Source\PSoC4/cyfitter_cfg.c **** * Summary:
 162:Generated_Source\PSoC4/cyfitter_cfg.c **** *  This function is used for setting up the chip configuration areas that
 163:Generated_Source\PSoC4/cyfitter_cfg.c **** *  contain relatively sparse data.
 164:Generated_Source\PSoC4/cyfitter_cfg.c **** *
 165:Generated_Source\PSoC4/cyfitter_cfg.c **** * Parameters:
 166:Generated_Source\PSoC4/cyfitter_cfg.c **** *   void
 167:Generated_Source\PSoC4/cyfitter_cfg.c **** *
 168:Generated_Source\PSoC4/cyfitter_cfg.c **** * Return:
 169:Generated_Source\PSoC4/cyfitter_cfg.c **** *   void
 170:Generated_Source\PSoC4/cyfitter_cfg.c **** *
 171:Generated_Source\PSoC4/cyfitter_cfg.c **** *******************************************************************************/
 172:Generated_Source\PSoC4/cyfitter_cfg.c **** static void cfg_write_bytes32(const uint32 addr_table[], const cy_cfg_addrvalue_t data_table[]);
 173:Generated_Source\PSoC4/cyfitter_cfg.c **** static void cfg_write_bytes32(const uint32 addr_table[], const cy_cfg_addrvalue_t data_table[])
 174:Generated_Source\PSoC4/cyfitter_cfg.c **** {
 137              		.loc 1 174 0
 138              		.cfi_startproc
 139              		@ args = 0, pretend = 0, frame = 24
 140              		@ frame_needed = 1, uses_anonymous_args = 0
 141 0000 80B5     		push	{r7, lr}
 142              		.cfi_def_cfa_offset 8
 143              		.cfi_offset 7, -8
 144              		.cfi_offset 14, -4
 145 0002 86B0     		sub	sp, sp, #24
 146              		.cfi_def_cfa_offset 32
 147 0004 00AF     		add	r7, sp, #0
 148              		.cfi_def_cfa_register 7
 149 0006 7860     		str	r0, [r7, #4]
 150 0008 3960     		str	r1, [r7]
 175:Generated_Source\PSoC4/cyfitter_cfg.c **** 	/* For 32-bit little-endian architectures */
 176:Generated_Source\PSoC4/cyfitter_cfg.c **** 	uint32 i, j = 0u;
 151              		.loc 1 176 0
 152 000a 0023     		movs	r3, #0
 153 000c 3B61     		str	r3, [r7, #16]
 177:Generated_Source\PSoC4/cyfitter_cfg.c **** 	for (i = 0u; i < CY_CFG_BASE_ADDR_COUNT; i++)
 154              		.loc 1 177 0
 155 000e 0023     		movs	r3, #0
 156 0010 7B61     		str	r3, [r7, #20]
 157 0012 2FE0     		b	.L5
 158              	.L8:
 159              	.LBB2:
 178:Generated_Source\PSoC4/cyfitter_cfg.c **** 	{
 179:Generated_Source\PSoC4/cyfitter_cfg.c **** 		uint32 baseAddr = addr_table[i];
 160              		.loc 1 179 0
 161 0014 7B69     		ldr	r3, [r7, #20]
 162 0016 9B00     		lsls	r3, r3, #2
 163 0018 7A68     		ldr	r2, [r7, #4]
ARM GAS  C:\Users\diego\AppData\Local\Temp\cclnlYih.s 			page 7


 164 001a D318     		adds	r3, r2, r3
 165 001c 1B68     		ldr	r3, [r3]
 166 001e BB60     		str	r3, [r7, #8]
 180:Generated_Source\PSoC4/cyfitter_cfg.c **** 		uint8 count = (uint8)baseAddr;
 167              		.loc 1 180 0
 168 0020 0F23     		movs	r3, #15
 169 0022 FB18     		adds	r3, r7, r3
 170 0024 BA68     		ldr	r2, [r7, #8]
 171 0026 1A70     		strb	r2, [r3]
 181:Generated_Source\PSoC4/cyfitter_cfg.c **** 		baseAddr &= 0xFFFFFF00u;
 172              		.loc 1 181 0
 173 0028 BB68     		ldr	r3, [r7, #8]
 174 002a FF22     		movs	r2, #255
 175 002c 9343     		bics	r3, r2
 176 002e BB60     		str	r3, [r7, #8]
 182:Generated_Source\PSoC4/cyfitter_cfg.c **** 		while (count != 0u)
 177              		.loc 1 182 0
 178 0030 18E0     		b	.L6
 179              	.L7:
 183:Generated_Source\PSoC4/cyfitter_cfg.c **** 		{
 184:Generated_Source\PSoC4/cyfitter_cfg.c **** 			CY_SET_REG8((void *)(baseAddr + data_table[j].offset), data_table[j].value);
 180              		.loc 1 184 0
 181 0032 3B69     		ldr	r3, [r7, #16]
 182 0034 5B00     		lsls	r3, r3, #1
 183 0036 3A68     		ldr	r2, [r7]
 184 0038 D318     		adds	r3, r2, r3
 185 003a 1B78     		ldrb	r3, [r3]
 186 003c 1A00     		movs	r2, r3
 187 003e BB68     		ldr	r3, [r7, #8]
 188 0040 D318     		adds	r3, r2, r3
 189 0042 1900     		movs	r1, r3
 190 0044 3B69     		ldr	r3, [r7, #16]
 191 0046 5B00     		lsls	r3, r3, #1
 192 0048 3A68     		ldr	r2, [r7]
 193 004a D318     		adds	r3, r2, r3
 194 004c 5B78     		ldrb	r3, [r3, #1]
 195 004e 0B70     		strb	r3, [r1]
 185:Generated_Source\PSoC4/cyfitter_cfg.c **** 			j++;
 196              		.loc 1 185 0
 197 0050 3B69     		ldr	r3, [r7, #16]
 198 0052 0133     		adds	r3, r3, #1
 199 0054 3B61     		str	r3, [r7, #16]
 186:Generated_Source\PSoC4/cyfitter_cfg.c **** 			count--;
 200              		.loc 1 186 0
 201 0056 0F23     		movs	r3, #15
 202 0058 FB18     		adds	r3, r7, r3
 203 005a 1A78     		ldrb	r2, [r3]
 204 005c 0F23     		movs	r3, #15
 205 005e FB18     		adds	r3, r7, r3
 206 0060 013A     		subs	r2, r2, #1
 207 0062 1A70     		strb	r2, [r3]
 208              	.L6:
 182:Generated_Source\PSoC4/cyfitter_cfg.c **** 		{
 209              		.loc 1 182 0
 210 0064 0F23     		movs	r3, #15
 211 0066 FB18     		adds	r3, r7, r3
 212 0068 1B78     		ldrb	r3, [r3]
ARM GAS  C:\Users\diego\AppData\Local\Temp\cclnlYih.s 			page 8


 213 006a 002B     		cmp	r3, #0
 214 006c E1D1     		bne	.L7
 215              	.LBE2:
 177:Generated_Source\PSoC4/cyfitter_cfg.c **** 	{
 216              		.loc 1 177 0 discriminator 2
 217 006e 7B69     		ldr	r3, [r7, #20]
 218 0070 0133     		adds	r3, r3, #1
 219 0072 7B61     		str	r3, [r7, #20]
 220              	.L5:
 177:Generated_Source\PSoC4/cyfitter_cfg.c **** 	{
 221              		.loc 1 177 0 is_stmt 0 discriminator 1
 222 0074 7B69     		ldr	r3, [r7, #20]
 223 0076 032B     		cmp	r3, #3
 224 0078 CCD9     		bls	.L8
 187:Generated_Source\PSoC4/cyfitter_cfg.c **** 		}
 188:Generated_Source\PSoC4/cyfitter_cfg.c **** 	}
 189:Generated_Source\PSoC4/cyfitter_cfg.c **** }
 225              		.loc 1 189 0 is_stmt 1
 226 007a C046     		nop
 227 007c BD46     		mov	sp, r7
 228 007e 06B0     		add	sp, sp, #24
 229              		@ sp needed
 230 0080 80BD     		pop	{r7, pc}
 231              		.cfi_endproc
 232              	.LFE3:
 233              		.size	cfg_write_bytes32, .-cfg_write_bytes32
 234 0082 C046     		.section	.psocinit,"ax",%progbits
 235              		.align	2
 236              		.code	16
 237              		.thumb_func
 238              		.type	ClockSetup, %function
 239              	ClockSetup:
 240              	.LFB4:
 190:Generated_Source\PSoC4/cyfitter_cfg.c **** 
 191:Generated_Source\PSoC4/cyfitter_cfg.c **** 
 192:Generated_Source\PSoC4/cyfitter_cfg.c **** /*******************************************************************************
 193:Generated_Source\PSoC4/cyfitter_cfg.c **** * Function Name: ClockSetup
 194:Generated_Source\PSoC4/cyfitter_cfg.c **** ********************************************************************************
 195:Generated_Source\PSoC4/cyfitter_cfg.c **** *
 196:Generated_Source\PSoC4/cyfitter_cfg.c **** * Summary:
 197:Generated_Source\PSoC4/cyfitter_cfg.c **** *   Performs the initialization of all of the clocks in the device based on the
 198:Generated_Source\PSoC4/cyfitter_cfg.c **** *   settings in the Clock tab of the DWR.  This includes enabling the requested
 199:Generated_Source\PSoC4/cyfitter_cfg.c **** *   clocks and setting the necessary dividers to produce the desired frequency. 
 200:Generated_Source\PSoC4/cyfitter_cfg.c **** *
 201:Generated_Source\PSoC4/cyfitter_cfg.c **** * Parameters:
 202:Generated_Source\PSoC4/cyfitter_cfg.c **** *   void
 203:Generated_Source\PSoC4/cyfitter_cfg.c **** *
 204:Generated_Source\PSoC4/cyfitter_cfg.c **** * Return:
 205:Generated_Source\PSoC4/cyfitter_cfg.c **** *   void
 206:Generated_Source\PSoC4/cyfitter_cfg.c **** *
 207:Generated_Source\PSoC4/cyfitter_cfg.c **** *******************************************************************************/
 208:Generated_Source\PSoC4/cyfitter_cfg.c **** static void ClockSetup(void);
 209:Generated_Source\PSoC4/cyfitter_cfg.c **** CY_CFG_SECTION
 210:Generated_Source\PSoC4/cyfitter_cfg.c **** static void ClockSetup(void)
 211:Generated_Source\PSoC4/cyfitter_cfg.c **** {
 241              		.loc 1 211 0
 242              		.cfi_startproc
ARM GAS  C:\Users\diego\AppData\Local\Temp\cclnlYih.s 			page 9


 243              		@ args = 0, pretend = 0, frame = 0
 244              		@ frame_needed = 1, uses_anonymous_args = 0
 245 0000 80B5     		push	{r7, lr}
 246              		.cfi_def_cfa_offset 8
 247              		.cfi_offset 7, -8
 248              		.cfi_offset 14, -4
 249 0002 00AF     		add	r7, sp, #0
 250              		.cfi_def_cfa_register 7
 212:Generated_Source\PSoC4/cyfitter_cfg.c **** 	/* Enable HALF_EN before trimming for the flash accelerator. */
 213:Generated_Source\PSoC4/cyfitter_cfg.c **** 	CY_SET_REG32((void CYXDATA *)(CYREG_CLK_SELECT), (CY_GET_REG32((void *)CYREG_CLK_SELECT) | 0x00040
 251              		.loc 1 213 0
 252 0004 124B     		ldr	r3, .L10
 253 0006 124A     		ldr	r2, .L10
 254 0008 1268     		ldr	r2, [r2]
 255 000a 8021     		movs	r1, #128
 256 000c C902     		lsls	r1, r1, #11
 257 000e 0A43     		orrs	r2, r1
 258 0010 1A60     		str	r2, [r3]
 214:Generated_Source\PSoC4/cyfitter_cfg.c **** 
 215:Generated_Source\PSoC4/cyfitter_cfg.c **** 	/* Setup and trim IMO based on desired frequency. */
 216:Generated_Source\PSoC4/cyfitter_cfg.c **** 	CySysClkWriteImoFreq(24u);
 259              		.loc 1 216 0
 260 0012 1820     		movs	r0, #24
 261 0014 FFF7FEFF 		bl	CySysClkWriteImoFreq
 217:Generated_Source\PSoC4/cyfitter_cfg.c **** 
 218:Generated_Source\PSoC4/cyfitter_cfg.c **** 	/* Disable HALF_EN since it is not required at this IMO frequency. */
 219:Generated_Source\PSoC4/cyfitter_cfg.c **** 	CY_SET_REG32((void CYXDATA *)(CYREG_CLK_SELECT), (CY_GET_REG32((void *)CYREG_CLK_SELECT) & 0xFFFBF
 262              		.loc 1 219 0
 263 0018 0D4B     		ldr	r3, .L10
 264 001a 0D4A     		ldr	r2, .L10
 265 001c 1268     		ldr	r2, [r2]
 266 001e 0D49     		ldr	r1, .L10+4
 267 0020 0A40     		ands	r2, r1
 268 0022 1A60     		str	r2, [r3]
 220:Generated_Source\PSoC4/cyfitter_cfg.c **** 	/* CYDEV_CLK_ILO_CONFIG Starting address: CYDEV_CLK_ILO_CONFIG */
 221:Generated_Source\PSoC4/cyfitter_cfg.c **** 	CY_SET_REG32((void *)(CYREG_CLK_ILO_CONFIG), 0x80000006u);
 269              		.loc 1 221 0
 270 0024 0C4B     		ldr	r3, .L10+8
 271 0026 0D4A     		ldr	r2, .L10+12
 272 0028 1A60     		str	r2, [r3]
 222:Generated_Source\PSoC4/cyfitter_cfg.c **** 
 223:Generated_Source\PSoC4/cyfitter_cfg.c **** 
 224:Generated_Source\PSoC4/cyfitter_cfg.c **** 	/* CYDEV_CLK_SELECT00 Starting address: CYDEV_CLK_SELECT00 */
 225:Generated_Source\PSoC4/cyfitter_cfg.c **** 	CY_SET_REG32((void *)(CYREG_CLK_SELECT08), 0x00000010u);
 273              		.loc 1 225 0
 274 002a 0D4B     		ldr	r3, .L10+16
 275 002c 1022     		movs	r2, #16
 276 002e 1A60     		str	r2, [r3]
 226:Generated_Source\PSoC4/cyfitter_cfg.c **** 
 227:Generated_Source\PSoC4/cyfitter_cfg.c **** 	/* CYDEV_CLK_IMO_CONFIG Starting address: CYDEV_CLK_IMO_CONFIG */
 228:Generated_Source\PSoC4/cyfitter_cfg.c **** 	CY_SET_REG32((void *)(CYREG_CLK_IMO_CONFIG), 0x80000000u);
 277              		.loc 1 228 0
 278 0030 0C4B     		ldr	r3, .L10+20
 279 0032 8022     		movs	r2, #128
 280 0034 1206     		lsls	r2, r2, #24
 281 0036 1A60     		str	r2, [r3]
 229:Generated_Source\PSoC4/cyfitter_cfg.c **** 
ARM GAS  C:\Users\diego\AppData\Local\Temp\cclnlYih.s 			page 10


 230:Generated_Source\PSoC4/cyfitter_cfg.c **** 	/* CYDEV_CLK_SELECT Starting address: CYDEV_CLK_SELECT */
 231:Generated_Source\PSoC4/cyfitter_cfg.c **** 	CY_SET_REG32((void *)(CYREG_CLK_SELECT), 0x00000000u);
 282              		.loc 1 231 0
 283 0038 054B     		ldr	r3, .L10
 284 003a 0022     		movs	r2, #0
 285 003c 1A60     		str	r2, [r3]
 232:Generated_Source\PSoC4/cyfitter_cfg.c **** 
 233:Generated_Source\PSoC4/cyfitter_cfg.c **** 	/* CYDEV_CLK_DIVIDER_A00 Starting address: CYDEV_CLK_DIVIDER_A00 */
 234:Generated_Source\PSoC4/cyfitter_cfg.c **** 	CY_SET_REG32((void *)(CYREG_CLK_DIVIDER_A00), 0x80000001u);
 286              		.loc 1 234 0
 287 003e 0A4B     		ldr	r3, .L10+24
 288 0040 0A4A     		ldr	r2, .L10+28
 289 0042 1A60     		str	r2, [r3]
 235:Generated_Source\PSoC4/cyfitter_cfg.c **** 
 236:Generated_Source\PSoC4/cyfitter_cfg.c **** 	CY_SET_REG32((void *)(CYREG_WDT_CONFIG), 0x00000000u);
 290              		.loc 1 236 0
 291 0044 0A4B     		ldr	r3, .L10+32
 292 0046 0022     		movs	r2, #0
 293 0048 1A60     		str	r2, [r3]
 237:Generated_Source\PSoC4/cyfitter_cfg.c **** }
 294              		.loc 1 237 0
 295 004a C046     		nop
 296 004c BD46     		mov	sp, r7
 297              		@ sp needed
 298 004e 80BD     		pop	{r7, pc}
 299              	.L11:
 300              		.align	2
 301              	.L10:
 302 0050 00010B40 		.word	1074462976
 303 0054 FFFFFBFF 		.word	-262145
 304 0058 04010B40 		.word	1074462980
 305 005c 06000080 		.word	-2147483642
 306 0060 20020240 		.word	1073873440
 307 0064 08010B40 		.word	1074462984
 308 0068 00000240 		.word	1073872896
 309 006c 01000080 		.word	-2147483647
 310 0070 0C020B40 		.word	1074463244
 311              		.cfi_endproc
 312              	.LFE4:
 313              		.size	ClockSetup, .-ClockSetup
 314              		.section	.text.AnalogSetDefault,"ax",%progbits
 315              		.align	2
 316              		.code	16
 317              		.thumb_func
 318              		.type	AnalogSetDefault, %function
 319              	AnalogSetDefault:
 320              	.LFB5:
 238:Generated_Source\PSoC4/cyfitter_cfg.c **** 
 239:Generated_Source\PSoC4/cyfitter_cfg.c **** 
 240:Generated_Source\PSoC4/cyfitter_cfg.c **** /* Analog API Functions */
 241:Generated_Source\PSoC4/cyfitter_cfg.c **** 
 242:Generated_Source\PSoC4/cyfitter_cfg.c **** 
 243:Generated_Source\PSoC4/cyfitter_cfg.c **** /*******************************************************************************
 244:Generated_Source\PSoC4/cyfitter_cfg.c **** * Function Name: AnalogSetDefault
 245:Generated_Source\PSoC4/cyfitter_cfg.c **** ********************************************************************************
 246:Generated_Source\PSoC4/cyfitter_cfg.c **** *
 247:Generated_Source\PSoC4/cyfitter_cfg.c **** * Summary:
ARM GAS  C:\Users\diego\AppData\Local\Temp\cclnlYih.s 			page 11


 248:Generated_Source\PSoC4/cyfitter_cfg.c **** *  Sets up the analog portions of the chip to default values based on chip
 249:Generated_Source\PSoC4/cyfitter_cfg.c **** *  configuration options from the project.
 250:Generated_Source\PSoC4/cyfitter_cfg.c **** *
 251:Generated_Source\PSoC4/cyfitter_cfg.c **** * Parameters:
 252:Generated_Source\PSoC4/cyfitter_cfg.c **** *  void
 253:Generated_Source\PSoC4/cyfitter_cfg.c **** *
 254:Generated_Source\PSoC4/cyfitter_cfg.c **** * Return:
 255:Generated_Source\PSoC4/cyfitter_cfg.c **** *  void
 256:Generated_Source\PSoC4/cyfitter_cfg.c **** *
 257:Generated_Source\PSoC4/cyfitter_cfg.c **** *******************************************************************************/
 258:Generated_Source\PSoC4/cyfitter_cfg.c **** static void AnalogSetDefault(void);
 259:Generated_Source\PSoC4/cyfitter_cfg.c **** static void AnalogSetDefault(void)
 260:Generated_Source\PSoC4/cyfitter_cfg.c **** {
 321              		.loc 1 260 0
 322              		.cfi_startproc
 323              		@ args = 0, pretend = 0, frame = 0
 324              		@ frame_needed = 1, uses_anonymous_args = 0
 325 0000 80B5     		push	{r7, lr}
 326              		.cfi_def_cfa_offset 8
 327              		.cfi_offset 7, -8
 328              		.cfi_offset 14, -4
 329 0002 00AF     		add	r7, sp, #0
 330              		.cfi_def_cfa_register 7
 261:Generated_Source\PSoC4/cyfitter_cfg.c **** }
 331              		.loc 1 261 0
 332 0004 C046     		nop
 333 0006 BD46     		mov	sp, r7
 334              		@ sp needed
 335 0008 80BD     		pop	{r7, pc}
 336              		.cfi_endproc
 337              	.LFE5:
 338              		.size	AnalogSetDefault, .-AnalogSetDefault
 339 000a C046     		.section	.psocinit
 340              		.align	2
 341              		.global	cyfitter_cfg
 342              		.code	16
 343              		.thumb_func
 344              		.type	cyfitter_cfg, %function
 345              	cyfitter_cfg:
 346              	.LFB6:
 262:Generated_Source\PSoC4/cyfitter_cfg.c **** 
 263:Generated_Source\PSoC4/cyfitter_cfg.c **** 
 264:Generated_Source\PSoC4/cyfitter_cfg.c **** 
 265:Generated_Source\PSoC4/cyfitter_cfg.c **** 
 266:Generated_Source\PSoC4/cyfitter_cfg.c **** /*******************************************************************************
 267:Generated_Source\PSoC4/cyfitter_cfg.c **** * Function Name: cyfitter_cfg
 268:Generated_Source\PSoC4/cyfitter_cfg.c **** ********************************************************************************
 269:Generated_Source\PSoC4/cyfitter_cfg.c **** * Summary:
 270:Generated_Source\PSoC4/cyfitter_cfg.c **** *  This function is called by the start-up code for the selected device. It
 271:Generated_Source\PSoC4/cyfitter_cfg.c **** *  performs all of the necessary device configuration based on the design
 272:Generated_Source\PSoC4/cyfitter_cfg.c **** *  settings.  This includes settings from the Design Wide Resources (DWR) such
 273:Generated_Source\PSoC4/cyfitter_cfg.c **** *  as Clocks and Pins as well as any component configuration that is necessary.
 274:Generated_Source\PSoC4/cyfitter_cfg.c **** *
 275:Generated_Source\PSoC4/cyfitter_cfg.c **** * Parameters:
 276:Generated_Source\PSoC4/cyfitter_cfg.c **** *   void
 277:Generated_Source\PSoC4/cyfitter_cfg.c **** *
 278:Generated_Source\PSoC4/cyfitter_cfg.c **** * Return:
ARM GAS  C:\Users\diego\AppData\Local\Temp\cclnlYih.s 			page 12


 279:Generated_Source\PSoC4/cyfitter_cfg.c **** *   void
 280:Generated_Source\PSoC4/cyfitter_cfg.c **** *
 281:Generated_Source\PSoC4/cyfitter_cfg.c **** *******************************************************************************/
 282:Generated_Source\PSoC4/cyfitter_cfg.c **** CY_CFG_SECTION
 283:Generated_Source\PSoC4/cyfitter_cfg.c **** void cyfitter_cfg(void)
 284:Generated_Source\PSoC4/cyfitter_cfg.c **** {
 347              		.loc 1 284 0
 348              		.cfi_startproc
 349              		@ args = 0, pretend = 0, frame = 8
 350              		@ frame_needed = 1, uses_anonymous_args = 0
 351 0074 80B5     		push	{r7, lr}
 352              		.cfi_def_cfa_offset 8
 353              		.cfi_offset 7, -8
 354              		.cfi_offset 14, -4
 355 0076 82B0     		sub	sp, sp, #8
 356              		.cfi_def_cfa_offset 16
 357 0078 00AF     		add	r7, sp, #0
 358              		.cfi_def_cfa_register 7
 285:Generated_Source\PSoC4/cyfitter_cfg.c **** 	/* Disable interrupts by default. Let user enable if/when they want. */
 286:Generated_Source\PSoC4/cyfitter_cfg.c **** 	CyGlobalIntDisable;
 359              		.loc 1 286 0
 360              		.syntax divided
 361              	@ 286 "Generated_Source\PSoC4\cyfitter_cfg.c" 1
 362 007a 72B6     		CPSID   i
 363              	@ 0 "" 2
 364              		.thumb
 365              		.syntax unified
 366              	.LBB3:
 287:Generated_Source\PSoC4/cyfitter_cfg.c **** 
 288:Generated_Source\PSoC4/cyfitter_cfg.c **** 	{
 289:Generated_Source\PSoC4/cyfitter_cfg.c **** 		static const uint32 CYCODE cy_cfg_addr_table[] = {
 290:Generated_Source\PSoC4/cyfitter_cfg.c **** 			0x400F3301u, /* Base address: 0x400F3300 Count: 1 */
 291:Generated_Source\PSoC4/cyfitter_cfg.c **** 			0x400F4002u, /* Base address: 0x400F4000 Count: 2 */
 292:Generated_Source\PSoC4/cyfitter_cfg.c **** 			0x400F4102u, /* Base address: 0x400F4100 Count: 2 */
 293:Generated_Source\PSoC4/cyfitter_cfg.c **** 			0x400F4304u, /* Base address: 0x400F4300 Count: 4 */
 294:Generated_Source\PSoC4/cyfitter_cfg.c **** 		};
 295:Generated_Source\PSoC4/cyfitter_cfg.c **** 
 296:Generated_Source\PSoC4/cyfitter_cfg.c **** 		static const cy_cfg_addrvalue_t CYCODE cy_cfg_data_table[] = {
 297:Generated_Source\PSoC4/cyfitter_cfg.c **** 			{0xE2u, 0x80u},
 298:Generated_Source\PSoC4/cyfitter_cfg.c **** 			{0x53u, 0x04u},
 299:Generated_Source\PSoC4/cyfitter_cfg.c **** 			{0xD4u, 0x20u},
 300:Generated_Source\PSoC4/cyfitter_cfg.c **** 			{0x8Bu, 0x04u},
 301:Generated_Source\PSoC4/cyfitter_cfg.c **** 			{0x97u, 0x08u},
 302:Generated_Source\PSoC4/cyfitter_cfg.c **** 			{0x19u, 0x08u},
 303:Generated_Source\PSoC4/cyfitter_cfg.c **** 			{0x89u, 0x08u},
 304:Generated_Source\PSoC4/cyfitter_cfg.c **** 			{0xC6u, 0x08u},
 305:Generated_Source\PSoC4/cyfitter_cfg.c **** 			{0xE2u, 0x01u},
 306:Generated_Source\PSoC4/cyfitter_cfg.c **** 		};
 307:Generated_Source\PSoC4/cyfitter_cfg.c **** 
 308:Generated_Source\PSoC4/cyfitter_cfg.c **** 
 309:Generated_Source\PSoC4/cyfitter_cfg.c **** 
 310:Generated_Source\PSoC4/cyfitter_cfg.c **** 		CYPACKED typedef struct {
 311:Generated_Source\PSoC4/cyfitter_cfg.c **** 			void CYFAR *address;
 312:Generated_Source\PSoC4/cyfitter_cfg.c **** 			uint16 size;
 313:Generated_Source\PSoC4/cyfitter_cfg.c **** 		} CYPACKED_ATTR cfg_memset_t;
 314:Generated_Source\PSoC4/cyfitter_cfg.c **** 
 315:Generated_Source\PSoC4/cyfitter_cfg.c **** 		static const cfg_memset_t CYCODE cfg_memset_list[] = {
ARM GAS  C:\Users\diego\AppData\Local\Temp\cclnlYih.s 			page 13


 316:Generated_Source\PSoC4/cyfitter_cfg.c **** 			/* address, size */
 317:Generated_Source\PSoC4/cyfitter_cfg.c **** 			{(void CYFAR *)(CYDEV_UDB_P0_U0_BASE), 1024u},
 318:Generated_Source\PSoC4/cyfitter_cfg.c **** 			{(void CYFAR *)(CYDEV_UDB_DSI0_BASE), 1024u},
 319:Generated_Source\PSoC4/cyfitter_cfg.c **** 		};
 320:Generated_Source\PSoC4/cyfitter_cfg.c **** 
 321:Generated_Source\PSoC4/cyfitter_cfg.c **** 		uint8 CYDATA i;
 322:Generated_Source\PSoC4/cyfitter_cfg.c **** 
 323:Generated_Source\PSoC4/cyfitter_cfg.c **** 		/* Zero out critical memory blocks before beginning configuration */
 324:Generated_Source\PSoC4/cyfitter_cfg.c **** 		for (i = 0u; i < (sizeof(cfg_memset_list)/sizeof(cfg_memset_list[0])); i++)
 367              		.loc 1 324 0
 368 007c FB1D     		adds	r3, r7, #7
 369 007e 0022     		movs	r2, #0
 370 0080 1A70     		strb	r2, [r3]
 371 0082 22E0     		b	.L14
 372              	.L15:
 373              	.LBB4:
 325:Generated_Source\PSoC4/cyfitter_cfg.c **** 		{
 326:Generated_Source\PSoC4/cyfitter_cfg.c **** 			const cfg_memset_t CYCODE * CYDATA ms = &cfg_memset_list[i];
 374              		.loc 1 326 0 discriminator 3
 375 0084 FB1D     		adds	r3, r7, #7
 376 0086 1A78     		ldrb	r2, [r3]
 377 0088 1300     		movs	r3, r2
 378 008a 5B00     		lsls	r3, r3, #1
 379 008c 9B18     		adds	r3, r3, r2
 380 008e 5B00     		lsls	r3, r3, #1
 381 0090 2A4A     		ldr	r2, .L16
 382 0092 9B18     		adds	r3, r3, r2
 383 0094 3B60     		str	r3, [r7]
 327:Generated_Source\PSoC4/cyfitter_cfg.c **** 			CYMEMZERO(ms->address, (size_t)(uint32)(ms->size));
 384              		.loc 1 327 0 discriminator 3
 385 0096 3B68     		ldr	r3, [r7]
 386 0098 1A78     		ldrb	r2, [r3]
 387 009a 5978     		ldrb	r1, [r3, #1]
 388 009c 0902     		lsls	r1, r1, #8
 389 009e 0A43     		orrs	r2, r1
 390 00a0 9978     		ldrb	r1, [r3, #2]
 391 00a2 0904     		lsls	r1, r1, #16
 392 00a4 0A43     		orrs	r2, r1
 393 00a6 DB78     		ldrb	r3, [r3, #3]
 394 00a8 1B06     		lsls	r3, r3, #24
 395 00aa 1343     		orrs	r3, r2
 396 00ac 1800     		movs	r0, r3
 397 00ae 3B68     		ldr	r3, [r7]
 398 00b0 1A79     		ldrb	r2, [r3, #4]
 399 00b2 5B79     		ldrb	r3, [r3, #5]
 400 00b4 1B02     		lsls	r3, r3, #8
 401 00b6 1343     		orrs	r3, r2
 402 00b8 9BB2     		uxth	r3, r3
 403 00ba 1900     		movs	r1, r3
 404 00bc FFF7FEFF 		bl	CYMEMZERO
 405              	.LBE4:
 324:Generated_Source\PSoC4/cyfitter_cfg.c **** 		{
 406              		.loc 1 324 0 discriminator 3
 407 00c0 FB1D     		adds	r3, r7, #7
 408 00c2 1A78     		ldrb	r2, [r3]
 409 00c4 FB1D     		adds	r3, r7, #7
 410 00c6 0132     		adds	r2, r2, #1
ARM GAS  C:\Users\diego\AppData\Local\Temp\cclnlYih.s 			page 14


 411 00c8 1A70     		strb	r2, [r3]
 412              	.L14:
 324:Generated_Source\PSoC4/cyfitter_cfg.c **** 		{
 413              		.loc 1 324 0 is_stmt 0 discriminator 1
 414 00ca FB1D     		adds	r3, r7, #7
 415 00cc 1B78     		ldrb	r3, [r3]
 416 00ce 012B     		cmp	r3, #1
 417 00d0 D8D9     		bls	.L15
 328:Generated_Source\PSoC4/cyfitter_cfg.c **** 		}
 329:Generated_Source\PSoC4/cyfitter_cfg.c **** 
 330:Generated_Source\PSoC4/cyfitter_cfg.c **** 		cfg_write_bytes32(cy_cfg_addr_table, cy_cfg_data_table);
 418              		.loc 1 330 0 is_stmt 1
 419 00d2 1B4A     		ldr	r2, .L16+4
 420 00d4 1B4B     		ldr	r3, .L16+8
 421 00d6 1100     		movs	r1, r2
 422 00d8 1800     		movs	r0, r3
 423 00da FFF7FEFF 		bl	cfg_write_bytes32
 331:Generated_Source\PSoC4/cyfitter_cfg.c **** 
 332:Generated_Source\PSoC4/cyfitter_cfg.c **** 		/* HSIOM Starting address: CYDEV_HSIOM_BASE */
 333:Generated_Source\PSoC4/cyfitter_cfg.c **** 		CY_SET_REG32((void *)(CYDEV_HSIOM_BASE), 0x00000300u);
 424              		.loc 1 333 0
 425 00de 1A4B     		ldr	r3, .L16+12
 426 00e0 C022     		movs	r2, #192
 427 00e2 9200     		lsls	r2, r2, #2
 428 00e4 1A60     		str	r2, [r3]
 334:Generated_Source\PSoC4/cyfitter_cfg.c **** 		CY_SET_REG32((void *)(CYREG_HSIOM_PORT_SEL3), 0x0000EE00u);
 429              		.loc 1 334 0
 430 00e6 194B     		ldr	r3, .L16+16
 431 00e8 EE22     		movs	r2, #238
 432 00ea 1202     		lsls	r2, r2, #8
 433 00ec 1A60     		str	r2, [r3]
 335:Generated_Source\PSoC4/cyfitter_cfg.c **** 
 336:Generated_Source\PSoC4/cyfitter_cfg.c **** 		/* UDB_PA_0 Starting address: CYDEV_UDB_PA0_BASE */
 337:Generated_Source\PSoC4/cyfitter_cfg.c **** 		CY_SET_REG32((void *)(CYDEV_UDB_PA0_BASE), 0x00990000u);
 434              		.loc 1 337 0
 435 00ee 184B     		ldr	r3, .L16+20
 436 00f0 9922     		movs	r2, #153
 437 00f2 1204     		lsls	r2, r2, #16
 438 00f4 1A60     		str	r2, [r3]
 338:Generated_Source\PSoC4/cyfitter_cfg.c **** 		CY_SET_REG32((void *)(CYREG_UDB_PA0_CFG8), 0x00450000u);
 439              		.loc 1 338 0
 440 00f6 174B     		ldr	r3, .L16+24
 441 00f8 8A22     		movs	r2, #138
 442 00fa D203     		lsls	r2, r2, #15
 443 00fc 1A60     		str	r2, [r3]
 339:Generated_Source\PSoC4/cyfitter_cfg.c **** 
 340:Generated_Source\PSoC4/cyfitter_cfg.c **** 		/* UDB_PA_3 Starting address: CYDEV_UDB_PA3_BASE */
 341:Generated_Source\PSoC4/cyfitter_cfg.c **** 		CY_SET_REG32((void *)(CYDEV_UDB_PA3_BASE), 0x00990000u);
 444              		.loc 1 341 0
 445 00fe 164B     		ldr	r3, .L16+28
 446 0100 9922     		movs	r2, #153
 447 0102 1204     		lsls	r2, r2, #16
 448 0104 1A60     		str	r2, [r3]
 342:Generated_Source\PSoC4/cyfitter_cfg.c **** 
 343:Generated_Source\PSoC4/cyfitter_cfg.c **** 		/* Enable digital routing */
 344:Generated_Source\PSoC4/cyfitter_cfg.c **** 		CY_SET_XTND_REG8((void *)CYREG_UDB_UDBIF_BANK_CTL, (uint8)(CY_GET_XTND_REG8((void *)CYREG_UDB_UDB
 449              		.loc 1 344 0
ARM GAS  C:\Users\diego\AppData\Local\Temp\cclnlYih.s 			page 15


 450 0106 154A     		ldr	r2, .L16+32
 451 0108 144B     		ldr	r3, .L16+32
 452 010a 1B78     		ldrb	r3, [r3]
 453 010c DBB2     		uxtb	r3, r3
 454 010e 0621     		movs	r1, #6
 455 0110 0B43     		orrs	r3, r1
 456 0112 DBB2     		uxtb	r3, r3
 457 0114 1370     		strb	r3, [r2]
 458              	.LBE3:
 345:Generated_Source\PSoC4/cyfitter_cfg.c **** 	}
 346:Generated_Source\PSoC4/cyfitter_cfg.c **** 
 347:Generated_Source\PSoC4/cyfitter_cfg.c **** 	/* Perform second pass device configuration. These items must be configured in specific order afte
 348:Generated_Source\PSoC4/cyfitter_cfg.c **** 	/* IOPINS0_0 Starting address: CYDEV_PRT0_BASE */
 349:Generated_Source\PSoC4/cyfitter_cfg.c **** 	CY_SET_REG32((void *)(CYDEV_PRT0_BASE), 0x00000004u);
 459              		.loc 1 349 0
 460 0116 124B     		ldr	r3, .L16+36
 461 0118 0422     		movs	r2, #4
 462 011a 1A60     		str	r2, [r3]
 350:Generated_Source\PSoC4/cyfitter_cfg.c **** 	CY_SET_REG32((void *)(CYREG_PRT0_PC), 0x00000180u);
 463              		.loc 1 350 0
 464 011c 114B     		ldr	r3, .L16+40
 465 011e C022     		movs	r2, #192
 466 0120 5200     		lsls	r2, r2, #1
 467 0122 1A60     		str	r2, [r3]
 351:Generated_Source\PSoC4/cyfitter_cfg.c **** 
 352:Generated_Source\PSoC4/cyfitter_cfg.c **** 	/* IOPINS0_3 Starting address: CYDEV_PRT3_BASE */
 353:Generated_Source\PSoC4/cyfitter_cfg.c **** 	CY_SET_REG32((void *)(CYREG_PRT3_PC), 0x00000D80u);
 468              		.loc 1 353 0
 469 0124 104B     		ldr	r3, .L16+44
 470 0126 D822     		movs	r2, #216
 471 0128 1201     		lsls	r2, r2, #4
 472 012a 1A60     		str	r2, [r3]
 354:Generated_Source\PSoC4/cyfitter_cfg.c **** 
 355:Generated_Source\PSoC4/cyfitter_cfg.c **** 
 356:Generated_Source\PSoC4/cyfitter_cfg.c **** 	/* Setup clocks based on selections from Clock DWR */
 357:Generated_Source\PSoC4/cyfitter_cfg.c **** 	ClockSetup();
 473              		.loc 1 357 0
 474 012c FFF768FF 		bl	ClockSetup
 358:Generated_Source\PSoC4/cyfitter_cfg.c **** 
 359:Generated_Source\PSoC4/cyfitter_cfg.c **** 	/* Perform basic analog initialization to defaults */
 360:Generated_Source\PSoC4/cyfitter_cfg.c **** 	AnalogSetDefault();
 475              		.loc 1 360 0
 476 0130 FFF7FEFF 		bl	AnalogSetDefault
 361:Generated_Source\PSoC4/cyfitter_cfg.c **** 
 362:Generated_Source\PSoC4/cyfitter_cfg.c **** }
 477              		.loc 1 362 0
 478 0134 C046     		nop
 479 0136 BD46     		mov	sp, r7
 480 0138 02B0     		add	sp, sp, #8
 481              		@ sp needed
 482 013a 80BD     		pop	{r7, pc}
 483              	.L17:
 484              		.align	2
 485              	.L16:
 486 013c 00000000 		.word	cfg_memset_list.4870
 487 0140 1C000000 		.word	cy_cfg_data_table.4865
 488 0144 0C000000 		.word	cy_cfg_addr_table.4864
ARM GAS  C:\Users\diego\AppData\Local\Temp\cclnlYih.s 			page 16


 489 0148 00000140 		.word	1073807360
 490 014c 0C000140 		.word	1073807372
 491 0150 00500F40 		.word	1074745344
 492 0154 08500F40 		.word	1074745352
 493 0158 30500F40 		.word	1074745392
 494 015c 00700F40 		.word	1074753536
 495 0160 00000440 		.word	1074003968
 496 0164 08000440 		.word	1074003976
 497 0168 08030440 		.word	1074004744
 498              		.cfi_endproc
 499              	.LFE6:
 500              		.size	cyfitter_cfg, .-cyfitter_cfg
 501              		.section	.rodata
 502              		.align	2
 503              		.type	cfg_memset_list.4870, %object
 504              		.size	cfg_memset_list.4870, 12
 505              	cfg_memset_list.4870:
 506 0000 00300F40 		.word	1074737152
 507 0004 0004     		.short	1024
 508 0006 00400F40 		.4byte	1074741248
 509 000a 0004     		.short	1024
 510              		.align	2
 511              		.type	cy_cfg_addr_table.4864, %object
 512              		.size	cy_cfg_addr_table.4864, 16
 513              	cy_cfg_addr_table.4864:
 514 000c 01330F40 		.word	1074737921
 515 0010 02400F40 		.word	1074741250
 516 0014 02410F40 		.word	1074741506
 517 0018 04430F40 		.word	1074742020
 518              		.align	2
 519              		.type	cy_cfg_data_table.4865, %object
 520              		.size	cy_cfg_data_table.4865, 18
 521              	cy_cfg_data_table.4865:
 522 001c E2       		.byte	-30
 523 001d 80       		.byte	-128
 524 001e 53       		.byte	83
 525 001f 04       		.byte	4
 526 0020 D4       		.byte	-44
 527 0021 20       		.byte	32
 528 0022 8B       		.byte	-117
 529 0023 04       		.byte	4
 530 0024 97       		.byte	-105
 531 0025 08       		.byte	8
 532 0026 19       		.byte	25
 533 0027 08       		.byte	8
 534 0028 89       		.byte	-119
 535 0029 08       		.byte	8
 536 002a C6       		.byte	-58
 537 002b 08       		.byte	8
 538 002c E2       		.byte	-30
 539 002d 01       		.byte	1
 540              		.text
 541              	.Letext0:
 542              		.file 2 "c:\\program files (x86)\\cypress\\psoc creator\\4.2\\psoc creator\\import\\gnu\\arm\\5.4.
 543              		.file 3 "Generated_Source\\PSoC4\\cytypes.h"
 544              		.section	.debug_info,"",%progbits
 545              	.Ldebug_info0:
ARM GAS  C:\Users\diego\AppData\Local\Temp\cclnlYih.s 			page 17


 546 0000 5A030000 		.4byte	0x35a
 547 0004 0400     		.2byte	0x4
 548 0006 00000000 		.4byte	.Ldebug_abbrev0
 549 000a 04       		.byte	0x4
 550 000b 01       		.uleb128 0x1
 551 000c 0F010000 		.4byte	.LASF40
 552 0010 0C       		.byte	0xc
 553 0011 AB020000 		.4byte	.LASF41
 554 0015 7E000000 		.4byte	.LASF42
 555 0019 00000000 		.4byte	.Ldebug_ranges0+0
 556 001d 00000000 		.4byte	0
 557 0021 00000000 		.4byte	.Ldebug_line0
 558 0025 02       		.uleb128 0x2
 559 0026 04       		.byte	0x4
 560 0027 05       		.byte	0x5
 561 0028 696E7400 		.ascii	"int\000"
 562 002c 03       		.uleb128 0x3
 563 002d 06000000 		.4byte	.LASF12
 564 0031 02       		.byte	0x2
 565 0032 D8       		.byte	0xd8
 566 0033 37000000 		.4byte	0x37
 567 0037 04       		.uleb128 0x4
 568 0038 04       		.byte	0x4
 569 0039 07       		.byte	0x7
 570 003a F5010000 		.4byte	.LASF0
 571 003e 04       		.uleb128 0x4
 572 003f 08       		.byte	0x8
 573 0040 05       		.byte	0x5
 574 0041 53020000 		.4byte	.LASF1
 575 0045 04       		.uleb128 0x4
 576 0046 08       		.byte	0x8
 577 0047 04       		.byte	0x4
 578 0048 93020000 		.4byte	.LASF2
 579 004c 04       		.uleb128 0x4
 580 004d 01       		.byte	0x1
 581 004e 06       		.byte	0x6
 582 004f 9F020000 		.4byte	.LASF3
 583 0053 04       		.uleb128 0x4
 584 0054 01       		.byte	0x1
 585 0055 08       		.byte	0x8
 586 0056 9D010000 		.4byte	.LASF4
 587 005a 04       		.uleb128 0x4
 588 005b 02       		.byte	0x2
 589 005c 05       		.byte	0x5
 590 005d 80020000 		.4byte	.LASF5
 591 0061 04       		.uleb128 0x4
 592 0062 02       		.byte	0x2
 593 0063 07       		.byte	0x7
 594 0064 40020000 		.4byte	.LASF6
 595 0068 04       		.uleb128 0x4
 596 0069 04       		.byte	0x4
 597 006a 05       		.byte	0x5
 598 006b 8A020000 		.4byte	.LASF7
 599 006f 04       		.uleb128 0x4
 600 0070 04       		.byte	0x4
 601 0071 07       		.byte	0x7
 602 0072 ED000000 		.4byte	.LASF8
ARM GAS  C:\Users\diego\AppData\Local\Temp\cclnlYih.s 			page 18


 603 0076 04       		.uleb128 0x4
 604 0077 08       		.byte	0x8
 605 0078 07       		.byte	0x7
 606 0079 0A020000 		.4byte	.LASF9
 607 007d 04       		.uleb128 0x4
 608 007e 04       		.byte	0x4
 609 007f 07       		.byte	0x7
 610 0080 37020000 		.4byte	.LASF10
 611 0084 05       		.uleb128 0x5
 612 0085 04       		.byte	0x4
 613 0086 04       		.uleb128 0x4
 614 0087 01       		.byte	0x1
 615 0088 08       		.byte	0x8
 616 0089 61020000 		.4byte	.LASF11
 617 008d 06       		.uleb128 0x6
 618 008e FF000000 		.4byte	.LASF13
 619 0092 03       		.byte	0x3
 620 0093 E401     		.2byte	0x1e4
 621 0095 53000000 		.4byte	0x53
 622 0099 06       		.uleb128 0x6
 623 009a DC010000 		.4byte	.LASF14
 624 009e 03       		.byte	0x3
 625 009f E501     		.2byte	0x1e5
 626 00a1 61000000 		.4byte	0x61
 627 00a5 06       		.uleb128 0x6
 628 00a6 EE010000 		.4byte	.LASF15
 629 00aa 03       		.byte	0x3
 630 00ab E601     		.2byte	0x1e6
 631 00ad 6F000000 		.4byte	0x6f
 632 00b1 04       		.uleb128 0x4
 633 00b2 04       		.byte	0x4
 634 00b3 04       		.byte	0x4
 635 00b4 59000000 		.4byte	.LASF16
 636 00b8 04       		.uleb128 0x4
 637 00b9 08       		.byte	0x8
 638 00ba 04       		.byte	0x4
 639 00bb AB010000 		.4byte	.LASF17
 640 00bf 06       		.uleb128 0x6
 641 00c0 79000000 		.4byte	.LASF18
 642 00c4 03       		.byte	0x3
 643 00c5 8E02     		.2byte	0x28e
 644 00c7 CB000000 		.4byte	0xcb
 645 00cb 07       		.uleb128 0x7
 646 00cc 8D000000 		.4byte	0x8d
 647 00d0 06       		.uleb128 0x6
 648 00d1 00000000 		.4byte	.LASF19
 649 00d5 03       		.byte	0x3
 650 00d6 9002     		.2byte	0x290
 651 00d8 DC000000 		.4byte	0xdc
 652 00dc 07       		.uleb128 0x7
 653 00dd A5000000 		.4byte	0xa5
 654 00e1 08       		.uleb128 0x8
 655 00e2 02       		.byte	0x2
 656 00e3 01       		.byte	0x1
 657 00e4 96       		.byte	0x96
 658 00e5 02010000 		.4byte	0x102
 659 00e9 09       		.uleb128 0x9
ARM GAS  C:\Users\diego\AppData\Local\Temp\cclnlYih.s 			page 19


 660 00ea 79020000 		.4byte	.LASF20
 661 00ee 01       		.byte	0x1
 662 00ef 98       		.byte	0x98
 663 00f0 8D000000 		.4byte	0x8d
 664 00f4 00       		.byte	0
 665 00f5 09       		.uleb128 0x9
 666 00f6 1E000000 		.4byte	.LASF21
 667 00fa 01       		.byte	0x1
 668 00fb 99       		.byte	0x99
 669 00fc 8D000000 		.4byte	0x8d
 670 0100 01       		.byte	0x1
 671 0101 00       		.byte	0
 672 0102 03       		.uleb128 0x3
 673 0103 66020000 		.4byte	.LASF22
 674 0107 01       		.byte	0x1
 675 0108 9A       		.byte	0x9a
 676 0109 E1000000 		.4byte	0xe1
 677 010d 0A       		.uleb128 0xa
 678 010e 05010000 		.4byte	.LASF23
 679 0112 01       		.byte	0x1
 680 0113 4B       		.byte	0x4b
 681 0114 00000000 		.4byte	.LFB0
 682 0118 1E000000 		.4byte	.LFE0-.LFB0
 683 011c 01       		.uleb128 0x1
 684 011d 9C       		.byte	0x9c
 685 011e 3B010000 		.4byte	0x13b
 686 0122 0B       		.uleb128 0xb
 687 0123 7300     		.ascii	"s\000"
 688 0125 01       		.byte	0x1
 689 0126 4B       		.byte	0x4b
 690 0127 84000000 		.4byte	0x84
 691 012b 02       		.uleb128 0x2
 692 012c 91       		.byte	0x91
 693 012d 74       		.sleb128 -12
 694 012e 0B       		.uleb128 0xb
 695 012f 6E00     		.ascii	"n\000"
 696 0131 01       		.byte	0x1
 697 0132 4B       		.byte	0x4b
 698 0133 2C000000 		.4byte	0x2c
 699 0137 02       		.uleb128 0x2
 700 0138 91       		.byte	0x91
 701 0139 70       		.sleb128 -16
 702 013a 00       		.byte	0
 703 013b 0A       		.uleb128 0xa
 704 013c E1020000 		.4byte	.LASF24
 705 0140 01       		.byte	0x1
 706 0141 52       		.byte	0x52
 707 0142 00000000 		.4byte	.LFB1
 708 0146 20000000 		.4byte	.LFE1-.LFB1
 709 014a 01       		.uleb128 0x1
 710 014b 9C       		.byte	0x9c
 711 014c 79010000 		.4byte	0x179
 712 0150 0C       		.uleb128 0xc
 713 0151 5F000000 		.4byte	.LASF25
 714 0155 01       		.byte	0x1
 715 0156 52       		.byte	0x52
 716 0157 84000000 		.4byte	0x84
ARM GAS  C:\Users\diego\AppData\Local\Temp\cclnlYih.s 			page 20


 717 015b 02       		.uleb128 0x2
 718 015c 91       		.byte	0x91
 719 015d 74       		.sleb128 -12
 720 015e 0B       		.uleb128 0xb
 721 015f 73726300 		.ascii	"src\000"
 722 0163 01       		.byte	0x1
 723 0164 52       		.byte	0x52
 724 0165 79010000 		.4byte	0x179
 725 0169 02       		.uleb128 0x2
 726 016a 91       		.byte	0x91
 727 016b 70       		.sleb128 -16
 728 016c 0B       		.uleb128 0xb
 729 016d 6E00     		.ascii	"n\000"
 730 016f 01       		.byte	0x1
 731 0170 52       		.byte	0x52
 732 0171 2C000000 		.4byte	0x2c
 733 0175 02       		.uleb128 0x2
 734 0176 91       		.byte	0x91
 735 0177 6C       		.sleb128 -20
 736 0178 00       		.byte	0
 737 0179 0D       		.uleb128 0xd
 738 017a 04       		.byte	0x4
 739 017b 7F010000 		.4byte	0x17f
 740 017f 0E       		.uleb128 0xe
 741 0180 0A       		.uleb128 0xa
 742 0181 D1020000 		.4byte	.LASF26
 743 0185 01       		.byte	0x1
 744 0186 59       		.byte	0x59
 745 0187 00000000 		.4byte	.LFB2
 746 018b 20000000 		.4byte	.LFE2-.LFB2
 747 018f 01       		.uleb128 0x1
 748 0190 9C       		.byte	0x9c
 749 0191 BE010000 		.4byte	0x1be
 750 0195 0C       		.uleb128 0xc
 751 0196 5F000000 		.4byte	.LASF25
 752 019a 01       		.byte	0x1
 753 019b 59       		.byte	0x59
 754 019c 84000000 		.4byte	0x84
 755 01a0 02       		.uleb128 0x2
 756 01a1 91       		.byte	0x91
 757 01a2 74       		.sleb128 -12
 758 01a3 0B       		.uleb128 0xb
 759 01a4 73726300 		.ascii	"src\000"
 760 01a8 01       		.byte	0x1
 761 01a9 59       		.byte	0x59
 762 01aa 79010000 		.4byte	0x179
 763 01ae 02       		.uleb128 0x2
 764 01af 91       		.byte	0x91
 765 01b0 70       		.sleb128 -16
 766 01b1 0B       		.uleb128 0xb
 767 01b2 6E00     		.ascii	"n\000"
 768 01b4 01       		.byte	0x1
 769 01b5 59       		.byte	0x59
 770 01b6 2C000000 		.4byte	0x2c
 771 01ba 02       		.uleb128 0x2
 772 01bb 91       		.byte	0x91
 773 01bc 6C       		.sleb128 -20
ARM GAS  C:\Users\diego\AppData\Local\Temp\cclnlYih.s 			page 21


 774 01bd 00       		.byte	0
 775 01be 0F       		.uleb128 0xf
 776 01bf B2010000 		.4byte	.LASF27
 777 01c3 01       		.byte	0x1
 778 01c4 AD       		.byte	0xad
 779 01c5 00000000 		.4byte	.LFB3
 780 01c9 82000000 		.4byte	.LFE3-.LFB3
 781 01cd 01       		.uleb128 0x1
 782 01ce 9C       		.byte	0x9c
 783 01cf 2E020000 		.4byte	0x22e
 784 01d3 0C       		.uleb128 0xc
 785 01d4 D1010000 		.4byte	.LASF28
 786 01d8 01       		.byte	0x1
 787 01d9 AD       		.byte	0xad
 788 01da 2E020000 		.4byte	0x22e
 789 01de 02       		.uleb128 0x2
 790 01df 91       		.byte	0x91
 791 01e0 64       		.sleb128 -28
 792 01e1 0C       		.uleb128 0xc
 793 01e2 E3010000 		.4byte	.LASF29
 794 01e6 01       		.byte	0x1
 795 01e7 AD       		.byte	0xad
 796 01e8 39020000 		.4byte	0x239
 797 01ec 02       		.uleb128 0x2
 798 01ed 91       		.byte	0x91
 799 01ee 60       		.sleb128 -32
 800 01ef 10       		.uleb128 0x10
 801 01f0 6900     		.ascii	"i\000"
 802 01f2 01       		.byte	0x1
 803 01f3 B0       		.byte	0xb0
 804 01f4 A5000000 		.4byte	0xa5
 805 01f8 02       		.uleb128 0x2
 806 01f9 91       		.byte	0x91
 807 01fa 74       		.sleb128 -12
 808 01fb 10       		.uleb128 0x10
 809 01fc 6A00     		.ascii	"j\000"
 810 01fe 01       		.byte	0x1
 811 01ff B0       		.byte	0xb0
 812 0200 A5000000 		.4byte	0xa5
 813 0204 02       		.uleb128 0x2
 814 0205 91       		.byte	0x91
 815 0206 70       		.sleb128 -16
 816 0207 11       		.uleb128 0x11
 817 0208 14000000 		.4byte	.LBB2
 818 020c 5A000000 		.4byte	.LBE2-.LBB2
 819 0210 12       		.uleb128 0x12
 820 0211 2E020000 		.4byte	.LASF30
 821 0215 01       		.byte	0x1
 822 0216 B3       		.byte	0xb3
 823 0217 A5000000 		.4byte	0xa5
 824 021b 02       		.uleb128 0x2
 825 021c 91       		.byte	0x91
 826 021d 68       		.sleb128 -24
 827 021e 12       		.uleb128 0x12
 828 021f 24000000 		.4byte	.LASF31
 829 0223 01       		.byte	0x1
 830 0224 B4       		.byte	0xb4
ARM GAS  C:\Users\diego\AppData\Local\Temp\cclnlYih.s 			page 22


 831 0225 8D000000 		.4byte	0x8d
 832 0229 02       		.uleb128 0x2
 833 022a 91       		.byte	0x91
 834 022b 6F       		.sleb128 -17
 835 022c 00       		.byte	0
 836 022d 00       		.byte	0
 837 022e 0D       		.uleb128 0xd
 838 022f 04       		.byte	0x4
 839 0230 34020000 		.4byte	0x234
 840 0234 13       		.uleb128 0x13
 841 0235 A5000000 		.4byte	0xa5
 842 0239 0D       		.uleb128 0xd
 843 023a 04       		.byte	0x4
 844 023b 3F020000 		.4byte	0x23f
 845 023f 13       		.uleb128 0x13
 846 0240 02010000 		.4byte	0x102
 847 0244 14       		.uleb128 0x14
 848 0245 2A000000 		.4byte	.LASF32
 849 0249 01       		.byte	0x1
 850 024a D2       		.byte	0xd2
 851 024b 00000000 		.4byte	.LFB4
 852 024f 74000000 		.4byte	.LFE4-.LFB4
 853 0253 01       		.uleb128 0x1
 854 0254 9C       		.byte	0x9c
 855 0255 15       		.uleb128 0x15
 856 0256 0D000000 		.4byte	.LASF33
 857 025a 01       		.byte	0x1
 858 025b 0301     		.2byte	0x103
 859 025d 00000000 		.4byte	.LFB5
 860 0261 0A000000 		.4byte	.LFE5-.LFB5
 861 0265 01       		.uleb128 0x1
 862 0266 9C       		.byte	0x9c
 863 0267 16       		.uleb128 0x16
 864 0268 C4010000 		.4byte	.LASF43
 865 026c 01       		.byte	0x1
 866 026d 1B01     		.2byte	0x11b
 867 026f 74000000 		.4byte	.LFB6
 868 0273 F8000000 		.4byte	.LFE6-.LFB6
 869 0277 01       		.uleb128 0x1
 870 0278 9C       		.byte	0x9c
 871 0279 33030000 		.4byte	0x333
 872 027d 11       		.uleb128 0x11
 873 027e 7C000000 		.4byte	.LBB3
 874 0282 9A000000 		.4byte	.LBE3-.LBB3
 875 0286 17       		.uleb128 0x17
 876 0287 35000000 		.4byte	.LASF34
 877 028b 01       		.byte	0x1
 878 028c 2101     		.2byte	0x121
 879 028e 43030000 		.4byte	0x343
 880 0292 05       		.uleb128 0x5
 881 0293 03       		.byte	0x3
 882 0294 0C000000 		.4byte	cy_cfg_addr_table.4864
 883 0298 17       		.uleb128 0x17
 884 0299 47000000 		.4byte	.LASF35
 885 029d 01       		.byte	0x1
 886 029e 2801     		.2byte	0x128
 887 02a0 58030000 		.4byte	0x358
ARM GAS  C:\Users\diego\AppData\Local\Temp\cclnlYih.s 			page 23


 888 02a4 05       		.uleb128 0x5
 889 02a5 03       		.byte	0x3
 890 02a6 1C000000 		.4byte	cy_cfg_data_table.4865
 891 02aa 18       		.uleb128 0x18
 892 02ab 06       		.byte	0x6
 893 02ac 01       		.byte	0x1
 894 02ad 3601     		.2byte	0x136
 895 02af CE020000 		.4byte	0x2ce
 896 02b3 19       		.uleb128 0x19
 897 02b4 02020000 		.4byte	.LASF36
 898 02b8 01       		.byte	0x1
 899 02b9 3701     		.2byte	0x137
 900 02bb 84000000 		.4byte	0x84
 901 02bf 00       		.byte	0
 902 02c0 19       		.uleb128 0x19
 903 02c1 74000000 		.4byte	.LASF37
 904 02c5 01       		.byte	0x1
 905 02c6 3801     		.2byte	0x138
 906 02c8 99000000 		.4byte	0x99
 907 02cc 04       		.byte	0x4
 908 02cd 00       		.byte	0
 909 02ce 06       		.uleb128 0x6
 910 02cf 21020000 		.4byte	.LASF38
 911 02d3 01       		.byte	0x1
 912 02d4 3901     		.2byte	0x139
 913 02d6 AA020000 		.4byte	0x2aa
 914 02da 1A       		.uleb128 0x1a
 915 02db EA020000 		.4byte	0x2ea
 916 02df EA020000 		.4byte	0x2ea
 917 02e3 1B       		.uleb128 0x1b
 918 02e4 7D000000 		.4byte	0x7d
 919 02e8 01       		.byte	0x1
 920 02e9 00       		.byte	0
 921 02ea 13       		.uleb128 0x13
 922 02eb CE020000 		.4byte	0x2ce
 923 02ef 17       		.uleb128 0x17
 924 02f0 64000000 		.4byte	.LASF39
 925 02f4 01       		.byte	0x1
 926 02f5 3B01     		.2byte	0x13b
 927 02f7 01030000 		.4byte	0x301
 928 02fb 05       		.uleb128 0x5
 929 02fc 03       		.byte	0x3
 930 02fd 00000000 		.4byte	cfg_memset_list.4870
 931 0301 13       		.uleb128 0x13
 932 0302 DA020000 		.4byte	0x2da
 933 0306 1C       		.uleb128 0x1c
 934 0307 6900     		.ascii	"i\000"
 935 0309 01       		.byte	0x1
 936 030a 4101     		.2byte	0x141
 937 030c 8D000000 		.4byte	0x8d
 938 0310 02       		.uleb128 0x2
 939 0311 91       		.byte	0x91
 940 0312 77       		.sleb128 -9
 941 0313 11       		.uleb128 0x11
 942 0314 84000000 		.4byte	.LBB4
 943 0318 3C000000 		.4byte	.LBE4-.LBB4
 944 031c 1C       		.uleb128 0x1c
ARM GAS  C:\Users\diego\AppData\Local\Temp\cclnlYih.s 			page 24


 945 031d 6D7300   		.ascii	"ms\000"
 946 0320 01       		.byte	0x1
 947 0321 4601     		.2byte	0x146
 948 0323 2A030000 		.4byte	0x32a
 949 0327 02       		.uleb128 0x2
 950 0328 91       		.byte	0x91
 951 0329 70       		.sleb128 -16
 952 032a 0D       		.uleb128 0xd
 953 032b 04       		.byte	0x4
 954 032c EA020000 		.4byte	0x2ea
 955 0330 00       		.byte	0
 956 0331 00       		.byte	0
 957 0332 00       		.byte	0
 958 0333 1A       		.uleb128 0x1a
 959 0334 34020000 		.4byte	0x234
 960 0338 43030000 		.4byte	0x343
 961 033c 1B       		.uleb128 0x1b
 962 033d 7D000000 		.4byte	0x7d
 963 0341 03       		.byte	0x3
 964 0342 00       		.byte	0
 965 0343 13       		.uleb128 0x13
 966 0344 33030000 		.4byte	0x333
 967 0348 1A       		.uleb128 0x1a
 968 0349 3F020000 		.4byte	0x23f
 969 034d 58030000 		.4byte	0x358
 970 0351 1B       		.uleb128 0x1b
 971 0352 7D000000 		.4byte	0x7d
 972 0356 08       		.byte	0x8
 973 0357 00       		.byte	0
 974 0358 13       		.uleb128 0x13
 975 0359 48030000 		.4byte	0x348
 976 035d 00       		.byte	0
 977              		.section	.debug_abbrev,"",%progbits
 978              	.Ldebug_abbrev0:
 979 0000 01       		.uleb128 0x1
 980 0001 11       		.uleb128 0x11
 981 0002 01       		.byte	0x1
 982 0003 25       		.uleb128 0x25
 983 0004 0E       		.uleb128 0xe
 984 0005 13       		.uleb128 0x13
 985 0006 0B       		.uleb128 0xb
 986 0007 03       		.uleb128 0x3
 987 0008 0E       		.uleb128 0xe
 988 0009 1B       		.uleb128 0x1b
 989 000a 0E       		.uleb128 0xe
 990 000b 55       		.uleb128 0x55
 991 000c 17       		.uleb128 0x17
 992 000d 11       		.uleb128 0x11
 993 000e 01       		.uleb128 0x1
 994 000f 10       		.uleb128 0x10
 995 0010 17       		.uleb128 0x17
 996 0011 00       		.byte	0
 997 0012 00       		.byte	0
 998 0013 02       		.uleb128 0x2
 999 0014 24       		.uleb128 0x24
 1000 0015 00       		.byte	0
 1001 0016 0B       		.uleb128 0xb
ARM GAS  C:\Users\diego\AppData\Local\Temp\cclnlYih.s 			page 25


 1002 0017 0B       		.uleb128 0xb
 1003 0018 3E       		.uleb128 0x3e
 1004 0019 0B       		.uleb128 0xb
 1005 001a 03       		.uleb128 0x3
 1006 001b 08       		.uleb128 0x8
 1007 001c 00       		.byte	0
 1008 001d 00       		.byte	0
 1009 001e 03       		.uleb128 0x3
 1010 001f 16       		.uleb128 0x16
 1011 0020 00       		.byte	0
 1012 0021 03       		.uleb128 0x3
 1013 0022 0E       		.uleb128 0xe
 1014 0023 3A       		.uleb128 0x3a
 1015 0024 0B       		.uleb128 0xb
 1016 0025 3B       		.uleb128 0x3b
 1017 0026 0B       		.uleb128 0xb
 1018 0027 49       		.uleb128 0x49
 1019 0028 13       		.uleb128 0x13
 1020 0029 00       		.byte	0
 1021 002a 00       		.byte	0
 1022 002b 04       		.uleb128 0x4
 1023 002c 24       		.uleb128 0x24
 1024 002d 00       		.byte	0
 1025 002e 0B       		.uleb128 0xb
 1026 002f 0B       		.uleb128 0xb
 1027 0030 3E       		.uleb128 0x3e
 1028 0031 0B       		.uleb128 0xb
 1029 0032 03       		.uleb128 0x3
 1030 0033 0E       		.uleb128 0xe
 1031 0034 00       		.byte	0
 1032 0035 00       		.byte	0
 1033 0036 05       		.uleb128 0x5
 1034 0037 0F       		.uleb128 0xf
 1035 0038 00       		.byte	0
 1036 0039 0B       		.uleb128 0xb
 1037 003a 0B       		.uleb128 0xb
 1038 003b 00       		.byte	0
 1039 003c 00       		.byte	0
 1040 003d 06       		.uleb128 0x6
 1041 003e 16       		.uleb128 0x16
 1042 003f 00       		.byte	0
 1043 0040 03       		.uleb128 0x3
 1044 0041 0E       		.uleb128 0xe
 1045 0042 3A       		.uleb128 0x3a
 1046 0043 0B       		.uleb128 0xb
 1047 0044 3B       		.uleb128 0x3b
 1048 0045 05       		.uleb128 0x5
 1049 0046 49       		.uleb128 0x49
 1050 0047 13       		.uleb128 0x13
 1051 0048 00       		.byte	0
 1052 0049 00       		.byte	0
 1053 004a 07       		.uleb128 0x7
 1054 004b 35       		.uleb128 0x35
 1055 004c 00       		.byte	0
 1056 004d 49       		.uleb128 0x49
 1057 004e 13       		.uleb128 0x13
 1058 004f 00       		.byte	0
ARM GAS  C:\Users\diego\AppData\Local\Temp\cclnlYih.s 			page 26


 1059 0050 00       		.byte	0
 1060 0051 08       		.uleb128 0x8
 1061 0052 13       		.uleb128 0x13
 1062 0053 01       		.byte	0x1
 1063 0054 0B       		.uleb128 0xb
 1064 0055 0B       		.uleb128 0xb
 1065 0056 3A       		.uleb128 0x3a
 1066 0057 0B       		.uleb128 0xb
 1067 0058 3B       		.uleb128 0x3b
 1068 0059 0B       		.uleb128 0xb
 1069 005a 01       		.uleb128 0x1
 1070 005b 13       		.uleb128 0x13
 1071 005c 00       		.byte	0
 1072 005d 00       		.byte	0
 1073 005e 09       		.uleb128 0x9
 1074 005f 0D       		.uleb128 0xd
 1075 0060 00       		.byte	0
 1076 0061 03       		.uleb128 0x3
 1077 0062 0E       		.uleb128 0xe
 1078 0063 3A       		.uleb128 0x3a
 1079 0064 0B       		.uleb128 0xb
 1080 0065 3B       		.uleb128 0x3b
 1081 0066 0B       		.uleb128 0xb
 1082 0067 49       		.uleb128 0x49
 1083 0068 13       		.uleb128 0x13
 1084 0069 38       		.uleb128 0x38
 1085 006a 0B       		.uleb128 0xb
 1086 006b 00       		.byte	0
 1087 006c 00       		.byte	0
 1088 006d 0A       		.uleb128 0xa
 1089 006e 2E       		.uleb128 0x2e
 1090 006f 01       		.byte	0x1
 1091 0070 03       		.uleb128 0x3
 1092 0071 0E       		.uleb128 0xe
 1093 0072 3A       		.uleb128 0x3a
 1094 0073 0B       		.uleb128 0xb
 1095 0074 3B       		.uleb128 0x3b
 1096 0075 0B       		.uleb128 0xb
 1097 0076 27       		.uleb128 0x27
 1098 0077 19       		.uleb128 0x19
 1099 0078 11       		.uleb128 0x11
 1100 0079 01       		.uleb128 0x1
 1101 007a 12       		.uleb128 0x12
 1102 007b 06       		.uleb128 0x6
 1103 007c 40       		.uleb128 0x40
 1104 007d 18       		.uleb128 0x18
 1105 007e 9642     		.uleb128 0x2116
 1106 0080 19       		.uleb128 0x19
 1107 0081 01       		.uleb128 0x1
 1108 0082 13       		.uleb128 0x13
 1109 0083 00       		.byte	0
 1110 0084 00       		.byte	0
 1111 0085 0B       		.uleb128 0xb
 1112 0086 05       		.uleb128 0x5
 1113 0087 00       		.byte	0
 1114 0088 03       		.uleb128 0x3
 1115 0089 08       		.uleb128 0x8
ARM GAS  C:\Users\diego\AppData\Local\Temp\cclnlYih.s 			page 27


 1116 008a 3A       		.uleb128 0x3a
 1117 008b 0B       		.uleb128 0xb
 1118 008c 3B       		.uleb128 0x3b
 1119 008d 0B       		.uleb128 0xb
 1120 008e 49       		.uleb128 0x49
 1121 008f 13       		.uleb128 0x13
 1122 0090 02       		.uleb128 0x2
 1123 0091 18       		.uleb128 0x18
 1124 0092 00       		.byte	0
 1125 0093 00       		.byte	0
 1126 0094 0C       		.uleb128 0xc
 1127 0095 05       		.uleb128 0x5
 1128 0096 00       		.byte	0
 1129 0097 03       		.uleb128 0x3
 1130 0098 0E       		.uleb128 0xe
 1131 0099 3A       		.uleb128 0x3a
 1132 009a 0B       		.uleb128 0xb
 1133 009b 3B       		.uleb128 0x3b
 1134 009c 0B       		.uleb128 0xb
 1135 009d 49       		.uleb128 0x49
 1136 009e 13       		.uleb128 0x13
 1137 009f 02       		.uleb128 0x2
 1138 00a0 18       		.uleb128 0x18
 1139 00a1 00       		.byte	0
 1140 00a2 00       		.byte	0
 1141 00a3 0D       		.uleb128 0xd
 1142 00a4 0F       		.uleb128 0xf
 1143 00a5 00       		.byte	0
 1144 00a6 0B       		.uleb128 0xb
 1145 00a7 0B       		.uleb128 0xb
 1146 00a8 49       		.uleb128 0x49
 1147 00a9 13       		.uleb128 0x13
 1148 00aa 00       		.byte	0
 1149 00ab 00       		.byte	0
 1150 00ac 0E       		.uleb128 0xe
 1151 00ad 26       		.uleb128 0x26
 1152 00ae 00       		.byte	0
 1153 00af 00       		.byte	0
 1154 00b0 00       		.byte	0
 1155 00b1 0F       		.uleb128 0xf
 1156 00b2 2E       		.uleb128 0x2e
 1157 00b3 01       		.byte	0x1
 1158 00b4 03       		.uleb128 0x3
 1159 00b5 0E       		.uleb128 0xe
 1160 00b6 3A       		.uleb128 0x3a
 1161 00b7 0B       		.uleb128 0xb
 1162 00b8 3B       		.uleb128 0x3b
 1163 00b9 0B       		.uleb128 0xb
 1164 00ba 27       		.uleb128 0x27
 1165 00bb 19       		.uleb128 0x19
 1166 00bc 11       		.uleb128 0x11
 1167 00bd 01       		.uleb128 0x1
 1168 00be 12       		.uleb128 0x12
 1169 00bf 06       		.uleb128 0x6
 1170 00c0 40       		.uleb128 0x40
 1171 00c1 18       		.uleb128 0x18
 1172 00c2 9742     		.uleb128 0x2117
ARM GAS  C:\Users\diego\AppData\Local\Temp\cclnlYih.s 			page 28


 1173 00c4 19       		.uleb128 0x19
 1174 00c5 01       		.uleb128 0x1
 1175 00c6 13       		.uleb128 0x13
 1176 00c7 00       		.byte	0
 1177 00c8 00       		.byte	0
 1178 00c9 10       		.uleb128 0x10
 1179 00ca 34       		.uleb128 0x34
 1180 00cb 00       		.byte	0
 1181 00cc 03       		.uleb128 0x3
 1182 00cd 08       		.uleb128 0x8
 1183 00ce 3A       		.uleb128 0x3a
 1184 00cf 0B       		.uleb128 0xb
 1185 00d0 3B       		.uleb128 0x3b
 1186 00d1 0B       		.uleb128 0xb
 1187 00d2 49       		.uleb128 0x49
 1188 00d3 13       		.uleb128 0x13
 1189 00d4 02       		.uleb128 0x2
 1190 00d5 18       		.uleb128 0x18
 1191 00d6 00       		.byte	0
 1192 00d7 00       		.byte	0
 1193 00d8 11       		.uleb128 0x11
 1194 00d9 0B       		.uleb128 0xb
 1195 00da 01       		.byte	0x1
 1196 00db 11       		.uleb128 0x11
 1197 00dc 01       		.uleb128 0x1
 1198 00dd 12       		.uleb128 0x12
 1199 00de 06       		.uleb128 0x6
 1200 00df 00       		.byte	0
 1201 00e0 00       		.byte	0
 1202 00e1 12       		.uleb128 0x12
 1203 00e2 34       		.uleb128 0x34
 1204 00e3 00       		.byte	0
 1205 00e4 03       		.uleb128 0x3
 1206 00e5 0E       		.uleb128 0xe
 1207 00e6 3A       		.uleb128 0x3a
 1208 00e7 0B       		.uleb128 0xb
 1209 00e8 3B       		.uleb128 0x3b
 1210 00e9 0B       		.uleb128 0xb
 1211 00ea 49       		.uleb128 0x49
 1212 00eb 13       		.uleb128 0x13
 1213 00ec 02       		.uleb128 0x2
 1214 00ed 18       		.uleb128 0x18
 1215 00ee 00       		.byte	0
 1216 00ef 00       		.byte	0
 1217 00f0 13       		.uleb128 0x13
 1218 00f1 26       		.uleb128 0x26
 1219 00f2 00       		.byte	0
 1220 00f3 49       		.uleb128 0x49
 1221 00f4 13       		.uleb128 0x13
 1222 00f5 00       		.byte	0
 1223 00f6 00       		.byte	0
 1224 00f7 14       		.uleb128 0x14
 1225 00f8 2E       		.uleb128 0x2e
 1226 00f9 00       		.byte	0
 1227 00fa 03       		.uleb128 0x3
 1228 00fb 0E       		.uleb128 0xe
 1229 00fc 3A       		.uleb128 0x3a
ARM GAS  C:\Users\diego\AppData\Local\Temp\cclnlYih.s 			page 29


 1230 00fd 0B       		.uleb128 0xb
 1231 00fe 3B       		.uleb128 0x3b
 1232 00ff 0B       		.uleb128 0xb
 1233 0100 27       		.uleb128 0x27
 1234 0101 19       		.uleb128 0x19
 1235 0102 11       		.uleb128 0x11
 1236 0103 01       		.uleb128 0x1
 1237 0104 12       		.uleb128 0x12
 1238 0105 06       		.uleb128 0x6
 1239 0106 40       		.uleb128 0x40
 1240 0107 18       		.uleb128 0x18
 1241 0108 9642     		.uleb128 0x2116
 1242 010a 19       		.uleb128 0x19
 1243 010b 00       		.byte	0
 1244 010c 00       		.byte	0
 1245 010d 15       		.uleb128 0x15
 1246 010e 2E       		.uleb128 0x2e
 1247 010f 00       		.byte	0
 1248 0110 03       		.uleb128 0x3
 1249 0111 0E       		.uleb128 0xe
 1250 0112 3A       		.uleb128 0x3a
 1251 0113 0B       		.uleb128 0xb
 1252 0114 3B       		.uleb128 0x3b
 1253 0115 05       		.uleb128 0x5
 1254 0116 27       		.uleb128 0x27
 1255 0117 19       		.uleb128 0x19
 1256 0118 11       		.uleb128 0x11
 1257 0119 01       		.uleb128 0x1
 1258 011a 12       		.uleb128 0x12
 1259 011b 06       		.uleb128 0x6
 1260 011c 40       		.uleb128 0x40
 1261 011d 18       		.uleb128 0x18
 1262 011e 9742     		.uleb128 0x2117
 1263 0120 19       		.uleb128 0x19
 1264 0121 00       		.byte	0
 1265 0122 00       		.byte	0
 1266 0123 16       		.uleb128 0x16
 1267 0124 2E       		.uleb128 0x2e
 1268 0125 01       		.byte	0x1
 1269 0126 3F       		.uleb128 0x3f
 1270 0127 19       		.uleb128 0x19
 1271 0128 03       		.uleb128 0x3
 1272 0129 0E       		.uleb128 0xe
 1273 012a 3A       		.uleb128 0x3a
 1274 012b 0B       		.uleb128 0xb
 1275 012c 3B       		.uleb128 0x3b
 1276 012d 05       		.uleb128 0x5
 1277 012e 27       		.uleb128 0x27
 1278 012f 19       		.uleb128 0x19
 1279 0130 11       		.uleb128 0x11
 1280 0131 01       		.uleb128 0x1
 1281 0132 12       		.uleb128 0x12
 1282 0133 06       		.uleb128 0x6
 1283 0134 40       		.uleb128 0x40
 1284 0135 18       		.uleb128 0x18
 1285 0136 9642     		.uleb128 0x2116
 1286 0138 19       		.uleb128 0x19
ARM GAS  C:\Users\diego\AppData\Local\Temp\cclnlYih.s 			page 30


 1287 0139 01       		.uleb128 0x1
 1288 013a 13       		.uleb128 0x13
 1289 013b 00       		.byte	0
 1290 013c 00       		.byte	0
 1291 013d 17       		.uleb128 0x17
 1292 013e 34       		.uleb128 0x34
 1293 013f 00       		.byte	0
 1294 0140 03       		.uleb128 0x3
 1295 0141 0E       		.uleb128 0xe
 1296 0142 3A       		.uleb128 0x3a
 1297 0143 0B       		.uleb128 0xb
 1298 0144 3B       		.uleb128 0x3b
 1299 0145 05       		.uleb128 0x5
 1300 0146 49       		.uleb128 0x49
 1301 0147 13       		.uleb128 0x13
 1302 0148 02       		.uleb128 0x2
 1303 0149 18       		.uleb128 0x18
 1304 014a 00       		.byte	0
 1305 014b 00       		.byte	0
 1306 014c 18       		.uleb128 0x18
 1307 014d 13       		.uleb128 0x13
 1308 014e 01       		.byte	0x1
 1309 014f 0B       		.uleb128 0xb
 1310 0150 0B       		.uleb128 0xb
 1311 0151 3A       		.uleb128 0x3a
 1312 0152 0B       		.uleb128 0xb
 1313 0153 3B       		.uleb128 0x3b
 1314 0154 05       		.uleb128 0x5
 1315 0155 01       		.uleb128 0x1
 1316 0156 13       		.uleb128 0x13
 1317 0157 00       		.byte	0
 1318 0158 00       		.byte	0
 1319 0159 19       		.uleb128 0x19
 1320 015a 0D       		.uleb128 0xd
 1321 015b 00       		.byte	0
 1322 015c 03       		.uleb128 0x3
 1323 015d 0E       		.uleb128 0xe
 1324 015e 3A       		.uleb128 0x3a
 1325 015f 0B       		.uleb128 0xb
 1326 0160 3B       		.uleb128 0x3b
 1327 0161 05       		.uleb128 0x5
 1328 0162 49       		.uleb128 0x49
 1329 0163 13       		.uleb128 0x13
 1330 0164 38       		.uleb128 0x38
 1331 0165 0B       		.uleb128 0xb
 1332 0166 00       		.byte	0
 1333 0167 00       		.byte	0
 1334 0168 1A       		.uleb128 0x1a
 1335 0169 01       		.uleb128 0x1
 1336 016a 01       		.byte	0x1
 1337 016b 49       		.uleb128 0x49
 1338 016c 13       		.uleb128 0x13
 1339 016d 01       		.uleb128 0x1
 1340 016e 13       		.uleb128 0x13
 1341 016f 00       		.byte	0
 1342 0170 00       		.byte	0
 1343 0171 1B       		.uleb128 0x1b
ARM GAS  C:\Users\diego\AppData\Local\Temp\cclnlYih.s 			page 31


 1344 0172 21       		.uleb128 0x21
 1345 0173 00       		.byte	0
 1346 0174 49       		.uleb128 0x49
 1347 0175 13       		.uleb128 0x13
 1348 0176 2F       		.uleb128 0x2f
 1349 0177 0B       		.uleb128 0xb
 1350 0178 00       		.byte	0
 1351 0179 00       		.byte	0
 1352 017a 1C       		.uleb128 0x1c
 1353 017b 34       		.uleb128 0x34
 1354 017c 00       		.byte	0
 1355 017d 03       		.uleb128 0x3
 1356 017e 08       		.uleb128 0x8
 1357 017f 3A       		.uleb128 0x3a
 1358 0180 0B       		.uleb128 0xb
 1359 0181 3B       		.uleb128 0x3b
 1360 0182 05       		.uleb128 0x5
 1361 0183 49       		.uleb128 0x49
 1362 0184 13       		.uleb128 0x13
 1363 0185 02       		.uleb128 0x2
 1364 0186 18       		.uleb128 0x18
 1365 0187 00       		.byte	0
 1366 0188 00       		.byte	0
 1367 0189 00       		.byte	0
 1368              		.section	.debug_aranges,"",%progbits
 1369 0000 4C000000 		.4byte	0x4c
 1370 0004 0200     		.2byte	0x2
 1371 0006 00000000 		.4byte	.Ldebug_info0
 1372 000a 04       		.byte	0x4
 1373 000b 00       		.byte	0
 1374 000c 0000     		.2byte	0
 1375 000e 0000     		.2byte	0
 1376 0010 00000000 		.4byte	.LFB0
 1377 0014 1E000000 		.4byte	.LFE0-.LFB0
 1378 0018 00000000 		.4byte	.LFB1
 1379 001c 20000000 		.4byte	.LFE1-.LFB1
 1380 0020 00000000 		.4byte	.LFB2
 1381 0024 20000000 		.4byte	.LFE2-.LFB2
 1382 0028 00000000 		.4byte	.LFB3
 1383 002c 82000000 		.4byte	.LFE3-.LFB3
 1384 0030 00000000 		.4byte	.LFB4
 1385 0034 74000000 		.4byte	.LFE4-.LFB4
 1386 0038 00000000 		.4byte	.LFB5
 1387 003c 0A000000 		.4byte	.LFE5-.LFB5
 1388 0040 74000000 		.4byte	.LFB6
 1389 0044 F8000000 		.4byte	.LFE6-.LFB6
 1390 0048 00000000 		.4byte	0
 1391 004c 00000000 		.4byte	0
 1392              		.section	.debug_ranges,"",%progbits
 1393              	.Ldebug_ranges0:
 1394 0000 00000000 		.4byte	.LFB0
 1395 0004 1E000000 		.4byte	.LFE0
 1396 0008 00000000 		.4byte	.LFB1
 1397 000c 20000000 		.4byte	.LFE1
 1398 0010 00000000 		.4byte	.LFB2
 1399 0014 20000000 		.4byte	.LFE2
 1400 0018 00000000 		.4byte	.LFB3
ARM GAS  C:\Users\diego\AppData\Local\Temp\cclnlYih.s 			page 32


 1401 001c 82000000 		.4byte	.LFE3
 1402 0020 00000000 		.4byte	.LFB4
 1403 0024 74000000 		.4byte	.LFE4
 1404 0028 00000000 		.4byte	.LFB5
 1405 002c 0A000000 		.4byte	.LFE5
 1406 0030 74000000 		.4byte	.LFB6
 1407 0034 6C010000 		.4byte	.LFE6
 1408 0038 00000000 		.4byte	0
 1409 003c 00000000 		.4byte	0
 1410              		.section	.debug_line,"",%progbits
 1411              	.Ldebug_line0:
 1412 0000 87010000 		.section	.debug_str,"MS",%progbits,1
 1412      0200CB00 
 1412      00000201 
 1412      FB0E0D00 
 1412      01010101 
 1413              	.LASF19:
 1414 0000 72656733 		.ascii	"reg32\000"
 1414      3200
 1415              	.LASF12:
 1416 0006 73697A65 		.ascii	"size_t\000"
 1416      5F7400
 1417              	.LASF33:
 1418 000d 416E616C 		.ascii	"AnalogSetDefault\000"
 1418      6F675365 
 1418      74446566 
 1418      61756C74 
 1418      00
 1419              	.LASF21:
 1420 001e 76616C75 		.ascii	"value\000"
 1420      6500
 1421              	.LASF31:
 1422 0024 636F756E 		.ascii	"count\000"
 1422      7400
 1423              	.LASF32:
 1424 002a 436C6F63 		.ascii	"ClockSetup\000"
 1424      6B536574 
 1424      757000
 1425              	.LASF34:
 1426 0035 63795F63 		.ascii	"cy_cfg_addr_table\000"
 1426      66675F61 
 1426      6464725F 
 1426      7461626C 
 1426      6500
 1427              	.LASF35:
 1428 0047 63795F63 		.ascii	"cy_cfg_data_table\000"
 1428      66675F64 
 1428      6174615F 
 1428      7461626C 
 1428      6500
 1429              	.LASF16:
 1430 0059 666C6F61 		.ascii	"float\000"
 1430      7400
 1431              	.LASF25:
 1432 005f 64657374 		.ascii	"dest\000"
 1432      00
 1433              	.LASF39:
ARM GAS  C:\Users\diego\AppData\Local\Temp\cclnlYih.s 			page 33


 1434 0064 6366675F 		.ascii	"cfg_memset_list\000"
 1434      6D656D73 
 1434      65745F6C 
 1434      69737400 
 1435              	.LASF37:
 1436 0074 73697A65 		.ascii	"size\000"
 1436      00
 1437              	.LASF18:
 1438 0079 72656738 		.ascii	"reg8\000"
 1438      00
 1439              	.LASF42:
 1440 007e 433A5C55 		.ascii	"C:\\Users\\diego\\OneDrive\\Documents\\TEC\\2018\\L"
 1440      73657273 
 1440      5C646965 
 1440      676F5C4F 
 1440      6E654472 
 1441 00aa 61622043 		.ascii	"ab Control Automatico\\ControlPsoc\\Empiric_Model\\"
 1441      6F6E7472 
 1441      6F6C2041 
 1441      75746F6D 
 1441      61746963 
 1442 00da 50574D45 		.ascii	"PWMExample01.cydsn\000"
 1442      78616D70 
 1442      6C653031 
 1442      2E637964 
 1442      736E00
 1443              	.LASF8:
 1444 00ed 6C6F6E67 		.ascii	"long unsigned int\000"
 1444      20756E73 
 1444      69676E65 
 1444      6420696E 
 1444      7400
 1445              	.LASF13:
 1446 00ff 75696E74 		.ascii	"uint8\000"
 1446      3800
 1447              	.LASF23:
 1448 0105 43594D45 		.ascii	"CYMEMZERO\000"
 1448      4D5A4552 
 1448      4F00
 1449              	.LASF40:
 1450 010f 474E5520 		.ascii	"GNU C11 5.4.1 20160609 (release) [ARM/embedded-5-br"
 1450      43313120 
 1450      352E342E 
 1450      31203230 
 1450      31363036 
 1451 0142 616E6368 		.ascii	"anch revision 237715] -mcpu=cortex-m0 -mthumb -g -O"
 1451      20726576 
 1451      6973696F 
 1451      6E203233 
 1451      37373135 
 1452 0175 30202D66 		.ascii	"0 -ffunction-sections -ffat-lto-objects\000"
 1452      66756E63 
 1452      74696F6E 
 1452      2D736563 
 1452      74696F6E 
 1453              	.LASF4:
 1454 019d 756E7369 		.ascii	"unsigned char\000"
ARM GAS  C:\Users\diego\AppData\Local\Temp\cclnlYih.s 			page 34


 1454      676E6564 
 1454      20636861 
 1454      7200
 1455              	.LASF17:
 1456 01ab 646F7562 		.ascii	"double\000"
 1456      6C6500
 1457              	.LASF27:
 1458 01b2 6366675F 		.ascii	"cfg_write_bytes32\000"
 1458      77726974 
 1458      655F6279 
 1458      74657333 
 1458      3200
 1459              	.LASF43:
 1460 01c4 63796669 		.ascii	"cyfitter_cfg\000"
 1460      74746572 
 1460      5F636667 
 1460      00
 1461              	.LASF28:
 1462 01d1 61646472 		.ascii	"addr_table\000"
 1462      5F746162 
 1462      6C6500
 1463              	.LASF14:
 1464 01dc 75696E74 		.ascii	"uint16\000"
 1464      313600
 1465              	.LASF29:
 1466 01e3 64617461 		.ascii	"data_table\000"
 1466      5F746162 
 1466      6C6500
 1467              	.LASF15:
 1468 01ee 75696E74 		.ascii	"uint32\000"
 1468      333200
 1469              	.LASF0:
 1470 01f5 756E7369 		.ascii	"unsigned int\000"
 1470      676E6564 
 1470      20696E74 
 1470      00
 1471              	.LASF36:
 1472 0202 61646472 		.ascii	"address\000"
 1472      65737300 
 1473              	.LASF9:
 1474 020a 6C6F6E67 		.ascii	"long long unsigned int\000"
 1474      206C6F6E 
 1474      6720756E 
 1474      7369676E 
 1474      65642069 
 1475              	.LASF38:
 1476 0221 6366675F 		.ascii	"cfg_memset_t\000"
 1476      6D656D73 
 1476      65745F74 
 1476      00
 1477              	.LASF30:
 1478 022e 62617365 		.ascii	"baseAddr\000"
 1478      41646472 
 1478      00
 1479              	.LASF10:
 1480 0237 73697A65 		.ascii	"sizetype\000"
 1480      74797065 
ARM GAS  C:\Users\diego\AppData\Local\Temp\cclnlYih.s 			page 35


 1480      00
 1481              	.LASF6:
 1482 0240 73686F72 		.ascii	"short unsigned int\000"
 1482      7420756E 
 1482      7369676E 
 1482      65642069 
 1482      6E7400
 1483              	.LASF1:
 1484 0253 6C6F6E67 		.ascii	"long long int\000"
 1484      206C6F6E 
 1484      6720696E 
 1484      7400
 1485              	.LASF11:
 1486 0261 63686172 		.ascii	"char\000"
 1486      00
 1487              	.LASF22:
 1488 0266 63795F63 		.ascii	"cy_cfg_addrvalue_t\000"
 1488      66675F61 
 1488      64647276 
 1488      616C7565 
 1488      5F7400
 1489              	.LASF20:
 1490 0279 6F666673 		.ascii	"offset\000"
 1490      657400
 1491              	.LASF5:
 1492 0280 73686F72 		.ascii	"short int\000"
 1492      7420696E 
 1492      7400
 1493              	.LASF7:
 1494 028a 6C6F6E67 		.ascii	"long int\000"
 1494      20696E74 
 1494      00
 1495              	.LASF2:
 1496 0293 6C6F6E67 		.ascii	"long double\000"
 1496      20646F75 
 1496      626C6500 
 1497              	.LASF3:
 1498 029f 7369676E 		.ascii	"signed char\000"
 1498      65642063 
 1498      68617200 
 1499              	.LASF41:
 1500 02ab 47656E65 		.ascii	"Generated_Source\\PSoC4\\cyfitter_cfg.c\000"
 1500      72617465 
 1500      645F536F 
 1500      75726365 
 1500      5C50536F 
 1501              	.LASF26:
 1502 02d1 4359434F 		.ascii	"CYCONFIGCPYCODE\000"
 1502      4E464947 
 1502      43505943 
 1502      4F444500 
 1503              	.LASF24:
 1504 02e1 4359434F 		.ascii	"CYCONFIGCPY\000"
 1504      4E464947 
 1504      43505900 
 1505              		.ident	"GCC: (GNU Tools for ARM Embedded Processors) 5.4.1 20160609 (release) [ARM/embedded-5-bran
