ARM GAS  C:\Users\diego\AppData\Local\Temp\ccxmHoMt.s 			page 1


   1              		.syntax unified
   2              		.cpu cortex-m3
   3              		.fpu softvfp
   4              		.eabi_attribute 20, 1
   5              		.eabi_attribute 21, 1
   6              		.eabi_attribute 23, 3
   7              		.eabi_attribute 24, 1
   8              		.eabi_attribute 25, 1
   9              		.eabi_attribute 26, 1
  10              		.eabi_attribute 30, 1
  11              		.eabi_attribute 34, 1
  12              		.eabi_attribute 18, 4
  13              		.thumb
  14              		.syntax unified
  15              		.file	"cymetadata.c"
  16              		.text
  17              	.Ltext0:
  18              		.cfi_sections	.debug_frame
  19              		.global	cy_metadata
  20              		.global	cy_meta_flashprotect
  21              		.global	cy_meta_wonvl
  22              		.global	cy_meta_custnvl
  23              		.global	cy_meta_configecc
  24              		.section	.cyconfigecc,"a",%progbits
  25              		.align	2
  26              		.type	cy_meta_configecc, %object
  27              		.size	cy_meta_configecc, 2448
  28              	cy_meta_configecc:
  29 0000 02       		.byte	2
  30 0001 4F       		.byte	79
  31 0002 00       		.byte	0
  32 0003 40       		.byte	64
  33 0004 02       		.byte	2
  34 0005 52       		.byte	82
  35 0006 00       		.byte	0
  36 0007 40       		.byte	64
  37 0008 04       		.byte	4
  38 0009 64       		.byte	100
  39 000a 00       		.byte	0
  40 000b 40       		.byte	64
  41 000c 02       		.byte	2
  42 000d 65       		.byte	101
  43 000e 00       		.byte	0
  44 000f 40       		.byte	64
  45 0010 01       		.byte	1
  46 0011 01       		.byte	1
  47 0012 01       		.byte	1
  48 0013 40       		.byte	64
  49 0014 01       		.byte	1
  50 0015 03       		.byte	3
  51 0016 01       		.byte	1
  52 0017 40       		.byte	64
  53 0018 62       		.byte	98
  54 0019 04       		.byte	4
  55 001a 01       		.byte	1
  56 001b 40       		.byte	64
  57 001c 3B       		.byte	59
ARM GAS  C:\Users\diego\AppData\Local\Temp\ccxmHoMt.s 			page 2


  58 001d 05       		.byte	5
  59 001e 01       		.byte	1
  60 001f 40       		.byte	64
  61 0020 08       		.byte	8
  62 0021 07       		.byte	7
  63 0022 01       		.byte	1
  64 0023 40       		.byte	64
  65 0024 68       		.byte	104
  66 0025 08       		.byte	8
  67 0026 01       		.byte	1
  68 0027 40       		.byte	64
  69 0028 4D       		.byte	77
  70 0029 09       		.byte	9
  71 002a 01       		.byte	1
  72 002b 40       		.byte	64
  73 002c 55       		.byte	85
  74 002d 0A       		.byte	10
  75 002e 01       		.byte	1
  76 002f 40       		.byte	64
  77 0030 50       		.byte	80
  78 0031 0B       		.byte	11
  79 0032 01       		.byte	1
  80 0033 40       		.byte	64
  81 0034 44       		.byte	68
  82 0035 0C       		.byte	12
  83 0036 01       		.byte	1
  84 0037 40       		.byte	64
  85 0038 3F       		.byte	63
  86 0039 0D       		.byte	13
  87 003a 01       		.byte	1
  88 003b 40       		.byte	64
  89 003c 52       		.byte	82
  90 003d 0E       		.byte	14
  91 003e 01       		.byte	1
  92 003f 40       		.byte	64
  93 0040 30       		.byte	48
  94 0041 0F       		.byte	15
  95 0042 01       		.byte	1
  96 0043 40       		.byte	64
  97 0044 01       		.byte	1
  98 0045 15       		.byte	21
  99 0046 01       		.byte	1
 100 0047 40       		.byte	64
 101 0048 43       		.byte	67
 102 0049 18       		.byte	24
 103 004a 01       		.byte	1
 104 004b 40       		.byte	64
 105 004c 42       		.byte	66
 106 004d 19       		.byte	25
 107 004e 01       		.byte	1
 108 004f 40       		.byte	64
 109 0050 60       		.byte	96
 110 0051 1A       		.byte	26
 111 0052 01       		.byte	1
 112 0053 40       		.byte	64
 113 0054 3C       		.byte	60
 114 0055 1B       		.byte	27
ARM GAS  C:\Users\diego\AppData\Local\Temp\ccxmHoMt.s 			page 3


 115 0056 01       		.byte	1
 116 0057 40       		.byte	64
 117 0058 02       		.byte	2
 118 0059 40       		.byte	64
 119 005a 01       		.byte	1
 120 005b 40       		.byte	64
 121 005c 03       		.byte	3
 122 005d 41       		.byte	65
 123 005e 01       		.byte	1
 124 005f 40       		.byte	64
 125 0060 05       		.byte	5
 126 0061 42       		.byte	66
 127 0062 01       		.byte	1
 128 0063 40       		.byte	64
 129 0064 04       		.byte	4
 130 0065 43       		.byte	67
 131 0066 01       		.byte	1
 132 0067 40       		.byte	64
 133 0068 02       		.byte	2
 134 0069 44       		.byte	68
 135 006a 01       		.byte	1
 136 006b 40       		.byte	64
 137 006c 06       		.byte	6
 138 006d 45       		.byte	69
 139 006e 01       		.byte	1
 140 006f 40       		.byte	64
 141 0070 04       		.byte	4
 142 0071 46       		.byte	70
 143 0072 01       		.byte	1
 144 0073 40       		.byte	64
 145 0074 03       		.byte	3
 146 0075 47       		.byte	71
 147 0076 01       		.byte	1
 148 0077 40       		.byte	64
 149 0078 02       		.byte	2
 150 0079 48       		.byte	72
 151 007a 01       		.byte	1
 152 007b 40       		.byte	64
 153 007c 01       		.byte	1
 154 007d 49       		.byte	73
 155 007e 01       		.byte	1
 156 007f 40       		.byte	64
 157 0080 06       		.byte	6
 158 0081 4C       		.byte	76
 159 0082 01       		.byte	1
 160 0083 40       		.byte	64
 161 0084 07       		.byte	7
 162 0085 4D       		.byte	77
 163 0086 01       		.byte	1
 164 0087 40       		.byte	64
 165 0088 06       		.byte	6
 166 0089 50       		.byte	80
 167 008a 01       		.byte	1
 168 008b 40       		.byte	64
 169 008c 01       		.byte	1
 170 008d 51       		.byte	81
 171 008e 01       		.byte	1
ARM GAS  C:\Users\diego\AppData\Local\Temp\ccxmHoMt.s 			page 4


 172 008f 40       		.byte	64
 173 0090 01       		.byte	1
 174 0091 10       		.byte	16
 175 0092 0A       		.byte	10
 176 0093 1B       		.byte	27
 177 0094 01       		.byte	1
 178 0095 02       		.byte	2
 179 0096 29       		.byte	41
 180 0097 04       		.byte	4
 181 0098 84       		.byte	-124
 182 0099 6F       		.byte	111
 183 009a 8A       		.byte	-118
 184 009b 6F       		.byte	111
 185 009c 8C       		.byte	-116
 186 009d 0F       		.byte	15
 187 009e 8F       		.byte	-113
 188 009f 0F       		.byte	15
 189 00a0 89       		.byte	-119
 190 00a1 0F       		.byte	15
 191 00a2 8B       		.byte	-117
 192 00a3 0D       		.byte	13
 193 00a4 8C       		.byte	-116
 194 00a5 20       		.byte	32
 195 00a6 98       		.byte	-104
 196 00a7 20       		.byte	32
 197 00a8 03       		.byte	3
 198 00a9 01       		.byte	1
 199 00aa 04       		.byte	4
 200 00ab CE       		.byte	-50
 201 00ac 05       		.byte	5
 202 00ad 16       		.byte	22
 203 00ae 06       		.byte	6
 204 00af 30       		.byte	48
 205 00b0 07       		.byte	7
 206 00b1 08       		.byte	8
 207 00b2 09       		.byte	9
 208 00b3 18       		.byte	24
 209 00b4 0B       		.byte	11
 210 00b5 02       		.byte	2
 211 00b6 0C       		.byte	12
 212 00b7 7B       		.byte	123
 213 00b8 0D       		.byte	13
 214 00b9 10       		.byte	16
 215 00ba 0F       		.byte	15
 216 00bb 02       		.byte	2
 217 00bc 11       		.byte	17
 218 00bd 18       		.byte	24
 219 00be 13       		.byte	19
 220 00bf 04       		.byte	4
 221 00c0 14       		.byte	20
 222 00c1 30       		.byte	48
 223 00c2 15       		.byte	21
 224 00c3 01       		.byte	1
 225 00c4 16       		.byte	22
 226 00c5 C0       		.byte	-64
 227 00c6 19       		.byte	25
 228 00c7 20       		.byte	32
ARM GAS  C:\Users\diego\AppData\Local\Temp\ccxmHoMt.s 			page 5


 229 00c8 1A       		.byte	26
 230 00c9 08       		.byte	8
 231 00ca 1C       		.byte	28
 232 00cb 9E       		.byte	-98
 233 00cc 1D       		.byte	29
 234 00cd 20       		.byte	32
 235 00ce 1E       		.byte	30
 236 00cf 60       		.byte	96
 237 00d0 21       		.byte	33
 238 00d1 2E       		.byte	46
 239 00d2 24       		.byte	36
 240 00d3 90       		.byte	-112
 241 00d4 26       		.byte	38
 242 00d5 60       		.byte	96
 243 00d6 28       		.byte	40
 244 00d7 F5       		.byte	-11
 245 00d8 2A       		.byte	42
 246 00d9 08       		.byte	8
 247 00da 2B       		.byte	43
 248 00db 41       		.byte	65
 249 00dc 2F       		.byte	47
 250 00dd 1E       		.byte	30
 251 00de 30       		.byte	48
 252 00df 07       		.byte	7
 253 00e0 31       		.byte	49
 254 00e1 1E       		.byte	30
 255 00e2 33       		.byte	51
 256 00e3 40       		.byte	64
 257 00e4 34       		.byte	52
 258 00e5 F8       		.byte	-8
 259 00e6 35       		.byte	53
 260 00e7 01       		.byte	1
 261 00e8 37       		.byte	55
 262 00e9 20       		.byte	32
 263 00ea 38       		.byte	56
 264 00eb 02       		.byte	2
 265 00ec 39       		.byte	57
 266 00ed 80       		.byte	-128
 267 00ee 3F       		.byte	63
 268 00ef 50       		.byte	80
 269 00f0 40       		.byte	64
 270 00f1 21       		.byte	33
 271 00f2 41       		.byte	65
 272 00f3 03       		.byte	3
 273 00f4 49       		.byte	73
 274 00f5 FF       		.byte	-1
 275 00f6 4A       		.byte	74
 276 00f7 FF       		.byte	-1
 277 00f8 4B       		.byte	75
 278 00f9 FF       		.byte	-1
 279 00fa 4D       		.byte	77
 280 00fb A0       		.byte	-96
 281 00fc 4F       		.byte	79
 282 00fd 01       		.byte	1
 283 00fe 50       		.byte	80
 284 00ff 18       		.byte	24
 285 0100 52       		.byte	82
ARM GAS  C:\Users\diego\AppData\Local\Temp\ccxmHoMt.s 			page 6


 286 0101 80       		.byte	-128
 287 0102 54       		.byte	84
 288 0103 0F       		.byte	15
 289 0104 58       		.byte	88
 290 0105 04       		.byte	4
 291 0106 59       		.byte	89
 292 0107 04       		.byte	4
 293 0108 5A       		.byte	90
 294 0109 04       		.byte	4
 295 010a 5B       		.byte	91
 296 010b 04       		.byte	4
 297 010c 5C       		.byte	92
 298 010d 44       		.byte	68
 299 010e 5D       		.byte	93
 300 010f 44       		.byte	68
 301 0110 5F       		.byte	95
 302 0111 05       		.byte	5
 303 0112 60       		.byte	96
 304 0113 40       		.byte	64
 305 0114 62       		.byte	98
 306 0115 80       		.byte	-128
 307 0116 64       		.byte	100
 308 0117 40       		.byte	64
 309 0118 65       		.byte	101
 310 0119 40       		.byte	64
 311 011a 66       		.byte	102
 312 011b 80       		.byte	-128
 313 011c 68       		.byte	104
 314 011d 40       		.byte	64
 315 011e 6A       		.byte	106
 316 011f 80       		.byte	-128
 317 0120 6C       		.byte	108
 318 0121 40       		.byte	64
 319 0122 6D       		.byte	109
 320 0123 20       		.byte	32
 321 0124 6E       		.byte	110
 322 0125 80       		.byte	-128
 323 0126 9A       		.byte	-102
 324 0127 01       		.byte	1
 325 0128 A1       		.byte	-95
 326 0129 01       		.byte	1
 327 012a A7       		.byte	-89
 328 012b 01       		.byte	1
 329 012c B5       		.byte	-75
 330 012d 01       		.byte	1
 331 012e B6       		.byte	-74
 332 012f 01       		.byte	1
 333 0130 BF       		.byte	-65
 334 0131 10       		.byte	16
 335 0132 C0       		.byte	-64
 336 0133 21       		.byte	33
 337 0134 C1       		.byte	-63
 338 0135 03       		.byte	3
 339 0136 C5       		.byte	-59
 340 0137 23       		.byte	35
 341 0138 C6       		.byte	-58
 342 0139 E0       		.byte	-32
ARM GAS  C:\Users\diego\AppData\Local\Temp\ccxmHoMt.s 			page 7


 343 013a C7       		.byte	-57
 344 013b 4C       		.byte	76
 345 013c C8       		.byte	-56
 346 013d 3B       		.byte	59
 347 013e C9       		.byte	-55
 348 013f FF       		.byte	-1
 349 0140 CA       		.byte	-54
 350 0141 FF       		.byte	-1
 351 0142 CB       		.byte	-53
 352 0143 FF       		.byte	-1
 353 0144 CD       		.byte	-51
 354 0145 AF       		.byte	-81
 355 0146 CE       		.byte	-50
 356 0147 07       		.byte	7
 357 0148 CF       		.byte	-49
 358 0149 01       		.byte	1
 359 014a D0       		.byte	-48
 360 014b 18       		.byte	24
 361 014c D8       		.byte	-40
 362 014d 04       		.byte	4
 363 014e D9       		.byte	-39
 364 014f 04       		.byte	4
 365 0150 DA       		.byte	-38
 366 0151 04       		.byte	4
 367 0152 DC       		.byte	-36
 368 0153 04       		.byte	4
 369 0154 DD       		.byte	-35
 370 0155 04       		.byte	4
 371 0156 DF       		.byte	-33
 372 0157 01       		.byte	1
 373 0158 E0       		.byte	-32
 374 0159 40       		.byte	64
 375 015a E2       		.byte	-30
 376 015b 80       		.byte	-128
 377 015c E4       		.byte	-28
 378 015d 40       		.byte	64
 379 015e E5       		.byte	-27
 380 015f 40       		.byte	64
 381 0160 E6       		.byte	-26
 382 0161 80       		.byte	-128
 383 0162 E8       		.byte	-24
 384 0163 40       		.byte	64
 385 0164 EA       		.byte	-22
 386 0165 80       		.byte	-128
 387 0166 EC       		.byte	-20
 388 0167 40       		.byte	64
 389 0168 ED       		.byte	-19
 390 0169 20       		.byte	32
 391 016a EE       		.byte	-18
 392 016b 80       		.byte	-128
 393 016c 00       		.byte	0
 394 016d 40       		.byte	64
 395 016e 02       		.byte	2
 396 016f 10       		.byte	16
 397 0170 0A       		.byte	10
 398 0171 16       		.byte	22
 399 0172 0C       		.byte	12
ARM GAS  C:\Users\diego\AppData\Local\Temp\ccxmHoMt.s 			page 8


 400 0173 20       		.byte	32
 401 0174 11       		.byte	17
 402 0175 08       		.byte	8
 403 0176 12       		.byte	18
 404 0177 04       		.byte	4
 405 0178 18       		.byte	24
 406 0179 40       		.byte	64
 407 017a 19       		.byte	25
 408 017b 11       		.byte	17
 409 017c 1A       		.byte	26
 410 017d 04       		.byte	4
 411 017e 1B       		.byte	27
 412 017f 01       		.byte	1
 413 0180 1F       		.byte	31
 414 0181 80       		.byte	-128
 415 0182 20       		.byte	32
 416 0183 04       		.byte	4
 417 0184 21       		.byte	33
 418 0185 A8       		.byte	-88
 419 0186 22       		.byte	34
 420 0187 01       		.byte	1
 421 0188 27       		.byte	39
 422 0189 04       		.byte	4
 423 018a 29       		.byte	41
 424 018b 91       		.byte	-111
 425 018c 2C       		.byte	44
 426 018d 20       		.byte	32
 427 018e 2F       		.byte	47
 428 018f 80       		.byte	-128
 429 0190 30       		.byte	48
 430 0191 20       		.byte	32
 431 0192 31       		.byte	49
 432 0193 08       		.byte	8
 433 0194 32       		.byte	50
 434 0195 41       		.byte	65
 435 0196 38       		.byte	56
 436 0197 02       		.byte	2
 437 0198 39       		.byte	57
 438 0199 80       		.byte	-128
 439 019a 3A       		.byte	58
 440 019b 14       		.byte	20
 441 019c 40       		.byte	64
 442 019d 24       		.byte	36
 443 019e 41       		.byte	65
 444 019f 80       		.byte	-128
 445 01a0 44       		.byte	68
 446 01a1 20       		.byte	32
 447 01a2 45       		.byte	69
 448 01a3 A0       		.byte	-96
 449 01a4 4C       		.byte	76
 450 01a5 20       		.byte	32
 451 01a6 4E       		.byte	78
 452 01a7 40       		.byte	64
 453 01a8 56       		.byte	86
 454 01a9 02       		.byte	2
 455 01aa 57       		.byte	87
 456 01ab 14       		.byte	20
ARM GAS  C:\Users\diego\AppData\Local\Temp\ccxmHoMt.s 			page 9


 457 01ac 58       		.byte	88
 458 01ad 40       		.byte	64
 459 01ae 59       		.byte	89
 460 01af 20       		.byte	32
 461 01b0 5A       		.byte	90
 462 01b1 01       		.byte	1
 463 01b2 5B       		.byte	91
 464 01b3 04       		.byte	4
 465 01b4 63       		.byte	99
 466 01b5 28       		.byte	40
 467 01b6 70       		.byte	112
 468 01b7 01       		.byte	1
 469 01b8 7B       		.byte	123
 470 01b9 01       		.byte	1
 471 01ba 81       		.byte	-127
 472 01bb 41       		.byte	65
 473 01bc 82       		.byte	-126
 474 01bd 10       		.byte	16
 475 01be 84       		.byte	-124
 476 01bf 40       		.byte	64
 477 01c0 86       		.byte	-122
 478 01c1 10       		.byte	16
 479 01c2 8A       		.byte	-118
 480 01c3 02       		.byte	2
 481 01c4 98       		.byte	-104
 482 01c5 20       		.byte	32
 483 01c6 C0       		.byte	-64
 484 01c7 05       		.byte	5
 485 01c8 C2       		.byte	-62
 486 01c9 47       		.byte	71
 487 01ca C4       		.byte	-60
 488 01cb 06       		.byte	6
 489 01cc CA       		.byte	-54
 490 01cd CD       		.byte	-51
 491 01ce CC       		.byte	-52
 492 01cf 0F       		.byte	15
 493 01d0 CE       		.byte	-50
 494 01d1 0F       		.byte	15
 495 01d2 D0       		.byte	-48
 496 01d3 7E       		.byte	126
 497 01d4 D6       		.byte	-42
 498 01d5 0F       		.byte	15
 499 01d6 D8       		.byte	-40
 500 01d7 06       		.byte	6
 501 01d8 DE       		.byte	-34
 502 01d9 08       		.byte	8
 503 01da E0       		.byte	-32
 504 01db 04       		.byte	4
 505 01dc E2       		.byte	-30
 506 01dd 03       		.byte	3
 507 01de E6       		.byte	-26
 508 01df 08       		.byte	8
 509 01e0 EE       		.byte	-18
 510 01e1 01       		.byte	1
 511 01e2 A9       		.byte	-87
 512 01e3 A4       		.byte	-92
 513 01e4 AA       		.byte	-86
ARM GAS  C:\Users\diego\AppData\Local\Temp\ccxmHoMt.s 			page 10


 514 01e5 44       		.byte	68
 515 01e6 AE       		.byte	-82
 516 01e7 01       		.byte	1
 517 01e8 B0       		.byte	-80
 518 01e9 20       		.byte	32
 519 01ea B2       		.byte	-78
 520 01eb 01       		.byte	1
 521 01ec E6       		.byte	-26
 522 01ed 08       		.byte	8
 523 01ee EA       		.byte	-22
 524 01ef 0D       		.byte	13
 525 01f0 EC       		.byte	-20
 526 01f1 01       		.byte	1
 527 01f2 01       		.byte	1
 528 01f3 08       		.byte	8
 529 01f4 03       		.byte	3
 530 01f5 01       		.byte	1
 531 01f6 08       		.byte	8
 532 01f7 11       		.byte	17
 533 01f8 09       		.byte	9
 534 01f9 0C       		.byte	12
 535 01fa 0A       		.byte	10
 536 01fb 06       		.byte	6
 537 01fc 0B       		.byte	11
 538 01fd 01       		.byte	1
 539 01fe 0D       		.byte	13
 540 01ff 0B       		.byte	11
 541 0200 0E       		.byte	14
 542 0201 08       		.byte	8
 543 0202 0F       		.byte	15
 544 0203 04       		.byte	4
 545 0204 16       		.byte	22
 546 0205 0C       		.byte	12
 547 0206 18       		.byte	24
 548 0207 0C       		.byte	12
 549 0208 19       		.byte	25
 550 0209 0C       		.byte	12
 551 020a 1A       		.byte	26
 552 020b 13       		.byte	19
 553 020c 1B       		.byte	27
 554 020d 02       		.byte	2
 555 020e 20       		.byte	32
 556 020f 11       		.byte	17
 557 0210 22       		.byte	34
 558 0211 0E       		.byte	14
 559 0212 23       		.byte	35
 560 0213 0F       		.byte	15
 561 0214 28       		.byte	40
 562 0215 20       		.byte	32
 563 0216 29       		.byte	41
 564 0217 07       		.byte	7
 565 0218 2A       		.byte	42
 566 0219 03       		.byte	3
 567 021a 32       		.byte	50
 568 021b 30       		.byte	48
 569 021c 34       		.byte	52
 570 021d 0F       		.byte	15
ARM GAS  C:\Users\diego\AppData\Local\Temp\ccxmHoMt.s 			page 11


 571 021e 35       		.byte	53
 572 021f 0F       		.byte	15
 573 0220 38       		.byte	56
 574 0221 08       		.byte	8
 575 0222 39       		.byte	57
 576 0223 80       		.byte	-128
 577 0224 3A       		.byte	58
 578 0225 20       		.byte	32
 579 0226 3F       		.byte	63
 580 0227 40       		.byte	64
 581 0228 40       		.byte	64
 582 0229 62       		.byte	98
 583 022a 41       		.byte	65
 584 022b 03       		.byte	3
 585 022c 49       		.byte	73
 586 022d FF       		.byte	-1
 587 022e 4A       		.byte	74
 588 022f FF       		.byte	-1
 589 0230 4B       		.byte	75
 590 0231 FF       		.byte	-1
 591 0232 4D       		.byte	77
 592 0233 A0       		.byte	-96
 593 0234 4F       		.byte	79
 594 0235 01       		.byte	1
 595 0236 50       		.byte	80
 596 0237 18       		.byte	24
 597 0238 58       		.byte	88
 598 0239 04       		.byte	4
 599 023a 59       		.byte	89
 600 023b 04       		.byte	4
 601 023c 5A       		.byte	90
 602 023d 04       		.byte	4
 603 023e 5C       		.byte	92
 604 023f 32       		.byte	50
 605 0240 5D       		.byte	93
 606 0241 03       		.byte	3
 607 0242 5F       		.byte	95
 608 0243 01       		.byte	1
 609 0244 60       		.byte	96
 610 0245 40       		.byte	64
 611 0246 62       		.byte	98
 612 0247 80       		.byte	-128
 613 0248 64       		.byte	100
 614 0249 40       		.byte	64
 615 024a 65       		.byte	101
 616 024b 40       		.byte	64
 617 024c 66       		.byte	102
 618 024d 80       		.byte	-128
 619 024e 68       		.byte	104
 620 024f 40       		.byte	64
 621 0250 6A       		.byte	106
 622 0251 80       		.byte	-128
 623 0252 6C       		.byte	108
 624 0253 40       		.byte	64
 625 0254 6D       		.byte	109
 626 0255 20       		.byte	32
 627 0256 6E       		.byte	110
ARM GAS  C:\Users\diego\AppData\Local\Temp\ccxmHoMt.s 			page 12


 628 0257 80       		.byte	-128
 629 0258 83       		.byte	-125
 630 0259 04       		.byte	4
 631 025a 85       		.byte	-123
 632 025b 01       		.byte	1
 633 025c 88       		.byte	-120
 634 025d 02       		.byte	2
 635 025e 8D       		.byte	-115
 636 025f 01       		.byte	1
 637 0260 8E       		.byte	-114
 638 0261 02       		.byte	2
 639 0262 92       		.byte	-110
 640 0263 02       		.byte	2
 641 0264 9B       		.byte	-101
 642 0265 02       		.byte	2
 643 0266 9E       		.byte	-98
 644 0267 08       		.byte	8
 645 0268 A2       		.byte	-94
 646 0269 01       		.byte	1
 647 026a A4       		.byte	-92
 648 026b 08       		.byte	8
 649 026c A9       		.byte	-87
 650 026d 01       		.byte	1
 651 026e AE       		.byte	-82
 652 026f 04       		.byte	4
 653 0270 B0       		.byte	-80
 654 0271 08       		.byte	8
 655 0272 B1       		.byte	-79
 656 0273 02       		.byte	2
 657 0274 B2       		.byte	-78
 658 0275 04       		.byte	4
 659 0276 B3       		.byte	-77
 660 0277 01       		.byte	1
 661 0278 B4       		.byte	-76
 662 0279 02       		.byte	2
 663 027a B5       		.byte	-75
 664 027b 04       		.byte	4
 665 027c B6       		.byte	-74
 666 027d 01       		.byte	1
 667 027e B9       		.byte	-71
 668 027f 08       		.byte	8
 669 0280 BE       		.byte	-66
 670 0281 11       		.byte	17
 671 0282 BF       		.byte	-65
 672 0283 04       		.byte	4
 673 0284 C0       		.byte	-64
 674 0285 26       		.byte	38
 675 0286 C1       		.byte	-63
 676 0287 03       		.byte	3
 677 0288 C5       		.byte	-59
 678 0289 4E       		.byte	78
 679 028a C6       		.byte	-58
 680 028b C3       		.byte	-61
 681 028c C7       		.byte	-57
 682 028d 02       		.byte	2
 683 028e C8       		.byte	-56
 684 028f 1F       		.byte	31
ARM GAS  C:\Users\diego\AppData\Local\Temp\ccxmHoMt.s 			page 13


 685 0290 C9       		.byte	-55
 686 0291 FF       		.byte	-1
 687 0292 CA       		.byte	-54
 688 0293 FF       		.byte	-1
 689 0294 CB       		.byte	-53
 690 0295 FF       		.byte	-1
 691 0296 CD       		.byte	-51
 692 0297 AF       		.byte	-81
 693 0298 CE       		.byte	-50
 694 0299 07       		.byte	7
 695 029a CF       		.byte	-49
 696 029b 01       		.byte	1
 697 029c D0       		.byte	-48
 698 029d 18       		.byte	24
 699 029e D2       		.byte	-46
 700 029f 80       		.byte	-128
 701 02a0 D8       		.byte	-40
 702 02a1 04       		.byte	4
 703 02a2 D9       		.byte	-39
 704 02a3 04       		.byte	4
 705 02a4 DA       		.byte	-38
 706 02a5 04       		.byte	4
 707 02a6 DB       		.byte	-37
 708 02a7 04       		.byte	4
 709 02a8 DC       		.byte	-36
 710 02a9 33       		.byte	51
 711 02aa DD       		.byte	-35
 712 02ab 33       		.byte	51
 713 02ac DF       		.byte	-33
 714 02ad 01       		.byte	1
 715 02ae E0       		.byte	-32
 716 02af 40       		.byte	64
 717 02b0 E2       		.byte	-30
 718 02b1 80       		.byte	-128
 719 02b2 E4       		.byte	-28
 720 02b3 40       		.byte	64
 721 02b4 E5       		.byte	-27
 722 02b5 40       		.byte	64
 723 02b6 E6       		.byte	-26
 724 02b7 80       		.byte	-128
 725 02b8 E8       		.byte	-24
 726 02b9 40       		.byte	64
 727 02ba EA       		.byte	-22
 728 02bb 80       		.byte	-128
 729 02bc EC       		.byte	-20
 730 02bd 40       		.byte	64
 731 02be ED       		.byte	-19
 732 02bf 20       		.byte	32
 733 02c0 EE       		.byte	-18
 734 02c1 80       		.byte	-128
 735 02c2 00       		.byte	0
 736 02c3 20       		.byte	32
 737 02c4 03       		.byte	3
 738 02c5 02       		.byte	2
 739 02c6 06       		.byte	6
 740 02c7 02       		.byte	2
 741 02c8 07       		.byte	7
ARM GAS  C:\Users\diego\AppData\Local\Temp\ccxmHoMt.s 			page 14


 742 02c9 08       		.byte	8
 743 02ca 0A       		.byte	10
 744 02cb 40       		.byte	64
 745 02cc 0B       		.byte	11
 746 02cd 02       		.byte	2
 747 02ce 0D       		.byte	13
 748 02cf 20       		.byte	32
 749 02d0 0E       		.byte	14
 750 02d1 20       		.byte	32
 751 02d2 10       		.byte	16
 752 02d3 80       		.byte	-128
 753 02d4 13       		.byte	19
 754 02d5 44       		.byte	68
 755 02d6 14       		.byte	20
 756 02d7 80       		.byte	-128
 757 02d8 16       		.byte	22
 758 02d9 08       		.byte	8
 759 02da 18       		.byte	24
 760 02db 24       		.byte	36
 761 02dc 1A       		.byte	26
 762 02dd 82       		.byte	-126
 763 02de 1B       		.byte	27
 764 02df 10       		.byte	16
 765 02e0 1D       		.byte	29
 766 02e1 20       		.byte	32
 767 02e2 1E       		.byte	30
 768 02e3 20       		.byte	32
 769 02e4 1F       		.byte	31
 770 02e5 10       		.byte	16
 771 02e6 21       		.byte	33
 772 02e7 10       		.byte	16
 773 02e8 22       		.byte	34
 774 02e9 08       		.byte	8
 775 02ea 23       		.byte	35
 776 02eb 64       		.byte	100
 777 02ec 26       		.byte	38
 778 02ed A0       		.byte	-96
 779 02ee 29       		.byte	41
 780 02ef 20       		.byte	32
 781 02f0 2D       		.byte	45
 782 02f1 20       		.byte	32
 783 02f2 2E       		.byte	46
 784 02f3 01       		.byte	1
 785 02f4 33       		.byte	51
 786 02f5 20       		.byte	32
 787 02f6 36       		.byte	54
 788 02f7 20       		.byte	32
 789 02f8 38       		.byte	56
 790 02f9 88       		.byte	-120
 791 02fa 3B       		.byte	59
 792 02fb 02       		.byte	2
 793 02fc 3D       		.byte	61
 794 02fd 90       		.byte	-112
 795 02fe 3F       		.byte	63
 796 02ff 01       		.byte	1
 797 0300 40       		.byte	64
 798 0301 04       		.byte	4
ARM GAS  C:\Users\diego\AppData\Local\Temp\ccxmHoMt.s 			page 15


 799 0302 41       		.byte	65
 800 0303 08       		.byte	8
 801 0304 45       		.byte	69
 802 0305 08       		.byte	8
 803 0306 47       		.byte	71
 804 0307 20       		.byte	32
 805 0308 49       		.byte	73
 806 0309 04       		.byte	4
 807 030a 4A       		.byte	74
 808 030b 08       		.byte	8
 809 030c 4B       		.byte	75
 810 030d 02       		.byte	2
 811 030e 4F       		.byte	79
 812 030f 20       		.byte	32
 813 0310 50       		.byte	80
 814 0311 C4       		.byte	-60
 815 0312 52       		.byte	82
 816 0313 10       		.byte	16
 817 0314 58       		.byte	88
 818 0315 01       		.byte	1
 819 0316 5A       		.byte	90
 820 0317 01       		.byte	1
 821 0318 72       		.byte	114
 822 0319 40       		.byte	64
 823 031a 86       		.byte	-122
 824 031b 80       		.byte	-128
 825 031c 93       		.byte	-109
 826 031d 01       		.byte	1
 827 031e 94       		.byte	-108
 828 031f 28       		.byte	40
 829 0320 95       		.byte	-107
 830 0321 10       		.byte	16
 831 0322 96       		.byte	-106
 832 0323 82       		.byte	-126
 833 0324 97       		.byte	-105
 834 0325 60       		.byte	96
 835 0326 98       		.byte	-104
 836 0327 80       		.byte	-128
 837 0328 9A       		.byte	-102
 838 0329 0A       		.byte	10
 839 032a 9B       		.byte	-101
 840 032b 08       		.byte	8
 841 032c 9C       		.byte	-100
 842 032d 05       		.byte	5
 843 032e 9D       		.byte	-99
 844 032f 24       		.byte	36
 845 0330 9E       		.byte	-98
 846 0331 10       		.byte	16
 847 0332 A1       		.byte	-95
 848 0333 40       		.byte	64
 849 0334 A4       		.byte	-92
 850 0335 80       		.byte	-128
 851 0336 A5       		.byte	-91
 852 0337 20       		.byte	32
 853 0338 A6       		.byte	-90
 854 0339 30       		.byte	48
 855 033a A8       		.byte	-88
ARM GAS  C:\Users\diego\AppData\Local\Temp\ccxmHoMt.s 			page 16


 856 033b 04       		.byte	4
 857 033c A9       		.byte	-87
 858 033d 80       		.byte	-128
 859 033e AB       		.byte	-85
 860 033f 0C       		.byte	12
 861 0340 AF       		.byte	-81
 862 0341 02       		.byte	2
 863 0342 B0       		.byte	-80
 864 0343 08       		.byte	8
 865 0344 B1       		.byte	-79
 866 0345 01       		.byte	1
 867 0346 C0       		.byte	-64
 868 0347 C3       		.byte	-61
 869 0348 C2       		.byte	-62
 870 0349 69       		.byte	105
 871 034a C4       		.byte	-60
 872 034b 5D       		.byte	93
 873 034c CA       		.byte	-54
 874 034d A4       		.byte	-92
 875 034e CC       		.byte	-52
 876 034f 24       		.byte	36
 877 0350 CE       		.byte	-50
 878 0351 BB       		.byte	-69
 879 0352 D0       		.byte	-48
 880 0353 66       		.byte	102
 881 0354 D2       		.byte	-46
 882 0355 24       		.byte	36
 883 0356 E4       		.byte	-28
 884 0357 08       		.byte	8
 885 0358 E8       		.byte	-24
 886 0359 20       		.byte	32
 887 035a EC       		.byte	-20
 888 035b 20       		.byte	32
 889 035c 00       		.byte	0
 890 035d 08       		.byte	8
 891 035e 01       		.byte	1
 892 035f 04       		.byte	4
 893 0360 03       		.byte	3
 894 0361 02       		.byte	2
 895 0362 07       		.byte	7
 896 0363 08       		.byte	8
 897 0364 09       		.byte	9
 898 0365 02       		.byte	2
 899 0366 0A       		.byte	10
 900 0367 02       		.byte	2
 901 0368 0B       		.byte	11
 902 0369 05       		.byte	5
 903 036a 0C       		.byte	12
 904 036b 02       		.byte	2
 905 036c 0D       		.byte	13
 906 036d 02       		.byte	2
 907 036e 0F       		.byte	15
 908 036f 04       		.byte	4
 909 0370 16       		.byte	22
 910 0371 08       		.byte	8
 911 0372 19       		.byte	25
 912 0373 02       		.byte	2
ARM GAS  C:\Users\diego\AppData\Local\Temp\ccxmHoMt.s 			page 17


 913 0374 1B       		.byte	27
 914 0375 04       		.byte	4
 915 0376 1C       		.byte	28
 916 0377 01       		.byte	1
 917 0378 21       		.byte	33
 918 0379 08       		.byte	8
 919 037a 22       		.byte	34
 920 037b 01       		.byte	1
 921 037c 26       		.byte	38
 922 037d 04       		.byte	4
 923 037e 30       		.byte	48
 924 037f 02       		.byte	2
 925 0380 32       		.byte	50
 926 0381 08       		.byte	8
 927 0382 33       		.byte	51
 928 0383 08       		.byte	8
 929 0384 34       		.byte	52
 930 0385 01       		.byte	1
 931 0386 35       		.byte	53
 932 0387 01       		.byte	1
 933 0388 36       		.byte	54
 934 0389 04       		.byte	4
 935 038a 37       		.byte	55
 936 038b 06       		.byte	6
 937 038c 3B       		.byte	59
 938 038d 80       		.byte	-128
 939 038e 3E       		.byte	62
 940 038f 15       		.byte	21
 941 0390 3F       		.byte	63
 942 0391 04       		.byte	4
 943 0392 54       		.byte	84
 944 0393 0F       		.byte	15
 945 0394 58       		.byte	88
 946 0395 04       		.byte	4
 947 0396 59       		.byte	89
 948 0397 04       		.byte	4
 949 0398 5B       		.byte	91
 950 0399 04       		.byte	4
 951 039a 5C       		.byte	92
 952 039b 33       		.byte	51
 953 039c 5D       		.byte	93
 954 039d 30       		.byte	48
 955 039e 5F       		.byte	95
 956 039f 05       		.byte	5
 957 03a0 83       		.byte	-125
 958 03a1 80       		.byte	-128
 959 03a2 84       		.byte	-124
 960 03a3 94       		.byte	-108
 961 03a4 86       		.byte	-122
 962 03a5 60       		.byte	96
 963 03a6 87       		.byte	-121
 964 03a7 55       		.byte	85
 965 03a8 89       		.byte	-119
 966 03a9 03       		.byte	3
 967 03aa 8B       		.byte	-117
 968 03ab 04       		.byte	4
 969 03ac 8C       		.byte	-116
ARM GAS  C:\Users\diego\AppData\Local\Temp\ccxmHoMt.s 			page 18


 970 03ad 30       		.byte	48
 971 03ae 8E       		.byte	-114
 972 03af C9       		.byte	-55
 973 03b0 92       		.byte	-110
 974 03b1 0F       		.byte	15
 975 03b2 95       		.byte	-107
 976 03b3 33       		.byte	51
 977 03b4 97       		.byte	-105
 978 03b5 4C       		.byte	76
 979 03b6 98       		.byte	-104
 980 03b7 9E       		.byte	-98
 981 03b8 9A       		.byte	-102
 982 03b9 60       		.byte	96
 983 03ba 9B       		.byte	-101
 984 03bb 88       		.byte	-120
 985 03bc 9D       		.byte	-99
 986 03bd 33       		.byte	51
 987 03be 9F       		.byte	-97
 988 03bf C4       		.byte	-60
 989 03c0 A0       		.byte	-96
 990 03c1 CF       		.byte	-49
 991 03c2 A2       		.byte	-94
 992 03c3 30       		.byte	48
 993 03c4 A4       		.byte	-92
 994 03c5 FD       		.byte	-3
 995 03c6 A5       		.byte	-91
 996 03c7 AA       		.byte	-86
 997 03c8 A6       		.byte	-90
 998 03c9 02       		.byte	2
 999 03ca A7       		.byte	-89
 1000 03cb 44       		.byte	68
 1001 03cc AC       		.byte	-84
 1002 03cd 73       		.byte	115
 1003 03ce B2       		.byte	-78
 1004 03cf FF       		.byte	-1
 1005 03d0 B3       		.byte	-77
 1006 03d1 30       		.byte	48
 1007 03d2 B5       		.byte	-75
 1008 03d3 0F       		.byte	15
 1009 03d4 B7       		.byte	-73
 1010 03d5 C8       		.byte	-56
 1011 03d6 B9       		.byte	-71
 1012 03d7 08       		.byte	8
 1013 03d8 BB       		.byte	-69
 1014 03d9 A0       		.byte	-96
 1015 03da BE       		.byte	-66
 1016 03db 04       		.byte	4
 1017 03dc BF       		.byte	-65
 1018 03dd 04       		.byte	4
 1019 03de C0       		.byte	-64
 1020 03df 02       		.byte	2
 1021 03e0 C7       		.byte	-57
 1022 03e1 40       		.byte	64
 1023 03e2 C9       		.byte	-55
 1024 03e3 FF       		.byte	-1
 1025 03e4 CA       		.byte	-54
 1026 03e5 07       		.byte	7
ARM GAS  C:\Users\diego\AppData\Local\Temp\ccxmHoMt.s 			page 19


 1027 03e6 CB       		.byte	-53
 1028 03e7 FF       		.byte	-1
 1029 03e8 CC       		.byte	-52
 1030 03e9 40       		.byte	64
 1031 03ea CD       		.byte	-51
 1032 03eb 20       		.byte	32
 1033 03ec CE       		.byte	-50
 1034 03ed F0       		.byte	-16
 1035 03ee CF       		.byte	-49
 1036 03ef 05       		.byte	5
 1037 03f0 D0       		.byte	-48
 1038 03f1 08       		.byte	8
 1039 03f2 D8       		.byte	-40
 1040 03f3 04       		.byte	4
 1041 03f4 D9       		.byte	-39
 1042 03f5 04       		.byte	4
 1043 03f6 DA       		.byte	-38
 1044 03f7 04       		.byte	4
 1045 03f8 DC       		.byte	-36
 1046 03f9 20       		.byte	32
 1047 03fa DD       		.byte	-35
 1048 03fb 02       		.byte	2
 1049 03fc DF       		.byte	-33
 1050 03fd 01       		.byte	1
 1051 03fe E0       		.byte	-32
 1052 03ff 40       		.byte	64
 1053 0400 E1       		.byte	-31
 1054 0401 A8       		.byte	-88
 1055 0402 E2       		.byte	-30
 1056 0403 40       		.byte	64
 1057 0404 E3       		.byte	-29
 1058 0405 20       		.byte	32
 1059 0406 00       		.byte	0
 1060 0407 41       		.byte	65
 1061 0408 02       		.byte	2
 1062 0409 08       		.byte	8
 1063 040a 03       		.byte	3
 1064 040b 08       		.byte	8
 1065 040c 04       		.byte	4
 1066 040d 84       		.byte	-124
 1067 040e 08       		.byte	8
 1068 040f 08       		.byte	8
 1069 0410 0A       		.byte	10
 1070 0411 02       		.byte	2
 1071 0412 0E       		.byte	14
 1072 0413 44       		.byte	68
 1073 0414 10       		.byte	16
 1074 0415 90       		.byte	-112
 1075 0416 11       		.byte	17
 1076 0417 04       		.byte	4
 1077 0418 15       		.byte	21
 1078 0419 42       		.byte	66
 1079 041a 16       		.byte	22
 1080 041b 01       		.byte	1
 1081 041c 17       		.byte	23
 1082 041d 04       		.byte	4
 1083 041e 19       		.byte	25
ARM GAS  C:\Users\diego\AppData\Local\Temp\ccxmHoMt.s 			page 20


 1084 041f 08       		.byte	8
 1085 0420 1A       		.byte	26
 1086 0421 08       		.byte	8
 1087 0422 1B       		.byte	27
 1088 0423 82       		.byte	-126
 1089 0424 1E       		.byte	30
 1090 0425 10       		.byte	16
 1091 0426 20       		.byte	32
 1092 0427 10       		.byte	16
 1093 0428 22       		.byte	34
 1094 0429 10       		.byte	16
 1095 042a 23       		.byte	35
 1096 042b 01       		.byte	1
 1097 042c 24       		.byte	36
 1098 042d 02       		.byte	2
 1099 042e 26       		.byte	38
 1100 042f 80       		.byte	-128
 1101 0430 27       		.byte	39
 1102 0431 18       		.byte	24
 1103 0432 2B       		.byte	43
 1104 0433 80       		.byte	-128
 1105 0434 2F       		.byte	47
 1106 0435 10       		.byte	16
 1107 0436 32       		.byte	50
 1108 0437 10       		.byte	16
 1109 0438 34       		.byte	52
 1110 0439 80       		.byte	-128
 1111 043a 36       		.byte	54
 1112 043b 90       		.byte	-112
 1113 043c 37       		.byte	55
 1114 043d 08       		.byte	8
 1115 043e 38       		.byte	56
 1116 043f 28       		.byte	40
 1117 0440 39       		.byte	57
 1118 0441 04       		.byte	4
 1119 0442 3B       		.byte	59
 1120 0443 41       		.byte	65
 1121 0444 3E       		.byte	62
 1122 0445 2A       		.byte	42
 1123 0446 47       		.byte	71
 1124 0447 10       		.byte	16
 1125 0448 54       		.byte	84
 1126 0449 02       		.byte	2
 1127 044a 56       		.byte	86
 1128 044b 0E       		.byte	14
 1129 044c 58       		.byte	88
 1130 044d 12       		.byte	18
 1131 044e 5A       		.byte	90
 1132 044f 88       		.byte	-120
 1133 0450 5D       		.byte	93
 1134 0451 01       		.byte	1
 1135 0452 5F       		.byte	95
 1136 0453 01       		.byte	1
 1137 0454 61       		.byte	97
 1138 0455 84       		.byte	-124
 1139 0456 62       		.byte	98
 1140 0457 10       		.byte	16
ARM GAS  C:\Users\diego\AppData\Local\Temp\ccxmHoMt.s 			page 21


 1141 0458 63       		.byte	99
 1142 0459 02       		.byte	2
 1143 045a 78       		.byte	120
 1144 045b 04       		.byte	4
 1145 045c 80       		.byte	-128
 1146 045d 40       		.byte	64
 1147 045e 82       		.byte	-126
 1148 045f 01       		.byte	1
 1149 0460 85       		.byte	-123
 1150 0461 08       		.byte	8
 1151 0462 86       		.byte	-122
 1152 0463 04       		.byte	4
 1153 0464 88       		.byte	-120
 1154 0465 08       		.byte	8
 1155 0466 8C       		.byte	-116
 1156 0467 12       		.byte	18
 1157 0468 90       		.byte	-112
 1158 0469 C5       		.byte	-59
 1159 046a 92       		.byte	-110
 1160 046b 44       		.byte	68
 1161 046c 94       		.byte	-108
 1162 046d 02       		.byte	2
 1163 046e 95       		.byte	-107
 1164 046f 53       		.byte	83
 1165 0470 96       		.byte	-106
 1166 0471 10       		.byte	16
 1167 0472 9A       		.byte	-102
 1168 0473 20       		.byte	32
 1169 0474 9B       		.byte	-101
 1170 0475 04       		.byte	4
 1171 0476 9C       		.byte	-100
 1172 0477 09       		.byte	9
 1173 0478 9D       		.byte	-99
 1174 0479 20       		.byte	32
 1175 047a 9E       		.byte	-98
 1176 047b 04       		.byte	4
 1177 047c 9F       		.byte	-97
 1178 047d 08       		.byte	8
 1179 047e A1       		.byte	-95
 1180 047f 40       		.byte	64
 1181 0480 A4       		.byte	-92
 1182 0481 0A       		.byte	10
 1183 0482 A5       		.byte	-91
 1184 0483 20       		.byte	32
 1185 0484 A6       		.byte	-90
 1186 0485 38       		.byte	56
 1187 0486 A7       		.byte	-89
 1188 0487 01       		.byte	1
 1189 0488 A8       		.byte	-88
 1190 0489 04       		.byte	4
 1191 048a AB       		.byte	-85
 1192 048b 01       		.byte	1
 1193 048c B4       		.byte	-76
 1194 048d 21       		.byte	33
 1195 048e C0       		.byte	-64
 1196 048f AB       		.byte	-85
 1197 0490 C2       		.byte	-62
ARM GAS  C:\Users\diego\AppData\Local\Temp\ccxmHoMt.s 			page 22


 1198 0491 55       		.byte	85
 1199 0492 C4       		.byte	-60
 1200 0493 BC       		.byte	-68
 1201 0494 CA       		.byte	-54
 1202 0495 41       		.byte	65
 1203 0496 CC       		.byte	-52
 1204 0497 74       		.byte	116
 1205 0498 CE       		.byte	-50
 1206 0499 EF       		.byte	-17
 1207 049a D0       		.byte	-48
 1208 049b 20       		.byte	32
 1209 049c D6       		.byte	-42
 1210 049d 0F       		.byte	15
 1211 049e D8       		.byte	-40
 1212 049f 06       		.byte	6
 1213 04a0 DE       		.byte	-34
 1214 04a1 02       		.byte	2
 1215 04a2 E0       		.byte	-32
 1216 04a3 80       		.byte	-128
 1217 04a4 EA       		.byte	-22
 1218 04a5 01       		.byte	1
 1219 04a6 00       		.byte	0
 1220 04a7 2C       		.byte	44
 1221 04a8 01       		.byte	1
 1222 04a9 01       		.byte	1
 1223 04aa 02       		.byte	2
 1224 04ab 11       		.byte	17
 1225 04ac 06       		.byte	6
 1226 04ad 20       		.byte	32
 1227 04ae 08       		.byte	8
 1228 04af 30       		.byte	48
 1229 04b0 09       		.byte	9
 1230 04b1 18       		.byte	24
 1231 04b2 0A       		.byte	10
 1232 04b3 0C       		.byte	12
 1233 04b4 0B       		.byte	11
 1234 04b5 06       		.byte	6
 1235 04b6 0D       		.byte	13
 1236 04b7 1E       		.byte	30
 1237 04b8 10       		.byte	16
 1238 04b9 10       		.byte	16
 1239 04ba 13       		.byte	19
 1240 04bb 20       		.byte	32
 1241 04bc 14       		.byte	20
 1242 04bd 09       		.byte	9
 1243 04be 16       		.byte	22
 1244 04bf 10       		.byte	16
 1245 04c0 18       		.byte	24
 1246 04c1 1C       		.byte	28
 1247 04c2 19       		.byte	25
 1248 04c3 14       		.byte	20
 1249 04c4 1A       		.byte	26
 1250 04c5 22       		.byte	34
 1251 04c6 1B       		.byte	27
 1252 04c7 0A       		.byte	10
 1253 04c8 1E       		.byte	30
 1254 04c9 03       		.byte	3
ARM GAS  C:\Users\diego\AppData\Local\Temp\ccxmHoMt.s 			page 23


 1255 04ca 1F       		.byte	31
 1256 04cb 20       		.byte	32
 1257 04cc 20       		.byte	32
 1258 04cd 40       		.byte	64
 1259 04ce 21       		.byte	33
 1260 04cf 06       		.byte	6
 1261 04d0 23       		.byte	35
 1262 04d1 18       		.byte	24
 1263 04d2 25       		.byte	37
 1264 04d3 20       		.byte	32
 1265 04d4 29       		.byte	41
 1266 04d5 0E       		.byte	14
 1267 04d6 2A       		.byte	42
 1268 04d7 20       		.byte	32
 1269 04d8 2C       		.byte	44
 1270 04d9 14       		.byte	20
 1271 04da 2D       		.byte	45
 1272 04db 0A       		.byte	10
 1273 04dc 2F       		.byte	47
 1274 04dd 14       		.byte	20
 1275 04de 30       		.byte	48
 1276 04df 20       		.byte	32
 1277 04e0 33       		.byte	51
 1278 04e1 20       		.byte	32
 1279 04e2 34       		.byte	52
 1280 04e3 40       		.byte	64
 1281 04e4 35       		.byte	53
 1282 04e5 01       		.byte	1
 1283 04e6 36       		.byte	54
 1284 04e7 1F       		.byte	31
 1285 04e8 37       		.byte	55
 1286 04e9 1E       		.byte	30
 1287 04ea 3E       		.byte	62
 1288 04eb 11       		.byte	17
 1289 04ec 3F       		.byte	63
 1290 04ed 14       		.byte	20
 1291 04ee 54       		.byte	84
 1292 04ef 01       		.byte	1
 1293 04f0 58       		.byte	88
 1294 04f1 04       		.byte	4
 1295 04f2 59       		.byte	89
 1296 04f3 04       		.byte	4
 1297 04f4 5B       		.byte	91
 1298 04f5 04       		.byte	4
 1299 04f6 5C       		.byte	92
 1300 04f7 32       		.byte	50
 1301 04f8 5D       		.byte	93
 1302 04f9 20       		.byte	32
 1303 04fa 5F       		.byte	95
 1304 04fb 01       		.byte	1
 1305 04fc 82       		.byte	-126
 1306 04fd 0F       		.byte	15
 1307 04fe 83       		.byte	-125
 1308 04ff 02       		.byte	2
 1309 0500 84       		.byte	-124
 1310 0501 08       		.byte	8
 1311 0502 86       		.byte	-122
ARM GAS  C:\Users\diego\AppData\Local\Temp\ccxmHoMt.s 			page 24


 1312 0503 01       		.byte	1
 1313 0504 88       		.byte	-120
 1314 0505 0B       		.byte	11
 1315 0506 8A       		.byte	-118
 1316 0507 04       		.byte	4
 1317 0508 8C       		.byte	-116
 1318 0509 07       		.byte	7
 1319 050a 93       		.byte	-109
 1320 050b 04       		.byte	4
 1321 050c 98       		.byte	-104
 1322 050d 0C       		.byte	12
 1323 050e 9A       		.byte	-102
 1324 050f 02       		.byte	2
 1325 0510 9C       		.byte	-100
 1326 0511 0C       		.byte	12
 1327 0512 9E       		.byte	-98
 1328 0513 01       		.byte	1
 1329 0514 A3       		.byte	-93
 1330 0515 08       		.byte	8
 1331 0516 AA       		.byte	-86
 1332 0517 10       		.byte	16
 1333 0518 AB       		.byte	-85
 1334 0519 01       		.byte	1
 1335 051a B0       		.byte	-80
 1336 051b 10       		.byte	16
 1337 051c B1       		.byte	-79
 1338 051d 08       		.byte	8
 1339 051e B3       		.byte	-77
 1340 051f 02       		.byte	2
 1341 0520 B4       		.byte	-76
 1342 0521 0F       		.byte	15
 1343 0522 B5       		.byte	-75
 1344 0523 04       		.byte	4
 1345 0524 B7       		.byte	-73
 1346 0525 01       		.byte	1
 1347 0526 D8       		.byte	-40
 1348 0527 04       		.byte	4
 1349 0528 D9       		.byte	-39
 1350 0529 04       		.byte	4
 1351 052a DC       		.byte	-36
 1352 052b 44       		.byte	68
 1353 052c DF       		.byte	-33
 1354 052d 01       		.byte	1
 1355 052e 00       		.byte	0
 1356 052f 04       		.byte	4
 1357 0530 01       		.byte	1
 1358 0531 42       		.byte	66
 1359 0532 03       		.byte	3
 1360 0533 04       		.byte	4
 1361 0534 04       		.byte	4
 1362 0535 02       		.byte	2
 1363 0536 06       		.byte	6
 1364 0537 20       		.byte	32
 1365 0538 07       		.byte	7
 1366 0539 28       		.byte	40
 1367 053a 08       		.byte	8
 1368 053b 80       		.byte	-128
ARM GAS  C:\Users\diego\AppData\Local\Temp\ccxmHoMt.s 			page 25


 1369 053c 0A       		.byte	10
 1370 053d 04       		.byte	4
 1371 053e 0C       		.byte	12
 1372 053f 02       		.byte	2
 1373 0540 0D       		.byte	13
 1374 0541 20       		.byte	32
 1375 0542 0E       		.byte	14
 1376 0543 22       		.byte	34
 1377 0544 12       		.byte	18
 1378 0545 08       		.byte	8
 1379 0546 16       		.byte	22
 1380 0547 86       		.byte	-122
 1381 0548 17       		.byte	23
 1382 0549 02       		.byte	2
 1383 054a 18       		.byte	24
 1384 054b 40       		.byte	64
 1385 054c 1A       		.byte	26
 1386 054d 04       		.byte	4
 1387 054e 1C       		.byte	28
 1388 054f 02       		.byte	2
 1389 0550 1E       		.byte	30
 1390 0551 8A       		.byte	-118
 1391 0552 20       		.byte	32
 1392 0553 01       		.byte	1
 1393 0554 21       		.byte	33
 1394 0555 08       		.byte	8
 1395 0556 22       		.byte	34
 1396 0557 01       		.byte	1
 1397 0558 23       		.byte	35
 1398 0559 04       		.byte	4
 1399 055a 24       		.byte	36
 1400 055b 08       		.byte	8
 1401 055c 25       		.byte	37
 1402 055d 44       		.byte	68
 1403 055e 28       		.byte	40
 1404 055f 08       		.byte	8
 1405 0560 2B       		.byte	43
 1406 0561 80       		.byte	-128
 1407 0562 2C       		.byte	44
 1408 0563 21       		.byte	33
 1409 0564 2D       		.byte	45
 1410 0565 25       		.byte	37
 1411 0566 32       		.byte	50
 1412 0567 01       		.byte	1
 1413 0568 36       		.byte	54
 1414 0569 20       		.byte	32
 1415 056a 37       		.byte	55
 1416 056b 41       		.byte	65
 1417 056c 3B       		.byte	59
 1418 056d 01       		.byte	1
 1419 056e 3C       		.byte	60
 1420 056f 02       		.byte	2
 1421 0570 3D       		.byte	61
 1422 0571 90       		.byte	-112
 1423 0572 5A       		.byte	90
 1424 0573 40       		.byte	64
 1425 0574 5B       		.byte	91
ARM GAS  C:\Users\diego\AppData\Local\Temp\ccxmHoMt.s 			page 26


 1426 0575 40       		.byte	64
 1427 0576 5E       		.byte	94
 1428 0577 88       		.byte	-120
 1429 0578 5F       		.byte	95
 1430 0579 22       		.byte	34
 1431 057a 8B       		.byte	-117
 1432 057b 80       		.byte	-128
 1433 057c 90       		.byte	-112
 1434 057d 84       		.byte	-124
 1435 057e 92       		.byte	-110
 1436 057f 40       		.byte	64
 1437 0580 94       		.byte	-108
 1438 0581 02       		.byte	2
 1439 0582 95       		.byte	-107
 1440 0583 46       		.byte	70
 1441 0584 96       		.byte	-106
 1442 0585 16       		.byte	22
 1443 0586 97       		.byte	-105
 1444 0587 04       		.byte	4
 1445 0588 98       		.byte	-104
 1446 0589 80       		.byte	-128
 1447 058a 99       		.byte	-103
 1448 058b 02       		.byte	2
 1449 058c 9A       		.byte	-102
 1450 058d A2       		.byte	-94
 1451 058e 9B       		.byte	-101
 1452 058f 05       		.byte	5
 1453 0590 9E       		.byte	-98
 1454 0591 04       		.byte	4
 1455 0592 9F       		.byte	-97
 1456 0593 08       		.byte	8
 1457 0594 A4       		.byte	-92
 1458 0595 08       		.byte	8
 1459 0596 A5       		.byte	-91
 1460 0597 0C       		.byte	12
 1461 0598 A7       		.byte	-89
 1462 0599 01       		.byte	1
 1463 059a B4       		.byte	-76
 1464 059b 40       		.byte	64
 1465 059c B5       		.byte	-75
 1466 059d DC       		.byte	-36
 1467 059e C0       		.byte	-64
 1468 059f 7F       		.byte	127
 1469 05a0 C2       		.byte	-62
 1470 05a1 F3       		.byte	-13
 1471 05a2 C4       		.byte	-60
 1472 05a3 D2       		.byte	-46
 1473 05a4 CA       		.byte	-54
 1474 05a5 F5       		.byte	-11
 1475 05a6 CC       		.byte	-52
 1476 05a7 B1       		.byte	-79
 1477 05a8 CE       		.byte	-50
 1478 05a9 B1       		.byte	-79
 1479 05aa D6       		.byte	-42
 1480 05ab F0       		.byte	-16
 1481 05ac 00       		.byte	0
 1482 05ad 02       		.byte	2
ARM GAS  C:\Users\diego\AppData\Local\Temp\ccxmHoMt.s 			page 27


 1483 05ae 02       		.byte	2
 1484 05af 01       		.byte	1
 1485 05b0 04       		.byte	4
 1486 05b1 08       		.byte	8
 1487 05b2 06       		.byte	6
 1488 05b3 04       		.byte	4
 1489 05b4 07       		.byte	7
 1490 05b5 02       		.byte	2
 1491 05b6 13       		.byte	19
 1492 05b7 04       		.byte	4
 1493 05b8 14       		.byte	20
 1494 05b9 01       		.byte	1
 1495 05ba 16       		.byte	22
 1496 05bb 02       		.byte	2
 1497 05bc 17       		.byte	23
 1498 05bd 01       		.byte	1
 1499 05be 18       		.byte	24
 1500 05bf 01       		.byte	1
 1501 05c0 1A       		.byte	26
 1502 05c1 02       		.byte	2
 1503 05c2 1C       		.byte	28
 1504 05c3 04       		.byte	4
 1505 05c4 1E       		.byte	30
 1506 05c5 08       		.byte	8
 1507 05c6 20       		.byte	32
 1508 05c7 04       		.byte	4
 1509 05c8 22       		.byte	34
 1510 05c9 08       		.byte	8
 1511 05ca 24       		.byte	36
 1512 05cb 04       		.byte	4
 1513 05cc 26       		.byte	38
 1514 05cd 08       		.byte	8
 1515 05ce 2C       		.byte	44
 1516 05cf 01       		.byte	1
 1517 05d0 2E       		.byte	46
 1518 05d1 02       		.byte	2
 1519 05d2 30       		.byte	48
 1520 05d3 03       		.byte	3
 1521 05d4 31       		.byte	49
 1522 05d5 01       		.byte	1
 1523 05d6 33       		.byte	51
 1524 05d7 04       		.byte	4
 1525 05d8 34       		.byte	52
 1526 05d9 0C       		.byte	12
 1527 05da 37       		.byte	55
 1528 05db 02       		.byte	2
 1529 05dc 3A       		.byte	58
 1530 05dd 22       		.byte	34
 1531 05de 58       		.byte	88
 1532 05df 04       		.byte	4
 1533 05e0 59       		.byte	89
 1534 05e1 04       		.byte	4
 1535 05e2 5C       		.byte	92
 1536 05e3 44       		.byte	68
 1537 05e4 5F       		.byte	95
 1538 05e5 01       		.byte	1
 1539 05e6 81       		.byte	-127
ARM GAS  C:\Users\diego\AppData\Local\Temp\ccxmHoMt.s 			page 28


 1540 05e7 20       		.byte	32
 1541 05e8 85       		.byte	-123
 1542 05e9 01       		.byte	1
 1543 05ea 89       		.byte	-119
 1544 05eb 0A       		.byte	10
 1545 05ec 8B       		.byte	-117
 1546 05ed 14       		.byte	20
 1547 05ee 8C       		.byte	-116
 1548 05ef 04       		.byte	4
 1549 05f0 8D       		.byte	-115
 1550 05f1 01       		.byte	1
 1551 05f2 92       		.byte	-110
 1552 05f3 07       		.byte	7
 1553 05f4 93       		.byte	-109
 1554 05f5 01       		.byte	1
 1555 05f6 95       		.byte	-107
 1556 05f7 1E       		.byte	30
 1557 05f8 96       		.byte	-106
 1558 05f9 08       		.byte	8
 1559 05fa 98       		.byte	-104
 1560 05fb 01       		.byte	1
 1561 05fc 9A       		.byte	-102
 1562 05fd 02       		.byte	2
 1563 05fe 9C       		.byte	-100
 1564 05ff 01       		.byte	1
 1565 0600 9D       		.byte	-99
 1566 0601 18       		.byte	24
 1567 0602 9E       		.byte	-98
 1568 0603 02       		.byte	2
 1569 0604 9F       		.byte	-97
 1570 0605 06       		.byte	6
 1571 0606 A1       		.byte	-95
 1572 0607 06       		.byte	6
 1573 0608 A2       		.byte	-94
 1574 0609 04       		.byte	4
 1575 060a A3       		.byte	-93
 1576 060b 18       		.byte	24
 1577 060c A4       		.byte	-92
 1578 060d 07       		.byte	7
 1579 060e A5       		.byte	-91
 1580 060f 14       		.byte	20
 1581 0610 A7       		.byte	-89
 1582 0611 0A       		.byte	10
 1583 0612 A9       		.byte	-87
 1584 0613 20       		.byte	32
 1585 0614 AC       		.byte	-84
 1586 0615 07       		.byte	7
 1587 0616 AD       		.byte	-83
 1588 0617 0E       		.byte	14
 1589 0618 B0       		.byte	-80
 1590 0619 0F       		.byte	15
 1591 061a B3       		.byte	-77
 1592 061b 01       		.byte	1
 1593 061c B5       		.byte	-75
 1594 061d 1E       		.byte	30
 1595 061e B7       		.byte	-73
 1596 061f 20       		.byte	32
ARM GAS  C:\Users\diego\AppData\Local\Temp\ccxmHoMt.s 			page 29


 1597 0620 B9       		.byte	-71
 1598 0621 80       		.byte	-128
 1599 0622 BF       		.byte	-65
 1600 0623 04       		.byte	4
 1601 0624 C0       		.byte	-64
 1602 0625 32       		.byte	50
 1603 0626 C1       		.byte	-63
 1604 0627 05       		.byte	5
 1605 0628 C6       		.byte	-58
 1606 0629 CE       		.byte	-50
 1607 062a C7       		.byte	-57
 1608 062b B0       		.byte	-80
 1609 062c C8       		.byte	-56
 1610 062d 2C       		.byte	44
 1611 062e C9       		.byte	-55
 1612 062f FF       		.byte	-1
 1613 0630 CA       		.byte	-54
 1614 0631 FF       		.byte	-1
 1615 0632 CB       		.byte	-53
 1616 0633 FF       		.byte	-1
 1617 0634 CE       		.byte	-50
 1618 0635 F0       		.byte	-16
 1619 0636 CF       		.byte	-49
 1620 0637 44       		.byte	68
 1621 0638 D0       		.byte	-48
 1622 0639 0C       		.byte	12
 1623 063a D4       		.byte	-44
 1624 063b 0F       		.byte	15
 1625 063c D8       		.byte	-40
 1626 063d 04       		.byte	4
 1627 063e D9       		.byte	-39
 1628 063f 04       		.byte	4
 1629 0640 DA       		.byte	-38
 1630 0641 04       		.byte	4
 1631 0642 DB       		.byte	-37
 1632 0643 04       		.byte	4
 1633 0644 DC       		.byte	-36
 1634 0645 44       		.byte	68
 1635 0646 DD       		.byte	-35
 1636 0647 42       		.byte	66
 1637 0648 DF       		.byte	-33
 1638 0649 01       		.byte	1
 1639 064a E6       		.byte	-26
 1640 064b C0       		.byte	-64
 1641 064c EA       		.byte	-22
 1642 064d 40       		.byte	64
 1643 064e EB       		.byte	-21
 1644 064f 02       		.byte	2
 1645 0650 00       		.byte	0
 1646 0651 04       		.byte	4
 1647 0652 01       		.byte	1
 1648 0653 02       		.byte	2
 1649 0654 04       		.byte	4
 1650 0655 80       		.byte	-128
 1651 0656 09       		.byte	9
 1652 0657 08       		.byte	8
 1653 0658 0A       		.byte	10
ARM GAS  C:\Users\diego\AppData\Local\Temp\ccxmHoMt.s 			page 30


 1654 0659 0A       		.byte	10
 1655 065a 0C       		.byte	12
 1656 065b 80       		.byte	-128
 1657 065c 0E       		.byte	14
 1658 065d 54       		.byte	84
 1659 065e 12       		.byte	18
 1660 065f 82       		.byte	-126
 1661 0660 13       		.byte	19
 1662 0661 04       		.byte	4
 1663 0662 14       		.byte	20
 1664 0663 80       		.byte	-128
 1665 0664 15       		.byte	21
 1666 0665 42       		.byte	66
 1667 0666 17       		.byte	23
 1668 0667 04       		.byte	4
 1669 0668 18       		.byte	24
 1670 0669 84       		.byte	-124
 1671 066a 19       		.byte	25
 1672 066b 02       		.byte	2
 1673 066c 1E       		.byte	30
 1674 066d 40       		.byte	64
 1675 066e 1F       		.byte	31
 1676 066f 01       		.byte	1
 1677 0670 22       		.byte	34
 1678 0671 86       		.byte	-122
 1679 0672 24       		.byte	36
 1680 0673 10       		.byte	16
 1681 0674 27       		.byte	39
 1682 0675 05       		.byte	5
 1683 0676 2C       		.byte	44
 1684 0677 88       		.byte	-120
 1685 0678 2D       		.byte	45
 1686 0679 40       		.byte	64
 1687 067a 2E       		.byte	46
 1688 067b 04       		.byte	4
 1689 067c 31       		.byte	49
 1690 067d 08       		.byte	8
 1691 067e 32       		.byte	50
 1692 067f 02       		.byte	2
 1693 0680 34       		.byte	52
 1694 0681 80       		.byte	-128
 1695 0682 37       		.byte	55
 1696 0683 05       		.byte	5
 1697 0684 3B       		.byte	59
 1698 0685 04       		.byte	4
 1699 0686 3D       		.byte	61
 1700 0687 24       		.byte	36
 1701 0688 3E       		.byte	62
 1702 0689 40       		.byte	64
 1703 068a 3F       		.byte	63
 1704 068b 02       		.byte	2
 1705 068c 46       		.byte	70
 1706 068d 04       		.byte	4
 1707 068e 47       		.byte	71
 1708 068f 08       		.byte	8
 1709 0690 4C       		.byte	76
 1710 0691 01       		.byte	1
ARM GAS  C:\Users\diego\AppData\Local\Temp\ccxmHoMt.s 			page 31


 1711 0692 56       		.byte	86
 1712 0693 A2       		.byte	-94
 1713 0694 5C       		.byte	92
 1714 0695 11       		.byte	17
 1715 0696 5D       		.byte	93
 1716 0697 88       		.byte	-120
 1717 0698 8C       		.byte	-116
 1718 0699 85       		.byte	-123
 1719 069a 8F       		.byte	-113
 1720 069b 05       		.byte	5
 1721 069c C0       		.byte	-64
 1722 069d 8C       		.byte	-116
 1723 069e C2       		.byte	-62
 1724 069f F7       		.byte	-9
 1725 06a0 C4       		.byte	-60
 1726 06a1 BD       		.byte	-67
 1727 06a2 CA       		.byte	-54
 1728 06a3 F0       		.byte	-16
 1729 06a4 CC       		.byte	-52
 1730 06a5 D3       		.byte	-45
 1731 06a6 CE       		.byte	-50
 1732 06a7 F2       		.byte	-14
 1733 06a8 D0       		.byte	-48
 1734 06a9 60       		.byte	96
 1735 06aa D2       		.byte	-46
 1736 06ab 10       		.byte	16
 1737 06ac D6       		.byte	-42
 1738 06ad F0       		.byte	-16
 1739 06ae E2       		.byte	-30
 1740 06af 40       		.byte	64
 1741 06b0 EC       		.byte	-20
 1742 06b1 10       		.byte	16
 1743 06b2 01       		.byte	1
 1744 06b3 94       		.byte	-108
 1745 06b4 03       		.byte	3
 1746 06b5 60       		.byte	96
 1747 06b6 08       		.byte	8
 1748 06b7 07       		.byte	7
 1749 06b8 0C       		.byte	12
 1750 06b9 04       		.byte	4
 1751 06ba 0D       		.byte	13
 1752 06bb FD       		.byte	-3
 1753 06bc 0F       		.byte	15
 1754 06bd 02       		.byte	2
 1755 06be 12       		.byte	18
 1756 06bf 04       		.byte	4
 1757 06c0 16       		.byte	22
 1758 06c1 07       		.byte	7
 1759 06c2 17       		.byte	23
 1760 06c3 0F       		.byte	15
 1761 06c4 19       		.byte	25
 1762 06c5 9E       		.byte	-98
 1763 06c6 1B       		.byte	27
 1764 06c7 60       		.byte	96
 1765 06c8 1C       		.byte	28
 1766 06c9 01       		.byte	1
 1767 06ca 1D       		.byte	29
ARM GAS  C:\Users\diego\AppData\Local\Temp\ccxmHoMt.s 			page 32


 1768 06cb CF       		.byte	-49
 1769 06cc 1E       		.byte	30
 1770 06cd 02       		.byte	2
 1771 06ce 1F       		.byte	31
 1772 06cf 30       		.byte	48
 1773 06d0 20       		.byte	32
 1774 06d1 07       		.byte	7
 1775 06d2 21       		.byte	33
 1776 06d3 30       		.byte	48
 1777 06d4 23       		.byte	35
 1778 06d5 C9       		.byte	-55
 1779 06d6 24       		.byte	36
 1780 06d7 01       		.byte	1
 1781 06d8 26       		.byte	38
 1782 06d9 02       		.byte	2
 1783 06da 29       		.byte	41
 1784 06db 73       		.byte	115
 1785 06dc 2A       		.byte	42
 1786 06dd 08       		.byte	8
 1787 06de 32       		.byte	50
 1788 06df 0F       		.byte	15
 1789 06e0 33       		.byte	51
 1790 06e1 FF       		.byte	-1
 1791 06e2 3F       		.byte	63
 1792 06e3 04       		.byte	4
 1793 06e4 58       		.byte	88
 1794 06e5 04       		.byte	4
 1795 06e6 59       		.byte	89
 1796 06e7 04       		.byte	4
 1797 06e8 5C       		.byte	92
 1798 06e9 03       		.byte	3
 1799 06ea 5F       		.byte	95
 1800 06eb 01       		.byte	1
 1801 06ec 80       		.byte	-128
 1802 06ed 0C       		.byte	12
 1803 06ee 82       		.byte	-126
 1804 06ef 30       		.byte	48
 1805 06f0 84       		.byte	-124
 1806 06f1 32       		.byte	50
 1807 06f2 85       		.byte	-123
 1808 06f3 02       		.byte	2
 1809 06f4 86       		.byte	-122
 1810 06f5 0C       		.byte	12
 1811 06f6 89       		.byte	-119
 1812 06f7 01       		.byte	1
 1813 06f8 8A       		.byte	-118
 1814 06f9 40       		.byte	64
 1815 06fa 8D       		.byte	-115
 1816 06fb 02       		.byte	2
 1817 06fc 8E       		.byte	-114
 1818 06fd 02       		.byte	2
 1819 06fe 92       		.byte	-110
 1820 06ff 40       		.byte	64
 1821 0700 93       		.byte	-109
 1822 0701 01       		.byte	1
 1823 0702 94       		.byte	-108
 1824 0703 1E       		.byte	30
ARM GAS  C:\Users\diego\AppData\Local\Temp\ccxmHoMt.s 			page 33


 1825 0704 95       		.byte	-107
 1826 0705 01       		.byte	1
 1827 0706 9C       		.byte	-100
 1828 0707 24       		.byte	36
 1829 0708 9E       		.byte	-98
 1830 0709 18       		.byte	24
 1831 070a A0       		.byte	-96
 1832 070b 26       		.byte	38
 1833 070c A2       		.byte	-94
 1834 070d 18       		.byte	24
 1835 070e A3       		.byte	-93
 1836 070f 04       		.byte	4
 1837 0710 A6       		.byte	-90
 1838 0711 01       		.byte	1
 1839 0712 A8       		.byte	-88
 1840 0713 40       		.byte	64
 1841 0714 AC       		.byte	-84
 1842 0715 3C       		.byte	60
 1843 0716 AE       		.byte	-82
 1844 0717 02       		.byte	2
 1845 0718 B0       		.byte	-80
 1846 0719 3E       		.byte	62
 1847 071a B1       		.byte	-79
 1848 071b 02       		.byte	2
 1849 071c B2       		.byte	-78
 1850 071d 01       		.byte	1
 1851 071e B3       		.byte	-77
 1852 071f 04       		.byte	4
 1853 0720 B4       		.byte	-76
 1854 0721 40       		.byte	64
 1855 0722 B7       		.byte	-73
 1856 0723 01       		.byte	1
 1857 0724 B9       		.byte	-71
 1858 0725 02       		.byte	2
 1859 0726 BE       		.byte	-66
 1860 0727 10       		.byte	16
 1861 0728 BF       		.byte	-65
 1862 0729 40       		.byte	64
 1863 072a D4       		.byte	-44
 1864 072b 0F       		.byte	15
 1865 072c D8       		.byte	-40
 1866 072d 04       		.byte	4
 1867 072e D9       		.byte	-39
 1868 072f 04       		.byte	4
 1869 0730 DB       		.byte	-37
 1870 0731 04       		.byte	4
 1871 0732 DC       		.byte	-36
 1872 0733 33       		.byte	51
 1873 0734 DD       		.byte	-35
 1874 0735 30       		.byte	48
 1875 0736 DF       		.byte	-33
 1876 0737 01       		.byte	1
 1877 0738 01       		.byte	1
 1878 0739 01       		.byte	1
 1879 073a 02       		.byte	2
 1880 073b 20       		.byte	32
 1881 073c 03       		.byte	3
ARM GAS  C:\Users\diego\AppData\Local\Temp\ccxmHoMt.s 			page 34


 1882 073d 0A       		.byte	10
 1883 073e 05       		.byte	5
 1884 073f 20       		.byte	32
 1885 0740 06       		.byte	6
 1886 0741 02       		.byte	2
 1887 0742 08       		.byte	8
 1888 0743 04       		.byte	4
 1889 0744 09       		.byte	9
 1890 0745 02       		.byte	2
 1891 0746 0B       		.byte	11
 1892 0747 01       		.byte	1
 1893 0748 0D       		.byte	13
 1894 0749 08       		.byte	8
 1895 074a 0E       		.byte	14
 1896 074b 80       		.byte	-128
 1897 074c 0F       		.byte	15
 1898 074d 01       		.byte	1
 1899 074e 10       		.byte	16
 1900 074f 01       		.byte	1
 1901 0750 11       		.byte	17
 1902 0751 80       		.byte	-128
 1903 0752 12       		.byte	18
 1904 0753 80       		.byte	-128
 1905 0754 13       		.byte	19
 1906 0755 18       		.byte	24
 1907 0756 14       		.byte	20
 1908 0757 20       		.byte	32
 1909 0758 16       		.byte	22
 1910 0759 80       		.byte	-128
 1911 075a 17       		.byte	23
 1912 075b 20       		.byte	32
 1913 075c 19       		.byte	25
 1914 075d 01       		.byte	1
 1915 075e 1A       		.byte	26
 1916 075f 20       		.byte	32
 1917 0760 1B       		.byte	27
 1918 0761 12       		.byte	18
 1919 0762 1D       		.byte	29
 1920 0763 0C       		.byte	12
 1921 0764 1F       		.byte	31
 1922 0765 08       		.byte	8
 1923 0766 20       		.byte	32
 1924 0767 20       		.byte	32
 1925 0768 21       		.byte	33
 1926 0769 42       		.byte	66
 1927 076a 27       		.byte	39
 1928 076b 20       		.byte	32
 1929 076c 29       		.byte	41
 1930 076d 01       		.byte	1
 1931 076e 2C       		.byte	44
 1932 076f 04       		.byte	4
 1933 0770 2D       		.byte	45
 1934 0771 21       		.byte	33
 1935 0772 2E       		.byte	46
 1936 0773 03       		.byte	3
 1937 0774 31       		.byte	49
 1938 0775 0A       		.byte	10
ARM GAS  C:\Users\diego\AppData\Local\Temp\ccxmHoMt.s 			page 35


 1939 0776 34       		.byte	52
 1940 0777 20       		.byte	32
 1941 0778 35       		.byte	53
 1942 0779 04       		.byte	4
 1943 077a 36       		.byte	54
 1944 077b E0       		.byte	-32
 1945 077c 38       		.byte	56
 1946 077d 88       		.byte	-120
 1947 077e 39       		.byte	57
 1948 077f 20       		.byte	32
 1949 0780 3B       		.byte	59
 1950 0781 10       		.byte	16
 1951 0782 3D       		.byte	61
 1952 0783 80       		.byte	-128
 1953 0784 3E       		.byte	62
 1954 0785 80       		.byte	-128
 1955 0786 3F       		.byte	63
 1956 0787 83       		.byte	-125
 1957 0788 58       		.byte	88
 1958 0789 85       		.byte	-123
 1959 078a 5A       		.byte	90
 1960 078b 10       		.byte	16
 1961 078c 89       		.byte	-119
 1962 078d 10       		.byte	16
 1963 078e 8A       		.byte	-118
 1964 078f 80       		.byte	-128
 1965 0790 8D       		.byte	-115
 1966 0791 40       		.byte	64
 1967 0792 8E       		.byte	-114
 1968 0793 10       		.byte	16
 1969 0794 8F       		.byte	-113
 1970 0795 20       		.byte	32
 1971 0796 90       		.byte	-112
 1972 0797 88       		.byte	-120
 1973 0798 91       		.byte	-111
 1974 0799 20       		.byte	32
 1975 079a 93       		.byte	-109
 1976 079b 01       		.byte	1
 1977 079c 95       		.byte	-107
 1978 079d 10       		.byte	16
 1979 079e 96       		.byte	-106
 1980 079f 01       		.byte	1
 1981 07a0 9C       		.byte	-100
 1982 07a1 04       		.byte	4
 1983 07a2 9D       		.byte	-99
 1984 07a3 20       		.byte	32
 1985 07a4 A1       		.byte	-95
 1986 07a5 40       		.byte	64
 1987 07a6 A2       		.byte	-94
 1988 07a7 20       		.byte	32
 1989 07a8 A4       		.byte	-92
 1990 07a9 10       		.byte	16
 1991 07aa A5       		.byte	-91
 1992 07ab 08       		.byte	8
 1993 07ac A7       		.byte	-89
 1994 07ad 22       		.byte	34
 1995 07ae C0       		.byte	-64
ARM GAS  C:\Users\diego\AppData\Local\Temp\ccxmHoMt.s 			page 36


 1996 07af CF       		.byte	-49
 1997 07b0 C2       		.byte	-62
 1998 07b1 BD       		.byte	-67
 1999 07b2 C4       		.byte	-60
 2000 07b3 7F       		.byte	127
 2001 07b4 CA       		.byte	-54
 2002 07b5 A1       		.byte	-95
 2003 07b6 CC       		.byte	-52
 2004 07b7 73       		.byte	115
 2005 07b8 CE       		.byte	-50
 2006 07b9 9E       		.byte	-98
 2007 07ba D6       		.byte	-42
 2008 07bb 0F       		.byte	15
 2009 07bc 00       		.byte	0
 2010 07bd 02       		.byte	2
 2011 07be 01       		.byte	1
 2012 07bf 10       		.byte	16
 2013 07c0 02       		.byte	2
 2014 07c1 01       		.byte	1
 2015 07c2 03       		.byte	3
 2016 07c3 02       		.byte	2
 2017 07c4 04       		.byte	4
 2018 07c5 0C       		.byte	12
 2019 07c6 0B       		.byte	11
 2020 07c7 20       		.byte	32
 2021 07c8 0C       		.byte	12
 2022 07c9 01       		.byte	1
 2023 07ca 0E       		.byte	14
 2024 07cb 02       		.byte	2
 2025 07cc 14       		.byte	20
 2026 07cd 01       		.byte	1
 2027 07ce 16       		.byte	22
 2028 07cf 02       		.byte	2
 2029 07d0 17       		.byte	23
 2030 07d1 01       		.byte	1
 2031 07d2 19       		.byte	25
 2032 07d3 18       		.byte	24
 2033 07d4 1B       		.byte	27
 2034 07d5 02       		.byte	2
 2035 07d6 1C       		.byte	28
 2036 07d7 14       		.byte	20
 2037 07d8 1D       		.byte	29
 2038 07d9 18       		.byte	24
 2039 07da 1F       		.byte	31
 2040 07db 04       		.byte	4
 2041 07dc 20       		.byte	32
 2042 07dd 18       		.byte	24
 2043 07de 21       		.byte	33
 2044 07df 16       		.byte	22
 2045 07e0 23       		.byte	35
 2046 07e1 08       		.byte	8
 2047 07e2 24       		.byte	36
 2048 07e3 18       		.byte	24
 2049 07e4 28       		.byte	40
 2050 07e5 01       		.byte	1
 2051 07e6 29       		.byte	41
 2052 07e7 0E       		.byte	14
ARM GAS  C:\Users\diego\AppData\Local\Temp\ccxmHoMt.s 			page 37


 2053 07e8 2A       		.byte	42
 2054 07e9 02       		.byte	2
 2055 07ea 2F       		.byte	47
 2056 07eb 1E       		.byte	30
 2057 07ec 31       		.byte	49
 2058 07ed 20       		.byte	32
 2059 07ee 33       		.byte	51
 2060 07ef 01       		.byte	1
 2061 07f0 34       		.byte	52
 2062 07f1 1C       		.byte	28
 2063 07f2 36       		.byte	54
 2064 07f3 03       		.byte	3
 2065 07f4 37       		.byte	55
 2066 07f5 1E       		.byte	30
 2067 07f6 38       		.byte	56
 2068 07f7 20       		.byte	32
 2069 07f8 3A       		.byte	58
 2070 07f9 80       		.byte	-128
 2071 07fa 40       		.byte	64
 2072 07fb 30       		.byte	48
 2073 07fc 41       		.byte	65
 2074 07fd 04       		.byte	4
 2075 07fe 49       		.byte	73
 2076 07ff FF       		.byte	-1
 2077 0800 4A       		.byte	74
 2078 0801 FF       		.byte	-1
 2079 0802 4B       		.byte	75
 2080 0803 FF       		.byte	-1
 2081 0804 4D       		.byte	77
 2082 0805 A0       		.byte	-96
 2083 0806 4F       		.byte	79
 2084 0807 04       		.byte	4
 2085 0808 50       		.byte	80
 2086 0809 18       		.byte	24
 2087 080a 58       		.byte	88
 2088 080b 04       		.byte	4
 2089 080c 59       		.byte	89
 2090 080d 04       		.byte	4
 2091 080e 5A       		.byte	90
 2092 080f 04       		.byte	4
 2093 0810 5C       		.byte	92
 2094 0811 33       		.byte	51
 2095 0812 5D       		.byte	93
 2096 0813 01       		.byte	1
 2097 0814 5F       		.byte	95
 2098 0815 01       		.byte	1
 2099 0816 60       		.byte	96
 2100 0817 40       		.byte	64
 2101 0818 62       		.byte	98
 2102 0819 C0       		.byte	-64
 2103 081a 64       		.byte	100
 2104 081b 40       		.byte	64
 2105 081c 65       		.byte	101
 2106 081d 40       		.byte	64
 2107 081e 66       		.byte	102
 2108 081f C0       		.byte	-64
 2109 0820 68       		.byte	104
ARM GAS  C:\Users\diego\AppData\Local\Temp\ccxmHoMt.s 			page 38


 2110 0821 C0       		.byte	-64
 2111 0822 6A       		.byte	106
 2112 0823 C0       		.byte	-64
 2113 0824 6C       		.byte	108
 2114 0825 C0       		.byte	-64
 2115 0826 6E       		.byte	110
 2116 0827 C0       		.byte	-64
 2117 0828 8A       		.byte	-118
 2118 0829 03       		.byte	3
 2119 082a 8B       		.byte	-117
 2120 082b 02       		.byte	2
 2121 082c 96       		.byte	-106
 2122 082d 06       		.byte	6
 2123 082e 9F       		.byte	-97
 2124 082f 01       		.byte	1
 2125 0830 A1       		.byte	-95
 2126 0831 02       		.byte	2
 2127 0832 A2       		.byte	-94
 2128 0833 01       		.byte	1
 2129 0834 B0       		.byte	-80
 2130 0835 02       		.byte	2
 2131 0836 B1       		.byte	-79
 2132 0837 02       		.byte	2
 2133 0838 B4       		.byte	-76
 2134 0839 01       		.byte	1
 2135 083a B5       		.byte	-75
 2136 083b 01       		.byte	1
 2137 083c B6       		.byte	-74
 2138 083d 04       		.byte	4
 2139 083e BE       		.byte	-66
 2140 083f 10       		.byte	16
 2141 0840 C0       		.byte	-64
 2142 0841 30       		.byte	48
 2143 0842 C1       		.byte	-63
 2144 0843 04       		.byte	4
 2145 0844 C5       		.byte	-59
 2146 0845 D0       		.byte	-48
 2147 0846 C6       		.byte	-58
 2148 0847 12       		.byte	18
 2149 0848 C8       		.byte	-56
 2150 0849 0E       		.byte	14
 2151 084a C9       		.byte	-55
 2152 084b FF       		.byte	-1
 2153 084c CA       		.byte	-54
 2154 084d FF       		.byte	-1
 2155 084e CB       		.byte	-53
 2156 084f FF       		.byte	-1
 2157 0850 CD       		.byte	-51
 2158 0851 AF       		.byte	-81
 2159 0852 CE       		.byte	-50
 2160 0853 0F       		.byte	15
 2161 0854 CF       		.byte	-49
 2162 0855 04       		.byte	4
 2163 0856 D0       		.byte	-48
 2164 0857 18       		.byte	24
 2165 0858 D2       		.byte	-46
 2166 0859 80       		.byte	-128
ARM GAS  C:\Users\diego\AppData\Local\Temp\ccxmHoMt.s 			page 39


 2167 085a D4       		.byte	-44
 2168 085b 05       		.byte	5
 2169 085c D8       		.byte	-40
 2170 085d 04       		.byte	4
 2171 085e D9       		.byte	-39
 2172 085f 04       		.byte	4
 2173 0860 DA       		.byte	-38
 2174 0861 04       		.byte	4
 2175 0862 DB       		.byte	-37
 2176 0863 04       		.byte	4
 2177 0864 DC       		.byte	-36
 2178 0865 11       		.byte	17
 2179 0866 DD       		.byte	-35
 2180 0867 11       		.byte	17
 2181 0868 DF       		.byte	-33
 2182 0869 01       		.byte	1
 2183 086a E0       		.byte	-32
 2184 086b 40       		.byte	64
 2185 086c E2       		.byte	-30
 2186 086d C0       		.byte	-64
 2187 086e E4       		.byte	-28
 2188 086f 40       		.byte	64
 2189 0870 E5       		.byte	-27
 2190 0871 40       		.byte	64
 2191 0872 E6       		.byte	-26
 2192 0873 C0       		.byte	-64
 2193 0874 E8       		.byte	-24
 2194 0875 C0       		.byte	-64
 2195 0876 EA       		.byte	-22
 2196 0877 C0       		.byte	-64
 2197 0878 EC       		.byte	-20
 2198 0879 C0       		.byte	-64
 2199 087a EE       		.byte	-18
 2200 087b C0       		.byte	-64
 2201 087c 00       		.byte	0
 2202 087d 80       		.byte	-128
 2203 087e 01       		.byte	1
 2204 087f 01       		.byte	1
 2205 0880 03       		.byte	3
 2206 0881 20       		.byte	32
 2207 0882 07       		.byte	7
 2208 0883 04       		.byte	4
 2209 0884 08       		.byte	8
 2210 0885 04       		.byte	4
 2211 0886 09       		.byte	9
 2212 0887 40       		.byte	64
 2213 0888 0A       		.byte	10
 2214 0889 20       		.byte	32
 2215 088a 0F       		.byte	15
 2216 088b 20       		.byte	32
 2217 088c 12       		.byte	18
 2218 088d A8       		.byte	-88
 2219 088e 16       		.byte	22
 2220 088f 80       		.byte	-128
 2221 0890 19       		.byte	25
 2222 0891 20       		.byte	32
 2223 0892 1A       		.byte	26
ARM GAS  C:\Users\diego\AppData\Local\Temp\ccxmHoMt.s 			page 40


 2224 0893 01       		.byte	1
 2225 0894 1B       		.byte	27
 2226 0895 20       		.byte	32
 2227 0896 1E       		.byte	30
 2228 0897 08       		.byte	8
 2229 0898 1F       		.byte	31
 2230 0899 81       		.byte	-127
 2231 089a 20       		.byte	32
 2232 089b 80       		.byte	-128
 2233 089c 22       		.byte	34
 2234 089d 88       		.byte	-120
 2235 089e 23       		.byte	35
 2236 089f 10       		.byte	16
 2237 08a0 27       		.byte	39
 2238 08a1 84       		.byte	-124
 2239 08a2 29       		.byte	41
 2240 08a3 20       		.byte	32
 2241 08a4 2B       		.byte	43
 2242 08a5 41       		.byte	65
 2243 08a6 2F       		.byte	47
 2244 08a7 80       		.byte	-128
 2245 08a8 30       		.byte	48
 2246 08a9 04       		.byte	4
 2247 08aa 32       		.byte	50
 2248 08ab A0       		.byte	-96
 2249 08ac 37       		.byte	55
 2250 08ad 40       		.byte	64
 2251 08ae 39       		.byte	57
 2252 08af 01       		.byte	1
 2253 08b0 3B       		.byte	59
 2254 08b1 10       		.byte	16
 2255 08b2 3F       		.byte	63
 2256 08b3 20       		.byte	32
 2257 08b4 42       		.byte	66
 2258 08b5 80       		.byte	-128
 2259 08b6 43       		.byte	67
 2260 08b7 04       		.byte	4
 2261 08b8 46       		.byte	70
 2262 08b9 80       		.byte	-128
 2263 08ba 47       		.byte	71
 2264 08bb 04       		.byte	4
 2265 08bc 4F       		.byte	79
 2266 08bd 01       		.byte	1
 2267 08be 56       		.byte	86
 2268 08bf 80       		.byte	-128
 2269 08c0 57       		.byte	87
 2270 08c1 10       		.byte	16
 2271 08c2 5E       		.byte	94
 2272 08c3 08       		.byte	8
 2273 08c4 5F       		.byte	95
 2274 08c5 81       		.byte	-127
 2275 08c6 77       		.byte	119
 2276 08c7 40       		.byte	64
 2277 08c8 83       		.byte	-125
 2278 08c9 01       		.byte	1
 2279 08ca 91       		.byte	-111
 2280 08cb 01       		.byte	1
ARM GAS  C:\Users\diego\AppData\Local\Temp\ccxmHoMt.s 			page 41


 2281 08cc 92       		.byte	-110
 2282 08cd 20       		.byte	32
 2283 08ce 96       		.byte	-106
 2284 08cf 01       		.byte	1
 2285 08d0 9D       		.byte	-99
 2286 08d1 20       		.byte	32
 2287 08d2 A1       		.byte	-95
 2288 08d3 40       		.byte	64
 2289 08d4 A2       		.byte	-94
 2290 08d5 20       		.byte	32
 2291 08d6 A3       		.byte	-93
 2292 08d7 41       		.byte	65
 2293 08d8 A6       		.byte	-90
 2294 08d9 80       		.byte	-128
 2295 08da B3       		.byte	-77
 2296 08db 08       		.byte	8
 2297 08dc B4       		.byte	-76
 2298 08dd 80       		.byte	-128
 2299 08de B7       		.byte	-73
 2300 08df 10       		.byte	16
 2301 08e0 C0       		.byte	-64
 2302 08e1 4D       		.byte	77
 2303 08e2 C2       		.byte	-62
 2304 08e3 25       		.byte	37
 2305 08e4 C4       		.byte	-60
 2306 08e5 1E       		.byte	30
 2307 08e6 CA       		.byte	-54
 2308 08e7 8D       		.byte	-115
 2309 08e8 CC       		.byte	-52
 2310 08e9 1E       		.byte	30
 2311 08ea CE       		.byte	-50
 2312 08eb 25       		.byte	37
 2313 08ec D0       		.byte	-48
 2314 08ed C3       		.byte	-61
 2315 08ee D6       		.byte	-42
 2316 08ef D0       		.byte	-48
 2317 08f0 E4       		.byte	-28
 2318 08f1 04       		.byte	4
 2319 08f2 EC       		.byte	-20
 2320 08f3 10       		.byte	16
 2321 08f4 32       		.byte	50
 2322 08f5 80       		.byte	-128
 2323 08f6 CC       		.byte	-52
 2324 08f7 10       		.byte	16
 2325 08f8 5A       		.byte	90
 2326 08f9 80       		.byte	-128
 2327 08fa A6       		.byte	-90
 2328 08fb 80       		.byte	-128
 2329 08fc D4       		.byte	-44
 2330 08fd 80       		.byte	-128
 2331 08fe 12       		.byte	18
 2332 08ff 80       		.byte	-128
 2333 0900 A6       		.byte	-90
 2334 0901 80       		.byte	-128
 2335 0902 AA       		.byte	-86
 2336 0903 40       		.byte	64
 2337 0904 C4       		.byte	-60
ARM GAS  C:\Users\diego\AppData\Local\Temp\ccxmHoMt.s 			page 42


 2338 0905 10       		.byte	16
 2339 0906 EE       		.byte	-18
 2340 0907 80       		.byte	-128
 2341 0908 60       		.byte	96
 2342 0909 08       		.byte	8
 2343 090a 84       		.byte	-124
 2344 090b 08       		.byte	8
 2345 090c D8       		.byte	-40
 2346 090d 40       		.byte	64
 2347 090e E6       		.byte	-26
 2348 090f 10       		.byte	16
 2349 0910 7F       		.byte	127
 2350 0911 04       		.byte	4
 2351 0912 DE       		.byte	-34
 2352 0913 01       		.byte	1
 2353 0914 03       		.byte	3
 2354 0915 20       		.byte	32
 2355 0916 07       		.byte	7
 2356 0917 80       		.byte	-128
 2357 0918 8B       		.byte	-117
 2358 0919 20       		.byte	32
 2359 091a 97       		.byte	-105
 2360 091b 08       		.byte	8
 2361 091c C0       		.byte	-64
 2362 091d 0C       		.byte	12
 2363 091e E2       		.byte	-30
 2364 091f 01       		.byte	1
 2365 0920 45       		.byte	69
 2366 0921 08       		.byte	8
 2367 0922 97       		.byte	-105
 2368 0923 08       		.byte	8
 2369 0924 AB       		.byte	-85
 2370 0925 80       		.byte	-128
 2371 0926 D0       		.byte	-48
 2372 0927 01       		.byte	1
 2373 0928 87       		.byte	-121
 2374 0929 04       		.byte	4
 2375 092a 97       		.byte	-105
 2376 092b 08       		.byte	8
 2377 092c A5       		.byte	-91
 2378 092d 08       		.byte	8
 2379 092e 25       		.byte	37
 2380 092f 10       		.byte	16
 2381 0930 C8       		.byte	-56
 2382 0931 20       		.byte	32
 2383 0932 B5       		.byte	-75
 2384 0933 10       		.byte	16
 2385 0934 08       		.byte	8
 2386 0935 20       		.byte	32
 2387 0936 0C       		.byte	12
 2388 0937 80       		.byte	-128
 2389 0938 8C       		.byte	-116
 2390 0939 20       		.byte	32
 2391 093a A5       		.byte	-91
 2392 093b 08       		.byte	8
 2393 093c C2       		.byte	-62
 2394 093d 03       		.byte	3
ARM GAS  C:\Users\diego\AppData\Local\Temp\ccxmHoMt.s 			page 43


 2395 093e E2       		.byte	-30
 2396 093f 02       		.byte	2
 2397 0940 5A       		.byte	90
 2398 0941 20       		.byte	32
 2399 0942 82       		.byte	-126
 2400 0943 10       		.byte	16
 2401 0944 B0       		.byte	-80
 2402 0945 80       		.byte	-128
 2403 0946 B5       		.byte	-75
 2404 0947 08       		.byte	8
 2405 0948 D4       		.byte	-44
 2406 0949 01       		.byte	1
 2407 094a EC       		.byte	-20
 2408 094b 08       		.byte	8
 2409 094c EE       		.byte	-18
 2410 094d 01       		.byte	1
 2411 094e 00       		.byte	0
 2412 094f 1C       		.byte	28
 2413 0950 0A       		.byte	10
 2414 0951 10       		.byte	16
 2415 0952 0C       		.byte	12
 2416 0953 0C       		.byte	12
 2417 0954 0E       		.byte	14
 2418 0955 1C       		.byte	28
 2419 0956 10       		.byte	16
 2420 0957 0A       		.byte	10
 2421 0958 1C       		.byte	28
 2422 0959 0A       		.byte	10
 2423 095a 00       		.byte	0
 2424 095b 03       		.byte	3
 2425 095c 02       		.byte	2
 2426 095d 00       		.byte	0
 2427 095e 00       		.byte	0
 2428 095f 02       		.byte	2
 2429 0960 02       		.byte	2
 2430 0961 00       		.byte	0
 2431 0962 02       		.byte	2
 2432 0963 00       		.byte	0
 2433 0964 00       		.byte	0
 2434 0965 00       		.byte	0
 2435 0966 00       		.byte	0
 2436 0967 00       		.byte	0
 2437 0968 C0       		.byte	-64
 2438 0969 0B       		.byte	11
 2439 096a 0B       		.byte	11
 2440 096b 00       		.byte	0
 2441 096c 00       		.byte	0
 2442 096d 00       		.byte	0
 2443 096e 00       		.byte	0
 2444 096f 00       		.byte	0
 2445 0970 03       		.byte	3
 2446 0971 00       		.byte	0
 2447 0972 00       		.byte	0
 2448 0973 00       		.byte	0
 2449 0974 00       		.byte	0
 2450 0975 00       		.byte	0
 2451 0976 04       		.byte	4
ARM GAS  C:\Users\diego\AppData\Local\Temp\ccxmHoMt.s 			page 44


 2452 0977 00       		.byte	0
 2453 0978 00       		.byte	0
 2454 0979 07       		.byte	7
 2455 097a 07       		.byte	7
 2456 097b 00       		.byte	0
 2457 097c 04       		.byte	4
 2458 097d 00       		.byte	0
 2459 097e 00       		.byte	0
 2460 097f 00       		.byte	0
 2461 0980 02       		.byte	2
 2462 0981 00       		.byte	0
 2463 0982 00       		.byte	0
 2464 0983 0A       		.byte	10
 2465 0984 08       		.byte	8
 2466 0985 00       		.byte	0
 2467 0986 00       		.byte	0
 2468 0987 00       		.byte	0
 2469 0988 00       		.byte	0
 2470 0989 00       		.byte	0
 2471 098a 00       		.byte	0
 2472 098b 00       		.byte	0
 2473 098c 25       		.byte	37
 2474 098d 00       		.byte	0
 2475 098e 18       		.byte	24
 2476 098f 01       		.byte	1
 2477              		.section	.cywolatch,"a",%progbits
 2478              		.align	2
 2479              		.type	cy_meta_wonvl, %object
 2480              		.size	cy_meta_wonvl, 4
 2481              	cy_meta_wonvl:
 2482 0000 BC       		.byte	-68
 2483 0001 90       		.byte	-112
 2484 0002 AC       		.byte	-84
 2485 0003 AF       		.byte	-81
 2486              		.section	.cycustnvl,"a",%progbits
 2487              		.align	2
 2488              		.type	cy_meta_custnvl, %object
 2489              		.size	cy_meta_custnvl, 4
 2490              	cy_meta_custnvl:
 2491 0000 00       		.byte	0
 2492 0001 00       		.byte	0
 2493 0002 40       		.byte	64
 2494 0003 05       		.byte	5
 2495              		.section	.cymeta,"a",%progbits
 2496              		.align	2
 2497              		.type	cy_metadata, %object
 2498              		.size	cy_metadata, 12
 2499              	cy_metadata:
 2500 0000 00       		.byte	0
 2501 0001 01       		.byte	1
 2502 0002 2E       		.byte	46
 2503 0003 12       		.byte	18
 2504 0004 30       		.byte	48
 2505 0005 69       		.byte	105
 2506 0006 00       		.byte	0
 2507 0007 01       		.byte	1
 2508 0008 00       		.byte	0
ARM GAS  C:\Users\diego\AppData\Local\Temp\ccxmHoMt.s 			page 45


 2509 0009 00       		.byte	0
 2510 000a 00       		.byte	0
 2511 000b 00       		.byte	0
 2512              		.section	.cyflashprotect,"a",%progbits
 2513              		.align	2
 2514              		.type	cy_meta_flashprotect, %object
 2515              		.size	cy_meta_flashprotect, 256
 2516              	cy_meta_flashprotect:
 2517 0000 00000000 		.space	256
 2517      00000000 
 2517      00000000 
 2517      00000000 
 2517      00000000 
 2518              		.text
 2519              	.Letext0:
 2520              		.file 1 "c:\\program files (x86)\\cypress\\psoc creator\\4.2\\psoc creator\\import\\gnu\\arm\\5.4.
 2521              		.file 2 "c:\\program files (x86)\\cypress\\psoc creator\\4.2\\psoc creator\\import\\gnu\\arm\\5.4.
 2522              		.file 3 "Generated_Source\\PSoC5\\cymetadata.c"
 2523              		.section	.debug_info,"",%progbits
 2524              	.Ldebug_info0:
 2525 0000 35010000 		.4byte	0x135
 2526 0004 0400     		.2byte	0x4
 2527 0006 00000000 		.4byte	.Ldebug_abbrev0
 2528 000a 04       		.byte	0x4
 2529 000b 01       		.uleb128 0x1
 2530 000c 2D000000 		.4byte	.LASF17
 2531 0010 0C       		.byte	0xc
 2532 0011 F1010000 		.4byte	.LASF18
 2533 0015 72010000 		.4byte	.LASF19
 2534 0019 00000000 		.4byte	.Ldebug_line0
 2535 001d 02       		.uleb128 0x2
 2536 001e 01       		.byte	0x1
 2537 001f 06       		.byte	0x6
 2538 0020 E5010000 		.4byte	.LASF0
 2539 0024 03       		.uleb128 0x3
 2540 0025 00000000 		.4byte	.LASF9
 2541 0029 01       		.byte	0x1
 2542 002a 1D       		.byte	0x1d
 2543 002b 2F000000 		.4byte	0x2f
 2544 002f 02       		.uleb128 0x2
 2545 0030 01       		.byte	0x1
 2546 0031 08       		.byte	0x8
 2547 0032 1F000000 		.4byte	.LASF1
 2548 0036 02       		.uleb128 0x2
 2549 0037 02       		.byte	0x2
 2550 0038 05       		.byte	0x5
 2551 0039 68010000 		.4byte	.LASF2
 2552 003d 02       		.uleb128 0x2
 2553 003e 02       		.byte	0x2
 2554 003f 07       		.byte	0x7
 2555 0040 CD000000 		.4byte	.LASF3
 2556 0044 02       		.uleb128 0x2
 2557 0045 04       		.byte	0x4
 2558 0046 05       		.byte	0x5
 2559 0047 0A000000 		.4byte	.LASF4
 2560 004b 02       		.uleb128 0x2
 2561 004c 04       		.byte	0x4
ARM GAS  C:\Users\diego\AppData\Local\Temp\ccxmHoMt.s 			page 46


 2562 004d 07       		.byte	0x7
 2563 004e BB000000 		.4byte	.LASF5
 2564 0052 02       		.uleb128 0x2
 2565 0053 08       		.byte	0x8
 2566 0054 05       		.byte	0x5
 2567 0055 5A010000 		.4byte	.LASF6
 2568 0059 02       		.uleb128 0x2
 2569 005a 08       		.byte	0x8
 2570 005b 07       		.byte	0x7
 2571 005c 0F010000 		.4byte	.LASF7
 2572 0060 04       		.uleb128 0x4
 2573 0061 04       		.byte	0x4
 2574 0062 05       		.byte	0x5
 2575 0063 696E7400 		.ascii	"int\000"
 2576 0067 02       		.uleb128 0x2
 2577 0068 04       		.byte	0x4
 2578 0069 07       		.byte	0x7
 2579 006a 02010000 		.4byte	.LASF8
 2580 006e 03       		.uleb128 0x3
 2581 006f 26010000 		.4byte	.LASF10
 2582 0073 02       		.byte	0x2
 2583 0074 18       		.byte	0x18
 2584 0075 24000000 		.4byte	0x24
 2585 0079 05       		.uleb128 0x5
 2586 007a 91000000 		.4byte	0x91
 2587 007e 8A000000 		.4byte	0x8a
 2588 0082 06       		.uleb128 0x6
 2589 0083 8A000000 		.4byte	0x8a
 2590 0087 8F09     		.2byte	0x98f
 2591 0089 00       		.byte	0
 2592 008a 02       		.uleb128 0x2
 2593 008b 04       		.byte	0x4
 2594 008c 07       		.byte	0x7
 2595 008d 51010000 		.4byte	.LASF11
 2596 0091 07       		.uleb128 0x7
 2597 0092 6E000000 		.4byte	0x6e
 2598 0096 08       		.uleb128 0x8
 2599 0097 F0000000 		.4byte	.LASF12
 2600 009b 03       		.byte	0x3
 2601 009c 1F       		.byte	0x1f
 2602 009d A7000000 		.4byte	0xa7
 2603 00a1 05       		.uleb128 0x5
 2604 00a2 03       		.byte	0x3
 2605 00a3 00000000 		.4byte	cy_meta_configecc
 2606 00a7 07       		.uleb128 0x7
 2607 00a8 79000000 		.4byte	0x79
 2608 00ac 05       		.uleb128 0x5
 2609 00ad 91000000 		.4byte	0x91
 2610 00b1 BC000000 		.4byte	0xbc
 2611 00b5 09       		.uleb128 0x9
 2612 00b6 8A000000 		.4byte	0x8a
 2613 00ba 03       		.byte	0x3
 2614 00bb 00       		.byte	0
 2615 00bc 0A       		.uleb128 0xa
 2616 00bd E0000000 		.4byte	.LASF13
 2617 00c1 03       		.byte	0x3
 2618 00c2 5E01     		.2byte	0x15e
ARM GAS  C:\Users\diego\AppData\Local\Temp\ccxmHoMt.s 			page 47


 2619 00c4 CE000000 		.4byte	0xce
 2620 00c8 05       		.uleb128 0x5
 2621 00c9 03       		.byte	0x3
 2622 00ca 00000000 		.4byte	cy_meta_custnvl
 2623 00ce 07       		.uleb128 0x7
 2624 00cf AC000000 		.4byte	0xac
 2625 00d3 0A       		.uleb128 0xa
 2626 00d4 43010000 		.4byte	.LASF14
 2627 00d8 03       		.byte	0x3
 2628 00d9 6C01     		.2byte	0x16c
 2629 00db E5000000 		.4byte	0xe5
 2630 00df 05       		.uleb128 0x5
 2631 00e0 03       		.byte	0x3
 2632 00e1 00000000 		.4byte	cy_meta_wonvl
 2633 00e5 07       		.uleb128 0x7
 2634 00e6 AC000000 		.4byte	0xac
 2635 00ea 05       		.uleb128 0x5
 2636 00eb 91000000 		.4byte	0x91
 2637 00ef FA000000 		.4byte	0xfa
 2638 00f3 09       		.uleb128 0x9
 2639 00f4 8A000000 		.4byte	0x8a
 2640 00f8 FF       		.byte	0xff
 2641 00f9 00       		.byte	0
 2642 00fa 0A       		.uleb128 0xa
 2643 00fb 2E010000 		.4byte	.LASF15
 2644 00ff 03       		.byte	0x3
 2645 0100 7A01     		.2byte	0x17a
 2646 0102 0C010000 		.4byte	0x10c
 2647 0106 05       		.uleb128 0x5
 2648 0107 03       		.byte	0x3
 2649 0108 00000000 		.4byte	cy_meta_flashprotect
 2650 010c 07       		.uleb128 0x7
 2651 010d EA000000 		.4byte	0xea
 2652 0111 05       		.uleb128 0x5
 2653 0112 91000000 		.4byte	0x91
 2654 0116 21010000 		.4byte	0x121
 2655 011a 09       		.uleb128 0x9
 2656 011b 8A000000 		.4byte	0x8a
 2657 011f 0B       		.byte	0xb
 2658 0120 00       		.byte	0
 2659 0121 0A       		.uleb128 0xa
 2660 0122 13000000 		.4byte	.LASF16
 2661 0126 03       		.byte	0x3
 2662 0127 A701     		.2byte	0x1a7
 2663 0129 33010000 		.4byte	0x133
 2664 012d 05       		.uleb128 0x5
 2665 012e 03       		.byte	0x3
 2666 012f 00000000 		.4byte	cy_metadata
 2667 0133 07       		.uleb128 0x7
 2668 0134 11010000 		.4byte	0x111
 2669 0138 00       		.byte	0
 2670              		.section	.debug_abbrev,"",%progbits
 2671              	.Ldebug_abbrev0:
 2672 0000 01       		.uleb128 0x1
 2673 0001 11       		.uleb128 0x11
 2674 0002 01       		.byte	0x1
 2675 0003 25       		.uleb128 0x25
ARM GAS  C:\Users\diego\AppData\Local\Temp\ccxmHoMt.s 			page 48


 2676 0004 0E       		.uleb128 0xe
 2677 0005 13       		.uleb128 0x13
 2678 0006 0B       		.uleb128 0xb
 2679 0007 03       		.uleb128 0x3
 2680 0008 0E       		.uleb128 0xe
 2681 0009 1B       		.uleb128 0x1b
 2682 000a 0E       		.uleb128 0xe
 2683 000b 10       		.uleb128 0x10
 2684 000c 17       		.uleb128 0x17
 2685 000d 00       		.byte	0
 2686 000e 00       		.byte	0
 2687 000f 02       		.uleb128 0x2
 2688 0010 24       		.uleb128 0x24
 2689 0011 00       		.byte	0
 2690 0012 0B       		.uleb128 0xb
 2691 0013 0B       		.uleb128 0xb
 2692 0014 3E       		.uleb128 0x3e
 2693 0015 0B       		.uleb128 0xb
 2694 0016 03       		.uleb128 0x3
 2695 0017 0E       		.uleb128 0xe
 2696 0018 00       		.byte	0
 2697 0019 00       		.byte	0
 2698 001a 03       		.uleb128 0x3
 2699 001b 16       		.uleb128 0x16
 2700 001c 00       		.byte	0
 2701 001d 03       		.uleb128 0x3
 2702 001e 0E       		.uleb128 0xe
 2703 001f 3A       		.uleb128 0x3a
 2704 0020 0B       		.uleb128 0xb
 2705 0021 3B       		.uleb128 0x3b
 2706 0022 0B       		.uleb128 0xb
 2707 0023 49       		.uleb128 0x49
 2708 0024 13       		.uleb128 0x13
 2709 0025 00       		.byte	0
 2710 0026 00       		.byte	0
 2711 0027 04       		.uleb128 0x4
 2712 0028 24       		.uleb128 0x24
 2713 0029 00       		.byte	0
 2714 002a 0B       		.uleb128 0xb
 2715 002b 0B       		.uleb128 0xb
 2716 002c 3E       		.uleb128 0x3e
 2717 002d 0B       		.uleb128 0xb
 2718 002e 03       		.uleb128 0x3
 2719 002f 08       		.uleb128 0x8
 2720 0030 00       		.byte	0
 2721 0031 00       		.byte	0
 2722 0032 05       		.uleb128 0x5
 2723 0033 01       		.uleb128 0x1
 2724 0034 01       		.byte	0x1
 2725 0035 49       		.uleb128 0x49
 2726 0036 13       		.uleb128 0x13
 2727 0037 01       		.uleb128 0x1
 2728 0038 13       		.uleb128 0x13
 2729 0039 00       		.byte	0
 2730 003a 00       		.byte	0
 2731 003b 06       		.uleb128 0x6
 2732 003c 21       		.uleb128 0x21
ARM GAS  C:\Users\diego\AppData\Local\Temp\ccxmHoMt.s 			page 49


 2733 003d 00       		.byte	0
 2734 003e 49       		.uleb128 0x49
 2735 003f 13       		.uleb128 0x13
 2736 0040 2F       		.uleb128 0x2f
 2737 0041 05       		.uleb128 0x5
 2738 0042 00       		.byte	0
 2739 0043 00       		.byte	0
 2740 0044 07       		.uleb128 0x7
 2741 0045 26       		.uleb128 0x26
 2742 0046 00       		.byte	0
 2743 0047 49       		.uleb128 0x49
 2744 0048 13       		.uleb128 0x13
 2745 0049 00       		.byte	0
 2746 004a 00       		.byte	0
 2747 004b 08       		.uleb128 0x8
 2748 004c 34       		.uleb128 0x34
 2749 004d 00       		.byte	0
 2750 004e 03       		.uleb128 0x3
 2751 004f 0E       		.uleb128 0xe
 2752 0050 3A       		.uleb128 0x3a
 2753 0051 0B       		.uleb128 0xb
 2754 0052 3B       		.uleb128 0x3b
 2755 0053 0B       		.uleb128 0xb
 2756 0054 49       		.uleb128 0x49
 2757 0055 13       		.uleb128 0x13
 2758 0056 3F       		.uleb128 0x3f
 2759 0057 19       		.uleb128 0x19
 2760 0058 02       		.uleb128 0x2
 2761 0059 18       		.uleb128 0x18
 2762 005a 00       		.byte	0
 2763 005b 00       		.byte	0
 2764 005c 09       		.uleb128 0x9
 2765 005d 21       		.uleb128 0x21
 2766 005e 00       		.byte	0
 2767 005f 49       		.uleb128 0x49
 2768 0060 13       		.uleb128 0x13
 2769 0061 2F       		.uleb128 0x2f
 2770 0062 0B       		.uleb128 0xb
 2771 0063 00       		.byte	0
 2772 0064 00       		.byte	0
 2773 0065 0A       		.uleb128 0xa
 2774 0066 34       		.uleb128 0x34
 2775 0067 00       		.byte	0
 2776 0068 03       		.uleb128 0x3
 2777 0069 0E       		.uleb128 0xe
 2778 006a 3A       		.uleb128 0x3a
 2779 006b 0B       		.uleb128 0xb
 2780 006c 3B       		.uleb128 0x3b
 2781 006d 05       		.uleb128 0x5
 2782 006e 49       		.uleb128 0x49
 2783 006f 13       		.uleb128 0x13
 2784 0070 3F       		.uleb128 0x3f
 2785 0071 19       		.uleb128 0x19
 2786 0072 02       		.uleb128 0x2
 2787 0073 18       		.uleb128 0x18
 2788 0074 00       		.byte	0
 2789 0075 00       		.byte	0
ARM GAS  C:\Users\diego\AppData\Local\Temp\ccxmHoMt.s 			page 50


 2790 0076 00       		.byte	0
 2791              		.section	.debug_aranges,"",%progbits
 2792 0000 14000000 		.4byte	0x14
 2793 0004 0200     		.2byte	0x2
 2794 0006 00000000 		.4byte	.Ldebug_info0
 2795 000a 04       		.byte	0x4
 2796 000b 00       		.byte	0
 2797 000c 0000     		.2byte	0
 2798 000e 0000     		.2byte	0
 2799 0010 00000000 		.4byte	0
 2800 0014 00000000 		.4byte	0
 2801              		.section	.debug_line,"",%progbits
 2802              	.Ldebug_line0:
 2803 0000 3D010000 		.section	.debug_str,"MS",%progbits,1
 2803      02003701 
 2803      00000201 
 2803      FB0E0D00 
 2803      01010101 
 2804              	.LASF9:
 2805 0000 5F5F7569 		.ascii	"__uint8_t\000"
 2805      6E74385F 
 2805      7400
 2806              	.LASF4:
 2807 000a 6C6F6E67 		.ascii	"long int\000"
 2807      20696E74 
 2807      00
 2808              	.LASF16:
 2809 0013 63795F6D 		.ascii	"cy_metadata\000"
 2809      65746164 
 2809      61746100 
 2810              	.LASF1:
 2811 001f 756E7369 		.ascii	"unsigned char\000"
 2811      676E6564 
 2811      20636861 
 2811      7200
 2812              	.LASF17:
 2813 002d 474E5520 		.ascii	"GNU C11 5.4.1 20160609 (release) [ARM/embedded-5-br"
 2813      43313120 
 2813      352E342E 
 2813      31203230 
 2813      31363036 
 2814 0060 616E6368 		.ascii	"anch revision 237715] -mcpu=cortex-m3 -mthumb -g -O"
 2814      20726576 
 2814      6973696F 
 2814      6E203233 
 2814      37373135 
 2815 0093 67202D66 		.ascii	"g -ffunction-sections -ffat-lto-objects\000"
 2815      66756E63 
 2815      74696F6E 
 2815      2D736563 
 2815      74696F6E 
 2816              	.LASF5:
 2817 00bb 6C6F6E67 		.ascii	"long unsigned int\000"
 2817      20756E73 
 2817      69676E65 
 2817      6420696E 
 2817      7400
ARM GAS  C:\Users\diego\AppData\Local\Temp\ccxmHoMt.s 			page 51


 2818              	.LASF3:
 2819 00cd 73686F72 		.ascii	"short unsigned int\000"
 2819      7420756E 
 2819      7369676E 
 2819      65642069 
 2819      6E7400
 2820              	.LASF13:
 2821 00e0 63795F6D 		.ascii	"cy_meta_custnvl\000"
 2821      6574615F 
 2821      63757374 
 2821      6E766C00 
 2822              	.LASF12:
 2823 00f0 63795F6D 		.ascii	"cy_meta_configecc\000"
 2823      6574615F 
 2823      636F6E66 
 2823      69676563 
 2823      6300
 2824              	.LASF8:
 2825 0102 756E7369 		.ascii	"unsigned int\000"
 2825      676E6564 
 2825      20696E74 
 2825      00
 2826              	.LASF7:
 2827 010f 6C6F6E67 		.ascii	"long long unsigned int\000"
 2827      206C6F6E 
 2827      6720756E 
 2827      7369676E 
 2827      65642069 
 2828              	.LASF10:
 2829 0126 75696E74 		.ascii	"uint8_t\000"
 2829      385F7400 
 2830              	.LASF15:
 2831 012e 63795F6D 		.ascii	"cy_meta_flashprotect\000"
 2831      6574615F 
 2831      666C6173 
 2831      6870726F 
 2831      74656374 
 2832              	.LASF14:
 2833 0143 63795F6D 		.ascii	"cy_meta_wonvl\000"
 2833      6574615F 
 2833      776F6E76 
 2833      6C00
 2834              	.LASF11:
 2835 0151 73697A65 		.ascii	"sizetype\000"
 2835      74797065 
 2835      00
 2836              	.LASF6:
 2837 015a 6C6F6E67 		.ascii	"long long int\000"
 2837      206C6F6E 
 2837      6720696E 
 2837      7400
 2838              	.LASF2:
 2839 0168 73686F72 		.ascii	"short int\000"
 2839      7420696E 
 2839      7400
 2840              	.LASF19:
 2841 0172 433A5C55 		.ascii	"C:\\Users\\diego\\OneDrive\\Documents\\TEC\\2018\\L"
ARM GAS  C:\Users\diego\AppData\Local\Temp\ccxmHoMt.s 			page 52


 2841      73657273 
 2841      5C646965 
 2841      676F5C4F 
 2841      6E654472 
 2842 019e 61622043 		.ascii	"ab Control Automatico\\ControlPsoc\\Empiric_Model\\"
 2842      6F6E7472 
 2842      6F6C2041 
 2842      75746F6D 
 2842      61746963 
 2843 01ce 44617461 		.ascii	"Data_Acquisition.cydsn\000"
 2843      5F416371 
 2843      75697369 
 2843      74696F6E 
 2843      2E637964 
 2844              	.LASF0:
 2845 01e5 7369676E 		.ascii	"signed char\000"
 2845      65642063 
 2845      68617200 
 2846              	.LASF18:
 2847 01f1 47656E65 		.ascii	"Generated_Source\\PSoC5\\cymetadata.c\000"
 2847      72617465 
 2847      645F536F 
 2847      75726365 
 2847      5C50536F 
 2848              		.ident	"GCC: (GNU Tools for ARM Embedded Processors) 5.4.1 20160609 (release) [ARM/embedded-5-bran
