ARM GAS  C:\Users\diego\AppData\Local\Temp\cci4obJY.s 			page 1


   1              		.syntax unified
   2              		.cpu cortex-m3
   3              		.fpu softvfp
   4              		.eabi_attribute 20, 1
   5              		.eabi_attribute 21, 1
   6              		.eabi_attribute 23, 3
   7              		.eabi_attribute 24, 1
   8              		.eabi_attribute 25, 1
   9              		.eabi_attribute 26, 1
  10              		.eabi_attribute 30, 1
  11              		.eabi_attribute 34, 1
  12              		.eabi_attribute 18, 4
  13              		.thumb
  14              		.syntax unified
  15              		.file	"cymetadata.c"
  16              		.text
  17              	.Ltext0:
  18              		.cfi_sections	.debug_frame
  19              		.global	cy_metadata
  20              		.global	cy_meta_flashprotect
  21              		.global	cy_meta_wonvl
  22              		.global	cy_meta_custnvl
  23              		.global	cy_meta_configecc
  24              		.section	.cyconfigecc,"a",%progbits
  25              		.align	2
  26              		.type	cy_meta_configecc, %object
  27              		.size	cy_meta_configecc, 2228
  28              	cy_meta_configecc:
  29 0000 02       		.byte	2
  30 0001 4F       		.byte	79
  31 0002 00       		.byte	0
  32 0003 40       		.byte	64
  33 0004 01       		.byte	1
  34 0005 52       		.byte	82
  35 0006 00       		.byte	0
  36 0007 40       		.byte	64
  37 0008 04       		.byte	4
  38 0009 64       		.byte	100
  39 000a 00       		.byte	0
  40 000b 40       		.byte	64
  41 000c 02       		.byte	2
  42 000d 65       		.byte	101
  43 000e 00       		.byte	0
  44 000f 40       		.byte	64
  45 0010 01       		.byte	1
  46 0011 05       		.byte	5
  47 0012 01       		.byte	1
  48 0013 40       		.byte	64
  49 0014 50       		.byte	80
  50 0015 08       		.byte	8
  51 0016 01       		.byte	1
  52 0017 40       		.byte	64
  53 0018 4A       		.byte	74
  54 0019 09       		.byte	9
  55 001a 01       		.byte	1
  56 001b 40       		.byte	64
  57 001c 2C       		.byte	44
ARM GAS  C:\Users\diego\AppData\Local\Temp\cci4obJY.s 			page 2


  58 001d 0A       		.byte	10
  59 001e 01       		.byte	1
  60 001f 40       		.byte	64
  61 0020 46       		.byte	70
  62 0021 0B       		.byte	11
  63 0022 01       		.byte	1
  64 0023 40       		.byte	64
  65 0024 63       		.byte	99
  66 0025 0C       		.byte	12
  67 0026 01       		.byte	1
  68 0027 40       		.byte	64
  69 0028 3C       		.byte	60
  70 0029 0D       		.byte	13
  71 002a 01       		.byte	1
  72 002b 40       		.byte	64
  73 002c 4F       		.byte	79
  74 002d 0E       		.byte	14
  75 002e 01       		.byte	1
  76 002f 40       		.byte	64
  77 0030 36       		.byte	54
  78 0031 0F       		.byte	15
  79 0032 01       		.byte	1
  80 0033 40       		.byte	64
  81 0034 01       		.byte	1
  82 0035 15       		.byte	21
  83 0036 01       		.byte	1
  84 0037 40       		.byte	64
  85 0038 01       		.byte	1
  86 0039 17       		.byte	23
  87 003a 01       		.byte	1
  88 003b 40       		.byte	64
  89 003c 58       		.byte	88
  90 003d 18       		.byte	24
  91 003e 01       		.byte	1
  92 003f 40       		.byte	64
  93 0040 51       		.byte	81
  94 0041 19       		.byte	25
  95 0042 01       		.byte	1
  96 0043 40       		.byte	64
  97 0044 51       		.byte	81
  98 0045 1A       		.byte	26
  99 0046 01       		.byte	1
 100 0047 40       		.byte	64
 101 0048 4F       		.byte	79
 102 0049 1B       		.byte	27
 103 004a 01       		.byte	1
 104 004b 40       		.byte	64
 105 004c 02       		.byte	2
 106 004d 40       		.byte	64
 107 004e 01       		.byte	1
 108 004f 40       		.byte	64
 109 0050 03       		.byte	3
 110 0051 41       		.byte	65
 111 0052 01       		.byte	1
 112 0053 40       		.byte	64
 113 0054 06       		.byte	6
 114 0055 42       		.byte	66
ARM GAS  C:\Users\diego\AppData\Local\Temp\cci4obJY.s 			page 3


 115 0056 01       		.byte	1
 116 0057 40       		.byte	64
 117 0058 02       		.byte	2
 118 0059 43       		.byte	67
 119 005a 01       		.byte	1
 120 005b 40       		.byte	64
 121 005c 02       		.byte	2
 122 005d 44       		.byte	68
 123 005e 01       		.byte	1
 124 005f 40       		.byte	64
 125 0060 04       		.byte	4
 126 0061 45       		.byte	69
 127 0062 01       		.byte	1
 128 0063 40       		.byte	64
 129 0064 07       		.byte	7
 130 0065 46       		.byte	70
 131 0066 01       		.byte	1
 132 0067 40       		.byte	64
 133 0068 02       		.byte	2
 134 0069 47       		.byte	71
 135 006a 01       		.byte	1
 136 006b 40       		.byte	64
 137 006c 08       		.byte	8
 138 006d 48       		.byte	72
 139 006e 01       		.byte	1
 140 006f 40       		.byte	64
 141 0070 02       		.byte	2
 142 0071 49       		.byte	73
 143 0072 01       		.byte	1
 144 0073 40       		.byte	64
 145 0074 07       		.byte	7
 146 0075 4C       		.byte	76
 147 0076 01       		.byte	1
 148 0077 40       		.byte	64
 149 0078 08       		.byte	8
 150 0079 4D       		.byte	77
 151 007a 01       		.byte	1
 152 007b 40       		.byte	64
 153 007c 05       		.byte	5
 154 007d 50       		.byte	80
 155 007e 01       		.byte	1
 156 007f 40       		.byte	64
 157 0080 01       		.byte	1
 158 0081 51       		.byte	81
 159 0082 01       		.byte	1
 160 0083 40       		.byte	64
 161 0084 01       		.byte	1
 162 0085 10       		.byte	16
 163 0086 0A       		.byte	10
 164 0087 36       		.byte	54
 165 0088 29       		.byte	41
 166 0089 04       		.byte	4
 167 008a 88       		.byte	-120
 168 008b 6F       		.byte	111
 169 008c 89       		.byte	-119
 170 008d 0F       		.byte	15
 171 008e 8E       		.byte	-114
ARM GAS  C:\Users\diego\AppData\Local\Temp\cci4obJY.s 			page 4


 172 008f 6F       		.byte	111
 173 0090 8F       		.byte	-113
 174 0091 0F       		.byte	15
 175 0092 89       		.byte	-119
 176 0093 0D       		.byte	13
 177 0094 8A       		.byte	-118
 178 0095 0F       		.byte	15
 179 0096 E0       		.byte	-32
 180 0097 02       		.byte	2
 181 0098 00       		.byte	0
 182 0099 CF       		.byte	-49
 183 009a 02       		.byte	2
 184 009b 30       		.byte	48
 185 009c 03       		.byte	3
 186 009d 30       		.byte	48
 187 009e 05       		.byte	5
 188 009f 01       		.byte	1
 189 00a0 06       		.byte	6
 190 00a1 0F       		.byte	15
 191 00a2 07       		.byte	7
 192 00a3 02       		.byte	2
 193 00a4 08       		.byte	8
 194 00a5 9E       		.byte	-98
 195 00a6 09       		.byte	9
 196 00a7 01       		.byte	1
 197 00a8 0A       		.byte	10
 198 00a9 60       		.byte	96
 199 00aa 0B       		.byte	11
 200 00ab 02       		.byte	2
 201 00ac 0D       		.byte	13
 202 00ad 20       		.byte	32
 203 00ae 11       		.byte	17
 204 00af 07       		.byte	7
 205 00b0 18       		.byte	24
 206 00b1 73       		.byte	115
 207 00b2 1B       		.byte	27
 208 00b3 07       		.byte	7
 209 00b4 1C       		.byte	28
 210 00b5 30       		.byte	48
 211 00b6 1E       		.byte	30
 212 00b7 C9       		.byte	-55
 213 00b8 20       		.byte	32
 214 00b9 FD       		.byte	-3
 215 00ba 21       		.byte	33
 216 00bb 04       		.byte	4
 217 00bc 22       		.byte	34
 218 00bd 02       		.byte	2
 219 00be 24       		.byte	36
 220 00bf 94       		.byte	-108
 221 00c0 26       		.byte	38
 222 00c1 60       		.byte	96
 223 00c2 27       		.byte	39
 224 00c3 08       		.byte	8
 225 00c4 29       		.byte	41
 226 00c5 07       		.byte	7
 227 00c6 2F       		.byte	47
 228 00c7 04       		.byte	4
ARM GAS  C:\Users\diego\AppData\Local\Temp\cci4obJY.s 			page 5


 229 00c8 33       		.byte	51
 230 00c9 0F       		.byte	15
 231 00ca 34       		.byte	52
 232 00cb FF       		.byte	-1
 233 00cc 35       		.byte	53
 234 00cd 20       		.byte	32
 235 00ce 37       		.byte	55
 236 00cf 10       		.byte	16
 237 00d0 3E       		.byte	62
 238 00d1 10       		.byte	16
 239 00d2 3F       		.byte	63
 240 00d3 10       		.byte	16
 241 00d4 54       		.byte	84
 242 00d5 0F       		.byte	15
 243 00d6 58       		.byte	88
 244 00d7 04       		.byte	4
 245 00d8 59       		.byte	89
 246 00d9 04       		.byte	4
 247 00da 5B       		.byte	91
 248 00db 04       		.byte	4
 249 00dc 5C       		.byte	92
 250 00dd 40       		.byte	64
 251 00de 5D       		.byte	93
 252 00df 40       		.byte	64
 253 00e0 5F       		.byte	95
 254 00e1 05       		.byte	5
 255 00e2 80       		.byte	-128
 256 00e3 31       		.byte	49
 257 00e4 82       		.byte	-126
 258 00e5 86       		.byte	-122
 259 00e6 83       		.byte	-125
 260 00e7 01       		.byte	1
 261 00e8 8A       		.byte	-118
 262 00e9 8C       		.byte	-116
 263 00ea 8E       		.byte	-114
 264 00eb 40       		.byte	64
 265 00ec 90       		.byte	-112
 266 00ed 31       		.byte	49
 267 00ee 92       		.byte	-110
 268 00ef 0E       		.byte	14
 269 00f0 94       		.byte	-108
 270 00f1 AC       		.byte	-84
 271 00f2 96       		.byte	-106
 272 00f3 03       		.byte	3
 273 00f4 9C       		.byte	-100
 274 00f5 40       		.byte	64
 275 00f6 A2       		.byte	-94
 276 00f7 08       		.byte	8
 277 00f8 A6       		.byte	-90
 278 00f9 13       		.byte	19
 279 00fa AA       		.byte	-86
 280 00fb 40       		.byte	64
 281 00fc B0       		.byte	-80
 282 00fd 40       		.byte	64
 283 00fe B2       		.byte	-78
 284 00ff 0F       		.byte	15
 285 0100 B4       		.byte	-76
ARM GAS  C:\Users\diego\AppData\Local\Temp\cci4obJY.s 			page 6


 286 0101 30       		.byte	48
 287 0102 B6       		.byte	-74
 288 0103 8A       		.byte	-118
 289 0104 B7       		.byte	-73
 290 0105 01       		.byte	1
 291 0106 B8       		.byte	-72
 292 0107 20       		.byte	32
 293 0108 BA       		.byte	-70
 294 0109 88       		.byte	-120
 295 010a BE       		.byte	-66
 296 010b 11       		.byte	17
 297 010c C0       		.byte	-64
 298 010d 02       		.byte	2
 299 010e C5       		.byte	-59
 300 010f 40       		.byte	64
 301 0110 C9       		.byte	-55
 302 0111 FF       		.byte	-1
 303 0112 CA       		.byte	-54
 304 0113 07       		.byte	7
 305 0114 CB       		.byte	-53
 306 0115 FF       		.byte	-1
 307 0116 CC       		.byte	-52
 308 0117 40       		.byte	64
 309 0118 CD       		.byte	-51
 310 0119 20       		.byte	32
 311 011a CE       		.byte	-50
 312 011b F0       		.byte	-16
 313 011c CF       		.byte	-49
 314 011d 05       		.byte	5
 315 011e D0       		.byte	-48
 316 011f 08       		.byte	8
 317 0120 D4       		.byte	-44
 318 0121 0F       		.byte	15
 319 0122 D8       		.byte	-40
 320 0123 04       		.byte	4
 321 0124 D9       		.byte	-39
 322 0125 04       		.byte	4
 323 0126 DA       		.byte	-38
 324 0127 04       		.byte	4
 325 0128 DB       		.byte	-37
 326 0129 04       		.byte	4
 327 012a DC       		.byte	-36
 328 012b 42       		.byte	66
 329 012c DD       		.byte	-35
 330 012d 42       		.byte	66
 331 012e DF       		.byte	-33
 332 012f 01       		.byte	1
 333 0130 E0       		.byte	-32
 334 0131 40       		.byte	64
 335 0132 E1       		.byte	-31
 336 0133 A8       		.byte	-88
 337 0134 E2       		.byte	-30
 338 0135 40       		.byte	64
 339 0136 E3       		.byte	-29
 340 0137 20       		.byte	32
 341 0138 00       		.byte	0
 342 0139 01       		.byte	1
ARM GAS  C:\Users\diego\AppData\Local\Temp\cci4obJY.s 			page 7


 343 013a 01       		.byte	1
 344 013b 20       		.byte	32
 345 013c 02       		.byte	2
 346 013d 01       		.byte	1
 347 013e 04       		.byte	4
 348 013f 10       		.byte	16
 349 0140 05       		.byte	5
 350 0141 11       		.byte	17
 351 0142 06       		.byte	6
 352 0143 84       		.byte	-124
 353 0144 07       		.byte	7
 354 0145 50       		.byte	80
 355 0146 08       		.byte	8
 356 0147 01       		.byte	1
 357 0148 09       		.byte	9
 358 0149 40       		.byte	64
 359 014a 0A       		.byte	10
 360 014b 10       		.byte	16
 361 014c 0C       		.byte	12
 362 014d 10       		.byte	16
 363 014e 0E       		.byte	14
 364 014f 01       		.byte	1
 365 0150 0F       		.byte	15
 366 0151 01       		.byte	1
 367 0152 10       		.byte	16
 368 0153 A0       		.byte	-96
 369 0154 12       		.byte	18
 370 0155 08       		.byte	8
 371 0156 15       		.byte	21
 372 0157 0C       		.byte	12
 373 0158 17       		.byte	23
 374 0159 01       		.byte	1
 375 015a 18       		.byte	24
 376 015b 04       		.byte	4
 377 015c 19       		.byte	25
 378 015d C0       		.byte	-64
 379 015e 1A       		.byte	26
 380 015f 52       		.byte	82
 381 0160 1F       		.byte	31
 382 0161 10       		.byte	16
 383 0162 22       		.byte	34
 384 0163 80       		.byte	-128
 385 0164 24       		.byte	36
 386 0165 08       		.byte	8
 387 0166 25       		.byte	37
 388 0167 40       		.byte	64
 389 0168 26       		.byte	38
 390 0169 08       		.byte	8
 391 016a 27       		.byte	39
 392 016b 10       		.byte	16
 393 016c 28       		.byte	40
 394 016d 01       		.byte	1
 395 016e 29       		.byte	41
 396 016f 80       		.byte	-128
 397 0170 2C       		.byte	44
 398 0171 04       		.byte	4
 399 0172 2E       		.byte	46
ARM GAS  C:\Users\diego\AppData\Local\Temp\cci4obJY.s 			page 8


 400 0173 81       		.byte	-127
 401 0174 2F       		.byte	47
 402 0175 18       		.byte	24
 403 0176 37       		.byte	55
 404 0177 11       		.byte	17
 405 0178 39       		.byte	57
 406 0179 02       		.byte	2
 407 017a 3C       		.byte	60
 408 017b 10       		.byte	16
 409 017c 3D       		.byte	61
 410 017d C4       		.byte	-60
 411 017e 3E       		.byte	62
 412 017f 02       		.byte	2
 413 0180 40       		.byte	64
 414 0181 04       		.byte	4
 415 0182 48       		.byte	72
 416 0183 E0       		.byte	-32
 417 0184 51       		.byte	81
 418 0185 10       		.byte	16
 419 0186 58       		.byte	88
 420 0187 04       		.byte	4
 421 0188 5A       		.byte	90
 422 0189 60       		.byte	96
 423 018a 5B       		.byte	91
 424 018b 01       		.byte	1
 425 018c 5C       		.byte	92
 426 018d 80       		.byte	-128
 427 018e 5D       		.byte	93
 428 018f 10       		.byte	16
 429 0190 5E       		.byte	94
 430 0191 0A       		.byte	10
 431 0192 66       		.byte	102
 432 0193 18       		.byte	24
 433 0194 78       		.byte	120
 434 0195 10       		.byte	16
 435 0196 7B       		.byte	123
 436 0197 08       		.byte	8
 437 0198 7F       		.byte	127
 438 0199 08       		.byte	8
 439 019a 8C       		.byte	-116
 440 019b 84       		.byte	-124
 441 019c 91       		.byte	-111
 442 019d 0A       		.byte	10
 443 019e 92       		.byte	-110
 444 019f 20       		.byte	32
 445 01a0 93       		.byte	-109
 446 01a1 01       		.byte	1
 447 01a2 95       		.byte	-107
 448 01a3 C0       		.byte	-64
 449 01a4 97       		.byte	-105
 450 01a5 80       		.byte	-128
 451 01a6 99       		.byte	-103
 452 01a7 01       		.byte	1
 453 01a8 9A       		.byte	-102
 454 01a9 3A       		.byte	58
 455 01aa 9C       		.byte	-100
 456 01ab 70       		.byte	112
ARM GAS  C:\Users\diego\AppData\Local\Temp\cci4obJY.s 			page 9


 457 01ac 9E       		.byte	-98
 458 01ad 05       		.byte	5
 459 01ae 9F       		.byte	-97
 460 01af 11       		.byte	17
 461 01b0 A3       		.byte	-93
 462 01b1 01       		.byte	1
 463 01b2 A5       		.byte	-91
 464 01b3 08       		.byte	8
 465 01b4 A6       		.byte	-90
 466 01b5 80       		.byte	-128
 467 01b6 A7       		.byte	-89
 468 01b7 20       		.byte	32
 469 01b8 C0       		.byte	-64
 470 01b9 7B       		.byte	123
 471 01ba C2       		.byte	-62
 472 01bb CD       		.byte	-51
 473 01bc C4       		.byte	-60
 474 01bd 3E       		.byte	62
 475 01be CA       		.byte	-54
 476 01bf F0       		.byte	-16
 477 01c0 CC       		.byte	-52
 478 01c1 A0       		.byte	-96
 479 01c2 CE       		.byte	-50
 480 01c3 F1       		.byte	-15
 481 01c4 D0       		.byte	-48
 482 01c5 04       		.byte	4
 483 01c6 D6       		.byte	-42
 484 01c7 FF       		.byte	-1
 485 01c8 D8       		.byte	-40
 486 01c9 60       		.byte	96
 487 01ca DE       		.byte	-34
 488 01cb 20       		.byte	32
 489 01cc 01       		.byte	1
 490 01cd 01       		.byte	1
 491 01ce 03       		.byte	3
 492 01cf 02       		.byte	2
 493 01d0 05       		.byte	5
 494 01d1 01       		.byte	1
 495 01d2 07       		.byte	7
 496 01d3 06       		.byte	6
 497 01d4 09       		.byte	9
 498 01d5 10       		.byte	16
 499 01d6 0D       		.byte	13
 500 01d7 08       		.byte	8
 501 01d8 11       		.byte	17
 502 01d9 02       		.byte	2
 503 01da 13       		.byte	19
 504 01db 01       		.byte	1
 505 01dc 15       		.byte	21
 506 01dd 10       		.byte	16
 507 01de 1D       		.byte	29
 508 01df 01       		.byte	1
 509 01e0 1F       		.byte	31
 510 01e1 02       		.byte	2
 511 01e2 23       		.byte	35
 512 01e3 08       		.byte	8
 513 01e4 29       		.byte	41
ARM GAS  C:\Users\diego\AppData\Local\Temp\cci4obJY.s 			page 10


 514 01e5 08       		.byte	8
 515 01e6 2D       		.byte	45
 516 01e7 10       		.byte	16
 517 01e8 31       		.byte	49
 518 01e9 04       		.byte	4
 519 01ea 33       		.byte	51
 520 01eb 10       		.byte	16
 521 01ec 35       		.byte	53
 522 01ed 08       		.byte	8
 523 01ee 37       		.byte	55
 524 01ef 03       		.byte	3
 525 01f0 39       		.byte	57
 526 01f1 08       		.byte	8
 527 01f2 3B       		.byte	59
 528 01f3 80       		.byte	-128
 529 01f4 3F       		.byte	63
 530 01f5 14       		.byte	20
 531 01f6 40       		.byte	64
 532 01f7 13       		.byte	19
 533 01f8 41       		.byte	65
 534 01f9 02       		.byte	2
 535 01fa 49       		.byte	73
 536 01fb FF       		.byte	-1
 537 01fc 4A       		.byte	74
 538 01fd FF       		.byte	-1
 539 01fe 4B       		.byte	75
 540 01ff FF       		.byte	-1
 541 0200 4D       		.byte	77
 542 0201 A0       		.byte	-96
 543 0202 4F       		.byte	79
 544 0203 01       		.byte	1
 545 0204 50       		.byte	80
 546 0205 18       		.byte	24
 547 0206 59       		.byte	89
 548 0207 04       		.byte	4
 549 0208 5A       		.byte	90
 550 0209 04       		.byte	4
 551 020a 5C       		.byte	92
 552 020b 40       		.byte	64
 553 020c 5D       		.byte	93
 554 020d 04       		.byte	4
 555 020e 5F       		.byte	95
 556 020f 01       		.byte	1
 557 0210 60       		.byte	96
 558 0211 40       		.byte	64
 559 0212 62       		.byte	98
 560 0213 80       		.byte	-128
 561 0214 64       		.byte	100
 562 0215 40       		.byte	64
 563 0216 65       		.byte	101
 564 0217 40       		.byte	64
 565 0218 66       		.byte	102
 566 0219 80       		.byte	-128
 567 021a 68       		.byte	104
 568 021b 40       		.byte	64
 569 021c 6A       		.byte	106
 570 021d 80       		.byte	-128
ARM GAS  C:\Users\diego\AppData\Local\Temp\cci4obJY.s 			page 11


 571 021e 6C       		.byte	108
 572 021f 40       		.byte	64
 573 0220 6D       		.byte	109
 574 0221 20       		.byte	32
 575 0222 6E       		.byte	110
 576 0223 80       		.byte	-128
 577 0224 05       		.byte	5
 578 0225 18       		.byte	24
 579 0226 06       		.byte	6
 580 0227 20       		.byte	32
 581 0228 07       		.byte	7
 582 0229 40       		.byte	64
 583 022a 0A       		.byte	10
 584 022b 02       		.byte	2
 585 022c 0B       		.byte	11
 586 022d 01       		.byte	1
 587 022e 0C       		.byte	12
 588 022f 10       		.byte	16
 589 0230 0D       		.byte	13
 590 0231 08       		.byte	8
 591 0232 0E       		.byte	14
 592 0233 40       		.byte	64
 593 0234 0F       		.byte	15
 594 0235 01       		.byte	1
 595 0236 14       		.byte	20
 596 0237 01       		.byte	1
 597 0238 15       		.byte	21
 598 0239 08       		.byte	8
 599 023a 16       		.byte	22
 600 023b 04       		.byte	4
 601 023c 17       		.byte	23
 602 023d 01       		.byte	1
 603 023e 1D       		.byte	29
 604 023f 11       		.byte	17
 605 0240 1E       		.byte	30
 606 0241 41       		.byte	65
 607 0242 1F       		.byte	31
 608 0243 08       		.byte	8
 609 0244 21       		.byte	33
 610 0245 01       		.byte	1
 611 0246 22       		.byte	34
 612 0247 18       		.byte	24
 613 0248 23       		.byte	35
 614 0249 01       		.byte	1
 615 024a 24       		.byte	36
 616 024b 10       		.byte	16
 617 024c 26       		.byte	38
 618 024d 24       		.byte	36
 619 024e 28       		.byte	40
 620 024f 08       		.byte	8
 621 0250 2A       		.byte	42
 622 0251 41       		.byte	65
 623 0252 2F       		.byte	47
 624 0253 04       		.byte	4
 625 0254 31       		.byte	49
 626 0255 04       		.byte	4
 627 0256 32       		.byte	50
ARM GAS  C:\Users\diego\AppData\Local\Temp\cci4obJY.s 			page 12


 628 0257 81       		.byte	-127
 629 0258 36       		.byte	54
 630 0259 24       		.byte	36
 631 025a 38       		.byte	56
 632 025b 20       		.byte	32
 633 025c 39       		.byte	57
 634 025d 42       		.byte	66
 635 025e 3B       		.byte	59
 636 025f 04       		.byte	4
 637 0260 3C       		.byte	60
 638 0261 02       		.byte	2
 639 0262 3D       		.byte	61
 640 0263 28       		.byte	40
 641 0264 40       		.byte	64
 642 0265 0A       		.byte	10
 643 0266 42       		.byte	66
 644 0267 01       		.byte	1
 645 0268 43       		.byte	67
 646 0269 18       		.byte	24
 647 026a 44       		.byte	68
 648 026b 02       		.byte	2
 649 026c 47       		.byte	71
 650 026d 10       		.byte	16
 651 026e 4D       		.byte	77
 652 026f 0A       		.byte	10
 653 0270 4E       		.byte	78
 654 0271 04       		.byte	4
 655 0272 4F       		.byte	79
 656 0273 02       		.byte	2
 657 0274 56       		.byte	86
 658 0275 1A       		.byte	26
 659 0276 58       		.byte	88
 660 0277 01       		.byte	1
 661 0278 59       		.byte	89
 662 0279 02       		.byte	2
 663 027a 77       		.byte	119
 664 027b 40       		.byte	64
 665 027c 7E       		.byte	126
 666 027d 04       		.byte	4
 667 027e 7F       		.byte	127
 668 027f 08       		.byte	8
 669 0280 90       		.byte	-112
 670 0281 20       		.byte	32
 671 0282 91       		.byte	-111
 672 0283 08       		.byte	8
 673 0284 93       		.byte	-109
 674 0285 0C       		.byte	12
 675 0286 94       		.byte	-108
 676 0287 10       		.byte	16
 677 0288 95       		.byte	-107
 678 0289 80       		.byte	-128
 679 028a 97       		.byte	-105
 680 028b 80       		.byte	-128
 681 028c 99       		.byte	-103
 682 028d 04       		.byte	4
 683 028e 9A       		.byte	-102
 684 028f 40       		.byte	64
ARM GAS  C:\Users\diego\AppData\Local\Temp\cci4obJY.s 			page 13


 685 0290 9C       		.byte	-100
 686 0291 60       		.byte	96
 687 0292 A0       		.byte	-96
 688 0293 01       		.byte	1
 689 0294 A1       		.byte	-95
 690 0295 14       		.byte	20
 691 0296 A6       		.byte	-90
 692 0297 28       		.byte	40
 693 0298 A7       		.byte	-89
 694 0299 20       		.byte	32
 695 029a B4       		.byte	-76
 696 029b 02       		.byte	2
 697 029c B7       		.byte	-73
 698 029d 12       		.byte	18
 699 029e C0       		.byte	-64
 700 029f 70       		.byte	112
 701 02a0 C2       		.byte	-62
 702 02a1 F0       		.byte	-16
 703 02a2 C4       		.byte	-60
 704 02a3 F0       		.byte	-16
 705 02a4 CA       		.byte	-54
 706 02a5 2D       		.byte	45
 707 02a6 CC       		.byte	-52
 708 02a7 6B       		.byte	107
 709 02a8 CE       		.byte	-50
 710 02a9 EF       		.byte	-17
 711 02aa D0       		.byte	-48
 712 02ab 3E       		.byte	62
 713 02ac D2       		.byte	-46
 714 02ad 20       		.byte	32
 715 02ae E0       		.byte	-32
 716 02af 02       		.byte	2
 717 02b0 00       		.byte	0
 718 02b1 01       		.byte	1
 719 02b2 01       		.byte	1
 720 02b3 06       		.byte	6
 721 02b4 02       		.byte	2
 722 02b5 02       		.byte	2
 723 02b6 05       		.byte	5
 724 02b7 03       		.byte	3
 725 02b8 06       		.byte	6
 726 02b9 07       		.byte	7
 727 02ba 09       		.byte	9
 728 02bb 20       		.byte	32
 729 02bc 0A       		.byte	10
 730 02bd 04       		.byte	4
 731 02be 0B       		.byte	11
 732 02bf 10       		.byte	16
 733 02c0 0C       		.byte	12
 734 02c1 07       		.byte	7
 735 02c2 0D       		.byte	13
 736 02c3 10       		.byte	16
 737 02c4 0F       		.byte	15
 738 02c5 20       		.byte	32
 739 02c6 10       		.byte	16
 740 02c7 10       		.byte	16
 741 02c8 11       		.byte	17
ARM GAS  C:\Users\diego\AppData\Local\Temp\cci4obJY.s 			page 14


 742 02c9 40       		.byte	64
 743 02ca 12       		.byte	18
 744 02cb 20       		.byte	32
 745 02cc 14       		.byte	20
 746 02cd 24       		.byte	36
 747 02ce 15       		.byte	21
 748 02cf 40       		.byte	64
 749 02d0 16       		.byte	22
 750 02d1 10       		.byte	16
 751 02d2 1A       		.byte	26
 752 02d3 40       		.byte	64
 753 02d4 1B       		.byte	27
 754 02d5 08       		.byte	8
 755 02d6 1E       		.byte	30
 756 02d7 08       		.byte	8
 757 02d8 20       		.byte	32
 758 02d9 10       		.byte	16
 759 02da 21       		.byte	33
 760 02db 10       		.byte	16
 761 02dc 22       		.byte	34
 762 02dd 20       		.byte	32
 763 02de 23       		.byte	35
 764 02df 20       		.byte	32
 765 02e0 24       		.byte	36
 766 02e1 10       		.byte	16
 767 02e2 25       		.byte	37
 768 02e3 10       		.byte	16
 769 02e4 26       		.byte	38
 770 02e5 20       		.byte	32
 771 02e6 27       		.byte	39
 772 02e7 20       		.byte	32
 773 02e8 28       		.byte	40
 774 02e9 01       		.byte	1
 775 02ea 29       		.byte	41
 776 02eb 06       		.byte	6
 777 02ec 2A       		.byte	42
 778 02ed 02       		.byte	2
 779 02ee 2C       		.byte	44
 780 02ef 07       		.byte	7
 781 02f0 2D       		.byte	45
 782 02f1 05       		.byte	5
 783 02f2 30       		.byte	48
 784 02f3 40       		.byte	64
 785 02f4 31       		.byte	49
 786 02f5 08       		.byte	8
 787 02f6 32       		.byte	50
 788 02f7 30       		.byte	48
 789 02f8 33       		.byte	51
 790 02f9 07       		.byte	7
 791 02fa 34       		.byte	52
 792 02fb 0F       		.byte	15
 793 02fc 35       		.byte	53
 794 02fd 30       		.byte	48
 795 02fe 37       		.byte	55
 796 02ff 40       		.byte	64
 797 0300 39       		.byte	57
 798 0301 88       		.byte	-120
ARM GAS  C:\Users\diego\AppData\Local\Temp\cci4obJY.s 			page 15


 799 0302 3A       		.byte	58
 800 0303 08       		.byte	8
 801 0304 3B       		.byte	59
 802 0305 20       		.byte	32
 803 0306 58       		.byte	88
 804 0307 04       		.byte	4
 805 0308 59       		.byte	89
 806 0309 04       		.byte	4
 807 030a 5C       		.byte	92
 808 030b 33       		.byte	51
 809 030c 5F       		.byte	95
 810 030d 01       		.byte	1
 811 030e 80       		.byte	-128
 812 030f 9E       		.byte	-98
 813 0310 81       		.byte	-127
 814 0311 01       		.byte	1
 815 0312 82       		.byte	-126
 816 0313 60       		.byte	96
 817 0314 83       		.byte	-125
 818 0315 02       		.byte	2
 819 0316 84       		.byte	-124
 820 0317 FD       		.byte	-3
 821 0318 85       		.byte	-123
 822 0319 02       		.byte	2
 823 031a 86       		.byte	-122
 824 031b 02       		.byte	2
 825 031c 87       		.byte	-121
 826 031d 01       		.byte	1
 827 031e 88       		.byte	-120
 828 031f CF       		.byte	-49
 829 0320 8A       		.byte	-118
 830 0321 30       		.byte	48
 831 0322 8D       		.byte	-115
 832 0323 01       		.byte	1
 833 0324 8F       		.byte	-113
 834 0325 0A       		.byte	10
 835 0326 94       		.byte	-108
 836 0327 30       		.byte	48
 837 0328 96       		.byte	-106
 838 0329 C9       		.byte	-55
 839 032a 9A       		.byte	-102
 840 032b 0F       		.byte	15
 841 032c 9D       		.byte	-99
 842 032d 01       		.byte	1
 843 032e 9F       		.byte	-97
 844 032f 06       		.byte	6
 845 0330 A4       		.byte	-92
 846 0331 73       		.byte	115
 847 0332 A8       		.byte	-88
 848 0333 94       		.byte	-108
 849 0334 AA       		.byte	-86
 850 0335 60       		.byte	96
 851 0336 AF       		.byte	-81
 852 0337 10       		.byte	16
 853 0338 B1       		.byte	-79
 854 0339 04       		.byte	4
 855 033a B3       		.byte	-77
ARM GAS  C:\Users\diego\AppData\Local\Temp\cci4obJY.s 			page 16


 856 033b 03       		.byte	3
 857 033c B5       		.byte	-75
 858 033d 10       		.byte	16
 859 033e B6       		.byte	-74
 860 033f FF       		.byte	-1
 861 0340 B7       		.byte	-73
 862 0341 08       		.byte	8
 863 0342 BB       		.byte	-69
 864 0343 08       		.byte	8
 865 0344 BE       		.byte	-66
 866 0345 40       		.byte	64
 867 0346 C0       		.byte	-64
 868 0347 36       		.byte	54
 869 0348 C1       		.byte	-63
 870 0349 02       		.byte	2
 871 034a C9       		.byte	-55
 872 034b FF       		.byte	-1
 873 034c CA       		.byte	-54
 874 034d FF       		.byte	-1
 875 034e CB       		.byte	-53
 876 034f FF       		.byte	-1
 877 0350 CD       		.byte	-51
 878 0351 A0       		.byte	-96
 879 0352 CF       		.byte	-49
 880 0353 01       		.byte	1
 881 0354 D0       		.byte	-48
 882 0355 18       		.byte	24
 883 0356 D8       		.byte	-40
 884 0357 04       		.byte	4
 885 0358 D9       		.byte	-39
 886 0359 04       		.byte	4
 887 035a DA       		.byte	-38
 888 035b 04       		.byte	4
 889 035c DC       		.byte	-36
 890 035d 40       		.byte	64
 891 035e DD       		.byte	-35
 892 035f 03       		.byte	3
 893 0360 DF       		.byte	-33
 894 0361 01       		.byte	1
 895 0362 E0       		.byte	-32
 896 0363 40       		.byte	64
 897 0364 E2       		.byte	-30
 898 0365 80       		.byte	-128
 899 0366 E4       		.byte	-28
 900 0367 40       		.byte	64
 901 0368 E5       		.byte	-27
 902 0369 40       		.byte	64
 903 036a E6       		.byte	-26
 904 036b 80       		.byte	-128
 905 036c E8       		.byte	-24
 906 036d 40       		.byte	64
 907 036e EA       		.byte	-22
 908 036f 80       		.byte	-128
 909 0370 EC       		.byte	-20
 910 0371 40       		.byte	64
 911 0372 ED       		.byte	-19
 912 0373 20       		.byte	32
ARM GAS  C:\Users\diego\AppData\Local\Temp\cci4obJY.s 			page 17


 913 0374 EE       		.byte	-18
 914 0375 80       		.byte	-128
 915 0376 00       		.byte	0
 916 0377 12       		.byte	18
 917 0378 02       		.byte	2
 918 0379 20       		.byte	32
 919 037a 03       		.byte	3
 920 037b 5C       		.byte	92
 921 037c 04       		.byte	4
 922 037d 14       		.byte	20
 923 037e 05       		.byte	5
 924 037f 80       		.byte	-128
 925 0380 07       		.byte	7
 926 0381 40       		.byte	64
 927 0382 09       		.byte	9
 928 0383 28       		.byte	40
 929 0384 0B       		.byte	11
 930 0385 10       		.byte	16
 931 0386 0D       		.byte	13
 932 0387 0A       		.byte	10
 933 0388 0E       		.byte	14
 934 0389 05       		.byte	5
 935 038a 11       		.byte	17
 936 038b 28       		.byte	40
 937 038c 12       		.byte	18
 938 038d 04       		.byte	4
 939 038e 14       		.byte	20
 940 038f 60       		.byte	96
 941 0390 16       		.byte	22
 942 0391 05       		.byte	5
 943 0392 1A       		.byte	26
 944 0393 01       		.byte	1
 945 0394 1C       		.byte	28
 946 0395 04       		.byte	4
 947 0396 1D       		.byte	29
 948 0397 28       		.byte	40
 949 0398 1E       		.byte	30
 950 0399 40       		.byte	64
 951 039a 1F       		.byte	31
 952 039b 14       		.byte	20
 953 039c 21       		.byte	33
 954 039d 05       		.byte	5
 955 039e 22       		.byte	34
 956 039f 40       		.byte	64
 957 03a0 23       		.byte	35
 958 03a1 04       		.byte	4
 959 03a2 24       		.byte	36
 960 03a3 20       		.byte	32
 961 03a4 25       		.byte	37
 962 03a5 16       		.byte	22
 963 03a6 27       		.byte	39
 964 03a7 01       		.byte	1
 965 03a8 28       		.byte	40
 966 03a9 02       		.byte	2
 967 03aa 2D       		.byte	45
 968 03ab 80       		.byte	-128
 969 03ac 2E       		.byte	46
ARM GAS  C:\Users\diego\AppData\Local\Temp\cci4obJY.s 			page 18


 970 03ad 04       		.byte	4
 971 03ae 2F       		.byte	47
 972 03af 6A       		.byte	106
 973 03b0 32       		.byte	50
 974 03b1 40       		.byte	64
 975 03b2 34       		.byte	52
 976 03b3 20       		.byte	32
 977 03b4 35       		.byte	53
 978 03b5 06       		.byte	6
 979 03b6 39       		.byte	57
 980 03b7 8A       		.byte	-118
 981 03b8 3C       		.byte	60
 982 03b9 02       		.byte	2
 983 03ba 3D       		.byte	61
 984 03bb 28       		.byte	40
 985 03bc 3E       		.byte	62
 986 03bd 40       		.byte	64
 987 03be 40       		.byte	64
 988 03bf 04       		.byte	4
 989 03c0 42       		.byte	66
 990 03c1 10       		.byte	16
 991 03c2 4A       		.byte	74
 992 03c3 08       		.byte	8
 993 03c4 82       		.byte	-126
 994 03c5 21       		.byte	33
 995 03c6 8D       		.byte	-115
 996 03c7 04       		.byte	4
 997 03c8 8E       		.byte	-114
 998 03c9 01       		.byte	1
 999 03ca 92       		.byte	-110
 1000 03cb 10       		.byte	16
 1001 03cc 94       		.byte	-108
 1002 03cd 20       		.byte	32
 1003 03ce 97       		.byte	-105
 1004 03cf 30       		.byte	48
 1005 03d0 99       		.byte	-103
 1006 03d1 06       		.byte	6
 1007 03d2 9A       		.byte	-102
 1008 03d3 40       		.byte	64
 1009 03d4 9E       		.byte	-98
 1010 03d5 04       		.byte	4
 1011 03d6 9F       		.byte	-97
 1012 03d7 15       		.byte	21
 1013 03d8 A0       		.byte	-96
 1014 03d9 01       		.byte	1
 1015 03da A6       		.byte	-90
 1016 03db 09       		.byte	9
 1017 03dc B4       		.byte	-76
 1018 03dd 84       		.byte	-124
 1019 03de C0       		.byte	-64
 1020 03df FE       		.byte	-2
 1021 03e0 C2       		.byte	-62
 1022 03e1 F6       		.byte	-10
 1023 03e2 C4       		.byte	-60
 1024 03e3 F6       		.byte	-10
 1025 03e4 CA       		.byte	-54
 1026 03e5 F8       		.byte	-8
ARM GAS  C:\Users\diego\AppData\Local\Temp\cci4obJY.s 			page 19


 1027 03e6 CC       		.byte	-52
 1028 03e7 E8       		.byte	-24
 1029 03e8 CE       		.byte	-50
 1030 03e9 FB       		.byte	-5
 1031 03ea D0       		.byte	-48
 1032 03eb 06       		.byte	6
 1033 03ec D2       		.byte	-46
 1034 03ed 04       		.byte	4
 1035 03ee 04       		.byte	4
 1036 03ef 01       		.byte	1
 1037 03f0 11       		.byte	17
 1038 03f1 02       		.byte	2
 1039 03f2 12       		.byte	18
 1040 03f3 01       		.byte	1
 1041 03f4 17       		.byte	23
 1042 03f5 03       		.byte	3
 1043 03f6 1A       		.byte	26
 1044 03f7 03       		.byte	3
 1045 03f8 1C       		.byte	28
 1046 03f9 04       		.byte	4
 1047 03fa 22       		.byte	34
 1048 03fb 0C       		.byte	12
 1049 03fc 30       		.byte	48
 1050 03fd 04       		.byte	4
 1051 03fe 31       		.byte	49
 1052 03ff 01       		.byte	1
 1053 0400 32       		.byte	50
 1054 0401 01       		.byte	1
 1055 0402 33       		.byte	51
 1056 0403 02       		.byte	2
 1057 0404 34       		.byte	52
 1058 0405 02       		.byte	2
 1059 0406 36       		.byte	54
 1060 0407 08       		.byte	8
 1061 0408 3E       		.byte	62
 1062 0409 05       		.byte	5
 1063 040a 3F       		.byte	63
 1064 040b 04       		.byte	4
 1065 040c 40       		.byte	64
 1066 040d 36       		.byte	54
 1067 040e 41       		.byte	65
 1068 040f 02       		.byte	2
 1069 0410 45       		.byte	69
 1070 0411 43       		.byte	67
 1071 0412 46       		.byte	70
 1072 0413 C2       		.byte	-62
 1073 0414 47       		.byte	71
 1074 0415 0E       		.byte	14
 1075 0416 48       		.byte	72
 1076 0417 1F       		.byte	31
 1077 0418 49       		.byte	73
 1078 0419 FF       		.byte	-1
 1079 041a 4A       		.byte	74
 1080 041b FF       		.byte	-1
 1081 041c 4B       		.byte	75
 1082 041d FF       		.byte	-1
 1083 041e 4D       		.byte	77
ARM GAS  C:\Users\diego\AppData\Local\Temp\cci4obJY.s 			page 20


 1084 041f AF       		.byte	-81
 1085 0420 4E       		.byte	78
 1086 0421 07       		.byte	7
 1087 0422 4F       		.byte	79
 1088 0423 01       		.byte	1
 1089 0424 50       		.byte	80
 1090 0425 18       		.byte	24
 1091 0426 52       		.byte	82
 1092 0427 80       		.byte	-128
 1093 0428 54       		.byte	84
 1094 0429 0F       		.byte	15
 1095 042a 58       		.byte	88
 1096 042b 04       		.byte	4
 1097 042c 59       		.byte	89
 1098 042d 04       		.byte	4
 1099 042e 5A       		.byte	90
 1100 042f 04       		.byte	4
 1101 0430 5B       		.byte	91
 1102 0431 04       		.byte	4
 1103 0432 5C       		.byte	92
 1104 0433 33       		.byte	51
 1105 0434 5D       		.byte	93
 1106 0435 33       		.byte	51
 1107 0436 5F       		.byte	95
 1108 0437 05       		.byte	5
 1109 0438 60       		.byte	96
 1110 0439 40       		.byte	64
 1111 043a 62       		.byte	98
 1112 043b 80       		.byte	-128
 1113 043c 64       		.byte	100
 1114 043d 40       		.byte	64
 1115 043e 65       		.byte	101
 1116 043f 40       		.byte	64
 1117 0440 66       		.byte	102
 1118 0441 80       		.byte	-128
 1119 0442 68       		.byte	104
 1120 0443 40       		.byte	64
 1121 0444 6A       		.byte	106
 1122 0445 80       		.byte	-128
 1123 0446 6C       		.byte	108
 1124 0447 40       		.byte	64
 1125 0448 6D       		.byte	109
 1126 0449 20       		.byte	32
 1127 044a 6E       		.byte	110
 1128 044b 80       		.byte	-128
 1129 044c 81       		.byte	-127
 1130 044d 04       		.byte	4
 1131 044e 84       		.byte	-124
 1132 044f EB       		.byte	-21
 1133 0450 86       		.byte	-122
 1134 0451 14       		.byte	20
 1135 0452 88       		.byte	-120
 1136 0453 F7       		.byte	-9
 1137 0454 93       		.byte	-109
 1138 0455 03       		.byte	3
 1139 0456 94       		.byte	-108
 1140 0457 60       		.byte	96
ARM GAS  C:\Users\diego\AppData\Local\Temp\cci4obJY.s 			page 21


 1141 0458 96       		.byte	-106
 1142 0459 8F       		.byte	-113
 1143 045a 9A       		.byte	-102
 1144 045b 10       		.byte	16
 1145 045c 9C       		.byte	-100
 1146 045d 9C       		.byte	-100
 1147 045e 9E       		.byte	-98
 1148 045f 62       		.byte	98
 1149 0460 A3       		.byte	-93
 1150 0461 0C       		.byte	12
 1151 0462 A4       		.byte	-92
 1152 0463 3C       		.byte	60
 1153 0464 A5       		.byte	-91
 1154 0465 02       		.byte	2
 1155 0466 A6       		.byte	-90
 1156 0467 C1       		.byte	-63
 1157 0468 A7       		.byte	-89
 1158 0469 01       		.byte	1
 1159 046a A8       		.byte	-88
 1160 046b 28       		.byte	40
 1161 046c AA       		.byte	-86
 1162 046d C1       		.byte	-63
 1163 046e AD       		.byte	-83
 1164 046f 03       		.byte	3
 1165 0470 B1       		.byte	-79
 1166 0471 08       		.byte	8
 1167 0472 B3       		.byte	-77
 1168 0473 02       		.byte	2
 1169 0474 B4       		.byte	-76
 1170 0475 F8       		.byte	-8
 1171 0476 B5       		.byte	-75
 1172 0477 01       		.byte	1
 1173 0478 B6       		.byte	-74
 1174 0479 0F       		.byte	15
 1175 047a B7       		.byte	-73
 1176 047b 04       		.byte	4
 1177 047c BF       		.byte	-65
 1178 047d 54       		.byte	84
 1179 047e D4       		.byte	-44
 1180 047f 0F       		.byte	15
 1181 0480 D8       		.byte	-40
 1182 0481 04       		.byte	4
 1183 0482 D9       		.byte	-39
 1184 0483 04       		.byte	4
 1185 0484 DB       		.byte	-37
 1186 0485 04       		.byte	4
 1187 0486 DC       		.byte	-36
 1188 0487 33       		.byte	51
 1189 0488 DD       		.byte	-35
 1190 0489 30       		.byte	48
 1191 048a DF       		.byte	-33
 1192 048b 01       		.byte	1
 1193 048c 00       		.byte	0
 1194 048d 04       		.byte	4
 1195 048e 04       		.byte	4
 1196 048f 20       		.byte	32
 1197 0490 07       		.byte	7
ARM GAS  C:\Users\diego\AppData\Local\Temp\cci4obJY.s 			page 22


 1198 0491 18       		.byte	24
 1199 0492 0A       		.byte	10
 1200 0493 46       		.byte	70
 1201 0494 0E       		.byte	14
 1202 0495 05       		.byte	5
 1203 0496 0F       		.byte	15
 1204 0497 10       		.byte	16
 1205 0498 10       		.byte	16
 1206 0499 80       		.byte	-128
 1207 049a 16       		.byte	22
 1208 049b 04       		.byte	4
 1209 049c 17       		.byte	23
 1210 049d 04       		.byte	4
 1211 049e 18       		.byte	24
 1212 049f 04       		.byte	4
 1213 04a0 19       		.byte	25
 1214 04a1 80       		.byte	-128
 1215 04a2 1A       		.byte	26
 1216 04a3 92       		.byte	-110
 1217 04a4 1C       		.byte	28
 1218 04a5 02       		.byte	2
 1219 04a6 1E       		.byte	30
 1220 04a7 05       		.byte	5
 1221 04a8 21       		.byte	33
 1222 04a9 02       		.byte	2
 1223 04aa 22       		.byte	34
 1224 04ab 04       		.byte	4
 1225 04ac 24       		.byte	36
 1226 04ad 08       		.byte	8
 1227 04ae 25       		.byte	37
 1228 04af 01       		.byte	1
 1229 04b0 27       		.byte	39
 1230 04b1 22       		.byte	34
 1231 04b2 2D       		.byte	45
 1232 04b3 82       		.byte	-126
 1233 04b4 2E       		.byte	46
 1234 04b5 08       		.byte	8
 1235 04b6 2F       		.byte	47
 1236 04b7 50       		.byte	80
 1237 04b8 31       		.byte	49
 1238 04b9 06       		.byte	6
 1239 04ba 37       		.byte	55
 1240 04bb 01       		.byte	1
 1241 04bc 3D       		.byte	61
 1242 04bd 02       		.byte	2
 1243 04be 42       		.byte	66
 1244 04bf 18       		.byte	24
 1245 04c0 48       		.byte	72
 1246 04c1 80       		.byte	-128
 1247 04c2 49       		.byte	73
 1248 04c3 04       		.byte	4
 1249 04c4 4A       		.byte	74
 1250 04c5 08       		.byte	8
 1251 04c6 51       		.byte	81
 1252 04c7 08       		.byte	8
 1253 04c8 52       		.byte	82
 1254 04c9 50       		.byte	80
ARM GAS  C:\Users\diego\AppData\Local\Temp\cci4obJY.s 			page 23


 1255 04ca 53       		.byte	83
 1256 04cb 40       		.byte	64
 1257 04cc 59       		.byte	89
 1258 04cd 10       		.byte	16
 1259 04ce 5A       		.byte	90
 1260 04cf 88       		.byte	-120
 1261 04d0 5B       		.byte	91
 1262 04d1 02       		.byte	2
 1263 04d2 5C       		.byte	92
 1264 04d3 88       		.byte	-120
 1265 04d4 5E       		.byte	94
 1266 04d5 02       		.byte	2
 1267 04d6 5F       		.byte	95
 1268 04d7 28       		.byte	40
 1269 04d8 61       		.byte	97
 1270 04d9 08       		.byte	8
 1271 04da 62       		.byte	98
 1272 04db 10       		.byte	16
 1273 04dc 72       		.byte	114
 1274 04dd 40       		.byte	64
 1275 04de 78       		.byte	120
 1276 04df 08       		.byte	8
 1277 04e0 8D       		.byte	-115
 1278 04e1 12       		.byte	18
 1279 04e2 C0       		.byte	-64
 1280 04e3 64       		.byte	100
 1281 04e4 C2       		.byte	-62
 1282 04e5 EB       		.byte	-21
 1283 04e6 C4       		.byte	-60
 1284 04e7 68       		.byte	104
 1285 04e8 CA       		.byte	-54
 1286 04e9 D0       		.byte	-48
 1287 04ea CC       		.byte	-52
 1288 04eb 83       		.byte	-125
 1289 04ec CE       		.byte	-50
 1290 04ed 80       		.byte	-128
 1291 04ee D0       		.byte	-48
 1292 04ef 06       		.byte	6
 1293 04f0 D2       		.byte	-46
 1294 04f1 04       		.byte	4
 1295 04f2 D6       		.byte	-42
 1296 04f3 FF       		.byte	-1
 1297 04f4 D8       		.byte	-40
 1298 04f5 06       		.byte	6
 1299 04f6 DE       		.byte	-34
 1300 04f7 02       		.byte	2
 1301 04f8 E6       		.byte	-26
 1302 04f9 80       		.byte	-128
 1303 04fa E2       		.byte	-30
 1304 04fb 01       		.byte	1
 1305 04fc 01       		.byte	1
 1306 04fd 01       		.byte	1
 1307 04fe 03       		.byte	3
 1308 04ff 02       		.byte	2
 1309 0500 05       		.byte	5
 1310 0501 48       		.byte	72
 1311 0502 07       		.byte	7
ARM GAS  C:\Users\diego\AppData\Local\Temp\cci4obJY.s 			page 24


 1312 0503 30       		.byte	48
 1313 0504 09       		.byte	9
 1314 0505 02       		.byte	2
 1315 0506 0E       		.byte	14
 1316 0507 04       		.byte	4
 1317 0508 11       		.byte	17
 1318 0509 78       		.byte	120
 1319 050a 13       		.byte	19
 1320 050b 04       		.byte	4
 1321 050c 17       		.byte	23
 1322 050d 04       		.byte	4
 1323 050e 19       		.byte	25
 1324 050f 64       		.byte	100
 1325 0510 1B       		.byte	27
 1326 0511 18       		.byte	24
 1327 0512 1E       		.byte	30
 1328 0513 01       		.byte	1
 1329 0514 21       		.byte	33
 1330 0515 18       		.byte	24
 1331 0516 23       		.byte	35
 1332 0517 60       		.byte	96
 1333 0518 25       		.byte	37
 1334 0519 3C       		.byte	60
 1335 051a 29       		.byte	41
 1336 051b 01       		.byte	1
 1337 051c 2A       		.byte	42
 1338 051d 08       		.byte	8
 1339 051e 2D       		.byte	45
 1340 051f 4C       		.byte	76
 1341 0520 2E       		.byte	46
 1342 0521 02       		.byte	2
 1343 0522 2F       		.byte	47
 1344 0523 30       		.byte	48
 1345 0524 30       		.byte	48
 1346 0525 02       		.byte	2
 1347 0526 32       		.byte	50
 1348 0527 01       		.byte	1
 1349 0528 33       		.byte	51
 1350 0529 7C       		.byte	124
 1351 052a 34       		.byte	52
 1352 052b 04       		.byte	4
 1353 052c 35       		.byte	53
 1354 052d 02       		.byte	2
 1355 052e 36       		.byte	54
 1356 052f 08       		.byte	8
 1357 0530 37       		.byte	55
 1358 0531 01       		.byte	1
 1359 0532 39       		.byte	57
 1360 0533 82       		.byte	-126
 1361 0534 3F       		.byte	63
 1362 0535 11       		.byte	17
 1363 0536 58       		.byte	88
 1364 0537 04       		.byte	4
 1365 0538 59       		.byte	89
 1366 0539 04       		.byte	4
 1367 053a 5C       		.byte	92
 1368 053b 43       		.byte	67
ARM GAS  C:\Users\diego\AppData\Local\Temp\cci4obJY.s 			page 25


 1369 053c 5F       		.byte	95
 1370 053d 01       		.byte	1
 1371 053e 80       		.byte	-128
 1372 053f 13       		.byte	19
 1373 0540 82       		.byte	-126
 1374 0541 0C       		.byte	12
 1375 0542 8A       		.byte	-118
 1376 0543 08       		.byte	8
 1377 0544 8B       		.byte	-117
 1378 0545 0E       		.byte	14
 1379 0546 8C       		.byte	-116
 1380 0547 03       		.byte	3
 1381 0548 8E       		.byte	-114
 1382 0549 14       		.byte	20
 1383 054a 8F       		.byte	-113
 1384 054b 01       		.byte	1
 1385 054c 94       		.byte	-108
 1386 054d 0A       		.byte	10
 1387 054e 95       		.byte	-107
 1388 054f 08       		.byte	8
 1389 0550 96       		.byte	-106
 1390 0551 14       		.byte	20
 1391 0552 9A       		.byte	-102
 1392 0553 20       		.byte	32
 1393 0554 9B       		.byte	-101
 1394 0555 02       		.byte	2
 1395 0556 9C       		.byte	-100
 1396 0557 13       		.byte	19
 1397 0558 9E       		.byte	-98
 1398 0559 04       		.byte	4
 1399 055a A6       		.byte	-90
 1400 055b 15       		.byte	21
 1401 055c AA       		.byte	-86
 1402 055d 20       		.byte	32
 1403 055e B0       		.byte	-80
 1404 055f 10       		.byte	16
 1405 0560 B1       		.byte	-79
 1406 0561 08       		.byte	8
 1407 0562 B3       		.byte	-77
 1408 0563 04       		.byte	4
 1409 0564 B4       		.byte	-76
 1410 0565 20       		.byte	32
 1411 0566 B5       		.byte	-75
 1412 0567 01       		.byte	1
 1413 0568 B6       		.byte	-74
 1414 0569 0F       		.byte	15
 1415 056a B7       		.byte	-73
 1416 056b 02       		.byte	2
 1417 056c BA       		.byte	-70
 1418 056d 80       		.byte	-128
 1419 056e BE       		.byte	-66
 1420 056f 11       		.byte	17
 1421 0570 C0       		.byte	-64
 1422 0571 20       		.byte	32
 1423 0572 C1       		.byte	-63
 1424 0573 06       		.byte	6
 1425 0574 C5       		.byte	-59
ARM GAS  C:\Users\diego\AppData\Local\Temp\cci4obJY.s 			page 26


 1426 0575 D0       		.byte	-48
 1427 0576 C6       		.byte	-58
 1428 0577 10       		.byte	16
 1429 0578 C7       		.byte	-57
 1430 0579 02       		.byte	2
 1431 057a C8       		.byte	-56
 1432 057b 1A       		.byte	26
 1433 057c C9       		.byte	-55
 1434 057d FF       		.byte	-1
 1435 057e CA       		.byte	-54
 1436 057f FF       		.byte	-1
 1437 0580 CB       		.byte	-53
 1438 0581 FF       		.byte	-1
 1439 0582 CD       		.byte	-51
 1440 0583 A0       		.byte	-96
 1441 0584 CF       		.byte	-49
 1442 0585 04       		.byte	4
 1443 0586 D0       		.byte	-48
 1444 0587 18       		.byte	24
 1445 0588 D2       		.byte	-46
 1446 0589 80       		.byte	-128
 1447 058a D4       		.byte	-44
 1448 058b 05       		.byte	5
 1449 058c D8       		.byte	-40
 1450 058d 04       		.byte	4
 1451 058e D9       		.byte	-39
 1452 058f 04       		.byte	4
 1453 0590 DA       		.byte	-38
 1454 0591 04       		.byte	4
 1455 0592 DB       		.byte	-37
 1456 0593 04       		.byte	4
 1457 0594 DC       		.byte	-36
 1458 0595 12       		.byte	18
 1459 0596 DD       		.byte	-35
 1460 0597 11       		.byte	17
 1461 0598 DF       		.byte	-33
 1462 0599 01       		.byte	1
 1463 059a E0       		.byte	-32
 1464 059b 40       		.byte	64
 1465 059c E2       		.byte	-30
 1466 059d C0       		.byte	-64
 1467 059e E4       		.byte	-28
 1468 059f 40       		.byte	64
 1469 05a0 E5       		.byte	-27
 1470 05a1 40       		.byte	64
 1471 05a2 E6       		.byte	-26
 1472 05a3 C0       		.byte	-64
 1473 05a4 E8       		.byte	-24
 1474 05a5 C0       		.byte	-64
 1475 05a6 EA       		.byte	-22
 1476 05a7 C0       		.byte	-64
 1477 05a8 EC       		.byte	-20
 1478 05a9 C0       		.byte	-64
 1479 05aa EE       		.byte	-18
 1480 05ab C0       		.byte	-64
 1481 05ac 00       		.byte	0
 1482 05ad 01       		.byte	1
ARM GAS  C:\Users\diego\AppData\Local\Temp\cci4obJY.s 			page 27


 1483 05ae 01       		.byte	1
 1484 05af 20       		.byte	32
 1485 05b0 02       		.byte	2
 1486 05b1 02       		.byte	2
 1487 05b2 05       		.byte	5
 1488 05b3 80       		.byte	-128
 1489 05b4 09       		.byte	9
 1490 05b5 20       		.byte	32
 1491 05b6 0A       		.byte	10
 1492 05b7 12       		.byte	18
 1493 05b8 0C       		.byte	12
 1494 05b9 40       		.byte	64
 1495 05ba 10       		.byte	16
 1496 05bb 28       		.byte	40
 1497 05bc 14       		.byte	20
 1498 05bd 04       		.byte	4
 1499 05be 16       		.byte	22
 1500 05bf 02       		.byte	2
 1501 05c0 18       		.byte	24
 1502 05c1 01       		.byte	1
 1503 05c2 1A       		.byte	26
 1504 05c3 84       		.byte	-124
 1505 05c4 1D       		.byte	29
 1506 05c5 04       		.byte	4
 1507 05c6 1F       		.byte	31
 1508 05c7 62       		.byte	98
 1509 05c8 21       		.byte	33
 1510 05c9 21       		.byte	33
 1511 05ca 22       		.byte	34
 1512 05cb 84       		.byte	-124
 1513 05cc 24       		.byte	36
 1514 05cd 80       		.byte	-128
 1515 05ce 25       		.byte	37
 1516 05cf 88       		.byte	-120
 1517 05d0 26       		.byte	38
 1518 05d1 28       		.byte	40
 1519 05d2 2C       		.byte	44
 1520 05d3 10       		.byte	16
 1521 05d4 2D       		.byte	45
 1522 05d5 40       		.byte	64
 1523 05d6 2E       		.byte	46
 1524 05d7 21       		.byte	33
 1525 05d8 31       		.byte	49
 1526 05d9 20       		.byte	32
 1527 05da 32       		.byte	50
 1528 05db 04       		.byte	4
 1529 05dc 35       		.byte	53
 1530 05dd 10       		.byte	16
 1531 05de 36       		.byte	54
 1532 05df 08       		.byte	8
 1533 05e0 37       		.byte	55
 1534 05e1 01       		.byte	1
 1535 05e2 38       		.byte	56
 1536 05e3 20       		.byte	32
 1537 05e4 3B       		.byte	59
 1538 05e5 40       		.byte	64
 1539 05e6 3D       		.byte	61
ARM GAS  C:\Users\diego\AppData\Local\Temp\cci4obJY.s 			page 28


 1540 05e7 25       		.byte	37
 1541 05e8 3F       		.byte	63
 1542 05e9 02       		.byte	2
 1543 05ea 40       		.byte	64
 1544 05eb 80       		.byte	-128
 1545 05ec 41       		.byte	65
 1546 05ed 21       		.byte	33
 1547 05ee 45       		.byte	69
 1548 05ef 80       		.byte	-128
 1549 05f0 46       		.byte	70
 1550 05f1 01       		.byte	1
 1551 05f2 48       		.byte	72
 1552 05f3 08       		.byte	8
 1553 05f4 49       		.byte	73
 1554 05f5 81       		.byte	-127
 1555 05f6 4B       		.byte	75
 1556 05f7 80       		.byte	-128
 1557 05f8 50       		.byte	80
 1558 05f9 18       		.byte	24
 1559 05fa 58       		.byte	88
 1560 05fb 80       		.byte	-128
 1561 05fc 59       		.byte	89
 1562 05fd 01       		.byte	1
 1563 05fe 5A       		.byte	90
 1564 05ff 04       		.byte	4
 1565 0600 60       		.byte	96
 1566 0601 20       		.byte	32
 1567 0602 61       		.byte	97
 1568 0603 04       		.byte	4
 1569 0604 73       		.byte	115
 1570 0605 40       		.byte	64
 1571 0606 78       		.byte	120
 1572 0607 40       		.byte	64
 1573 0608 7B       		.byte	123
 1574 0609 02       		.byte	2
 1575 060a 80       		.byte	-128
 1576 060b 40       		.byte	64
 1577 060c 86       		.byte	-122
 1578 060d 02       		.byte	2
 1579 060e 8E       		.byte	-114
 1580 060f 21       		.byte	33
 1581 0610 91       		.byte	-111
 1582 0611 28       		.byte	40
 1583 0612 92       		.byte	-110
 1584 0613 13       		.byte	19
 1585 0614 93       		.byte	-109
 1586 0615 01       		.byte	1
 1587 0616 94       		.byte	-108
 1588 0617 01       		.byte	1
 1589 0618 95       		.byte	-107
 1590 0619 80       		.byte	-128
 1591 061a 97       		.byte	-105
 1592 061b 80       		.byte	-128
 1593 061c 99       		.byte	-103
 1594 061d 40       		.byte	64
 1595 061e 9A       		.byte	-102
 1596 061f 20       		.byte	32
ARM GAS  C:\Users\diego\AppData\Local\Temp\cci4obJY.s 			page 29


 1597 0620 9B       		.byte	-101
 1598 0621 40       		.byte	64
 1599 0622 9C       		.byte	-100
 1600 0623 70       		.byte	112
 1601 0624 9D       		.byte	-99
 1602 0625 30       		.byte	48
 1603 0626 9E       		.byte	-98
 1604 0627 01       		.byte	1
 1605 0628 9F       		.byte	-97
 1606 0629 01       		.byte	1
 1607 062a A0       		.byte	-96
 1608 062b 60       		.byte	96
 1609 062c A3       		.byte	-93
 1610 062d 01       		.byte	1
 1611 062e A5       		.byte	-91
 1612 062f 08       		.byte	8
 1613 0630 A6       		.byte	-90
 1614 0631 05       		.byte	5
 1615 0632 A7       		.byte	-89
 1616 0633 20       		.byte	32
 1617 0634 B1       		.byte	-79
 1618 0635 10       		.byte	16
 1619 0636 B3       		.byte	-77
 1620 0637 01       		.byte	1
 1621 0638 C0       		.byte	-64
 1622 0639 8B       		.byte	-117
 1623 063a C2       		.byte	-62
 1624 063b 87       		.byte	-121
 1625 063c C4       		.byte	-60
 1626 063d C6       		.byte	-58
 1627 063e CA       		.byte	-54
 1628 063f F0       		.byte	-16
 1629 0640 CC       		.byte	-52
 1630 0641 E6       		.byte	-26
 1631 0642 CE       		.byte	-50
 1632 0643 EC       		.byte	-20
 1633 0644 D0       		.byte	-48
 1634 0645 04       		.byte	4
 1635 0646 D2       		.byte	-46
 1636 0647 04       		.byte	4
 1637 0648 D6       		.byte	-42
 1638 0649 0B       		.byte	11
 1639 064a E0       		.byte	-32
 1640 064b 01       		.byte	1
 1641 064c E6       		.byte	-26
 1642 064d 08       		.byte	8
 1643 064e 00       		.byte	0
 1644 064f 30       		.byte	48
 1645 0650 02       		.byte	2
 1646 0651 0C       		.byte	12
 1647 0652 07       		.byte	7
 1648 0653 04       		.byte	4
 1649 0654 0C       		.byte	12
 1650 0655 10       		.byte	16
 1651 0656 10       		.byte	16
 1652 0657 2C       		.byte	44
 1653 0658 12       		.byte	18
ARM GAS  C:\Users\diego\AppData\Local\Temp\cci4obJY.s 			page 30


 1654 0659 11       		.byte	17
 1655 065a 14       		.byte	20
 1656 065b 1C       		.byte	28
 1657 065c 16       		.byte	22
 1658 065d 22       		.byte	34
 1659 065e 18       		.byte	24
 1660 065f 09       		.byte	9
 1661 0660 1A       		.byte	26
 1662 0661 10       		.byte	16
 1663 0662 1E       		.byte	30
 1664 0663 03       		.byte	3
 1665 0664 20       		.byte	32
 1666 0665 14       		.byte	20
 1667 0666 24       		.byte	36
 1668 0667 40       		.byte	64
 1669 0668 25       		.byte	37
 1670 0669 02       		.byte	2
 1671 066a 2D       		.byte	45
 1672 066b 01       		.byte	1
 1673 066c 33       		.byte	51
 1674 066d 02       		.byte	2
 1675 066e 34       		.byte	52
 1676 066f 60       		.byte	96
 1677 0670 35       		.byte	53
 1678 0671 01       		.byte	1
 1679 0672 36       		.byte	54
 1680 0673 1F       		.byte	31
 1681 0674 37       		.byte	55
 1682 0675 04       		.byte	4
 1683 0676 38       		.byte	56
 1684 0677 20       		.byte	32
 1685 0678 3F       		.byte	63
 1686 0679 14       		.byte	20
 1687 067a 40       		.byte	64
 1688 067b 12       		.byte	18
 1689 067c 41       		.byte	65
 1690 067d 05       		.byte	5
 1691 067e 45       		.byte	69
 1692 067f 0E       		.byte	14
 1693 0680 46       		.byte	70
 1694 0681 0B       		.byte	11
 1695 0682 47       		.byte	71
 1696 0683 C0       		.byte	-64
 1697 0684 48       		.byte	72
 1698 0685 25       		.byte	37
 1699 0686 49       		.byte	73
 1700 0687 FF       		.byte	-1
 1701 0688 4A       		.byte	74
 1702 0689 FF       		.byte	-1
 1703 068a 4B       		.byte	75
 1704 068b FF       		.byte	-1
 1705 068c 4E       		.byte	78
 1706 068d F0       		.byte	-16
 1707 068e 4F       		.byte	79
 1708 068f 44       		.byte	68
 1709 0690 50       		.byte	80
 1710 0691 0C       		.byte	12
ARM GAS  C:\Users\diego\AppData\Local\Temp\cci4obJY.s 			page 31


 1711 0692 54       		.byte	84
 1712 0693 01       		.byte	1
 1713 0694 58       		.byte	88
 1714 0695 04       		.byte	4
 1715 0696 59       		.byte	89
 1716 0697 04       		.byte	4
 1717 0698 5A       		.byte	90
 1718 0699 04       		.byte	4
 1719 069a 5B       		.byte	91
 1720 069b 04       		.byte	4
 1721 069c 5C       		.byte	92
 1722 069d 42       		.byte	66
 1723 069e 5D       		.byte	93
 1724 069f 22       		.byte	34
 1725 06a0 5F       		.byte	95
 1726 06a1 01       		.byte	1
 1727 06a2 66       		.byte	102
 1728 06a3 C0       		.byte	-64
 1729 06a4 6A       		.byte	106
 1730 06a5 40       		.byte	64
 1731 06a6 6B       		.byte	107
 1732 06a7 02       		.byte	2
 1733 06a8 81       		.byte	-127
 1734 06a9 01       		.byte	1
 1735 06aa 85       		.byte	-123
 1736 06ab 06       		.byte	6
 1737 06ac 86       		.byte	-122
 1738 06ad 80       		.byte	-128
 1739 06ae 87       		.byte	-121
 1740 06af 18       		.byte	24
 1741 06b0 88       		.byte	-120
 1742 06b1 6C       		.byte	108
 1743 06b2 8A       		.byte	-118
 1744 06b3 02       		.byte	2
 1745 06b4 8B       		.byte	-117
 1746 06b5 01       		.byte	1
 1747 06b6 8C       		.byte	-116
 1748 06b7 5B       		.byte	91
 1749 06b8 8E       		.byte	-114
 1750 06b9 04       		.byte	4
 1751 06ba 91       		.byte	-111
 1752 06bb 1E       		.byte	30
 1753 06bc 94       		.byte	-108
 1754 06bd 37       		.byte	55
 1755 06be 99       		.byte	-103
 1756 06bf 0E       		.byte	14
 1757 06c0 9D       		.byte	-99
 1758 06c1 0A       		.byte	10
 1759 06c2 9E       		.byte	-98
 1760 06c3 0F       		.byte	15
 1761 06c4 9F       		.byte	-97
 1762 06c5 14       		.byte	20
 1763 06c6 A3       		.byte	-93
 1764 06c7 20       		.byte	32
 1765 06c8 A4       		.byte	-92
 1766 06c9 08       		.byte	8
 1767 06ca A5       		.byte	-91
ARM GAS  C:\Users\diego\AppData\Local\Temp\cci4obJY.s 			page 32


 1768 06cb 14       		.byte	20
 1769 06cc A6       		.byte	-90
 1770 06cd 01       		.byte	1
 1771 06ce A7       		.byte	-89
 1772 06cf 0A       		.byte	10
 1773 06d0 AC       		.byte	-84
 1774 06d1 6C       		.byte	108
 1775 06d2 AD       		.byte	-83
 1776 06d3 18       		.byte	24
 1777 06d4 AE       		.byte	-82
 1778 06d5 01       		.byte	1
 1779 06d6 AF       		.byte	-81
 1780 06d7 06       		.byte	6
 1781 06d8 B2       		.byte	-78
 1782 06d9 70       		.byte	112
 1783 06da B3       		.byte	-77
 1784 06db 01       		.byte	1
 1785 06dc B4       		.byte	-76
 1786 06dd 0F       		.byte	15
 1787 06de B5       		.byte	-75
 1788 06df 20       		.byte	32
 1789 06e0 B6       		.byte	-74
 1790 06e1 80       		.byte	-128
 1791 06e2 B7       		.byte	-73
 1792 06e3 1E       		.byte	30
 1793 06e4 B8       		.byte	-72
 1794 06e5 08       		.byte	8
 1795 06e6 BF       		.byte	-65
 1796 06e7 04       		.byte	4
 1797 06e8 D8       		.byte	-40
 1798 06e9 04       		.byte	4
 1799 06ea D9       		.byte	-39
 1800 06eb 04       		.byte	4
 1801 06ec DC       		.byte	-36
 1802 06ed 44       		.byte	68
 1803 06ee DF       		.byte	-33
 1804 06ef 01       		.byte	1
 1805 06f0 00       		.byte	0
 1806 06f1 81       		.byte	-127
 1807 06f2 05       		.byte	5
 1808 06f3 10       		.byte	16
 1809 06f4 06       		.byte	6
 1810 06f5 20       		.byte	32
 1811 06f6 07       		.byte	7
 1812 06f7 01       		.byte	1
 1813 06f8 0A       		.byte	10
 1814 06f9 15       		.byte	21
 1815 06fa 0B       		.byte	11
 1816 06fb 40       		.byte	64
 1817 06fc 0E       		.byte	14
 1818 06fd 20       		.byte	32
 1819 06fe 0F       		.byte	15
 1820 06ff 01       		.byte	1
 1821 0700 10       		.byte	16
 1822 0701 A0       		.byte	-96
 1823 0702 15       		.byte	21
 1824 0703 4C       		.byte	76
ARM GAS  C:\Users\diego\AppData\Local\Temp\cci4obJY.s 			page 33


 1825 0704 17       		.byte	23
 1826 0705 40       		.byte	64
 1827 0706 19       		.byte	25
 1828 0707 A0       		.byte	-96
 1829 0708 1A       		.byte	26
 1830 0709 05       		.byte	5
 1831 070a 1C       		.byte	28
 1832 070b 02       		.byte	2
 1833 070c 1D       		.byte	29
 1834 070d 10       		.byte	16
 1835 070e 1E       		.byte	30
 1836 070f 20       		.byte	32
 1837 0710 1F       		.byte	31
 1838 0711 10       		.byte	16
 1839 0712 21       		.byte	33
 1840 0713 40       		.byte	64
 1841 0714 22       		.byte	34
 1842 0715 04       		.byte	4
 1843 0716 23       		.byte	35
 1844 0717 08       		.byte	8
 1845 0718 25       		.byte	37
 1846 0719 10       		.byte	16
 1847 071a 26       		.byte	38
 1848 071b 04       		.byte	4
 1849 071c 27       		.byte	39
 1850 071d 01       		.byte	1
 1851 071e 29       		.byte	41
 1852 071f 88       		.byte	-120
 1853 0720 2D       		.byte	45
 1854 0721 41       		.byte	65
 1855 0722 2F       		.byte	47
 1856 0723 10       		.byte	16
 1857 0724 34       		.byte	52
 1858 0725 10       		.byte	16
 1859 0726 36       		.byte	54
 1860 0727 90       		.byte	-112
 1861 0728 37       		.byte	55
 1862 0729 01       		.byte	1
 1863 072a 3A       		.byte	58
 1864 072b 08       		.byte	8
 1865 072c 3C       		.byte	60
 1866 072d 02       		.byte	2
 1867 072e 3D       		.byte	61
 1868 072f 04       		.byte	4
 1869 0730 3E       		.byte	62
 1870 0731 20       		.byte	32
 1871 0732 40       		.byte	64
 1872 0733 01       		.byte	1
 1873 0734 41       		.byte	65
 1874 0735 10       		.byte	16
 1875 0736 49       		.byte	73
 1876 0737 48       		.byte	72
 1877 0738 4A       		.byte	74
 1878 0739 20       		.byte	32
 1879 073a 4B       		.byte	75
 1880 073b 40       		.byte	64
 1881 073c 50       		.byte	80
ARM GAS  C:\Users\diego\AppData\Local\Temp\cci4obJY.s 			page 34


 1882 073d 80       		.byte	-128
 1883 073e 51       		.byte	81
 1884 073f 02       		.byte	2
 1885 0740 52       		.byte	82
 1886 0741 02       		.byte	2
 1887 0742 58       		.byte	88
 1888 0743 02       		.byte	2
 1889 0744 5A       		.byte	90
 1890 0745 88       		.byte	-120
 1891 0746 5B       		.byte	91
 1892 0747 20       		.byte	32
 1893 0748 62       		.byte	98
 1894 0749 80       		.byte	-128
 1895 074a 63       		.byte	99
 1896 074b 01       		.byte	1
 1897 074c 80       		.byte	-128
 1898 074d 02       		.byte	2
 1899 074e 82       		.byte	-126
 1900 074f 20       		.byte	32
 1901 0750 89       		.byte	-119
 1902 0751 02       		.byte	2
 1903 0752 8B       		.byte	-117
 1904 0753 28       		.byte	40
 1905 0754 8E       		.byte	-114
 1906 0755 08       		.byte	8
 1907 0756 90       		.byte	-112
 1908 0757 01       		.byte	1
 1909 0758 91       		.byte	-111
 1910 0759 29       		.byte	41
 1911 075a 92       		.byte	-110
 1912 075b 90       		.byte	-112
 1913 075c 93       		.byte	-109
 1914 075d 01       		.byte	1
 1915 075e 95       		.byte	-107
 1916 075f C4       		.byte	-60
 1917 0760 99       		.byte	-103
 1918 0761 40       		.byte	64
 1919 0762 9A       		.byte	-102
 1920 0763 20       		.byte	32
 1921 0764 9B       		.byte	-101
 1922 0765 40       		.byte	64
 1923 0766 9C       		.byte	-100
 1924 0767 10       		.byte	16
 1925 0768 9D       		.byte	-99
 1926 0769 30       		.byte	48
 1927 076a 9F       		.byte	-97
 1928 076b 01       		.byte	1
 1929 076c A0       		.byte	-96
 1930 076d 60       		.byte	96
 1931 076e A5       		.byte	-91
 1932 076f 10       		.byte	16
 1933 0770 A6       		.byte	-90
 1934 0771 06       		.byte	6
 1935 0772 AC       		.byte	-84
 1936 0773 04       		.byte	4
 1937 0774 AE       		.byte	-82
 1938 0775 80       		.byte	-128
ARM GAS  C:\Users\diego\AppData\Local\Temp\cci4obJY.s 			page 35


 1939 0776 C0       		.byte	-64
 1940 0777 E9       		.byte	-23
 1941 0778 C2       		.byte	-62
 1942 0779 AF       		.byte	-81
 1943 077a C4       		.byte	-60
 1944 077b AC       		.byte	-84
 1945 077c CA       		.byte	-54
 1946 077d DA       		.byte	-38
 1947 077e CC       		.byte	-52
 1948 077f B0       		.byte	-80
 1949 0780 CE       		.byte	-50
 1950 0781 E2       		.byte	-30
 1951 0782 D0       		.byte	-48
 1952 0783 0C       		.byte	12
 1953 0784 D2       		.byte	-46
 1954 0785 08       		.byte	8
 1955 0786 D6       		.byte	-42
 1956 0787 0F       		.byte	15
 1957 0788 E6       		.byte	-26
 1958 0789 80       		.byte	-128
 1959 078a EA       		.byte	-22
 1960 078b 08       		.byte	8
 1961 078c EC       		.byte	-20
 1962 078d 08       		.byte	8
 1963 078e 32       		.byte	50
 1964 078f 80       		.byte	-128
 1965 0790 CC       		.byte	-52
 1966 0791 10       		.byte	16
 1967 0792 51       		.byte	81
 1968 0793 04       		.byte	4
 1969 0794 A6       		.byte	-90
 1970 0795 80       		.byte	-128
 1971 0796 D4       		.byte	-44
 1972 0797 20       		.byte	32
 1973 0798 12       		.byte	18
 1974 0799 80       		.byte	-128
 1975 079a 87       		.byte	-121
 1976 079b 01       		.byte	1
 1977 079c 95       		.byte	-107
 1978 079d 08       		.byte	8
 1979 079e A6       		.byte	-90
 1980 079f 80       		.byte	-128
 1981 07a0 C4       		.byte	-60
 1982 07a1 10       		.byte	16
 1983 07a2 E0       		.byte	-32
 1984 07a3 40       		.byte	64
 1985 07a4 95       		.byte	-107
 1986 07a5 08       		.byte	8
 1987 07a6 9F       		.byte	-97
 1988 07a7 01       		.byte	1
 1989 07a8 7C       		.byte	124
 1990 07a9 01       		.byte	1
 1991 07aa DE       		.byte	-34
 1992 07ab 01       		.byte	1
 1993 07ac 03       		.byte	3
 1994 07ad 40       		.byte	64
 1995 07ae 04       		.byte	4
ARM GAS  C:\Users\diego\AppData\Local\Temp\cci4obJY.s 			page 36


 1996 07af 08       		.byte	8
 1997 07b0 94       		.byte	-108
 1998 07b1 01       		.byte	1
 1999 07b2 C0       		.byte	-64
 2000 07b3 0C       		.byte	12
 2001 07b4 45       		.byte	69
 2002 07b5 08       		.byte	8
 2003 07b6 85       		.byte	-123
 2004 07b7 08       		.byte	8
 2005 07b8 94       		.byte	-108
 2006 07b9 01       		.byte	1
 2007 07ba 9B       		.byte	-101
 2008 07bb 40       		.byte	64
 2009 07bc B4       		.byte	-76
 2010 07bd 04       		.byte	4
 2011 07be D0       		.byte	-48
 2012 07bf 01       		.byte	1
 2013 07c0 EA       		.byte	-22
 2014 07c1 08       		.byte	8
 2015 07c2 94       		.byte	-108
 2016 07c3 01       		.byte	1
 2017 07c4 9B       		.byte	-101
 2018 07c5 40       		.byte	64
 2019 07c6 27       		.byte	39
 2020 07c7 01       		.byte	1
 2021 07c8 66       		.byte	102
 2022 07c9 04       		.byte	4
 2023 07ca 82       		.byte	-126
 2024 07cb 04       		.byte	4
 2025 07cc 95       		.byte	-107
 2026 07cd 08       		.byte	8
 2027 07ce 9F       		.byte	-97
 2028 07cf 01       		.byte	1
 2029 07d0 C8       		.byte	-56
 2030 07d1 20       		.byte	32
 2031 07d2 D8       		.byte	-40
 2032 07d3 80       		.byte	-128
 2033 07d4 E2       		.byte	-30
 2034 07d5 80       		.byte	-128
 2035 07d6 89       		.byte	-119
 2036 07d7 04       		.byte	4
 2037 07d8 95       		.byte	-107
 2038 07d9 08       		.byte	8
 2039 07da 0A       		.byte	10
 2040 07db 01       		.byte	1
 2041 07dc 0F       		.byte	15
 2042 07dd 02       		.byte	2
 2043 07de 80       		.byte	-128
 2044 07df 01       		.byte	1
 2045 07e0 87       		.byte	-121
 2046 07e1 01       		.byte	1
 2047 07e2 94       		.byte	-108
 2048 07e3 01       		.byte	1
 2049 07e4 9B       		.byte	-101
 2050 07e5 40       		.byte	64
 2051 07e6 C2       		.byte	-62
 2052 07e7 03       		.byte	3
ARM GAS  C:\Users\diego\AppData\Local\Temp\cci4obJY.s 			page 37


 2053 07e8 59       		.byte	89
 2054 07e9 40       		.byte	64
 2055 07ea 8F       		.byte	-113
 2056 07eb 40       		.byte	64
 2057 07ec 99       		.byte	-103
 2058 07ed 40       		.byte	64
 2059 07ee 9B       		.byte	-101
 2060 07ef 40       		.byte	64
 2061 07f0 AD       		.byte	-83
 2062 07f1 40       		.byte	64
 2063 07f2 AE       		.byte	-82
 2064 07f3 01       		.byte	1
 2065 07f4 D4       		.byte	-44
 2066 07f5 01       		.byte	1
 2067 07f6 E2       		.byte	-30
 2068 07f7 08       		.byte	8
 2069 07f8 00       		.byte	0
 2070 07f9 1C       		.byte	28
 2071 07fa 0C       		.byte	12
 2072 07fb 1C       		.byte	28
 2073 07fc 0E       		.byte	14
 2074 07fd 18       		.byte	24
 2075 07fe 10       		.byte	16
 2076 07ff 1E       		.byte	30
 2077 0800 1C       		.byte	28
 2078 0801 1E       		.byte	30
 2079 0802 00       		.byte	0
 2080 0803 02       		.byte	2
 2081 0804 00       		.byte	0
 2082 0805 AC       		.byte	-84
 2083 0806 01       		.byte	1
 2084 0807 51       		.byte	81
 2085 0808 40       		.byte	64
 2086 0809 77       		.byte	119
 2087 080a 00       		.byte	0
 2088 080b 00       		.byte	0
 2089 080c 01       		.byte	1
 2090 080d 30       		.byte	48
 2091 080e 00       		.byte	0
 2092 080f CF       		.byte	-49
 2093 0810 00       		.byte	0
 2094 0811 00       		.byte	0
 2095 0812 00       		.byte	0
 2096 0813 00       		.byte	0
 2097 0814 30       		.byte	48
 2098 0815 00       		.byte	0
 2099 0816 08       		.byte	8
 2100 0817 00       		.byte	0
 2101 0818 00       		.byte	0
 2102 0819 CC       		.byte	-52
 2103 081a 03       		.byte	3
 2104 081b 32       		.byte	50
 2105 081c 5C       		.byte	92
 2106 081d FB       		.byte	-5
 2107 081e 00       		.byte	0
 2108 081f 04       		.byte	4
 2109 0820 20       		.byte	32
ARM GAS  C:\Users\diego\AppData\Local\Temp\cci4obJY.s 			page 38


 2110 0821 00       		.byte	0
 2111 0822 04       		.byte	4
 2112 0823 00       		.byte	0
 2113 0824 2C       		.byte	44
 2114 0825 00       		.byte	0
 2115 0826 10       		.byte	16
 2116 0827 00       		.byte	0
 2117 0828 00       		.byte	0
 2118 0829 00       		.byte	0
 2119 082a 3C       		.byte	60
 2120 082b 00       		.byte	0
 2121 082c 30       		.byte	48
 2122 082d 58       		.byte	88
 2123 082e 04       		.byte	4
 2124 082f A1       		.byte	-95
 2125 0830 40       		.byte	64
 2126 0831 00       		.byte	0
 2127 0832 00       		.byte	0
 2128 0833 00       		.byte	0
 2129 0834 3C       		.byte	60
 2130 0835 00       		.byte	0
 2131 0836 40       		.byte	64
 2132 0837 0F       		.byte	15
 2133 0838 02       		.byte	2
 2134 0839 F0       		.byte	-16
 2135 083a 01       		.byte	1
 2136 083b 00       		.byte	0
 2137 083c 08       		.byte	8
 2138 083d 00       		.byte	0
 2139 083e 00       		.byte	0
 2140 083f 00       		.byte	0
 2141 0840 00       		.byte	0
 2142 0841 00       		.byte	0
 2143 0842 44       		.byte	68
 2144 0843 00       		.byte	0
 2145 0844 16       		.byte	22
 2146 0845 02       		.byte	2
 2147 0846 00       		.byte	0
 2148 0847 00       		.byte	0
 2149 0848 00       		.byte	0
 2150 0849 23       		.byte	35
 2151 084a C0       		.byte	-64
 2152 084b 4E       		.byte	78
 2153 084c 3B       		.byte	59
 2154 084d FF       		.byte	-1
 2155 084e FF       		.byte	-1
 2156 084f FF       		.byte	-1
 2157 0850 00       		.byte	0
 2158 0851 AF       		.byte	-81
 2159 0852 07       		.byte	7
 2160 0853 01       		.byte	1
 2161 0854 18       		.byte	24
 2162 0855 00       		.byte	0
 2163 0856 80       		.byte	-128
 2164 0857 00       		.byte	0
 2165 0858 00       		.byte	0
 2166 0859 00       		.byte	0
ARM GAS  C:\Users\diego\AppData\Local\Temp\cci4obJY.s 			page 39


 2167 085a 00       		.byte	0
 2168 085b 00       		.byte	0
 2169 085c 04       		.byte	4
 2170 085d 04       		.byte	4
 2171 085e 04       		.byte	4
 2172 085f 04       		.byte	4
 2173 0860 34       		.byte	52
 2174 0861 44       		.byte	68
 2175 0862 00       		.byte	0
 2176 0863 01       		.byte	1
 2177 0864 40       		.byte	64
 2178 0865 00       		.byte	0
 2179 0866 80       		.byte	-128
 2180 0867 00       		.byte	0
 2181 0868 40       		.byte	64
 2182 0869 40       		.byte	64
 2183 086a 80       		.byte	-128
 2184 086b 00       		.byte	0
 2185 086c 40       		.byte	64
 2186 086d 00       		.byte	0
 2187 086e 80       		.byte	-128
 2188 086f 00       		.byte	0
 2189 0870 40       		.byte	64
 2190 0871 20       		.byte	32
 2191 0872 80       		.byte	-128
 2192 0873 00       		.byte	0
 2193 0874 00       		.byte	0
 2194 0875 00       		.byte	0
 2195 0876 00       		.byte	0
 2196 0877 00       		.byte	0
 2197 0878 00       		.byte	0
 2198 0879 00       		.byte	0
 2199 087a 00       		.byte	0
 2200 087b 00       		.byte	0
 2201 087c 00       		.byte	0
 2202 087d 00       		.byte	0
 2203 087e 00       		.byte	0
 2204 087f 00       		.byte	0
 2205 0880 00       		.byte	0
 2206 0881 00       		.byte	0
 2207 0882 00       		.byte	0
 2208 0883 00       		.byte	0
 2209 0884 02       		.byte	2
 2210 0885 00       		.byte	0
 2211 0886 00       		.byte	0
 2212 0887 02       		.byte	2
 2213 0888 02       		.byte	2
 2214 0889 00       		.byte	0
 2215 088a 02       		.byte	2
 2216 088b 00       		.byte	0
 2217 088c 00       		.byte	0
 2218 088d 00       		.byte	0
 2219 088e 00       		.byte	0
 2220 088f 00       		.byte	0
 2221 0890 C0       		.byte	-64
 2222 0891 0B       		.byte	11
 2223 0892 0B       		.byte	11
ARM GAS  C:\Users\diego\AppData\Local\Temp\cci4obJY.s 			page 40


 2224 0893 00       		.byte	0
 2225 0894 00       		.byte	0
 2226 0895 00       		.byte	0
 2227 0896 00       		.byte	0
 2228 0897 00       		.byte	0
 2229 0898 03       		.byte	3
 2230 0899 00       		.byte	0
 2231 089a 00       		.byte	0
 2232 089b 00       		.byte	0
 2233 089c 00       		.byte	0
 2234 089d 00       		.byte	0
 2235 089e 04       		.byte	4
 2236 089f 00       		.byte	0
 2237 08a0 00       		.byte	0
 2238 08a1 04       		.byte	4
 2239 08a2 04       		.byte	4
 2240 08a3 00       		.byte	0
 2241 08a4 00       		.byte	0
 2242 08a5 00       		.byte	0
 2243 08a6 00       		.byte	0
 2244 08a7 00       		.byte	0
 2245 08a8 00       		.byte	0
 2246 08a9 07       		.byte	7
 2247 08aa 07       		.byte	7
 2248 08ab 00       		.byte	0
 2249 08ac 04       		.byte	4
 2250 08ad 00       		.byte	0
 2251 08ae 00       		.byte	0
 2252 08af 00       		.byte	0
 2253 08b0 25       		.byte	37
 2254 08b1 00       		.byte	0
 2255 08b2 18       		.byte	24
 2256 08b3 01       		.byte	1
 2257              		.section	.cywolatch,"a",%progbits
 2258              		.align	2
 2259              		.type	cy_meta_wonvl, %object
 2260              		.size	cy_meta_wonvl, 4
 2261              	cy_meta_wonvl:
 2262 0000 BC       		.byte	-68
 2263 0001 90       		.byte	-112
 2264 0002 AC       		.byte	-84
 2265 0003 AF       		.byte	-81
 2266              		.section	.cycustnvl,"a",%progbits
 2267              		.align	2
 2268              		.type	cy_meta_custnvl, %object
 2269              		.size	cy_meta_custnvl, 4
 2270              	cy_meta_custnvl:
 2271 0000 00       		.byte	0
 2272 0001 00       		.byte	0
 2273 0002 40       		.byte	64
 2274 0003 05       		.byte	5
 2275              		.section	.cymeta,"a",%progbits
 2276              		.align	2
 2277              		.type	cy_metadata, %object
 2278              		.size	cy_metadata, 12
 2279              	cy_metadata:
 2280 0000 00       		.byte	0
ARM GAS  C:\Users\diego\AppData\Local\Temp\cci4obJY.s 			page 41


 2281 0001 01       		.byte	1
 2282 0002 2E       		.byte	46
 2283 0003 12       		.byte	18
 2284 0004 30       		.byte	48
 2285 0005 69       		.byte	105
 2286 0006 00       		.byte	0
 2287 0007 01       		.byte	1
 2288 0008 00       		.byte	0
 2289 0009 00       		.byte	0
 2290 000a 00       		.byte	0
 2291 000b 00       		.byte	0
 2292              		.section	.cyflashprotect,"a",%progbits
 2293              		.align	2
 2294              		.type	cy_meta_flashprotect, %object
 2295              		.size	cy_meta_flashprotect, 256
 2296              	cy_meta_flashprotect:
 2297 0000 00000000 		.space	256
 2297      00000000 
 2297      00000000 
 2297      00000000 
 2297      00000000 
 2298              		.text
 2299              	.Letext0:
 2300              		.file 1 "c:\\program files (x86)\\cypress\\psoc creator\\4.2\\psoc creator\\import\\gnu\\arm\\5.4.
 2301              		.file 2 "c:\\program files (x86)\\cypress\\psoc creator\\4.2\\psoc creator\\import\\gnu\\arm\\5.4.
 2302              		.file 3 "Generated_Source\\PSoC5\\cymetadata.c"
 2303              		.section	.debug_info,"",%progbits
 2304              	.Ldebug_info0:
 2305 0000 35010000 		.4byte	0x135
 2306 0004 0400     		.2byte	0x4
 2307 0006 00000000 		.4byte	.Ldebug_abbrev0
 2308 000a 04       		.byte	0x4
 2309 000b 01       		.uleb128 0x1
 2310 000c 98000000 		.4byte	.LASF17
 2311 0010 0C       		.byte	0xc
 2312 0011 F2010000 		.4byte	.LASF18
 2313 0015 0A000000 		.4byte	.LASF19
 2314 0019 00000000 		.4byte	.Ldebug_line0
 2315 001d 02       		.uleb128 0x2
 2316 001e 01       		.byte	0x1
 2317 001f 06       		.byte	0x6
 2318 0020 E6010000 		.4byte	.LASF0
 2319 0024 03       		.uleb128 0x3
 2320 0025 00000000 		.4byte	.LASF9
 2321 0029 01       		.byte	0x1
 2322 002a 1D       		.byte	0x1d
 2323 002b 2F000000 		.4byte	0x2f
 2324 002f 02       		.uleb128 0x2
 2325 0030 01       		.byte	0x1
 2326 0031 08       		.byte	0x8
 2327 0032 8A000000 		.4byte	.LASF1
 2328 0036 02       		.uleb128 0x2
 2329 0037 02       		.byte	0x2
 2330 0038 05       		.byte	0x5
 2331 0039 D3010000 		.4byte	.LASF2
 2332 003d 02       		.uleb128 0x2
 2333 003e 02       		.byte	0x2
ARM GAS  C:\Users\diego\AppData\Local\Temp\cci4obJY.s 			page 42


 2334 003f 07       		.byte	0x7
 2335 0040 38010000 		.4byte	.LASF3
 2336 0044 02       		.uleb128 0x2
 2337 0045 04       		.byte	0x4
 2338 0046 05       		.byte	0x5
 2339 0047 DD010000 		.4byte	.LASF4
 2340 004b 02       		.uleb128 0x2
 2341 004c 04       		.byte	0x4
 2342 004d 07       		.byte	0x7
 2343 004e 26010000 		.4byte	.LASF5
 2344 0052 02       		.uleb128 0x2
 2345 0053 08       		.byte	0x8
 2346 0054 05       		.byte	0x5
 2347 0055 C5010000 		.4byte	.LASF6
 2348 0059 02       		.uleb128 0x2
 2349 005a 08       		.byte	0x8
 2350 005b 07       		.byte	0x7
 2351 005c 7A010000 		.4byte	.LASF7
 2352 0060 04       		.uleb128 0x4
 2353 0061 04       		.byte	0x4
 2354 0062 05       		.byte	0x5
 2355 0063 696E7400 		.ascii	"int\000"
 2356 0067 02       		.uleb128 0x2
 2357 0068 04       		.byte	0x4
 2358 0069 07       		.byte	0x7
 2359 006a 6D010000 		.4byte	.LASF8
 2360 006e 03       		.uleb128 0x3
 2361 006f 91010000 		.4byte	.LASF10
 2362 0073 02       		.byte	0x2
 2363 0074 18       		.byte	0x18
 2364 0075 24000000 		.4byte	0x24
 2365 0079 05       		.uleb128 0x5
 2366 007a 91000000 		.4byte	0x91
 2367 007e 8A000000 		.4byte	0x8a
 2368 0082 06       		.uleb128 0x6
 2369 0083 8A000000 		.4byte	0x8a
 2370 0087 B308     		.2byte	0x8b3
 2371 0089 00       		.byte	0
 2372 008a 02       		.uleb128 0x2
 2373 008b 04       		.byte	0x4
 2374 008c 07       		.byte	0x7
 2375 008d BC010000 		.4byte	.LASF11
 2376 0091 07       		.uleb128 0x7
 2377 0092 6E000000 		.4byte	0x6e
 2378 0096 08       		.uleb128 0x8
 2379 0097 5B010000 		.4byte	.LASF12
 2380 009b 03       		.byte	0x3
 2381 009c 1F       		.byte	0x1f
 2382 009d A7000000 		.4byte	0xa7
 2383 00a1 05       		.uleb128 0x5
 2384 00a2 03       		.byte	0x3
 2385 00a3 00000000 		.4byte	cy_meta_configecc
 2386 00a7 07       		.uleb128 0x7
 2387 00a8 79000000 		.4byte	0x79
 2388 00ac 05       		.uleb128 0x5
 2389 00ad 91000000 		.4byte	0x91
 2390 00b1 BC000000 		.4byte	0xbc
ARM GAS  C:\Users\diego\AppData\Local\Temp\cci4obJY.s 			page 43


 2391 00b5 09       		.uleb128 0x9
 2392 00b6 8A000000 		.4byte	0x8a
 2393 00ba 03       		.byte	0x3
 2394 00bb 00       		.byte	0
 2395 00bc 0A       		.uleb128 0xa
 2396 00bd 4B010000 		.4byte	.LASF13
 2397 00c1 03       		.byte	0x3
 2398 00c2 4301     		.2byte	0x143
 2399 00c4 CE000000 		.4byte	0xce
 2400 00c8 05       		.uleb128 0x5
 2401 00c9 03       		.byte	0x3
 2402 00ca 00000000 		.4byte	cy_meta_custnvl
 2403 00ce 07       		.uleb128 0x7
 2404 00cf AC000000 		.4byte	0xac
 2405 00d3 0A       		.uleb128 0xa
 2406 00d4 AE010000 		.4byte	.LASF14
 2407 00d8 03       		.byte	0x3
 2408 00d9 5101     		.2byte	0x151
 2409 00db E5000000 		.4byte	0xe5
 2410 00df 05       		.uleb128 0x5
 2411 00e0 03       		.byte	0x3
 2412 00e1 00000000 		.4byte	cy_meta_wonvl
 2413 00e5 07       		.uleb128 0x7
 2414 00e6 AC000000 		.4byte	0xac
 2415 00ea 05       		.uleb128 0x5
 2416 00eb 91000000 		.4byte	0x91
 2417 00ef FA000000 		.4byte	0xfa
 2418 00f3 09       		.uleb128 0x9
 2419 00f4 8A000000 		.4byte	0x8a
 2420 00f8 FF       		.byte	0xff
 2421 00f9 00       		.byte	0
 2422 00fa 0A       		.uleb128 0xa
 2423 00fb 99010000 		.4byte	.LASF15
 2424 00ff 03       		.byte	0x3
 2425 0100 5F01     		.2byte	0x15f
 2426 0102 0C010000 		.4byte	0x10c
 2427 0106 05       		.uleb128 0x5
 2428 0107 03       		.byte	0x3
 2429 0108 00000000 		.4byte	cy_meta_flashprotect
 2430 010c 07       		.uleb128 0x7
 2431 010d EA000000 		.4byte	0xea
 2432 0111 05       		.uleb128 0x5
 2433 0112 91000000 		.4byte	0x91
 2434 0116 21010000 		.4byte	0x121
 2435 011a 09       		.uleb128 0x9
 2436 011b 8A000000 		.4byte	0x8a
 2437 011f 0B       		.byte	0xb
 2438 0120 00       		.byte	0
 2439 0121 0A       		.uleb128 0xa
 2440 0122 7E000000 		.4byte	.LASF16
 2441 0126 03       		.byte	0x3
 2442 0127 8C01     		.2byte	0x18c
 2443 0129 33010000 		.4byte	0x133
 2444 012d 05       		.uleb128 0x5
 2445 012e 03       		.byte	0x3
 2446 012f 00000000 		.4byte	cy_metadata
 2447 0133 07       		.uleb128 0x7
ARM GAS  C:\Users\diego\AppData\Local\Temp\cci4obJY.s 			page 44


 2448 0134 11010000 		.4byte	0x111
 2449 0138 00       		.byte	0
 2450              		.section	.debug_abbrev,"",%progbits
 2451              	.Ldebug_abbrev0:
 2452 0000 01       		.uleb128 0x1
 2453 0001 11       		.uleb128 0x11
 2454 0002 01       		.byte	0x1
 2455 0003 25       		.uleb128 0x25
 2456 0004 0E       		.uleb128 0xe
 2457 0005 13       		.uleb128 0x13
 2458 0006 0B       		.uleb128 0xb
 2459 0007 03       		.uleb128 0x3
 2460 0008 0E       		.uleb128 0xe
 2461 0009 1B       		.uleb128 0x1b
 2462 000a 0E       		.uleb128 0xe
 2463 000b 10       		.uleb128 0x10
 2464 000c 17       		.uleb128 0x17
 2465 000d 00       		.byte	0
 2466 000e 00       		.byte	0
 2467 000f 02       		.uleb128 0x2
 2468 0010 24       		.uleb128 0x24
 2469 0011 00       		.byte	0
 2470 0012 0B       		.uleb128 0xb
 2471 0013 0B       		.uleb128 0xb
 2472 0014 3E       		.uleb128 0x3e
 2473 0015 0B       		.uleb128 0xb
 2474 0016 03       		.uleb128 0x3
 2475 0017 0E       		.uleb128 0xe
 2476 0018 00       		.byte	0
 2477 0019 00       		.byte	0
 2478 001a 03       		.uleb128 0x3
 2479 001b 16       		.uleb128 0x16
 2480 001c 00       		.byte	0
 2481 001d 03       		.uleb128 0x3
 2482 001e 0E       		.uleb128 0xe
 2483 001f 3A       		.uleb128 0x3a
 2484 0020 0B       		.uleb128 0xb
 2485 0021 3B       		.uleb128 0x3b
 2486 0022 0B       		.uleb128 0xb
 2487 0023 49       		.uleb128 0x49
 2488 0024 13       		.uleb128 0x13
 2489 0025 00       		.byte	0
 2490 0026 00       		.byte	0
 2491 0027 04       		.uleb128 0x4
 2492 0028 24       		.uleb128 0x24
 2493 0029 00       		.byte	0
 2494 002a 0B       		.uleb128 0xb
 2495 002b 0B       		.uleb128 0xb
 2496 002c 3E       		.uleb128 0x3e
 2497 002d 0B       		.uleb128 0xb
 2498 002e 03       		.uleb128 0x3
 2499 002f 08       		.uleb128 0x8
 2500 0030 00       		.byte	0
 2501 0031 00       		.byte	0
 2502 0032 05       		.uleb128 0x5
 2503 0033 01       		.uleb128 0x1
 2504 0034 01       		.byte	0x1
ARM GAS  C:\Users\diego\AppData\Local\Temp\cci4obJY.s 			page 45


 2505 0035 49       		.uleb128 0x49
 2506 0036 13       		.uleb128 0x13
 2507 0037 01       		.uleb128 0x1
 2508 0038 13       		.uleb128 0x13
 2509 0039 00       		.byte	0
 2510 003a 00       		.byte	0
 2511 003b 06       		.uleb128 0x6
 2512 003c 21       		.uleb128 0x21
 2513 003d 00       		.byte	0
 2514 003e 49       		.uleb128 0x49
 2515 003f 13       		.uleb128 0x13
 2516 0040 2F       		.uleb128 0x2f
 2517 0041 05       		.uleb128 0x5
 2518 0042 00       		.byte	0
 2519 0043 00       		.byte	0
 2520 0044 07       		.uleb128 0x7
 2521 0045 26       		.uleb128 0x26
 2522 0046 00       		.byte	0
 2523 0047 49       		.uleb128 0x49
 2524 0048 13       		.uleb128 0x13
 2525 0049 00       		.byte	0
 2526 004a 00       		.byte	0
 2527 004b 08       		.uleb128 0x8
 2528 004c 34       		.uleb128 0x34
 2529 004d 00       		.byte	0
 2530 004e 03       		.uleb128 0x3
 2531 004f 0E       		.uleb128 0xe
 2532 0050 3A       		.uleb128 0x3a
 2533 0051 0B       		.uleb128 0xb
 2534 0052 3B       		.uleb128 0x3b
 2535 0053 0B       		.uleb128 0xb
 2536 0054 49       		.uleb128 0x49
 2537 0055 13       		.uleb128 0x13
 2538 0056 3F       		.uleb128 0x3f
 2539 0057 19       		.uleb128 0x19
 2540 0058 02       		.uleb128 0x2
 2541 0059 18       		.uleb128 0x18
 2542 005a 00       		.byte	0
 2543 005b 00       		.byte	0
 2544 005c 09       		.uleb128 0x9
 2545 005d 21       		.uleb128 0x21
 2546 005e 00       		.byte	0
 2547 005f 49       		.uleb128 0x49
 2548 0060 13       		.uleb128 0x13
 2549 0061 2F       		.uleb128 0x2f
 2550 0062 0B       		.uleb128 0xb
 2551 0063 00       		.byte	0
 2552 0064 00       		.byte	0
 2553 0065 0A       		.uleb128 0xa
 2554 0066 34       		.uleb128 0x34
 2555 0067 00       		.byte	0
 2556 0068 03       		.uleb128 0x3
 2557 0069 0E       		.uleb128 0xe
 2558 006a 3A       		.uleb128 0x3a
 2559 006b 0B       		.uleb128 0xb
 2560 006c 3B       		.uleb128 0x3b
 2561 006d 05       		.uleb128 0x5
ARM GAS  C:\Users\diego\AppData\Local\Temp\cci4obJY.s 			page 46


 2562 006e 49       		.uleb128 0x49
 2563 006f 13       		.uleb128 0x13
 2564 0070 3F       		.uleb128 0x3f
 2565 0071 19       		.uleb128 0x19
 2566 0072 02       		.uleb128 0x2
 2567 0073 18       		.uleb128 0x18
 2568 0074 00       		.byte	0
 2569 0075 00       		.byte	0
 2570 0076 00       		.byte	0
 2571              		.section	.debug_aranges,"",%progbits
 2572 0000 14000000 		.4byte	0x14
 2573 0004 0200     		.2byte	0x2
 2574 0006 00000000 		.4byte	.Ldebug_info0
 2575 000a 04       		.byte	0x4
 2576 000b 00       		.byte	0
 2577 000c 0000     		.2byte	0
 2578 000e 0000     		.2byte	0
 2579 0010 00000000 		.4byte	0
 2580 0014 00000000 		.4byte	0
 2581              		.section	.debug_line,"",%progbits
 2582              	.Ldebug_line0:
 2583 0000 3D010000 		.section	.debug_str,"MS",%progbits,1
 2583      02003701 
 2583      00000201 
 2583      FB0E0D00 
 2583      01010101 
 2584              	.LASF9:
 2585 0000 5F5F7569 		.ascii	"__uint8_t\000"
 2585      6E74385F 
 2585      7400
 2586              	.LASF19:
 2587 000a 433A5C55 		.ascii	"C:\\Users\\diego\\OneDrive\\Documents\\TEC\\2018\\L"
 2587      73657273 
 2587      5C646965 
 2587      676F5C4F 
 2587      6E654472 
 2588 0036 61622043 		.ascii	"ab Control Automatico\\Control Psoc\\Empiric_Model\\"
 2588      6F6E7472 
 2588      6F6C2041 
 2588      75746F6D 
 2588      61746963 
 2589 0067 44617461 		.ascii	"Data_Acquisition.cydsn\000"
 2589      5F416371 
 2589      75697369 
 2589      74696F6E 
 2589      2E637964 
 2590              	.LASF16:
 2591 007e 63795F6D 		.ascii	"cy_metadata\000"
 2591      65746164 
 2591      61746100 
 2592              	.LASF1:
 2593 008a 756E7369 		.ascii	"unsigned char\000"
 2593      676E6564 
 2593      20636861 
 2593      7200
 2594              	.LASF17:
 2595 0098 474E5520 		.ascii	"GNU C11 5.4.1 20160609 (release) [ARM/embedded-5-br"
ARM GAS  C:\Users\diego\AppData\Local\Temp\cci4obJY.s 			page 47


 2595      43313120 
 2595      352E342E 
 2595      31203230 
 2595      31363036 
 2596 00cb 616E6368 		.ascii	"anch revision 237715] -mcpu=cortex-m3 -mthumb -g -O"
 2596      20726576 
 2596      6973696F 
 2596      6E203233 
 2596      37373135 
 2597 00fe 67202D66 		.ascii	"g -ffunction-sections -ffat-lto-objects\000"
 2597      66756E63 
 2597      74696F6E 
 2597      2D736563 
 2597      74696F6E 
 2598              	.LASF5:
 2599 0126 6C6F6E67 		.ascii	"long unsigned int\000"
 2599      20756E73 
 2599      69676E65 
 2599      6420696E 
 2599      7400
 2600              	.LASF3:
 2601 0138 73686F72 		.ascii	"short unsigned int\000"
 2601      7420756E 
 2601      7369676E 
 2601      65642069 
 2601      6E7400
 2602              	.LASF13:
 2603 014b 63795F6D 		.ascii	"cy_meta_custnvl\000"
 2603      6574615F 
 2603      63757374 
 2603      6E766C00 
 2604              	.LASF12:
 2605 015b 63795F6D 		.ascii	"cy_meta_configecc\000"
 2605      6574615F 
 2605      636F6E66 
 2605      69676563 
 2605      6300
 2606              	.LASF8:
 2607 016d 756E7369 		.ascii	"unsigned int\000"
 2607      676E6564 
 2607      20696E74 
 2607      00
 2608              	.LASF7:
 2609 017a 6C6F6E67 		.ascii	"long long unsigned int\000"
 2609      206C6F6E 
 2609      6720756E 
 2609      7369676E 
 2609      65642069 
 2610              	.LASF10:
 2611 0191 75696E74 		.ascii	"uint8_t\000"
 2611      385F7400 
 2612              	.LASF15:
 2613 0199 63795F6D 		.ascii	"cy_meta_flashprotect\000"
 2613      6574615F 
 2613      666C6173 
 2613      6870726F 
 2613      74656374 
ARM GAS  C:\Users\diego\AppData\Local\Temp\cci4obJY.s 			page 48


 2614              	.LASF14:
 2615 01ae 63795F6D 		.ascii	"cy_meta_wonvl\000"
 2615      6574615F 
 2615      776F6E76 
 2615      6C00
 2616              	.LASF11:
 2617 01bc 73697A65 		.ascii	"sizetype\000"
 2617      74797065 
 2617      00
 2618              	.LASF6:
 2619 01c5 6C6F6E67 		.ascii	"long long int\000"
 2619      206C6F6E 
 2619      6720696E 
 2619      7400
 2620              	.LASF2:
 2621 01d3 73686F72 		.ascii	"short int\000"
 2621      7420696E 
 2621      7400
 2622              	.LASF4:
 2623 01dd 6C6F6E67 		.ascii	"long int\000"
 2623      20696E74 
 2623      00
 2624              	.LASF0:
 2625 01e6 7369676E 		.ascii	"signed char\000"
 2625      65642063 
 2625      68617200 
 2626              	.LASF18:
 2627 01f2 47656E65 		.ascii	"Generated_Source\\PSoC5\\cymetadata.c\000"
 2627      72617465 
 2627      645F536F 
 2627      75726365 
 2627      5C50536F 
 2628              		.ident	"GCC: (GNU Tools for ARM Embedded Processors) 5.4.1 20160609 (release) [ARM/embedded-5-bran
