ARM GAS  C:\Users\diego\AppData\Local\Temp\ccfOsMvl.s 			page 1


   1              		.syntax unified
   2              		.cpu cortex-m3
   3              		.fpu softvfp
   4              		.eabi_attribute 20, 1
   5              		.eabi_attribute 21, 1
   6              		.eabi_attribute 23, 3
   7              		.eabi_attribute 24, 1
   8              		.eabi_attribute 25, 1
   9              		.eabi_attribute 26, 1
  10              		.eabi_attribute 30, 1
  11              		.eabi_attribute 34, 1
  12              		.eabi_attribute 18, 4
  13              		.thumb
  14              		.syntax unified
  15              		.file	"main.c"
  16              		.text
  17              	.Ltext0:
  18              		.cfi_sections	.debug_frame
  19              		.global	__aeabi_fsub
  20              		.global	__aeabi_fmul
  21              		.global	__aeabi_fadd
  22              		.global	__aeabi_f2d
  23              		.global	__aeabi_dcmpgt
  24              		.global	__aeabi_dcmplt
  25              		.global	__aeabi_ddiv
  26              		.global	__aeabi_d2f
  27              		.section	.text.isr_Timer_Handler,"ax",%progbits
  28              		.align	2
  29              		.global	isr_Timer_Handler
  30              		.thumb
  31              		.thumb_func
  32              		.type	isr_Timer_Handler, %function
  33              	isr_Timer_Handler:
  34              	.LFB65:
  35              		.file 1 "main.c"
   1:main.c        **** #include <project.h>
   2:main.c        **** #include <string.h>
   3:main.c        **** #include <stdio.h>
   4:main.c        **** #include <math.h>
   5:main.c        **** 
   6:main.c        **** 
   7:main.c        **** /* Global constants */
   8:main.c        ****  #define PWM_MAX         499   // PWM 100% (499) with Tpwm = 500us @ 1MHz (500 counts)
   9:main.c        ****  #define V_MAX           5
  10:main.c        ****  #define N_MAX           PWM_MAX+1
  11:main.c        ****  #define PWM_FACTOR      N_MAX/V_MAX   // 100 counts/volt with Tpwm = 500us @ 1MHz
  12:main.c        ****  #define MaxAnguloMotor  1.5708 
  13:main.c        **** 
  14:main.c        ****  #define REFERENCE      0    // 
  15:main.c        ****  #define MAXINTEGRAL    4.7  // Limits the integral part to 4.7V
  16:main.c        ****  #define TS_FACTOR      1    // 5ms counts for Ts = 5ms
  17:main.c        **** 
  18:main.c        **** int16 pwm = 0;
  19:main.c        **** int cnt1 = 0;
  20:main.c        **** float angulo1 = 0;
  21:main.c        **** 
  22:main.c        **** int cnt2 = 0;
ARM GAS  C:\Users\diego\AppData\Local\Temp\ccfOsMvl.s 			page 2


  23:main.c        **** float angulo2 = 0;
  24:main.c        **** 
  25:main.c        **** float adcMeas  = 0;
  26:main.c        **** float Tension = 0;
  27:main.c        **** 
  28:main.c        **** /* PID algorithm global variables */
  29:main.c        **** float KD;               // Derivative default constant
  30:main.c        **** float KP = 0.21;       // Proportional default constant
  31:main.c        **** float KI = 0.158;      // Integral default constant @ 5ms
  32:main.c        **** volatile float ik = 0; // Integral action and memory
  33:main.c        **** float dk = 0; // Integral action and memory
  34:main.c        **** float mk = 0;   // total control action
  35:main.c        **** 
  36:main.c        **** 
  37:main.c        **** 
  38:main.c        **** 
  39:main.c        **** void transmit(float input, int tab)
  40:main.c        **** {
  41:main.c        ****     char StringBuff[50];
  42:main.c        ****     input = input*1000;
  43:main.c        ****     int sender = input;
  44:main.c        ****     // Verify if we have to put a tab or endl
  45:main.c        ****     if(tab == 1)
  46:main.c        ****         sprintf(StringBuff, "%d\t", sender);
  47:main.c        ****     // If it is a endl
  48:main.c        ****     else
  49:main.c        ****     {
  50:main.c        ****         sprintf(StringBuff, "%d\n", sender);
  51:main.c        ****         
  52:main.c        ****     }
  53:main.c        ****     // Transmit string
  54:main.c        ****         UART_1_PutString(StringBuff);
  55:main.c        **** }
  56:main.c        **** 
  57:main.c        **** CY_ISR_PROTO(isr_Timer_Handler);
  58:main.c        **** 
  59:main.c        **** CY_ISR(isr_Timer_Handler)
  60:main.c        **** {
  36              		.loc 1 60 0
  37              		.cfi_startproc
  38              		@ args = 0, pretend = 0, frame = 0
  39              		@ frame_needed = 0, uses_anonymous_args = 0
  40 0000 F8B5     		push	{r3, r4, r5, r6, r7, lr}
  41              		.cfi_def_cfa_offset 24
  42              		.cfi_offset 3, -24
  43              		.cfi_offset 4, -20
  44              		.cfi_offset 5, -16
  45              		.cfi_offset 6, -12
  46              		.cfi_offset 7, -8
  47              		.cfi_offset 14, -4
  48              	.LVL0:
  61:main.c        **** float ek = 0;   // speed error
  62:main.c        **** float ekLast = 0;   // last error
  63:main.c        **** float pdK = 0;
  64:main.c        **** 
  65:main.c        ****     
  66:main.c        ****     
ARM GAS  C:\Users\diego\AppData\Local\Temp\ccfOsMvl.s 			page 3


  67:main.c        ****     
  68:main.c        ****     //Dato = ADC_DelSig_1_GetResult16();
  69:main.c        ****     
  70:main.c        ****     ek = REFERENCE - angulo1; // error
  49              		.loc 1 70 0
  50 0002 2B4C     		ldr	r4, .L10+24
  51 0004 2568     		ldr	r5, [r4]	@ float
  52 0006 2946     		mov	r1, r5
  53 0008 0020     		movs	r0, #0
  54 000a FFF7FEFF 		bl	__aeabi_fsub
  55              	.LVL1:
  56 000e 0646     		mov	r6, r0
  57              	.LVL2:
  71:main.c        ****     
  72:main.c        ****     ik += KI*ek; 
  58              		.loc 1 72 0
  59 0010 284B     		ldr	r3, .L10+28
  60 0012 1968     		ldr	r1, [r3]	@ float
  61 0014 FFF7FEFF 		bl	__aeabi_fmul
  62              	.LVL3:
  63 0018 6168     		ldr	r1, [r4, #4]	@ float
  64 001a FFF7FEFF 		bl	__aeabi_fadd
  65              	.LVL4:
  66 001e 6060     		str	r0, [r4, #4]	@ float
  73:main.c        ****     
  74:main.c        ****     
  75:main.c        ****     if (ik > MAXINTEGRAL){
  67              		.loc 1 75 0
  68 0020 6068     		ldr	r0, [r4, #4]	@ float
  69 0022 FFF7FEFF 		bl	__aeabi_f2d
  70              	.LVL5:
  71 0026 1CA3     		adr	r3, .L10
  72 0028 D3E90023 		ldrd	r2, [r3]
  73 002c FFF7FEFF 		bl	__aeabi_dcmpgt
  74              	.LVL6:
  75 0030 10B1     		cbz	r0, .L8
  76:main.c        ****         ik = MAXINTEGRAL;
  76              		.loc 1 76 0
  77 0032 214A     		ldr	r2, .L10+32
  78 0034 6260     		str	r2, [r4, #4]	@ float
  79 0036 0CE0     		b	.L4
  80              	.L8:
  77:main.c        ****     }
  78:main.c        ****     else if (ik < -MAXINTEGRAL){
  81              		.loc 1 78 0
  82 0038 1D4B     		ldr	r3, .L10+24
  83 003a 5868     		ldr	r0, [r3, #4]	@ float
  84 003c FFF7FEFF 		bl	__aeabi_f2d
  85              	.LVL7:
  86 0040 17A3     		adr	r3, .L10+8
  87 0042 D3E90023 		ldrd	r2, [r3]
  88 0046 FFF7FEFF 		bl	__aeabi_dcmplt
  89              	.LVL8:
  90 004a 10B1     		cbz	r0, .L4
  79:main.c        ****         ik = -MAXINTEGRAL;
  91              		.loc 1 79 0
  92 004c 1B4A     		ldr	r2, .L10+36
ARM GAS  C:\Users\diego\AppData\Local\Temp\ccfOsMvl.s 			page 4


  93 004e 184B     		ldr	r3, .L10+24
  94 0050 5A60     		str	r2, [r3, #4]	@ float
  95              	.L4:
  80:main.c        ****     }  
  81:main.c        ****     
  82:main.c        ****     dk = (ek-ekLast)/0.005; //5ms tiempo en el que se aplica el PID
  96              		.loc 1 82 0
  97 0052 3046     		mov	r0, r6
  98 0054 FFF7FEFF 		bl	__aeabi_f2d
  99              	.LVL9:
 100 0058 13A3     		adr	r3, .L10+16
 101 005a D3E90023 		ldrd	r2, [r3]
 102 005e FFF7FEFF 		bl	__aeabi_ddiv
 103              	.LVL10:
 104 0062 FFF7FEFF 		bl	__aeabi_d2f
 105              	.LVL11:
 106 0066 0646     		mov	r6, r0
 107 0068 114C     		ldr	r4, .L10+24
 108 006a A060     		str	r0, [r4, #8]	@ float
  83:main.c        ****     
  84:main.c        ****     
  85:main.c        ****     pdK = KP*angulo1 + dk*angulo1;
 109              		.loc 1 85 0
 110 006c 114B     		ldr	r3, .L10+28
 111 006e 5968     		ldr	r1, [r3, #4]	@ float
 112 0070 2846     		mov	r0, r5
 113 0072 FFF7FEFF 		bl	__aeabi_fmul
 114              	.LVL12:
 115 0076 0746     		mov	r7, r0
 116 0078 3146     		mov	r1, r6
 117 007a 2846     		mov	r0, r5
 118 007c FFF7FEFF 		bl	__aeabi_fmul
 119              	.LVL13:
 120 0080 0146     		mov	r1, r0
 121 0082 3846     		mov	r0, r7
 122 0084 FFF7FEFF 		bl	__aeabi_fadd
 123              	.LVL14:
  86:main.c        ****     
  87:main.c        ****     mk = pdK + ik;
 124              		.loc 1 87 0
 125 0088 6168     		ldr	r1, [r4, #4]	@ float
 126 008a FFF7FEFF 		bl	__aeabi_fadd
 127              	.LVL15:
 128 008e E060     		str	r0, [r4, #12]	@ float
 129              	.LVL16:
 130 0090 F8BD     		pop	{r3, r4, r5, r6, r7, pc}
 131              	.L11:
 132 0092 00BFAFF3 		.align	3
 132      0080
 133              	.L10:
 134 0098 CDCCCCCC 		.word	-858993459
 135 009c CCCC1240 		.word	1074973900
 136 00a0 CDCCCCCC 		.word	-858993459
 137 00a4 CCCC12C0 		.word	-1072509748
 138 00a8 7B14AE47 		.word	1202590843
 139 00ac E17A743F 		.word	1064598241
 140 00b0 00000000 		.word	.LANCHOR0
ARM GAS  C:\Users\diego\AppData\Local\Temp\ccfOsMvl.s 			page 5


 141 00b4 00000000 		.word	.LANCHOR1
 142 00b8 66669640 		.word	1083598438
 143 00bc 666696C0 		.word	-1063885210
 144              		.cfi_endproc
 145              	.LFE65:
 146              		.size	isr_Timer_Handler, .-isr_Timer_Handler
 147              		.global	__aeabi_f2iz
 148              		.section	.text.transmit,"ax",%progbits
 149              		.align	2
 150              		.global	transmit
 151              		.thumb
 152              		.thumb_func
 153              		.type	transmit, %function
 154              	transmit:
 155              	.LFB64:
  40:main.c        ****     char StringBuff[50];
 156              		.loc 1 40 0
 157              		.cfi_startproc
 158              		@ args = 0, pretend = 0, frame = 56
 159              		@ frame_needed = 0, uses_anonymous_args = 0
 160              	.LVL17:
 161 0000 10B5     		push	{r4, lr}
 162              		.cfi_def_cfa_offset 8
 163              		.cfi_offset 4, -8
 164              		.cfi_offset 14, -4
 165 0002 8EB0     		sub	sp, sp, #56
 166              		.cfi_def_cfa_offset 64
 167 0004 0C46     		mov	r4, r1
  42:main.c        ****     int sender = input;
 168              		.loc 1 42 0
 169 0006 0B49     		ldr	r1, .L16
 170              	.LVL18:
 171 0008 FFF7FEFF 		bl	__aeabi_fmul
 172              	.LVL19:
  43:main.c        ****     // Verify if we have to put a tab or endl
 173              		.loc 1 43 0
 174 000c FFF7FEFF 		bl	__aeabi_f2iz
 175              	.LVL20:
  45:main.c        ****         sprintf(StringBuff, "%d\t", sender);
 176              		.loc 1 45 0
 177 0010 012C     		cmp	r4, #1
 178 0012 05D1     		bne	.L13
  46:main.c        ****     // If it is a endl
 179              		.loc 1 46 0
 180 0014 0246     		mov	r2, r0
 181 0016 0849     		ldr	r1, .L16+4
 182 0018 01A8     		add	r0, sp, #4
 183              	.LVL21:
 184 001a FFF7FEFF 		bl	sprintf
 185              	.LVL22:
 186 001e 04E0     		b	.L14
 187              	.LVL23:
 188              	.L13:
  50:main.c        ****         
 189              		.loc 1 50 0
 190 0020 0246     		mov	r2, r0
 191 0022 0649     		ldr	r1, .L16+8
ARM GAS  C:\Users\diego\AppData\Local\Temp\ccfOsMvl.s 			page 6


 192 0024 01A8     		add	r0, sp, #4
 193              	.LVL24:
 194 0026 FFF7FEFF 		bl	sprintf
 195              	.LVL25:
 196              	.L14:
  54:main.c        **** }
 197              		.loc 1 54 0
 198 002a 01A8     		add	r0, sp, #4
 199 002c FFF7FEFF 		bl	UART_1_PutString
 200              	.LVL26:
  55:main.c        **** 
 201              		.loc 1 55 0
 202 0030 0EB0     		add	sp, sp, #56
 203              		.cfi_def_cfa_offset 8
 204              		@ sp needed
 205 0032 10BD     		pop	{r4, pc}
 206              	.LVL27:
 207              	.L17:
 208              		.align	2
 209              	.L16:
 210 0034 00007A44 		.word	1148846080
 211 0038 00000000 		.word	.LC0
 212 003c 04000000 		.word	.LC1
 213              		.cfi_endproc
 214              	.LFE64:
 215              		.size	transmit, .-transmit
 216              		.global	__aeabi_dmul
 217              		.global	__aeabi_dadd
 218              		.global	__aeabi_d2iz
 219              		.global	__aeabi_fcmpge
 220              		.section	.text.PWM_Controller,"ax",%progbits
 221              		.align	2
 222              		.global	PWM_Controller
 223              		.thumb
 224              		.thumb_func
 225              		.type	PWM_Controller, %function
 226              	PWM_Controller:
 227              	.LFB66:
  88:main.c        ****     
  89:main.c        ****     
  90:main.c        ****     ekLast = ek;
  91:main.c        ****       
  92:main.c        ****            
  93:main.c        **** 
  94:main.c        ****     
  95:main.c        **** }
  96:main.c        **** 
  97:main.c        **** void PWM_Controller(){
 228              		.loc 1 97 0
 229              		.cfi_startproc
 230              		@ args = 0, pretend = 0, frame = 0
 231              		@ frame_needed = 0, uses_anonymous_args = 0
 232 0000 38B5     		push	{r3, r4, r5, lr}
 233              		.cfi_def_cfa_offset 16
 234              		.cfi_offset 3, -16
 235              		.cfi_offset 4, -12
 236              		.cfi_offset 5, -8
ARM GAS  C:\Users\diego\AppData\Local\Temp\ccfOsMvl.s 			page 7


 237              		.cfi_offset 14, -4
  98:main.c        ****     
  99:main.c        ****     pwm = (int16) ((fabs(mk)/V_MAX)*N_MAX+0.5); // Use abs para enteros
 238              		.loc 1 99 0
 239 0002 1F4D     		ldr	r5, .L26+8
 240 0004 EC68     		ldr	r4, [r5, #12]	@ float
 241 0006 24F00040 		bic	r0, r4, #-2147483648
 242 000a FFF7FEFF 		bl	__aeabi_f2d
 243              	.LVL28:
 244 000e 0022     		movs	r2, #0
 245 0010 1C4B     		ldr	r3, .L26+12
 246 0012 FFF7FEFF 		bl	__aeabi_ddiv
 247              	.LVL29:
 248 0016 18A3     		adr	r3, .L26
 249 0018 D3E90023 		ldrd	r2, [r3]
 250 001c FFF7FEFF 		bl	__aeabi_dmul
 251              	.LVL30:
 252 0020 0022     		movs	r2, #0
 253 0022 194B     		ldr	r3, .L26+16
 254 0024 FFF7FEFF 		bl	__aeabi_dadd
 255              	.LVL31:
 256 0028 0022     		movs	r2, #0
 257 002a 184B     		ldr	r3, .L26+20
 258 002c FFF7FEFF 		bl	__aeabi_dadd
 259              	.LVL32:
 260 0030 FFF7FEFF 		bl	__aeabi_d2iz
 261              	.LVL33:
 262 0034 00B2     		sxth	r0, r0
 263 0036 2882     		strh	r0, [r5, #16]	@ movhi
 100:main.c        ****     /* Satura el valor del PWM */
 101:main.c        ****     if (pwm > PWM_MAX) {
 264              		.loc 1 101 0
 265 0038 B0F5FA7F 		cmp	r0, #500
 266 003c 02DB     		blt	.L19
 102:main.c        ****         pwm = PWM_MAX;
 267              		.loc 1 102 0
 268 003e 40F2F312 		movw	r2, #499
 269 0042 2A82     		strh	r2, [r5, #16]	@ movhi
 270              	.L19:
 103:main.c        ****     }
 104:main.c        ****     /* Define la dirección del puente H */
 105:main.c        ****     if (mk >= 0) {
 271              		.loc 1 105 0
 272 0044 0021     		movs	r1, #0
 273 0046 2046     		mov	r0, r4
 274 0048 FFF7FEFF 		bl	__aeabi_fcmpge
 275              	.LVL34:
 276 004c 30B1     		cbz	r0, .L24
 106:main.c        ****         H_Dir1_Write(1);
 277              		.loc 1 106 0
 278 004e 0120     		movs	r0, #1
 279 0050 FFF7FEFF 		bl	H_Dir1_Write
 280              	.LVL35:
 107:main.c        ****         H_Dir2_Write(0);
 281              		.loc 1 107 0
 282 0054 0020     		movs	r0, #0
 283 0056 FFF7FEFF 		bl	H_Dir2_Write
ARM GAS  C:\Users\diego\AppData\Local\Temp\ccfOsMvl.s 			page 8


 284              	.LVL36:
 285 005a 05E0     		b	.L22
 286              	.L24:
 108:main.c        ****         }
 109:main.c        ****     else {
 110:main.c        ****         H_Dir1_Write(0);
 287              		.loc 1 110 0
 288 005c 0020     		movs	r0, #0
 289 005e FFF7FEFF 		bl	H_Dir1_Write
 290              	.LVL37:
 111:main.c        ****         H_Dir2_Write(1);
 291              		.loc 1 111 0
 292 0062 0120     		movs	r0, #1
 293 0064 FFF7FEFF 		bl	H_Dir2_Write
 294              	.LVL38:
 295              	.L22:
 112:main.c        ****         }
 113:main.c        ****     PWM_WriteCompare(pwm); // escribe al generador de PWM
 296              		.loc 1 113 0
 297 0068 054B     		ldr	r3, .L26+8
 298 006a 187C     		ldrb	r0, [r3, #16]	@ zero_extendqisi2
 299 006c FFF7FEFF 		bl	PWM_WriteCompare
 300              	.LVL39:
 301 0070 38BD     		pop	{r3, r4, r5, pc}
 302              	.L27:
 303 0072 00BFAFF3 		.align	3
 303      0080
 304              	.L26:
 305 0078 00000000 		.word	0
 306 007c 00307F40 		.word	1082077184
 307 0080 00000000 		.word	.LANCHOR0
 308 0084 00001440 		.word	1075052544
 309 0088 0000F03F 		.word	1072693248
 310 008c 0000E03F 		.word	1071644672
 311              		.cfi_endproc
 312              	.LFE66:
 313              		.size	PWM_Controller, .-PWM_Controller
 314              		.global	__aeabi_i2d
 315              		.global	__aeabi_i2f
 316              		.section	.text.main,"ax",%progbits
 317              		.align	2
 318              		.global	main
 319              		.thumb
 320              		.thumb_func
 321              		.type	main, %function
 322              	main:
 323              	.LFB67:
 114:main.c        **** }
 115:main.c        **** int main(void)
 116:main.c        **** {
 324              		.loc 1 116 0
 325              		.cfi_startproc
 326              		@ args = 0, pretend = 0, frame = 0
 327              		@ frame_needed = 0, uses_anonymous_args = 0
 328 0000 38B5     		push	{r3, r4, r5, lr}
 329              		.cfi_def_cfa_offset 16
 330              		.cfi_offset 3, -16
ARM GAS  C:\Users\diego\AppData\Local\Temp\ccfOsMvl.s 			page 9


 331              		.cfi_offset 4, -12
 332              		.cfi_offset 5, -8
 333              		.cfi_offset 14, -4
 117:main.c        ****   	/* Initialize*/
 118:main.c        ****   	// Quadrature sensor
 119:main.c        ****     QuadDec_Sensor_Start(); 
 334              		.loc 1 119 0
 335 0002 FFF7FEFF 		bl	QuadDec_Sensor_Start
 336              	.LVL40:
 120:main.c        ****     QuadDec_Sensor_SetCounter(0);
 337              		.loc 1 120 0
 338 0006 0020     		movs	r0, #0
 339 0008 FFF7FEFF 		bl	QuadDec_Sensor_SetCounter
 340              	.LVL41:
 121:main.c        ****     QuadDec_Motor_Start(); 
 341              		.loc 1 121 0
 342 000c FFF7FEFF 		bl	QuadDec_Motor_Start
 343              	.LVL42:
 122:main.c        ****     QuadDec_Motor_SetCounter(0);
 344              		.loc 1 122 0
 345 0010 0020     		movs	r0, #0
 346 0012 FFF7FEFF 		bl	QuadDec_Motor_SetCounter
 347              	.LVL43:
 123:main.c        ****     
 124:main.c        ****     ADC_DelSig_1_Start();
 348              		.loc 1 124 0
 349 0016 FFF7FEFF 		bl	ADC_DelSig_1_Start
 350              	.LVL44:
 125:main.c        ****     ADC_DelSig_1_StartConvert();
 351              		.loc 1 125 0
 352 001a FFF7FEFF 		bl	ADC_DelSig_1_StartConvert
 353              	.LVL45:
 126:main.c        ****     ADC_DelSig_1_IsEndConversion(ADC_DelSig_1_WAIT_FOR_RESULT);
 354              		.loc 1 126 0
 355 001e 0020     		movs	r0, #0
 356 0020 FFF7FEFF 		bl	ADC_DelSig_1_IsEndConversion
 357              	.LVL46:
 127:main.c        ****     
 128:main.c        ****   	// UART
 129:main.c        ****   	UART_1_Start();  
 358              		.loc 1 129 0
 359 0024 FFF7FEFF 		bl	UART_1_Start
 360              	.LVL47:
 130:main.c        ****   	// interrupts
 131:main.c        ****     isr_Timer_StartEx(isr_Timer_Handler);
 361              		.loc 1 131 0
 362 0028 3548     		ldr	r0, .L34+16
 363 002a FFF7FEFF 		bl	isr_Timer_StartEx
 364              	.LVL48:
 132:main.c        ****     CyGlobalIntEnable; /* Enable global interrupts. */
 365              		.loc 1 132 0
 366              		.syntax unified
 367              	@ 132 "main.c" 1
 368 002e 62B6     		CPSIE   i
 369              	@ 0 "" 2
 370              	.LVL49:
 133:main.c        ****     
ARM GAS  C:\Users\diego\AppData\Local\Temp\ccfOsMvl.s 			page 10


 134:main.c        **** 
 135:main.c        ****     int c = 0;
 371              		.loc 1 135 0
 372              		.thumb
 373              		.syntax unified
 374 0030 0025     		movs	r5, #0
 375              	.LVL50:
 376              	.L32:
 136:main.c        ****     
 137:main.c        ****     /* Place your initialization/startup code here (e.g. MyInst_Start()) */
 138:main.c        ****     for(;;)
 139:main.c        ****     {
 140:main.c        ****         /* Place your application code here. */
 141:main.c        ****         //c = 0.1+c;
 142:main.c        ****         //CyDelay(1000u);
 143:main.c        ****         
 144:main.c        ****         cnt1 = QuadDec_Sensor_GetCounter();
 377              		.loc 1 144 0
 378 0032 FFF7FEFF 		bl	QuadDec_Sensor_GetCounter
 379              	.LVL51:
 380 0036 334C     		ldr	r4, .L34+20
 381 0038 6061     		str	r0, [r4, #20]
 145:main.c        ****       	angulo1 = 6.2832*cnt1/(2*4000.036624);
 382              		.loc 1 145 0
 383 003a FFF7FEFF 		bl	__aeabi_i2d
 384              	.LVL52:
 385 003e 2CA3     		adr	r3, .L34
 386 0040 D3E90023 		ldrd	r2, [r3]
 387 0044 FFF7FEFF 		bl	__aeabi_dmul
 388              	.LVL53:
 389 0048 2BA3     		adr	r3, .L34+8
 390 004a D3E90023 		ldrd	r2, [r3]
 391 004e FFF7FEFF 		bl	__aeabi_ddiv
 392              	.LVL54:
 393 0052 FFF7FEFF 		bl	__aeabi_d2f
 394              	.LVL55:
 395 0056 2060     		str	r0, [r4]	@ float
 146:main.c        ****         
 147:main.c        ****         cnt2 = QuadDec_Motor_GetCounter();
 396              		.loc 1 147 0
 397 0058 FFF7FEFF 		bl	QuadDec_Motor_GetCounter
 398              	.LVL56:
 399 005c A061     		str	r0, [r4, #24]
 148:main.c        ****       	angulo2 = 6.2832*cnt2/(2*4000.036624);
 400              		.loc 1 148 0
 401 005e FFF7FEFF 		bl	__aeabi_i2d
 402              	.LVL57:
 403 0062 23A3     		adr	r3, .L34
 404 0064 D3E90023 		ldrd	r2, [r3]
 405 0068 FFF7FEFF 		bl	__aeabi_dmul
 406              	.LVL58:
 407 006c 22A3     		adr	r3, .L34+8
 408 006e D3E90023 		ldrd	r2, [r3]
 409 0072 FFF7FEFF 		bl	__aeabi_ddiv
 410              	.LVL59:
 411 0076 FFF7FEFF 		bl	__aeabi_d2f
 412              	.LVL60:
ARM GAS  C:\Users\diego\AppData\Local\Temp\ccfOsMvl.s 			page 11


 413 007a E061     		str	r0, [r4, #28]	@ float
 149:main.c        ****         
 150:main.c        ****         
 151:main.c        ****         adcMeas = ADC_DelSig_1_GetResult32();
 414              		.loc 1 151 0
 415 007c FFF7FEFF 		bl	ADC_DelSig_1_GetResult32
 416              	.LVL61:
 417 0080 FFF7FEFF 		bl	__aeabi_i2f
 418              	.LVL62:
 419 0084 2062     		str	r0, [r4, #32]	@ float
 152:main.c        ****         Tension = (adcMeas * 5) / 65536;
 420              		.loc 1 152 0
 421 0086 2049     		ldr	r1, .L34+24
 422 0088 FFF7FEFF 		bl	__aeabi_fmul
 423              	.LVL63:
 424 008c 4FF05E51 		mov	r1, #931135488
 425 0090 FFF7FEFF 		bl	__aeabi_fmul
 426              	.LVL64:
 427 0094 6062     		str	r0, [r4, #36]	@ float
 153:main.c        ****         
 154:main.c        ****       	transmit(angulo1, 1); // Tab
 428              		.loc 1 154 0
 429 0096 0121     		movs	r1, #1
 430 0098 2068     		ldr	r0, [r4]	@ float
 431 009a FFF7FEFF 		bl	transmit
 432              	.LVL65:
 155:main.c        ****         transmit(angulo2, 1); // Enter
 433              		.loc 1 155 0
 434 009e 0121     		movs	r1, #1
 435 00a0 E069     		ldr	r0, [r4, #28]	@ float
 436 00a2 FFF7FEFF 		bl	transmit
 437              	.LVL66:
 156:main.c        ****         
 157:main.c        ****               
 158:main.c        ****         
 159:main.c        ****         c++;
 438              		.loc 1 159 0
 439 00a6 0135     		adds	r5, r5, #1
 440              	.LVL67:
 160:main.c        ****         if((c > 30 && c < 40) || (c > 1500 && c < 1510))
 441              		.loc 1 160 0
 442 00a8 A5F11F03 		sub	r3, r5, #31
 443 00ac 082B     		cmp	r3, #8
 444 00ae 03D9     		bls	.L29
 445              		.loc 1 160 0 is_stmt 0 discriminator 1
 446 00b0 A5F2DD53 		subw	r3, r5, #1501
 447 00b4 082B     		cmp	r3, #8
 448 00b6 08D8     		bhi	.L30
 449              	.L29:
 161:main.c        ****         {
 162:main.c        ****             Pin_2_Write(1u);
 450              		.loc 1 162 0 is_stmt 1
 451 00b8 0120     		movs	r0, #1
 452 00ba FFF7FEFF 		bl	Pin_2_Write
 453              	.LVL68:
 163:main.c        ****             transmit(1,1);
 454              		.loc 1 163 0
ARM GAS  C:\Users\diego\AppData\Local\Temp\ccfOsMvl.s 			page 12


 455 00be 0121     		movs	r1, #1
 456 00c0 4FF07E50 		mov	r0, #1065353216
 457 00c4 FFF7FEFF 		bl	transmit
 458              	.LVL69:
 459 00c8 06E0     		b	.L31
 460              	.L30:
 164:main.c        ****         }
 165:main.c        ****         else
 166:main.c        ****         {
 167:main.c        ****             Pin_2_Write(0u);
 461              		.loc 1 167 0
 462 00ca 0020     		movs	r0, #0
 463 00cc FFF7FEFF 		bl	Pin_2_Write
 464              	.LVL70:
 168:main.c        ****             transmit(0,1);
 465              		.loc 1 168 0
 466 00d0 0121     		movs	r1, #1
 467 00d2 0020     		movs	r0, #0
 468 00d4 FFF7FEFF 		bl	transmit
 469              	.LVL71:
 470              	.L31:
 169:main.c        ****         }
 170:main.c        ****             
 171:main.c        ****             
 172:main.c        ****         transmit(Tension, 0);
 471              		.loc 1 172 0
 472 00d8 0021     		movs	r1, #0
 473 00da 0A4B     		ldr	r3, .L34+20
 474 00dc 586A     		ldr	r0, [r3, #36]	@ float
 475 00de FFF7FEFF 		bl	transmit
 476              	.LVL72:
 173:main.c        ****     
 174:main.c        ****       	CyDelay(10u);
 477              		.loc 1 174 0
 478 00e2 0A20     		movs	r0, #10
 479 00e4 FFF7FEFF 		bl	CyDelay
 480              	.LVL73:
 175:main.c        ****     }
 481              		.loc 1 175 0
 482 00e8 A3E7     		b	.L32
 483              	.L35:
 484 00ea 00BFAFF3 		.align	3
 484      0080
 485              	.L34:
 486 00f0 A7E8482E 		.word	776530087
 487 00f4 FF211940 		.word	1075388927
 488 00f8 7F8461C0 		.word	-1067350913
 489 00fc 1240BF40 		.word	1086275602
 490 0100 00000000 		.word	isr_Timer_Handler
 491 0104 00000000 		.word	.LANCHOR0
 492 0108 0000A040 		.word	1084227584
 493              		.cfi_endproc
 494              	.LFE67:
 495              		.size	main, .-main
 496              		.global	mk
 497              		.global	dk
 498              		.global	ik
ARM GAS  C:\Users\diego\AppData\Local\Temp\ccfOsMvl.s 			page 13


 499              		.global	KI
 500              		.global	KP
 501              		.comm	KD,4,4
 502              		.global	Tension
 503              		.global	adcMeas
 504              		.global	angulo2
 505              		.global	cnt2
 506              		.global	angulo1
 507              		.global	cnt1
 508              		.global	pwm
 509              		.data
 510              		.align	2
 511              		.set	.LANCHOR1,. + 0
 512              		.type	KI, %object
 513              		.size	KI, 4
 514              	KI:
 515 0000 C1CA213E 		.word	1042401985
 516              		.type	KP, %object
 517              		.size	KP, 4
 518              	KP:
 519 0004 3D0A573E 		.word	1045891645
 520              		.section	.rodata.str1.4,"aMS",%progbits,1
 521              		.align	2
 522              	.LC0:
 523 0000 25640900 		.ascii	"%d\011\000"
 524              	.LC1:
 525 0004 25640A00 		.ascii	"%d\012\000"
 526              		.bss
 527              		.align	2
 528              		.set	.LANCHOR0,. + 0
 529              		.type	angulo1, %object
 530              		.size	angulo1, 4
 531              	angulo1:
 532 0000 00000000 		.space	4
 533              		.type	ik, %object
 534              		.size	ik, 4
 535              	ik:
 536 0004 00000000 		.space	4
 537              		.type	dk, %object
 538              		.size	dk, 4
 539              	dk:
 540 0008 00000000 		.space	4
 541              		.type	mk, %object
 542              		.size	mk, 4
 543              	mk:
 544 000c 00000000 		.space	4
 545              		.type	pwm, %object
 546              		.size	pwm, 2
 547              	pwm:
 548 0010 0000     		.space	2
 549 0012 0000     		.space	2
 550              		.type	cnt1, %object
 551              		.size	cnt1, 4
 552              	cnt1:
 553 0014 00000000 		.space	4
 554              		.type	cnt2, %object
 555              		.size	cnt2, 4
ARM GAS  C:\Users\diego\AppData\Local\Temp\ccfOsMvl.s 			page 14


 556              	cnt2:
 557 0018 00000000 		.space	4
 558              		.type	angulo2, %object
 559              		.size	angulo2, 4
 560              	angulo2:
 561 001c 00000000 		.space	4
 562              		.type	adcMeas, %object
 563              		.size	adcMeas, 4
 564              	adcMeas:
 565 0020 00000000 		.space	4
 566              		.type	Tension, %object
 567              		.size	Tension, 4
 568              	Tension:
 569 0024 00000000 		.space	4
 570              		.text
 571              	.Letext0:
 572              		.file 2 "c:\\program files (x86)\\cypress\\psoc creator\\4.2\\psoc creator\\import\\gnu\\arm\\5.4.
 573              		.file 3 "c:\\program files (x86)\\cypress\\psoc creator\\4.2\\psoc creator\\import\\gnu\\arm\\5.4.
 574              		.file 4 "Generated_Source\\PSoC5/cytypes.h"
 575              		.file 5 "Generated_Source\\PSoC5/core_cm3.h"
 576              		.file 6 "c:\\program files (x86)\\cypress\\psoc creator\\4.2\\psoc creator\\import\\gnu\\arm\\5.4.
 577              		.file 7 "Generated_Source\\PSoC5/UART_1.h"
 578              		.file 8 "Generated_Source\\PSoC5/H_Dir1.h"
 579              		.file 9 "Generated_Source\\PSoC5/H_Dir2.h"
 580              		.file 10 "Generated_Source\\PSoC5/PWM.h"
 581              		.file 11 "Generated_Source\\PSoC5/QuadDec_Sensor.h"
 582              		.file 12 "Generated_Source\\PSoC5/QuadDec_Motor.h"
 583              		.file 13 "Generated_Source\\PSoC5/ADC_DelSig_1.h"
 584              		.file 14 "Generated_Source\\PSoC5/isr_Timer.h"
 585              		.file 15 "Generated_Source\\PSoC5/Pin_2.h"
 586              		.file 16 "Generated_Source\\PSoC5/CyLib.h"
 587              		.section	.debug_info,"",%progbits
 588              	.Ldebug_info0:
 589 0000 16050000 		.4byte	0x516
 590 0004 0400     		.2byte	0x4
 591 0006 00000000 		.4byte	.Ldebug_abbrev0
 592 000a 04       		.byte	0x4
 593 000b 01       		.uleb128 0x1
 594 000c F7020000 		.4byte	.LASF49
 595 0010 0C       		.byte	0xc
 596 0011 40020000 		.4byte	.LASF50
 597 0015 1C010000 		.4byte	.LASF51
 598 0019 00000000 		.4byte	.Ldebug_ranges0+0
 599 001d 00000000 		.4byte	0
 600 0021 00000000 		.4byte	.Ldebug_line0
 601 0025 02       		.uleb128 0x2
 602 0026 04       		.byte	0x4
 603 0027 04       		.byte	0x4
 604 0028 82000000 		.4byte	.LASF0
 605 002c 02       		.uleb128 0x2
 606 002d 01       		.byte	0x1
 607 002e 06       		.byte	0x6
 608 002f F9000000 		.4byte	.LASF1
 609 0033 02       		.uleb128 0x2
 610 0034 01       		.byte	0x1
 611 0035 08       		.byte	0x8
 612 0036 E3000000 		.4byte	.LASF2
ARM GAS  C:\Users\diego\AppData\Local\Temp\ccfOsMvl.s 			page 15


 613 003a 02       		.uleb128 0x2
 614 003b 02       		.byte	0x2
 615 003c 05       		.byte	0x5
 616 003d 1D000000 		.4byte	.LASF3
 617 0041 02       		.uleb128 0x2
 618 0042 02       		.byte	0x2
 619 0043 07       		.byte	0x7
 620 0044 2D020000 		.4byte	.LASF4
 621 0048 03       		.uleb128 0x3
 622 0049 CC020000 		.4byte	.LASF10
 623 004d 02       		.byte	0x2
 624 004e 3F       		.byte	0x3f
 625 004f 53000000 		.4byte	0x53
 626 0053 02       		.uleb128 0x2
 627 0054 04       		.byte	0x4
 628 0055 05       		.byte	0x5
 629 0056 96000000 		.4byte	.LASF5
 630 005a 02       		.uleb128 0x2
 631 005b 04       		.byte	0x4
 632 005c 07       		.byte	0x7
 633 005d 47020000 		.4byte	.LASF6
 634 0061 02       		.uleb128 0x2
 635 0062 08       		.byte	0x8
 636 0063 05       		.byte	0x5
 637 0064 88000000 		.4byte	.LASF7
 638 0068 02       		.uleb128 0x2
 639 0069 08       		.byte	0x8
 640 006a 07       		.byte	0x7
 641 006b 05010000 		.4byte	.LASF8
 642 006f 04       		.uleb128 0x4
 643 0070 04       		.byte	0x4
 644 0071 05       		.byte	0x5
 645 0072 696E7400 		.ascii	"int\000"
 646 0076 02       		.uleb128 0x2
 647 0077 04       		.byte	0x4
 648 0078 07       		.byte	0x7
 649 0079 90010000 		.4byte	.LASF9
 650 007d 03       		.uleb128 0x3
 651 007e 25020000 		.4byte	.LASF11
 652 0082 03       		.byte	0x3
 653 0083 2C       		.byte	0x2c
 654 0084 48000000 		.4byte	0x48
 655 0088 05       		.uleb128 0x5
 656 0089 68000000 		.4byte	.LASF12
 657 008d 04       		.byte	0x4
 658 008e E801     		.2byte	0x1e8
 659 0090 3A000000 		.4byte	0x3a
 660 0094 02       		.uleb128 0x2
 661 0095 08       		.byte	0x8
 662 0096 04       		.byte	0x4
 663 0097 63020000 		.4byte	.LASF13
 664 009b 02       		.uleb128 0x2
 665 009c 01       		.byte	0x1
 666 009d 08       		.byte	0x8
 667 009e F5010000 		.4byte	.LASF14
 668 00a2 02       		.uleb128 0x2
 669 00a3 08       		.byte	0x8
ARM GAS  C:\Users\diego\AppData\Local\Temp\ccfOsMvl.s 			page 16


 670 00a4 04       		.byte	0x4
 671 00a5 D7000000 		.4byte	.LASF15
 672 00a9 02       		.uleb128 0x2
 673 00aa 04       		.byte	0x4
 674 00ab 07       		.byte	0x7
 675 00ac 2D000000 		.4byte	.LASF16
 676 00b0 06       		.uleb128 0x6
 677 00b1 AB000000 		.4byte	.LASF18
 678 00b5 01       		.byte	0x1
 679 00b6 3B       		.byte	0x3b
 680 00b7 00000000 		.4byte	.LFB65
 681 00bb C0000000 		.4byte	.LFE65-.LFB65
 682 00bf 01       		.uleb128 0x1
 683 00c0 9C       		.byte	0x9c
 684 00c1 F2000000 		.4byte	0xf2
 685 00c5 07       		.uleb128 0x7
 686 00c6 656B00   		.ascii	"ek\000"
 687 00c9 01       		.byte	0x1
 688 00ca 3D       		.byte	0x3d
 689 00cb 25000000 		.4byte	0x25
 690 00cf 00000000 		.4byte	.LLST0
 691 00d3 08       		.uleb128 0x8
 692 00d4 95020000 		.4byte	.LASF17
 693 00d8 01       		.byte	0x1
 694 00d9 3E       		.byte	0x3e
 695 00da 25000000 		.4byte	0x25
 696 00de 18000000 		.4byte	.LLST1
 697 00e2 07       		.uleb128 0x7
 698 00e3 70644B00 		.ascii	"pdK\000"
 699 00e7 01       		.byte	0x1
 700 00e8 3F       		.byte	0x3f
 701 00e9 25000000 		.4byte	0x25
 702 00ed 30000000 		.4byte	.LLST2
 703 00f1 00       		.byte	0
 704 00f2 06       		.uleb128 0x6
 705 00f3 B1030000 		.4byte	.LASF19
 706 00f7 01       		.byte	0x1
 707 00f8 27       		.byte	0x27
 708 00f9 00000000 		.4byte	.LFB64
 709 00fd 40000000 		.4byte	.LFE64-.LFB64
 710 0101 01       		.uleb128 0x1
 711 0102 9C       		.byte	0x9c
 712 0103 8D010000 		.4byte	0x18d
 713 0107 09       		.uleb128 0x9
 714 0108 27000000 		.4byte	.LASF20
 715 010c 01       		.byte	0x1
 716 010d 27       		.byte	0x27
 717 010e 25000000 		.4byte	0x25
 718 0112 53000000 		.4byte	.LLST3
 719 0116 0A       		.uleb128 0xa
 720 0117 74616200 		.ascii	"tab\000"
 721 011b 01       		.byte	0x1
 722 011c 27       		.byte	0x27
 723 011d 6F000000 		.4byte	0x6f
 724 0121 81000000 		.4byte	.LLST4
 725 0125 0B       		.uleb128 0xb
 726 0126 8D030000 		.4byte	.LASF21
ARM GAS  C:\Users\diego\AppData\Local\Temp\ccfOsMvl.s 			page 17


 727 012a 01       		.byte	0x1
 728 012b 29       		.byte	0x29
 729 012c 8D010000 		.4byte	0x18d
 730 0130 02       		.uleb128 0x2
 731 0131 91       		.byte	0x91
 732 0132 44       		.sleb128 -60
 733 0133 08       		.uleb128 0x8
 734 0134 7B000000 		.4byte	.LASF22
 735 0138 01       		.byte	0x1
 736 0139 2B       		.byte	0x2b
 737 013a 6F000000 		.4byte	0x6f
 738 013e AD000000 		.4byte	.LLST5
 739 0142 0C       		.uleb128 0xc
 740 0143 1E000000 		.4byte	.LVL22
 741 0147 48040000 		.4byte	0x448
 742 014b 5F010000 		.4byte	0x15f
 743 014f 0D       		.uleb128 0xd
 744 0150 01       		.uleb128 0x1
 745 0151 50       		.byte	0x50
 746 0152 02       		.uleb128 0x2
 747 0153 91       		.byte	0x91
 748 0154 44       		.sleb128 -60
 749 0155 0D       		.uleb128 0xd
 750 0156 01       		.uleb128 0x1
 751 0157 51       		.byte	0x51
 752 0158 05       		.uleb128 0x5
 753 0159 03       		.byte	0x3
 754 015a 00000000 		.4byte	.LC0
 755 015e 00       		.byte	0
 756 015f 0C       		.uleb128 0xc
 757 0160 2A000000 		.4byte	.LVL25
 758 0164 48040000 		.4byte	0x448
 759 0168 7C010000 		.4byte	0x17c
 760 016c 0D       		.uleb128 0xd
 761 016d 01       		.uleb128 0x1
 762 016e 50       		.byte	0x50
 763 016f 02       		.uleb128 0x2
 764 0170 91       		.byte	0x91
 765 0171 44       		.sleb128 -60
 766 0172 0D       		.uleb128 0xd
 767 0173 01       		.uleb128 0x1
 768 0174 51       		.byte	0x51
 769 0175 05       		.uleb128 0x5
 770 0176 03       		.byte	0x3
 771 0177 04000000 		.4byte	.LC1
 772 017b 00       		.byte	0
 773 017c 0E       		.uleb128 0xe
 774 017d 30000000 		.4byte	.LVL26
 775 0181 53040000 		.4byte	0x453
 776 0185 0D       		.uleb128 0xd
 777 0186 01       		.uleb128 0x1
 778 0187 50       		.byte	0x50
 779 0188 02       		.uleb128 0x2
 780 0189 91       		.byte	0x91
 781 018a 44       		.sleb128 -60
 782 018b 00       		.byte	0
 783 018c 00       		.byte	0
ARM GAS  C:\Users\diego\AppData\Local\Temp\ccfOsMvl.s 			page 18


 784 018d 0F       		.uleb128 0xf
 785 018e 9B000000 		.4byte	0x9b
 786 0192 9D010000 		.4byte	0x19d
 787 0196 10       		.uleb128 0x10
 788 0197 A9000000 		.4byte	0xa9
 789 019b 31       		.byte	0x31
 790 019c 00       		.byte	0
 791 019d 11       		.uleb128 0x11
 792 019e BD020000 		.4byte	.LASF52
 793 01a2 01       		.byte	0x1
 794 01a3 61       		.byte	0x61
 795 01a4 00000000 		.4byte	.LFB66
 796 01a8 90000000 		.4byte	.LFE66-.LFB66
 797 01ac 01       		.uleb128 0x1
 798 01ad 9C       		.byte	0x9c
 799 01ae 08020000 		.4byte	0x208
 800 01b2 0C       		.uleb128 0xc
 801 01b3 54000000 		.4byte	.LVL35
 802 01b7 5E040000 		.4byte	0x45e
 803 01bb C5010000 		.4byte	0x1c5
 804 01bf 0D       		.uleb128 0xd
 805 01c0 01       		.uleb128 0x1
 806 01c1 50       		.byte	0x50
 807 01c2 01       		.uleb128 0x1
 808 01c3 31       		.byte	0x31
 809 01c4 00       		.byte	0
 810 01c5 0C       		.uleb128 0xc
 811 01c6 5A000000 		.4byte	.LVL36
 812 01ca 69040000 		.4byte	0x469
 813 01ce D8010000 		.4byte	0x1d8
 814 01d2 0D       		.uleb128 0xd
 815 01d3 01       		.uleb128 0x1
 816 01d4 50       		.byte	0x50
 817 01d5 01       		.uleb128 0x1
 818 01d6 30       		.byte	0x30
 819 01d7 00       		.byte	0
 820 01d8 0C       		.uleb128 0xc
 821 01d9 62000000 		.4byte	.LVL37
 822 01dd 5E040000 		.4byte	0x45e
 823 01e1 EB010000 		.4byte	0x1eb
 824 01e5 0D       		.uleb128 0xd
 825 01e6 01       		.uleb128 0x1
 826 01e7 50       		.byte	0x50
 827 01e8 01       		.uleb128 0x1
 828 01e9 30       		.byte	0x30
 829 01ea 00       		.byte	0
 830 01eb 0C       		.uleb128 0xc
 831 01ec 68000000 		.4byte	.LVL38
 832 01f0 69040000 		.4byte	0x469
 833 01f4 FE010000 		.4byte	0x1fe
 834 01f8 0D       		.uleb128 0xd
 835 01f9 01       		.uleb128 0x1
 836 01fa 50       		.byte	0x50
 837 01fb 01       		.uleb128 0x1
 838 01fc 31       		.byte	0x31
 839 01fd 00       		.byte	0
 840 01fe 12       		.uleb128 0x12
ARM GAS  C:\Users\diego\AppData\Local\Temp\ccfOsMvl.s 			page 19


 841 01ff 70000000 		.4byte	.LVL39
 842 0203 74040000 		.4byte	0x474
 843 0207 00       		.byte	0
 844 0208 13       		.uleb128 0x13
 845 0209 36000000 		.4byte	.LASF53
 846 020d 01       		.byte	0x1
 847 020e 73       		.byte	0x73
 848 020f 6F000000 		.4byte	0x6f
 849 0213 00000000 		.4byte	.LFB67
 850 0217 0C010000 		.4byte	.LFE67-.LFB67
 851 021b 01       		.uleb128 0x1
 852 021c 9C       		.byte	0x9c
 853 021d 5B030000 		.4byte	0x35b
 854 0221 07       		.uleb128 0x7
 855 0222 6300     		.ascii	"c\000"
 856 0224 01       		.byte	0x1
 857 0225 87       		.byte	0x87
 858 0226 6F000000 		.4byte	0x6f
 859 022a E1000000 		.4byte	.LLST6
 860 022e 12       		.uleb128 0x12
 861 022f 06000000 		.4byte	.LVL40
 862 0233 7F040000 		.4byte	0x47f
 863 0237 0C       		.uleb128 0xc
 864 0238 0C000000 		.4byte	.LVL41
 865 023c 8A040000 		.4byte	0x48a
 866 0240 4A020000 		.4byte	0x24a
 867 0244 0D       		.uleb128 0xd
 868 0245 01       		.uleb128 0x1
 869 0246 50       		.byte	0x50
 870 0247 01       		.uleb128 0x1
 871 0248 30       		.byte	0x30
 872 0249 00       		.byte	0
 873 024a 12       		.uleb128 0x12
 874 024b 10000000 		.4byte	.LVL42
 875 024f 95040000 		.4byte	0x495
 876 0253 0C       		.uleb128 0xc
 877 0254 16000000 		.4byte	.LVL43
 878 0258 A0040000 		.4byte	0x4a0
 879 025c 66020000 		.4byte	0x266
 880 0260 0D       		.uleb128 0xd
 881 0261 01       		.uleb128 0x1
 882 0262 50       		.byte	0x50
 883 0263 01       		.uleb128 0x1
 884 0264 30       		.byte	0x30
 885 0265 00       		.byte	0
 886 0266 12       		.uleb128 0x12
 887 0267 1A000000 		.4byte	.LVL44
 888 026b AB040000 		.4byte	0x4ab
 889 026f 12       		.uleb128 0x12
 890 0270 1E000000 		.4byte	.LVL45
 891 0274 B6040000 		.4byte	0x4b6
 892 0278 0C       		.uleb128 0xc
 893 0279 24000000 		.4byte	.LVL46
 894 027d C1040000 		.4byte	0x4c1
 895 0281 8B020000 		.4byte	0x28b
 896 0285 0D       		.uleb128 0xd
 897 0286 01       		.uleb128 0x1
ARM GAS  C:\Users\diego\AppData\Local\Temp\ccfOsMvl.s 			page 20


 898 0287 50       		.byte	0x50
 899 0288 01       		.uleb128 0x1
 900 0289 30       		.byte	0x30
 901 028a 00       		.byte	0
 902 028b 12       		.uleb128 0x12
 903 028c 28000000 		.4byte	.LVL47
 904 0290 CC040000 		.4byte	0x4cc
 905 0294 0C       		.uleb128 0xc
 906 0295 2E000000 		.4byte	.LVL48
 907 0299 D7040000 		.4byte	0x4d7
 908 029d AB020000 		.4byte	0x2ab
 909 02a1 0D       		.uleb128 0xd
 910 02a2 01       		.uleb128 0x1
 911 02a3 50       		.byte	0x50
 912 02a4 05       		.uleb128 0x5
 913 02a5 03       		.byte	0x3
 914 02a6 00000000 		.4byte	isr_Timer_Handler
 915 02aa 00       		.byte	0
 916 02ab 12       		.uleb128 0x12
 917 02ac 36000000 		.4byte	.LVL51
 918 02b0 E2040000 		.4byte	0x4e2
 919 02b4 12       		.uleb128 0x12
 920 02b5 5C000000 		.4byte	.LVL56
 921 02b9 ED040000 		.4byte	0x4ed
 922 02bd 12       		.uleb128 0x12
 923 02be 80000000 		.4byte	.LVL61
 924 02c2 F8040000 		.4byte	0x4f8
 925 02c6 0C       		.uleb128 0xc
 926 02c7 9E000000 		.4byte	.LVL65
 927 02cb F2000000 		.4byte	0xf2
 928 02cf D9020000 		.4byte	0x2d9
 929 02d3 0D       		.uleb128 0xd
 930 02d4 01       		.uleb128 0x1
 931 02d5 51       		.byte	0x51
 932 02d6 01       		.uleb128 0x1
 933 02d7 31       		.byte	0x31
 934 02d8 00       		.byte	0
 935 02d9 0C       		.uleb128 0xc
 936 02da A6000000 		.4byte	.LVL66
 937 02de F2000000 		.4byte	0xf2
 938 02e2 EC020000 		.4byte	0x2ec
 939 02e6 0D       		.uleb128 0xd
 940 02e7 01       		.uleb128 0x1
 941 02e8 51       		.byte	0x51
 942 02e9 01       		.uleb128 0x1
 943 02ea 31       		.byte	0x31
 944 02eb 00       		.byte	0
 945 02ec 0C       		.uleb128 0xc
 946 02ed BE000000 		.4byte	.LVL68
 947 02f1 03050000 		.4byte	0x503
 948 02f5 FF020000 		.4byte	0x2ff
 949 02f9 0D       		.uleb128 0xd
 950 02fa 01       		.uleb128 0x1
 951 02fb 50       		.byte	0x50
 952 02fc 01       		.uleb128 0x1
 953 02fd 31       		.byte	0x31
 954 02fe 00       		.byte	0
ARM GAS  C:\Users\diego\AppData\Local\Temp\ccfOsMvl.s 			page 21


 955 02ff 0C       		.uleb128 0xc
 956 0300 C8000000 		.4byte	.LVL69
 957 0304 F2000000 		.4byte	0xf2
 958 0308 12030000 		.4byte	0x312
 959 030c 0D       		.uleb128 0xd
 960 030d 01       		.uleb128 0x1
 961 030e 51       		.byte	0x51
 962 030f 01       		.uleb128 0x1
 963 0310 31       		.byte	0x31
 964 0311 00       		.byte	0
 965 0312 0C       		.uleb128 0xc
 966 0313 D0000000 		.4byte	.LVL70
 967 0317 03050000 		.4byte	0x503
 968 031b 25030000 		.4byte	0x325
 969 031f 0D       		.uleb128 0xd
 970 0320 01       		.uleb128 0x1
 971 0321 50       		.byte	0x50
 972 0322 01       		.uleb128 0x1
 973 0323 30       		.byte	0x30
 974 0324 00       		.byte	0
 975 0325 0C       		.uleb128 0xc
 976 0326 D8000000 		.4byte	.LVL71
 977 032a F2000000 		.4byte	0xf2
 978 032e 38030000 		.4byte	0x338
 979 0332 0D       		.uleb128 0xd
 980 0333 01       		.uleb128 0x1
 981 0334 51       		.byte	0x51
 982 0335 01       		.uleb128 0x1
 983 0336 31       		.byte	0x31
 984 0337 00       		.byte	0
 985 0338 0C       		.uleb128 0xc
 986 0339 E2000000 		.4byte	.LVL72
 987 033d F2000000 		.4byte	0xf2
 988 0341 4B030000 		.4byte	0x34b
 989 0345 0D       		.uleb128 0xd
 990 0346 01       		.uleb128 0x1
 991 0347 51       		.byte	0x51
 992 0348 01       		.uleb128 0x1
 993 0349 30       		.byte	0x30
 994 034a 00       		.byte	0
 995 034b 0E       		.uleb128 0xe
 996 034c E8000000 		.4byte	.LVL73
 997 0350 0E050000 		.4byte	0x50e
 998 0354 0D       		.uleb128 0xd
 999 0355 01       		.uleb128 0x1
 1000 0356 50       		.byte	0x50
 1001 0357 01       		.uleb128 0x1
 1002 0358 3A       		.byte	0x3a
 1003 0359 00       		.byte	0
 1004 035a 00       		.byte	0
 1005 035b 14       		.uleb128 0x14
 1006 035c EA020000 		.4byte	.LASF23
 1007 0360 05       		.byte	0x5
 1008 0361 1207     		.2byte	0x712
 1009 0363 67030000 		.4byte	0x367
 1010 0367 15       		.uleb128 0x15
 1011 0368 7D000000 		.4byte	0x7d
ARM GAS  C:\Users\diego\AppData\Local\Temp\ccfOsMvl.s 			page 22


 1012 036c 16       		.uleb128 0x16
 1013 036d 70776D00 		.ascii	"pwm\000"
 1014 0371 01       		.byte	0x1
 1015 0372 12       		.byte	0x12
 1016 0373 88000000 		.4byte	0x88
 1017 0377 05       		.uleb128 0x5
 1018 0378 03       		.byte	0x3
 1019 0379 00000000 		.4byte	pwm
 1020 037d 17       		.uleb128 0x17
 1021 037e 59020000 		.4byte	.LASF24
 1022 0382 01       		.byte	0x1
 1023 0383 13       		.byte	0x13
 1024 0384 6F000000 		.4byte	0x6f
 1025 0388 05       		.uleb128 0x5
 1026 0389 03       		.byte	0x3
 1027 038a 00000000 		.4byte	cnt1
 1028 038e 17       		.uleb128 0x17
 1029 038f 3B000000 		.4byte	.LASF25
 1030 0393 01       		.byte	0x1
 1031 0394 14       		.byte	0x14
 1032 0395 25000000 		.4byte	0x25
 1033 0399 05       		.uleb128 0x5
 1034 039a 03       		.byte	0x3
 1035 039b 00000000 		.4byte	angulo1
 1036 039f 17       		.uleb128 0x17
 1037 03a0 5E020000 		.4byte	.LASF26
 1038 03a4 01       		.byte	0x1
 1039 03a5 16       		.byte	0x16
 1040 03a6 6F000000 		.4byte	0x6f
 1041 03aa 05       		.uleb128 0x5
 1042 03ab 03       		.byte	0x3
 1043 03ac 00000000 		.4byte	cnt2
 1044 03b0 17       		.uleb128 0x17
 1045 03b1 43000000 		.4byte	.LASF27
 1046 03b5 01       		.byte	0x1
 1047 03b6 17       		.byte	0x17
 1048 03b7 25000000 		.4byte	0x25
 1049 03bb 05       		.uleb128 0x5
 1050 03bc 03       		.byte	0x3
 1051 03bd 00000000 		.4byte	angulo2
 1052 03c1 17       		.uleb128 0x17
 1053 03c2 9C020000 		.4byte	.LASF28
 1054 03c6 01       		.byte	0x1
 1055 03c7 19       		.byte	0x19
 1056 03c8 25000000 		.4byte	0x25
 1057 03cc 05       		.uleb128 0x5
 1058 03cd 03       		.byte	0x3
 1059 03ce 00000000 		.4byte	adcMeas
 1060 03d2 17       		.uleb128 0x17
 1061 03d3 00000000 		.4byte	.LASF29
 1062 03d7 01       		.byte	0x1
 1063 03d8 1A       		.byte	0x1a
 1064 03d9 25000000 		.4byte	0x25
 1065 03dd 05       		.uleb128 0x5
 1066 03de 03       		.byte	0x3
 1067 03df 00000000 		.4byte	Tension
 1068 03e3 16       		.uleb128 0x16
ARM GAS  C:\Users\diego\AppData\Local\Temp\ccfOsMvl.s 			page 23


 1069 03e4 4B4400   		.ascii	"KD\000"
 1070 03e7 01       		.byte	0x1
 1071 03e8 1D       		.byte	0x1d
 1072 03e9 25000000 		.4byte	0x25
 1073 03ed 05       		.uleb128 0x5
 1074 03ee 03       		.byte	0x3
 1075 03ef 00000000 		.4byte	KD
 1076 03f3 16       		.uleb128 0x16
 1077 03f4 4B5000   		.ascii	"KP\000"
 1078 03f7 01       		.byte	0x1
 1079 03f8 1E       		.byte	0x1e
 1080 03f9 25000000 		.4byte	0x25
 1081 03fd 05       		.uleb128 0x5
 1082 03fe 03       		.byte	0x3
 1083 03ff 00000000 		.4byte	KP
 1084 0403 16       		.uleb128 0x16
 1085 0404 4B4900   		.ascii	"KI\000"
 1086 0407 01       		.byte	0x1
 1087 0408 1F       		.byte	0x1f
 1088 0409 25000000 		.4byte	0x25
 1089 040d 05       		.uleb128 0x5
 1090 040e 03       		.byte	0x3
 1091 040f 00000000 		.4byte	KI
 1092 0413 16       		.uleb128 0x16
 1093 0414 696B00   		.ascii	"ik\000"
 1094 0417 01       		.byte	0x1
 1095 0418 20       		.byte	0x20
 1096 0419 23040000 		.4byte	0x423
 1097 041d 05       		.uleb128 0x5
 1098 041e 03       		.byte	0x3
 1099 041f 00000000 		.4byte	ik
 1100 0423 15       		.uleb128 0x15
 1101 0424 25000000 		.4byte	0x25
 1102 0428 16       		.uleb128 0x16
 1103 0429 646B00   		.ascii	"dk\000"
 1104 042c 01       		.byte	0x1
 1105 042d 21       		.byte	0x21
 1106 042e 25000000 		.4byte	0x25
 1107 0432 05       		.uleb128 0x5
 1108 0433 03       		.byte	0x3
 1109 0434 00000000 		.4byte	dk
 1110 0438 16       		.uleb128 0x16
 1111 0439 6D6B00   		.ascii	"mk\000"
 1112 043c 01       		.byte	0x1
 1113 043d 22       		.byte	0x22
 1114 043e 25000000 		.4byte	0x25
 1115 0442 05       		.uleb128 0x5
 1116 0443 03       		.byte	0x3
 1117 0444 00000000 		.4byte	mk
 1118 0448 18       		.uleb128 0x18
 1119 0449 F1000000 		.4byte	.LASF30
 1120 044d F1000000 		.4byte	.LASF30
 1121 0451 06       		.byte	0x6
 1122 0452 E7       		.byte	0xe7
 1123 0453 18       		.uleb128 0x18
 1124 0454 6A020000 		.4byte	.LASF31
 1125 0458 6A020000 		.4byte	.LASF31
ARM GAS  C:\Users\diego\AppData\Local\Temp\ccfOsMvl.s 			page 24


 1126 045c 07       		.byte	0x7
 1127 045d 8B       		.byte	0x8b
 1128 045e 18       		.uleb128 0x18
 1129 045f 9D010000 		.4byte	.LASF32
 1130 0463 9D010000 		.4byte	.LASF32
 1131 0467 08       		.byte	0x8
 1132 0468 26       		.byte	0x26
 1133 0469 18       		.uleb128 0x18
 1134 046a BB010000 		.4byte	.LASF33
 1135 046e BB010000 		.4byte	.LASF33
 1136 0472 09       		.byte	0x9
 1137 0473 26       		.byte	0x26
 1138 0474 18       		.uleb128 0x18
 1139 0475 AA010000 		.4byte	.LASF34
 1140 0479 AA010000 		.4byte	.LASF34
 1141 047d 0A       		.byte	0xa
 1142 047e C3       		.byte	0xc3
 1143 047f 18       		.uleb128 0x18
 1144 0480 08000000 		.4byte	.LASF35
 1145 0484 08000000 		.4byte	.LASF35
 1146 0488 0B       		.byte	0xb
 1147 0489 48       		.byte	0x48
 1148 048a 18       		.uleb128 0x18
 1149 048b 7B020000 		.4byte	.LASF36
 1150 048f 7B020000 		.4byte	.LASF36
 1151 0493 0B       		.byte	0xb
 1152 0494 4F       		.byte	0x4f
 1153 0495 18       		.uleb128 0x18
 1154 0496 D6020000 		.4byte	.LASF37
 1155 049a D6020000 		.4byte	.LASF37
 1156 049e 0C       		.byte	0xc
 1157 049f 48       		.byte	0x48
 1158 04a0 18       		.uleb128 0x18
 1159 04a1 98030000 		.4byte	.LASF38
 1160 04a5 98030000 		.4byte	.LASF38
 1161 04a9 0C       		.byte	0xc
 1162 04aa 4F       		.byte	0x4f
 1163 04ab 18       		.uleb128 0x18
 1164 04ac E2010000 		.4byte	.LASF39
 1165 04b0 E2010000 		.4byte	.LASF39
 1166 04b4 0D       		.byte	0xd
 1167 04b5 3A       		.byte	0x3a
 1168 04b6 18       		.uleb128 0x18
 1169 04b7 C8010000 		.4byte	.LASF40
 1170 04bb C8010000 		.4byte	.LASF40
 1171 04bf 0D       		.byte	0xd
 1172 04c0 3D       		.byte	0x3d
 1173 04c1 18       		.uleb128 0x18
 1174 04c2 4B000000 		.4byte	.LASF41
 1175 04c6 4B000000 		.4byte	.LASF41
 1176 04ca 0D       		.byte	0xd
 1177 04cb 3F       		.byte	0x3f
 1178 04cc 18       		.uleb128 0x18
 1179 04cd 6E000000 		.4byte	.LASF42
 1180 04d1 6E000000 		.4byte	.LASF42
 1181 04d5 07       		.byte	0x7
 1182 04d6 54       		.byte	0x54
ARM GAS  C:\Users\diego\AppData\Local\Temp\ccfOsMvl.s 			page 25


 1183 04d7 18       		.uleb128 0x18
 1184 04d8 FA010000 		.4byte	.LASF43
 1185 04dc FA010000 		.4byte	.LASF43
 1186 04e0 0E       		.byte	0xe
 1187 04e1 18       		.byte	0x18
 1188 04e2 18       		.uleb128 0x18
 1189 04e3 BD000000 		.4byte	.LASF44
 1190 04e7 BD000000 		.4byte	.LASF44
 1191 04eb 0B       		.byte	0xb
 1192 04ec 4E       		.byte	0x4e
 1193 04ed 18       		.uleb128 0x18
 1194 04ee 0C020000 		.4byte	.LASF45
 1195 04f2 0C020000 		.4byte	.LASF45
 1196 04f6 0C       		.byte	0xc
 1197 04f7 4E       		.byte	0x4e
 1198 04f8 18       		.uleb128 0x18
 1199 04f9 A4020000 		.4byte	.LASF46
 1200 04fd A4020000 		.4byte	.LASF46
 1201 0501 0D       		.byte	0xd
 1202 0502 42       		.byte	0x42
 1203 0503 18       		.uleb128 0x18
 1204 0504 9F000000 		.4byte	.LASF47
 1205 0508 9F000000 		.4byte	.LASF47
 1206 050c 0F       		.byte	0xf
 1207 050d 26       		.byte	0x26
 1208 050e 18       		.uleb128 0x18
 1209 050f 85030000 		.4byte	.LASF48
 1210 0513 85030000 		.4byte	.LASF48
 1211 0517 10       		.byte	0x10
 1212 0518 76       		.byte	0x76
 1213 0519 00       		.byte	0
 1214              		.section	.debug_abbrev,"",%progbits
 1215              	.Ldebug_abbrev0:
 1216 0000 01       		.uleb128 0x1
 1217 0001 11       		.uleb128 0x11
 1218 0002 01       		.byte	0x1
 1219 0003 25       		.uleb128 0x25
 1220 0004 0E       		.uleb128 0xe
 1221 0005 13       		.uleb128 0x13
 1222 0006 0B       		.uleb128 0xb
 1223 0007 03       		.uleb128 0x3
 1224 0008 0E       		.uleb128 0xe
 1225 0009 1B       		.uleb128 0x1b
 1226 000a 0E       		.uleb128 0xe
 1227 000b 55       		.uleb128 0x55
 1228 000c 17       		.uleb128 0x17
 1229 000d 11       		.uleb128 0x11
 1230 000e 01       		.uleb128 0x1
 1231 000f 10       		.uleb128 0x10
 1232 0010 17       		.uleb128 0x17
 1233 0011 00       		.byte	0
 1234 0012 00       		.byte	0
 1235 0013 02       		.uleb128 0x2
 1236 0014 24       		.uleb128 0x24
 1237 0015 00       		.byte	0
 1238 0016 0B       		.uleb128 0xb
 1239 0017 0B       		.uleb128 0xb
ARM GAS  C:\Users\diego\AppData\Local\Temp\ccfOsMvl.s 			page 26


 1240 0018 3E       		.uleb128 0x3e
 1241 0019 0B       		.uleb128 0xb
 1242 001a 03       		.uleb128 0x3
 1243 001b 0E       		.uleb128 0xe
 1244 001c 00       		.byte	0
 1245 001d 00       		.byte	0
 1246 001e 03       		.uleb128 0x3
 1247 001f 16       		.uleb128 0x16
 1248 0020 00       		.byte	0
 1249 0021 03       		.uleb128 0x3
 1250 0022 0E       		.uleb128 0xe
 1251 0023 3A       		.uleb128 0x3a
 1252 0024 0B       		.uleb128 0xb
 1253 0025 3B       		.uleb128 0x3b
 1254 0026 0B       		.uleb128 0xb
 1255 0027 49       		.uleb128 0x49
 1256 0028 13       		.uleb128 0x13
 1257 0029 00       		.byte	0
 1258 002a 00       		.byte	0
 1259 002b 04       		.uleb128 0x4
 1260 002c 24       		.uleb128 0x24
 1261 002d 00       		.byte	0
 1262 002e 0B       		.uleb128 0xb
 1263 002f 0B       		.uleb128 0xb
 1264 0030 3E       		.uleb128 0x3e
 1265 0031 0B       		.uleb128 0xb
 1266 0032 03       		.uleb128 0x3
 1267 0033 08       		.uleb128 0x8
 1268 0034 00       		.byte	0
 1269 0035 00       		.byte	0
 1270 0036 05       		.uleb128 0x5
 1271 0037 16       		.uleb128 0x16
 1272 0038 00       		.byte	0
 1273 0039 03       		.uleb128 0x3
 1274 003a 0E       		.uleb128 0xe
 1275 003b 3A       		.uleb128 0x3a
 1276 003c 0B       		.uleb128 0xb
 1277 003d 3B       		.uleb128 0x3b
 1278 003e 05       		.uleb128 0x5
 1279 003f 49       		.uleb128 0x49
 1280 0040 13       		.uleb128 0x13
 1281 0041 00       		.byte	0
 1282 0042 00       		.byte	0
 1283 0043 06       		.uleb128 0x6
 1284 0044 2E       		.uleb128 0x2e
 1285 0045 01       		.byte	0x1
 1286 0046 3F       		.uleb128 0x3f
 1287 0047 19       		.uleb128 0x19
 1288 0048 03       		.uleb128 0x3
 1289 0049 0E       		.uleb128 0xe
 1290 004a 3A       		.uleb128 0x3a
 1291 004b 0B       		.uleb128 0xb
 1292 004c 3B       		.uleb128 0x3b
 1293 004d 0B       		.uleb128 0xb
 1294 004e 27       		.uleb128 0x27
 1295 004f 19       		.uleb128 0x19
 1296 0050 11       		.uleb128 0x11
ARM GAS  C:\Users\diego\AppData\Local\Temp\ccfOsMvl.s 			page 27


 1297 0051 01       		.uleb128 0x1
 1298 0052 12       		.uleb128 0x12
 1299 0053 06       		.uleb128 0x6
 1300 0054 40       		.uleb128 0x40
 1301 0055 18       		.uleb128 0x18
 1302 0056 9642     		.uleb128 0x2116
 1303 0058 19       		.uleb128 0x19
 1304 0059 01       		.uleb128 0x1
 1305 005a 13       		.uleb128 0x13
 1306 005b 00       		.byte	0
 1307 005c 00       		.byte	0
 1308 005d 07       		.uleb128 0x7
 1309 005e 34       		.uleb128 0x34
 1310 005f 00       		.byte	0
 1311 0060 03       		.uleb128 0x3
 1312 0061 08       		.uleb128 0x8
 1313 0062 3A       		.uleb128 0x3a
 1314 0063 0B       		.uleb128 0xb
 1315 0064 3B       		.uleb128 0x3b
 1316 0065 0B       		.uleb128 0xb
 1317 0066 49       		.uleb128 0x49
 1318 0067 13       		.uleb128 0x13
 1319 0068 02       		.uleb128 0x2
 1320 0069 17       		.uleb128 0x17
 1321 006a 00       		.byte	0
 1322 006b 00       		.byte	0
 1323 006c 08       		.uleb128 0x8
 1324 006d 34       		.uleb128 0x34
 1325 006e 00       		.byte	0
 1326 006f 03       		.uleb128 0x3
 1327 0070 0E       		.uleb128 0xe
 1328 0071 3A       		.uleb128 0x3a
 1329 0072 0B       		.uleb128 0xb
 1330 0073 3B       		.uleb128 0x3b
 1331 0074 0B       		.uleb128 0xb
 1332 0075 49       		.uleb128 0x49
 1333 0076 13       		.uleb128 0x13
 1334 0077 02       		.uleb128 0x2
 1335 0078 17       		.uleb128 0x17
 1336 0079 00       		.byte	0
 1337 007a 00       		.byte	0
 1338 007b 09       		.uleb128 0x9
 1339 007c 05       		.uleb128 0x5
 1340 007d 00       		.byte	0
 1341 007e 03       		.uleb128 0x3
 1342 007f 0E       		.uleb128 0xe
 1343 0080 3A       		.uleb128 0x3a
 1344 0081 0B       		.uleb128 0xb
 1345 0082 3B       		.uleb128 0x3b
 1346 0083 0B       		.uleb128 0xb
 1347 0084 49       		.uleb128 0x49
 1348 0085 13       		.uleb128 0x13
 1349 0086 02       		.uleb128 0x2
 1350 0087 17       		.uleb128 0x17
 1351 0088 00       		.byte	0
 1352 0089 00       		.byte	0
 1353 008a 0A       		.uleb128 0xa
ARM GAS  C:\Users\diego\AppData\Local\Temp\ccfOsMvl.s 			page 28


 1354 008b 05       		.uleb128 0x5
 1355 008c 00       		.byte	0
 1356 008d 03       		.uleb128 0x3
 1357 008e 08       		.uleb128 0x8
 1358 008f 3A       		.uleb128 0x3a
 1359 0090 0B       		.uleb128 0xb
 1360 0091 3B       		.uleb128 0x3b
 1361 0092 0B       		.uleb128 0xb
 1362 0093 49       		.uleb128 0x49
 1363 0094 13       		.uleb128 0x13
 1364 0095 02       		.uleb128 0x2
 1365 0096 17       		.uleb128 0x17
 1366 0097 00       		.byte	0
 1367 0098 00       		.byte	0
 1368 0099 0B       		.uleb128 0xb
 1369 009a 34       		.uleb128 0x34
 1370 009b 00       		.byte	0
 1371 009c 03       		.uleb128 0x3
 1372 009d 0E       		.uleb128 0xe
 1373 009e 3A       		.uleb128 0x3a
 1374 009f 0B       		.uleb128 0xb
 1375 00a0 3B       		.uleb128 0x3b
 1376 00a1 0B       		.uleb128 0xb
 1377 00a2 49       		.uleb128 0x49
 1378 00a3 13       		.uleb128 0x13
 1379 00a4 02       		.uleb128 0x2
 1380 00a5 18       		.uleb128 0x18
 1381 00a6 00       		.byte	0
 1382 00a7 00       		.byte	0
 1383 00a8 0C       		.uleb128 0xc
 1384 00a9 898201   		.uleb128 0x4109
 1385 00ac 01       		.byte	0x1
 1386 00ad 11       		.uleb128 0x11
 1387 00ae 01       		.uleb128 0x1
 1388 00af 31       		.uleb128 0x31
 1389 00b0 13       		.uleb128 0x13
 1390 00b1 01       		.uleb128 0x1
 1391 00b2 13       		.uleb128 0x13
 1392 00b3 00       		.byte	0
 1393 00b4 00       		.byte	0
 1394 00b5 0D       		.uleb128 0xd
 1395 00b6 8A8201   		.uleb128 0x410a
 1396 00b9 00       		.byte	0
 1397 00ba 02       		.uleb128 0x2
 1398 00bb 18       		.uleb128 0x18
 1399 00bc 9142     		.uleb128 0x2111
 1400 00be 18       		.uleb128 0x18
 1401 00bf 00       		.byte	0
 1402 00c0 00       		.byte	0
 1403 00c1 0E       		.uleb128 0xe
 1404 00c2 898201   		.uleb128 0x4109
 1405 00c5 01       		.byte	0x1
 1406 00c6 11       		.uleb128 0x11
 1407 00c7 01       		.uleb128 0x1
 1408 00c8 31       		.uleb128 0x31
 1409 00c9 13       		.uleb128 0x13
 1410 00ca 00       		.byte	0
ARM GAS  C:\Users\diego\AppData\Local\Temp\ccfOsMvl.s 			page 29


 1411 00cb 00       		.byte	0
 1412 00cc 0F       		.uleb128 0xf
 1413 00cd 01       		.uleb128 0x1
 1414 00ce 01       		.byte	0x1
 1415 00cf 49       		.uleb128 0x49
 1416 00d0 13       		.uleb128 0x13
 1417 00d1 01       		.uleb128 0x1
 1418 00d2 13       		.uleb128 0x13
 1419 00d3 00       		.byte	0
 1420 00d4 00       		.byte	0
 1421 00d5 10       		.uleb128 0x10
 1422 00d6 21       		.uleb128 0x21
 1423 00d7 00       		.byte	0
 1424 00d8 49       		.uleb128 0x49
 1425 00d9 13       		.uleb128 0x13
 1426 00da 2F       		.uleb128 0x2f
 1427 00db 0B       		.uleb128 0xb
 1428 00dc 00       		.byte	0
 1429 00dd 00       		.byte	0
 1430 00de 11       		.uleb128 0x11
 1431 00df 2E       		.uleb128 0x2e
 1432 00e0 01       		.byte	0x1
 1433 00e1 3F       		.uleb128 0x3f
 1434 00e2 19       		.uleb128 0x19
 1435 00e3 03       		.uleb128 0x3
 1436 00e4 0E       		.uleb128 0xe
 1437 00e5 3A       		.uleb128 0x3a
 1438 00e6 0B       		.uleb128 0xb
 1439 00e7 3B       		.uleb128 0x3b
 1440 00e8 0B       		.uleb128 0xb
 1441 00e9 11       		.uleb128 0x11
 1442 00ea 01       		.uleb128 0x1
 1443 00eb 12       		.uleb128 0x12
 1444 00ec 06       		.uleb128 0x6
 1445 00ed 40       		.uleb128 0x40
 1446 00ee 18       		.uleb128 0x18
 1447 00ef 9642     		.uleb128 0x2116
 1448 00f1 19       		.uleb128 0x19
 1449 00f2 01       		.uleb128 0x1
 1450 00f3 13       		.uleb128 0x13
 1451 00f4 00       		.byte	0
 1452 00f5 00       		.byte	0
 1453 00f6 12       		.uleb128 0x12
 1454 00f7 898201   		.uleb128 0x4109
 1455 00fa 00       		.byte	0
 1456 00fb 11       		.uleb128 0x11
 1457 00fc 01       		.uleb128 0x1
 1458 00fd 31       		.uleb128 0x31
 1459 00fe 13       		.uleb128 0x13
 1460 00ff 00       		.byte	0
 1461 0100 00       		.byte	0
 1462 0101 13       		.uleb128 0x13
 1463 0102 2E       		.uleb128 0x2e
 1464 0103 01       		.byte	0x1
 1465 0104 3F       		.uleb128 0x3f
 1466 0105 19       		.uleb128 0x19
 1467 0106 03       		.uleb128 0x3
ARM GAS  C:\Users\diego\AppData\Local\Temp\ccfOsMvl.s 			page 30


 1468 0107 0E       		.uleb128 0xe
 1469 0108 3A       		.uleb128 0x3a
 1470 0109 0B       		.uleb128 0xb
 1471 010a 3B       		.uleb128 0x3b
 1472 010b 0B       		.uleb128 0xb
 1473 010c 27       		.uleb128 0x27
 1474 010d 19       		.uleb128 0x19
 1475 010e 49       		.uleb128 0x49
 1476 010f 13       		.uleb128 0x13
 1477 0110 8701     		.uleb128 0x87
 1478 0112 19       		.uleb128 0x19
 1479 0113 11       		.uleb128 0x11
 1480 0114 01       		.uleb128 0x1
 1481 0115 12       		.uleb128 0x12
 1482 0116 06       		.uleb128 0x6
 1483 0117 40       		.uleb128 0x40
 1484 0118 18       		.uleb128 0x18
 1485 0119 9642     		.uleb128 0x2116
 1486 011b 19       		.uleb128 0x19
 1487 011c 01       		.uleb128 0x1
 1488 011d 13       		.uleb128 0x13
 1489 011e 00       		.byte	0
 1490 011f 00       		.byte	0
 1491 0120 14       		.uleb128 0x14
 1492 0121 34       		.uleb128 0x34
 1493 0122 00       		.byte	0
 1494 0123 03       		.uleb128 0x3
 1495 0124 0E       		.uleb128 0xe
 1496 0125 3A       		.uleb128 0x3a
 1497 0126 0B       		.uleb128 0xb
 1498 0127 3B       		.uleb128 0x3b
 1499 0128 05       		.uleb128 0x5
 1500 0129 49       		.uleb128 0x49
 1501 012a 13       		.uleb128 0x13
 1502 012b 3F       		.uleb128 0x3f
 1503 012c 19       		.uleb128 0x19
 1504 012d 3C       		.uleb128 0x3c
 1505 012e 19       		.uleb128 0x19
 1506 012f 00       		.byte	0
 1507 0130 00       		.byte	0
 1508 0131 15       		.uleb128 0x15
 1509 0132 35       		.uleb128 0x35
 1510 0133 00       		.byte	0
 1511 0134 49       		.uleb128 0x49
 1512 0135 13       		.uleb128 0x13
 1513 0136 00       		.byte	0
 1514 0137 00       		.byte	0
 1515 0138 16       		.uleb128 0x16
 1516 0139 34       		.uleb128 0x34
 1517 013a 00       		.byte	0
 1518 013b 03       		.uleb128 0x3
 1519 013c 08       		.uleb128 0x8
 1520 013d 3A       		.uleb128 0x3a
 1521 013e 0B       		.uleb128 0xb
 1522 013f 3B       		.uleb128 0x3b
 1523 0140 0B       		.uleb128 0xb
 1524 0141 49       		.uleb128 0x49
ARM GAS  C:\Users\diego\AppData\Local\Temp\ccfOsMvl.s 			page 31


 1525 0142 13       		.uleb128 0x13
 1526 0143 3F       		.uleb128 0x3f
 1527 0144 19       		.uleb128 0x19
 1528 0145 02       		.uleb128 0x2
 1529 0146 18       		.uleb128 0x18
 1530 0147 00       		.byte	0
 1531 0148 00       		.byte	0
 1532 0149 17       		.uleb128 0x17
 1533 014a 34       		.uleb128 0x34
 1534 014b 00       		.byte	0
 1535 014c 03       		.uleb128 0x3
 1536 014d 0E       		.uleb128 0xe
 1537 014e 3A       		.uleb128 0x3a
 1538 014f 0B       		.uleb128 0xb
 1539 0150 3B       		.uleb128 0x3b
 1540 0151 0B       		.uleb128 0xb
 1541 0152 49       		.uleb128 0x49
 1542 0153 13       		.uleb128 0x13
 1543 0154 3F       		.uleb128 0x3f
 1544 0155 19       		.uleb128 0x19
 1545 0156 02       		.uleb128 0x2
 1546 0157 18       		.uleb128 0x18
 1547 0158 00       		.byte	0
 1548 0159 00       		.byte	0
 1549 015a 18       		.uleb128 0x18
 1550 015b 2E       		.uleb128 0x2e
 1551 015c 00       		.byte	0
 1552 015d 3F       		.uleb128 0x3f
 1553 015e 19       		.uleb128 0x19
 1554 015f 3C       		.uleb128 0x3c
 1555 0160 19       		.uleb128 0x19
 1556 0161 6E       		.uleb128 0x6e
 1557 0162 0E       		.uleb128 0xe
 1558 0163 03       		.uleb128 0x3
 1559 0164 0E       		.uleb128 0xe
 1560 0165 3A       		.uleb128 0x3a
 1561 0166 0B       		.uleb128 0xb
 1562 0167 3B       		.uleb128 0x3b
 1563 0168 0B       		.uleb128 0xb
 1564 0169 00       		.byte	0
 1565 016a 00       		.byte	0
 1566 016b 00       		.byte	0
 1567              		.section	.debug_loc,"",%progbits
 1568              	.Ldebug_loc0:
 1569              	.LLST0:
 1570 0000 02000000 		.4byte	.LVL0
 1571 0004 10000000 		.4byte	.LVL2
 1572 0008 0600     		.2byte	0x6
 1573 000a 9E       		.byte	0x9e
 1574 000b 04       		.uleb128 0x4
 1575 000c 00000000 		.4byte	0
 1576 0010 00000000 		.4byte	0
 1577 0014 00000000 		.4byte	0
 1578              	.LLST1:
 1579 0018 02000000 		.4byte	.LVL0
 1580 001c 90000000 		.4byte	.LVL16
 1581 0020 0600     		.2byte	0x6
ARM GAS  C:\Users\diego\AppData\Local\Temp\ccfOsMvl.s 			page 32


 1582 0022 9E       		.byte	0x9e
 1583 0023 04       		.uleb128 0x4
 1584 0024 00000000 		.4byte	0
 1585 0028 00000000 		.4byte	0
 1586 002c 00000000 		.4byte	0
 1587              	.LLST2:
 1588 0030 02000000 		.4byte	.LVL0
 1589 0034 88000000 		.4byte	.LVL14
 1590 0038 0600     		.2byte	0x6
 1591 003a 9E       		.byte	0x9e
 1592 003b 04       		.uleb128 0x4
 1593 003c 00000000 		.4byte	0
 1594 0040 88000000 		.4byte	.LVL14
 1595 0044 8D000000 		.4byte	.LVL15-1
 1596 0048 0100     		.2byte	0x1
 1597 004a 50       		.byte	0x50
 1598 004b 00000000 		.4byte	0
 1599 004f 00000000 		.4byte	0
 1600              	.LLST3:
 1601 0053 00000000 		.4byte	.LVL17
 1602 0057 0B000000 		.4byte	.LVL19-1
 1603 005b 0100     		.2byte	0x1
 1604 005d 50       		.byte	0x50
 1605 005e 0B000000 		.4byte	.LVL19-1
 1606 0062 0C000000 		.4byte	.LVL19
 1607 0066 0600     		.2byte	0x6
 1608 0068 F3       		.byte	0xf3
 1609 0069 03       		.uleb128 0x3
 1610 006a F5       		.byte	0xf5
 1611 006b 00       		.uleb128 0
 1612 006c 25       		.uleb128 0x25
 1613 006d 9F       		.byte	0x9f
 1614 006e 0C000000 		.4byte	.LVL19
 1615 0072 0F000000 		.4byte	.LVL20-1
 1616 0076 0100     		.2byte	0x1
 1617 0078 50       		.byte	0x50
 1618 0079 00000000 		.4byte	0
 1619 007d 00000000 		.4byte	0
 1620              	.LLST4:
 1621 0081 00000000 		.4byte	.LVL17
 1622 0085 08000000 		.4byte	.LVL18
 1623 0089 0100     		.2byte	0x1
 1624 008b 51       		.byte	0x51
 1625 008c 08000000 		.4byte	.LVL18
 1626 0090 34000000 		.4byte	.LVL27
 1627 0094 0100     		.2byte	0x1
 1628 0096 54       		.byte	0x54
 1629 0097 34000000 		.4byte	.LVL27
 1630 009b 40000000 		.4byte	.LFE64
 1631 009f 0400     		.2byte	0x4
 1632 00a1 F3       		.byte	0xf3
 1633 00a2 01       		.uleb128 0x1
 1634 00a3 51       		.byte	0x51
 1635 00a4 9F       		.byte	0x9f
 1636 00a5 00000000 		.4byte	0
 1637 00a9 00000000 		.4byte	0
 1638              	.LLST5:
ARM GAS  C:\Users\diego\AppData\Local\Temp\ccfOsMvl.s 			page 33


 1639 00ad 10000000 		.4byte	.LVL20
 1640 00b1 1A000000 		.4byte	.LVL21
 1641 00b5 0100     		.2byte	0x1
 1642 00b7 50       		.byte	0x50
 1643 00b8 1A000000 		.4byte	.LVL21
 1644 00bc 1D000000 		.4byte	.LVL22-1
 1645 00c0 0100     		.2byte	0x1
 1646 00c2 52       		.byte	0x52
 1647 00c3 20000000 		.4byte	.LVL23
 1648 00c7 26000000 		.4byte	.LVL24
 1649 00cb 0100     		.2byte	0x1
 1650 00cd 50       		.byte	0x50
 1651 00ce 26000000 		.4byte	.LVL24
 1652 00d2 29000000 		.4byte	.LVL25-1
 1653 00d6 0100     		.2byte	0x1
 1654 00d8 52       		.byte	0x52
 1655 00d9 00000000 		.4byte	0
 1656 00dd 00000000 		.4byte	0
 1657              	.LLST6:
 1658 00e1 30000000 		.4byte	.LVL49
 1659 00e5 32000000 		.4byte	.LVL50
 1660 00e9 0200     		.2byte	0x2
 1661 00eb 30       		.byte	0x30
 1662 00ec 9F       		.byte	0x9f
 1663 00ed 32000000 		.4byte	.LVL50
 1664 00f1 0C010000 		.4byte	.LFE67
 1665 00f5 0100     		.2byte	0x1
 1666 00f7 55       		.byte	0x55
 1667 00f8 00000000 		.4byte	0
 1668 00fc 00000000 		.4byte	0
 1669              		.section	.debug_aranges,"",%progbits
 1670 0000 34000000 		.4byte	0x34
 1671 0004 0200     		.2byte	0x2
 1672 0006 00000000 		.4byte	.Ldebug_info0
 1673 000a 04       		.byte	0x4
 1674 000b 00       		.byte	0
 1675 000c 0000     		.2byte	0
 1676 000e 0000     		.2byte	0
 1677 0010 00000000 		.4byte	.LFB65
 1678 0014 C0000000 		.4byte	.LFE65-.LFB65
 1679 0018 00000000 		.4byte	.LFB64
 1680 001c 40000000 		.4byte	.LFE64-.LFB64
 1681 0020 00000000 		.4byte	.LFB66
 1682 0024 90000000 		.4byte	.LFE66-.LFB66
 1683 0028 00000000 		.4byte	.LFB67
 1684 002c 0C010000 		.4byte	.LFE67-.LFB67
 1685 0030 00000000 		.4byte	0
 1686 0034 00000000 		.4byte	0
 1687              		.section	.debug_ranges,"",%progbits
 1688              	.Ldebug_ranges0:
 1689 0000 00000000 		.4byte	.LFB65
 1690 0004 C0000000 		.4byte	.LFE65
 1691 0008 00000000 		.4byte	.LFB64
 1692 000c 40000000 		.4byte	.LFE64
 1693 0010 00000000 		.4byte	.LFB66
 1694 0014 90000000 		.4byte	.LFE66
 1695 0018 00000000 		.4byte	.LFB67
ARM GAS  C:\Users\diego\AppData\Local\Temp\ccfOsMvl.s 			page 34


 1696 001c 0C010000 		.4byte	.LFE67
 1697 0020 00000000 		.4byte	0
 1698 0024 00000000 		.4byte	0
 1699              		.section	.debug_line,"",%progbits
 1700              	.Ldebug_line0:
 1701 0000 CF020000 		.section	.debug_str,"MS",%progbits,1
 1701      02004A02 
 1701      00000201 
 1701      FB0E0D00 
 1701      01010101 
 1702              	.LASF29:
 1703 0000 54656E73 		.ascii	"Tension\000"
 1703      696F6E00 
 1704              	.LASF35:
 1705 0008 51756164 		.ascii	"QuadDec_Sensor_Start\000"
 1705      4465635F 
 1705      53656E73 
 1705      6F725F53 
 1705      74617274 
 1706              	.LASF3:
 1707 001d 73686F72 		.ascii	"short int\000"
 1707      7420696E 
 1707      7400
 1708              	.LASF20:
 1709 0027 696E7075 		.ascii	"input\000"
 1709      7400
 1710              	.LASF16:
 1711 002d 73697A65 		.ascii	"sizetype\000"
 1711      74797065 
 1711      00
 1712              	.LASF53:
 1713 0036 6D61696E 		.ascii	"main\000"
 1713      00
 1714              	.LASF25:
 1715 003b 616E6775 		.ascii	"angulo1\000"
 1715      6C6F3100 
 1716              	.LASF27:
 1717 0043 616E6775 		.ascii	"angulo2\000"
 1717      6C6F3200 
 1718              	.LASF41:
 1719 004b 4144435F 		.ascii	"ADC_DelSig_1_IsEndConversion\000"
 1719      44656C53 
 1719      69675F31 
 1719      5F497345 
 1719      6E64436F 
 1720              	.LASF12:
 1721 0068 696E7431 		.ascii	"int16\000"
 1721      3600
 1722              	.LASF42:
 1723 006e 55415254 		.ascii	"UART_1_Start\000"
 1723      5F315F53 
 1723      74617274 
 1723      00
 1724              	.LASF22:
 1725 007b 73656E64 		.ascii	"sender\000"
 1725      657200
 1726              	.LASF0:
ARM GAS  C:\Users\diego\AppData\Local\Temp\ccfOsMvl.s 			page 35


 1727 0082 666C6F61 		.ascii	"float\000"
 1727      7400
 1728              	.LASF7:
 1729 0088 6C6F6E67 		.ascii	"long long int\000"
 1729      206C6F6E 
 1729      6720696E 
 1729      7400
 1730              	.LASF5:
 1731 0096 6C6F6E67 		.ascii	"long int\000"
 1731      20696E74 
 1731      00
 1732              	.LASF47:
 1733 009f 50696E5F 		.ascii	"Pin_2_Write\000"
 1733      325F5772 
 1733      69746500 
 1734              	.LASF18:
 1735 00ab 6973725F 		.ascii	"isr_Timer_Handler\000"
 1735      54696D65 
 1735      725F4861 
 1735      6E646C65 
 1735      7200
 1736              	.LASF44:
 1737 00bd 51756164 		.ascii	"QuadDec_Sensor_GetCounter\000"
 1737      4465635F 
 1737      53656E73 
 1737      6F725F47 
 1737      6574436F 
 1738              	.LASF15:
 1739 00d7 6C6F6E67 		.ascii	"long double\000"
 1739      20646F75 
 1739      626C6500 
 1740              	.LASF2:
 1741 00e3 756E7369 		.ascii	"unsigned char\000"
 1741      676E6564 
 1741      20636861 
 1741      7200
 1742              	.LASF30:
 1743 00f1 73707269 		.ascii	"sprintf\000"
 1743      6E746600 
 1744              	.LASF1:
 1745 00f9 7369676E 		.ascii	"signed char\000"
 1745      65642063 
 1745      68617200 
 1746              	.LASF8:
 1747 0105 6C6F6E67 		.ascii	"long long unsigned int\000"
 1747      206C6F6E 
 1747      6720756E 
 1747      7369676E 
 1747      65642069 
 1748              	.LASF51:
 1749 011c 433A5C55 		.ascii	"C:\\Users\\diego\\OneDrive\\Documents\\TEC\\2018\\L"
 1749      73657273 
 1749      5C646965 
 1749      676F5C4F 
 1749      6E654472 
 1750 0148 61622043 		.ascii	"ab Control Automatico\\Control Psoc\\Empiric_Model\\"
 1750      6F6E7472 
ARM GAS  C:\Users\diego\AppData\Local\Temp\ccfOsMvl.s 			page 36


 1750      6F6C2041 
 1750      75746F6D 
 1750      61746963 
 1751 0179 44617461 		.ascii	"Data_Acquisition.cydsn\000"
 1751      5F416371 
 1751      75697369 
 1751      74696F6E 
 1751      2E637964 
 1752              	.LASF9:
 1753 0190 756E7369 		.ascii	"unsigned int\000"
 1753      676E6564 
 1753      20696E74 
 1753      00
 1754              	.LASF32:
 1755 019d 485F4469 		.ascii	"H_Dir1_Write\000"
 1755      72315F57 
 1755      72697465 
 1755      00
 1756              	.LASF34:
 1757 01aa 50574D5F 		.ascii	"PWM_WriteCompare\000"
 1757      57726974 
 1757      65436F6D 
 1757      70617265 
 1757      00
 1758              	.LASF33:
 1759 01bb 485F4469 		.ascii	"H_Dir2_Write\000"
 1759      72325F57 
 1759      72697465 
 1759      00
 1760              	.LASF40:
 1761 01c8 4144435F 		.ascii	"ADC_DelSig_1_StartConvert\000"
 1761      44656C53 
 1761      69675F31 
 1761      5F537461 
 1761      7274436F 
 1762              	.LASF39:
 1763 01e2 4144435F 		.ascii	"ADC_DelSig_1_Start\000"
 1763      44656C53 
 1763      69675F31 
 1763      5F537461 
 1763      727400
 1764              	.LASF14:
 1765 01f5 63686172 		.ascii	"char\000"
 1765      00
 1766              	.LASF43:
 1767 01fa 6973725F 		.ascii	"isr_Timer_StartEx\000"
 1767      54696D65 
 1767      725F5374 
 1767      61727445 
 1767      7800
 1768              	.LASF45:
 1769 020c 51756164 		.ascii	"QuadDec_Motor_GetCounter\000"
 1769      4465635F 
 1769      4D6F746F 
 1769      725F4765 
 1769      74436F75 
 1770              	.LASF11:
ARM GAS  C:\Users\diego\AppData\Local\Temp\ccfOsMvl.s 			page 37


 1771 0225 696E7433 		.ascii	"int32_t\000"
 1771      325F7400 
 1772              	.LASF4:
 1773 022d 73686F72 		.ascii	"short unsigned int\000"
 1773      7420756E 
 1773      7369676E 
 1773      65642069 
 1773      6E7400
 1774              	.LASF50:
 1775 0240 6D61696E 		.ascii	"main.c\000"
 1775      2E6300
 1776              	.LASF6:
 1777 0247 6C6F6E67 		.ascii	"long unsigned int\000"
 1777      20756E73 
 1777      69676E65 
 1777      6420696E 
 1777      7400
 1778              	.LASF24:
 1779 0259 636E7431 		.ascii	"cnt1\000"
 1779      00
 1780              	.LASF26:
 1781 025e 636E7432 		.ascii	"cnt2\000"
 1781      00
 1782              	.LASF13:
 1783 0263 646F7562 		.ascii	"double\000"
 1783      6C6500
 1784              	.LASF31:
 1785 026a 55415254 		.ascii	"UART_1_PutString\000"
 1785      5F315F50 
 1785      75745374 
 1785      72696E67 
 1785      00
 1786              	.LASF36:
 1787 027b 51756164 		.ascii	"QuadDec_Sensor_SetCounter\000"
 1787      4465635F 
 1787      53656E73 
 1787      6F725F53 
 1787      6574436F 
 1788              	.LASF17:
 1789 0295 656B4C61 		.ascii	"ekLast\000"
 1789      737400
 1790              	.LASF28:
 1791 029c 6164634D 		.ascii	"adcMeas\000"
 1791      65617300 
 1792              	.LASF46:
 1793 02a4 4144435F 		.ascii	"ADC_DelSig_1_GetResult32\000"
 1793      44656C53 
 1793      69675F31 
 1793      5F476574 
 1793      52657375 
 1794              	.LASF52:
 1795 02bd 50574D5F 		.ascii	"PWM_Controller\000"
 1795      436F6E74 
 1795      726F6C6C 
 1795      657200
 1796              	.LASF10:
 1797 02cc 5F5F696E 		.ascii	"__int32_t\000"
ARM GAS  C:\Users\diego\AppData\Local\Temp\ccfOsMvl.s 			page 38


 1797      7433325F 
 1797      7400
 1798              	.LASF37:
 1799 02d6 51756164 		.ascii	"QuadDec_Motor_Start\000"
 1799      4465635F 
 1799      4D6F746F 
 1799      725F5374 
 1799      61727400 
 1800              	.LASF23:
 1801 02ea 49544D5F 		.ascii	"ITM_RxBuffer\000"
 1801      52784275 
 1801      66666572 
 1801      00
 1802              	.LASF49:
 1803 02f7 474E5520 		.ascii	"GNU C11 5.4.1 20160609 (release) [ARM/embedded-5-br"
 1803      43313120 
 1803      352E342E 
 1803      31203230 
 1803      31363036 
 1804 032a 616E6368 		.ascii	"anch revision 237715] -mcpu=cortex-m3 -mthumb -g -O"
 1804      20726576 
 1804      6973696F 
 1804      6E203233 
 1804      37373135 
 1805 035d 67202D66 		.ascii	"g -ffunction-sections -ffat-lto-objects\000"
 1805      66756E63 
 1805      74696F6E 
 1805      2D736563 
 1805      74696F6E 
 1806              	.LASF48:
 1807 0385 43794465 		.ascii	"CyDelay\000"
 1807      6C617900 
 1808              	.LASF21:
 1809 038d 53747269 		.ascii	"StringBuff\000"
 1809      6E674275 
 1809      666600
 1810              	.LASF38:
 1811 0398 51756164 		.ascii	"QuadDec_Motor_SetCounter\000"
 1811      4465635F 
 1811      4D6F746F 
 1811      725F5365 
 1811      74436F75 
 1812              	.LASF19:
 1813 03b1 7472616E 		.ascii	"transmit\000"
 1813      736D6974 
 1813      00
 1814              		.ident	"GCC: (GNU Tools for ARM Embedded Processors) 5.4.1 20160609 (release) [ARM/embedded-5-bran
